2022-10-02 22:57:45,789 [INFO] Activator:177 - 


2022-10-02 22:57:45,789 [INFO] Activator:178 - !SESSION log4j initialized
2022-10-02 22:59:05,197 [INFO] McuFinderGlobals:39 - Set McuFinder mode to 2 (CubeIDE integrated)
2022-10-02 22:59:05,431 [INFO] ApplicationProperties:181 - Using Application install path: C:\ST\STM32CubeIDE_1.7.0\STM32CubeIDE\plugins\com.st.stm32cube.common.mx_6.3.0.202107141111
2022-10-02 22:59:05,447 [INFO] DbMcusXml:74 - Set database path to: C:\ST\STM32CubeIDE_1.7.0\STM32CubeIDE\plugins\com.st.stm32cube.common.mx_6.3.0.202107141111\\db\/mcu/
2022-10-02 22:59:05,447 [INFO] DbBoardsPdsc:56 - Set plugin database path to: C:\ST\STM32CubeIDE_1.7.0\STM32CubeIDE\plugins\com.st.stm32cube.common.mx_6.3.0.202107141111\\db\/plugins/boardmanager/
2022-10-02 22:59:05,447 [INFO] DbMcus:258 - Set plugin images path to: C:\ST\STM32CubeIDE_1.7.0\STM32CubeIDE\plugins\com.st.stm32cube.common.mx_6.3.0.202107141111\\db\/plugins/mcufinder/images/
2022-10-02 22:59:05,447 [INFO] DbBoards:264 - Set plugin images path to: C:\ST\STM32CubeIDE_1.7.0\STM32CubeIDE\plugins\com.st.stm32cube.common.mx_6.3.0.202107141111\\db\/plugins/mcufinder/images/
2022-10-02 22:59:05,463 [INFO] DbExamples:333 - Set plugin images path to: C:\ST\STM32CubeIDE_1.7.0\STM32CubeIDE\plugins\com.st.stm32cube.common.mx_6.3.0.202107141111\\db\/plugins/mcufinder/images/
2022-10-02 22:59:05,463 [INFO] DbMcusAds:119 - Set database path to: C:\Users\NGUYEN THANH QUI\.stmcufinder\plugins\mcufinder//mcu/
2022-10-02 22:59:05,463 [INFO] DbMcusDocs:110 - Set database path to: C:\Users\NGUYEN THANH QUI\.stmcufinder\plugins\mcufinder//mcu/
2022-10-02 22:59:05,463 [INFO] DbMcusJson:64 - Set database path to: C:\Users\NGUYEN THANH QUI\.stmcufinder\plugins\mcufinder//mcu/
2022-10-02 22:59:05,463 [INFO] DbBoardsDocs:110 - Set database path to: C:\Users\NGUYEN THANH QUI\.stmcufinder\plugins\mcufinder//mcu/
2022-10-02 22:59:05,463 [INFO] DbBoardsJson:57 - Set database path to: C:\Users\NGUYEN THANH QUI\.stmcufinder\plugins\mcufinder//mcu/
2022-10-02 22:59:06,353 [INFO] CrossReferenceDbSqlite:196 - Set database path to: C:\Users\NGUYEN THANH QUI\.stmcufinder\plugins\mcufinder//mcu/cs/
2022-10-02 22:59:06,357 [INFO] DbExamplesSqlite:767 - Set database path to: C:\Users\NGUYEN THANH QUI\.stmcufinder\plugins\mcufinder//mcu/
2022-10-02 22:59:06,486 [INFO] RulesReader:57 - Compatibility file has been processed (242 Rules)
2022-10-02 22:59:06,615 [INFO] DbMcusXml:74 - Set database path to: C:\ST\STM32CubeIDE_1.7.0\STM32CubeIDE\plugins\com.st.stm32cube.common.mx_6.3.0.202107141111\\db\/mcu/
2022-10-02 22:59:06,615 [INFO] DbBoardsPdsc:56 - Set plugin database path to: C:\ST\STM32CubeIDE_1.7.0\STM32CubeIDE\plugins\com.st.stm32cube.common.mx_6.3.0.202107141111\\db\/plugins/boardmanager/
2022-10-02 22:59:06,615 [INFO] DbMcus:258 - Set plugin images path to: C:\ST\STM32CubeIDE_1.7.0\STM32CubeIDE\plugins\com.st.stm32cube.common.mx_6.3.0.202107141111\\db\/plugins/mcufinder/images/
2022-10-02 22:59:06,615 [INFO] DbBoards:264 - Set plugin images path to: C:\ST\STM32CubeIDE_1.7.0\STM32CubeIDE\plugins\com.st.stm32cube.common.mx_6.3.0.202107141111\\db\/plugins/mcufinder/images/
2022-10-02 22:59:06,615 [INFO] DbExamples:333 - Set plugin images path to: C:\ST\STM32CubeIDE_1.7.0\STM32CubeIDE\plugins\com.st.stm32cube.common.mx_6.3.0.202107141111\\db\/plugins/mcufinder/images/
2022-10-02 22:59:06,615 [WARN] DbFile:35 - Overriding database path with different value: C:\Users\NGUYEN THANH QUI\.stmcufinder\plugins\mcufinder/ => C:\Users\NGUYEN THANH QUI\.stmcufinder\plugins\mcufinder
2022-10-02 22:59:06,615 [INFO] DbMcusAds:119 - Set database path to: C:\Users\NGUYEN THANH QUI\.stmcufinder\plugins\mcufinder//mcu/
2022-10-02 22:59:06,615 [WARN] DbFile:35 - Overriding database path with different value: C:\Users\NGUYEN THANH QUI\.stmcufinder\plugins\mcufinder/ => C:\Users\NGUYEN THANH QUI\.stmcufinder\plugins\mcufinder
2022-10-02 22:59:06,615 [INFO] DbMcusDocs:110 - Set database path to: C:\Users\NGUYEN THANH QUI\.stmcufinder\plugins\mcufinder//mcu/
2022-10-02 22:59:06,615 [WARN] DbFile:35 - Overriding database path with different value: C:\Users\NGUYEN THANH QUI\.stmcufinder\plugins\mcufinder/ => C:\Users\NGUYEN THANH QUI\.stmcufinder\plugins\mcufinder
2022-10-02 22:59:06,615 [INFO] DbMcusJson:64 - Set database path to: C:\Users\NGUYEN THANH QUI\.stmcufinder\plugins\mcufinder//mcu/
2022-10-02 22:59:06,615 [WARN] DbFile:35 - Overriding database path with different value: C:\Users\NGUYEN THANH QUI\.stmcufinder\plugins\mcufinder/ => C:\Users\NGUYEN THANH QUI\.stmcufinder\plugins\mcufinder
2022-10-02 22:59:06,615 [INFO] DbBoardsDocs:110 - Set database path to: C:\Users\NGUYEN THANH QUI\.stmcufinder\plugins\mcufinder//mcu/
2022-10-02 22:59:06,615 [WARN] DbFile:35 - Overriding database path with different value: C:\Users\NGUYEN THANH QUI\.stmcufinder\plugins\mcufinder/ => C:\Users\NGUYEN THANH QUI\.stmcufinder\plugins\mcufinder
2022-10-02 22:59:06,615 [INFO] DbBoardsJson:57 - Set database path to: C:\Users\NGUYEN THANH QUI\.stmcufinder\plugins\mcufinder//mcu/
2022-10-02 22:59:06,615 [WARN] DbFile:35 - Overriding database path with different value: C:\Users\NGUYEN THANH QUI\.stmcufinder\plugins\mcufinder/ => C:\Users\NGUYEN THANH QUI\.stmcufinder\plugins\mcufinder
2022-10-02 22:59:06,615 [WARN] DbFile:35 - Overriding database path with different value: C:\Users\NGUYEN THANH QUI\.stmcufinder\plugins\mcufinder/ => C:\Users\NGUYEN THANH QUI\.stmcufinder\plugins\mcufinder
2022-10-02 22:59:07,365 [INFO] CrossReferenceDbSqlite:196 - Set database path to: C:\Users\NGUYEN THANH QUI\.stmcufinder\plugins\mcufinder//mcu/cs/
2022-10-02 22:59:07,365 [WARN] DbFile:35 - Overriding database path with different value: C:\Users\NGUYEN THANH QUI\.stmcufinder\plugins\mcufinder/ => C:\Users\NGUYEN THANH QUI\.stmcufinder\plugins\mcufinder
2022-10-02 22:59:07,365 [INFO] DbExamplesSqlite:767 - Set database path to: C:\Users\NGUYEN THANH QUI\.stmcufinder\plugins\mcufinder//mcu/
2022-10-02 22:59:07,475 [INFO] MainPanel:214 - HeapMemory: 525336576
2022-10-02 22:59:07,584 [INFO] DbMcusXml:74 - Set database path to: C:\ST\STM32CubeIDE_1.7.0\STM32CubeIDE\plugins\com.st.stm32cube.common.mx_6.3.0.202107141111\\db\/mcu/
2022-10-02 22:59:07,584 [INFO] DbBoardsPdsc:56 - Set plugin database path to: C:\ST\STM32CubeIDE_1.7.0\STM32CubeIDE\plugins\com.st.stm32cube.common.mx_6.3.0.202107141111\\db\/plugins/boardmanager/
2022-10-02 22:59:07,584 [INFO] DbMcus:258 - Set plugin images path to: C:\ST\STM32CubeIDE_1.7.0\STM32CubeIDE\plugins\com.st.stm32cube.common.mx_6.3.0.202107141111\\db\/plugins/mcufinder/images/
2022-10-02 22:59:07,584 [INFO] DbBoards:264 - Set plugin images path to: C:\ST\STM32CubeIDE_1.7.0\STM32CubeIDE\plugins\com.st.stm32cube.common.mx_6.3.0.202107141111\\db\/plugins/mcufinder/images/
2022-10-02 22:59:07,584 [INFO] DbExamples:333 - Set plugin images path to: C:\ST\STM32CubeIDE_1.7.0\STM32CubeIDE\plugins\com.st.stm32cube.common.mx_6.3.0.202107141111\\db\/plugins/mcufinder/images/
2022-10-02 22:59:07,584 [WARN] DbFile:35 - Overriding database path with different value: C:\Users\NGUYEN THANH QUI\.stmcufinder\plugins\mcufinder/ => C:\Users\NGUYEN THANH QUI\.stmcufinder\plugins\mcufinder
2022-10-02 22:59:07,584 [INFO] DbMcusAds:119 - Set database path to: C:\Users\NGUYEN THANH QUI\.stmcufinder\plugins\mcufinder//mcu/
2022-10-02 22:59:07,584 [WARN] DbFile:35 - Overriding database path with different value: C:\Users\NGUYEN THANH QUI\.stmcufinder\plugins\mcufinder/ => C:\Users\NGUYEN THANH QUI\.stmcufinder\plugins\mcufinder
2022-10-02 22:59:07,584 [INFO] DbMcusDocs:110 - Set database path to: C:\Users\NGUYEN THANH QUI\.stmcufinder\plugins\mcufinder//mcu/
2022-10-02 22:59:07,584 [WARN] DbFile:35 - Overriding database path with different value: C:\Users\NGUYEN THANH QUI\.stmcufinder\plugins\mcufinder/ => C:\Users\NGUYEN THANH QUI\.stmcufinder\plugins\mcufinder
2022-10-02 22:59:07,584 [INFO] DbMcusJson:64 - Set database path to: C:\Users\NGUYEN THANH QUI\.stmcufinder\plugins\mcufinder//mcu/
2022-10-02 22:59:07,584 [WARN] DbFile:35 - Overriding database path with different value: C:\Users\NGUYEN THANH QUI\.stmcufinder\plugins\mcufinder/ => C:\Users\NGUYEN THANH QUI\.stmcufinder\plugins\mcufinder
2022-10-02 22:59:07,584 [INFO] DbBoardsDocs:110 - Set database path to: C:\Users\NGUYEN THANH QUI\.stmcufinder\plugins\mcufinder//mcu/
2022-10-02 22:59:07,584 [WARN] DbFile:35 - Overriding database path with different value: C:\Users\NGUYEN THANH QUI\.stmcufinder\plugins\mcufinder/ => C:\Users\NGUYEN THANH QUI\.stmcufinder\plugins\mcufinder
2022-10-02 22:59:07,584 [INFO] DbBoardsJson:57 - Set database path to: C:\Users\NGUYEN THANH QUI\.stmcufinder\plugins\mcufinder//mcu/
2022-10-02 22:59:07,584 [WARN] DbFile:35 - Overriding database path with different value: C:\Users\NGUYEN THANH QUI\.stmcufinder\plugins\mcufinder/ => C:\Users\NGUYEN THANH QUI\.stmcufinder\plugins\mcufinder
2022-10-02 22:59:07,584 [WARN] DbFile:35 - Overriding database path with different value: C:\Users\NGUYEN THANH QUI\.stmcufinder\plugins\mcufinder/ => C:\Users\NGUYEN THANH QUI\.stmcufinder\plugins\mcufinder
2022-10-02 22:59:08,365 [INFO] CrossReferenceDbSqlite:196 - Set database path to: C:\Users\NGUYEN THANH QUI\.stmcufinder\plugins\mcufinder//mcu/cs/
2022-10-02 22:59:08,365 [WARN] DbFile:35 - Overriding database path with different value: C:\Users\NGUYEN THANH QUI\.stmcufinder\plugins\mcufinder/ => C:\Users\NGUYEN THANH QUI\.stmcufinder\plugins\mcufinder
2022-10-02 22:59:08,365 [INFO] DbExamplesSqlite:767 - Set database path to: C:\Users\NGUYEN THANH QUI\.stmcufinder\plugins\mcufinder//mcu/
2022-10-02 22:59:08,396 [INFO] ApplicationProperties:181 - Using Application install path: C:\ST\STM32CubeIDE_1.7.0\STM32CubeIDE\plugins\com.st.stm32cube.common.mx_6.3.0.202107141111
2022-10-02 22:59:08,396 [INFO] PluginManage:188 - Search for loadable plugins [exclusion list=, ]
2022-10-02 22:59:08,412 [INFO] PluginManage:302 - Check plugin analytics
2022-10-02 22:59:09,443 [INFO] AnalyticsPlugin:257 - Accepted Software Licenses: 
2022-10-02 22:59:09,443 [INFO] AnalyticsPlugin:259 - Accepted CMSIS Pack Licenses: 
2022-10-02 22:59:09,443 [INFO] AnalyticsPlugin:261 - Accepted Firmware Licenses: 
2022-10-02 22:59:09,443 [INFO] PluginManage:352 - Loaded plugin analytics (category:tool,tabindex:-1)
2022-10-02 22:59:09,443 [INFO] PluginManage:302 - Check plugin clock
2022-10-02 22:59:09,459 [INFO] PluginManage:352 - Loaded plugin clock (category:base,tabindex:2)
2022-10-02 22:59:09,459 [INFO] PluginManage:302 - Check plugin ddr
2022-10-02 22:59:09,459 [INFO] PluginManage:352 - Loaded plugin ddr (category:tool,tabindex:6)
2022-10-02 22:59:09,459 [INFO] PluginManage:302 - Check plugin filemanager
2022-10-02 22:59:09,584 [INFO] PluginManage:352 - Loaded plugin filemanager (category:base,tabindex:10)
2022-10-02 22:59:09,584 [INFO] PluginManage:302 - Check plugin ipmanager
2022-10-02 22:59:09,599 [INFO] PluginManage:352 - Loaded plugin ipmanager (category:base,tabindex:5)
2022-10-02 22:59:09,599 [INFO] PluginManage:302 - Check plugin pinoutandconfiguration
2022-10-02 22:59:09,615 [INFO] PluginManage:352 - Loaded plugin pinoutandconfiguration (category:base,tabindex:1)
2022-10-02 22:59:09,615 [INFO] PluginManage:302 - Check plugin pinoutconfig
2022-10-02 22:59:09,646 [INFO] PluginManage:352 - Loaded plugin pinoutconfig (category:base,tabindex:0)
2022-10-02 22:59:09,646 [INFO] PluginManage:302 - Check plugin power
2022-10-02 22:59:09,662 [INFO] PluginManage:352 - Loaded plugin power (category:power,tabindex:4)
2022-10-02 22:59:09,662 [INFO] PluginManage:302 - Check plugin projectmanager
2022-10-02 22:59:09,678 [INFO] PluginManage:352 - Loaded plugin projectmanager (category:projectmanager,tabindex:3)
2022-10-02 22:59:09,678 [INFO] PluginManage:302 - Check plugin thirdparty
2022-10-02 22:59:09,837 [WARN] IntegrityCheckThread:78 - waiting for thirdparty lock release [integrity check]
2022-10-02 22:59:09,837 [INFO] PluginManage:352 - Loaded plugin thirdparty (category:base,tabindex:-1)
2022-10-02 22:59:09,837 [INFO] IntegrityCheckThread:80 - entering critical section [integrity check]
2022-10-02 22:59:09,837 [INFO] PluginManage:302 - Check plugin tools
2022-10-02 22:59:09,837 [INFO] ThirdPartyUpdaterWithRetryManager:66 - Updater plugin not ready yet. [1/15]
2022-10-02 22:59:09,837 [INFO] PluginManage:352 - Loaded plugin tools (category:base,tabindex:7)
2022-10-02 22:59:09,837 [INFO] PluginManage:302 - Check plugin tutovideos
2022-10-02 22:59:10,087 [INFO] PluginManage:352 - Loaded plugin tutovideos (category:base,tabindex:-1)
2022-10-02 22:59:10,087 [INFO] PluginManage:302 - Check plugin updater
2022-10-02 22:59:10,102 [INFO] PluginManage:352 - Loaded plugin updater (category:base,tabindex:12)
2022-10-02 22:59:10,102 [INFO] PluginManage:275 - PluginManage : Loaded plugins [13]
2022-10-02 22:59:10,333 [INFO] PinOutPanel:1463 - setPackage(No Configuration,No Configuration)
2022-10-02 22:59:10,433 [INFO] IPUIPlugin:74 - create IPUIPlugin
2022-10-02 22:59:10,433 [INFO] PluginManager:213 - loadIPPluginJar : add adc
2022-10-02 22:59:10,449 [INFO] IPUIPlugin:74 - create IPUIPlugin
2022-10-02 22:59:10,449 [INFO] PluginManager:213 - loadIPPluginJar : add aes
2022-10-02 22:59:10,449 [INFO] IPUIPlugin:74 - create IPUIPlugin
2022-10-02 22:59:10,449 [INFO] PluginManager:213 - loadIPPluginJar : add can
2022-10-02 22:59:10,449 [INFO] IPUIPlugin:74 - create IPUIPlugin
2022-10-02 22:59:10,449 [INFO] PluginManager:213 - loadIPPluginJar : add comp
2022-10-02 22:59:10,449 [INFO] IPUIPlugin:74 - create IPUIPlugin
2022-10-02 22:59:10,449 [INFO] PluginManager:213 - loadIPPluginJar : add cryp
2022-10-02 22:59:10,449 [INFO] IPUIPlugin:74 - create IPUIPlugin
2022-10-02 22:59:10,449 [INFO] PluginManager:213 - loadIPPluginJar : add dfsdm
2022-10-02 22:59:10,464 [INFO] IPUIPlugin:74 - create IPUIPlugin
2022-10-02 22:59:10,464 [INFO] PluginManager:213 - loadIPPluginJar : add dma
2022-10-02 22:59:10,464 [INFO] IPUIPlugin:74 - create IPUIPlugin
2022-10-02 22:59:10,464 [INFO] PluginManager:213 - loadIPPluginJar : add dma3
2022-10-02 22:59:10,464 [INFO] IPUIPlugin:74 - create IPUIPlugin
2022-10-02 22:59:10,464 [INFO] PluginManager:213 - loadIPPluginJar : add fatfs
2022-10-02 22:59:10,480 [INFO] IPUIPlugin:74 - create IPUIPlugin
2022-10-02 22:59:10,480 [INFO] PluginManager:213 - loadIPPluginJar : add fmc
2022-10-02 22:59:10,480 [INFO] IPUIPlugin:74 - create IPUIPlugin
2022-10-02 22:59:10,480 [INFO] PluginManager:213 - loadIPPluginJar : add freertos
2022-10-02 22:59:10,480 [INFO] IPUIPlugin:74 - create IPUIPlugin
2022-10-02 22:59:10,480 [INFO] PluginManager:213 - loadIPPluginJar : add genericplugin
2022-10-02 22:59:10,480 [INFO] IPUIPlugin:74 - create IPUIPlugin
2022-10-02 22:59:10,480 [INFO] PluginManager:213 - loadIPPluginJar : add gfxmmu
2022-10-02 22:59:10,495 [INFO] IPUIPlugin:74 - create IPUIPlugin
2022-10-02 22:59:10,495 [INFO] PluginManager:213 - loadIPPluginJar : add gic
2022-10-02 22:59:10,495 [INFO] IPUIPlugin:74 - create IPUIPlugin
2022-10-02 22:59:10,495 [INFO] PluginManager:213 - loadIPPluginJar : add gpio
2022-10-02 22:59:10,495 [INFO] IPUIPlugin:74 - create IPUIPlugin
2022-10-02 22:59:10,495 [INFO] PluginManager:213 - loadIPPluginJar : add gtzc
2022-10-02 22:59:10,511 [INFO] IPUIPlugin:74 - create IPUIPlugin
2022-10-02 22:59:10,511 [INFO] PluginManager:213 - loadIPPluginJar : add hash
2022-10-02 22:59:10,511 [INFO] IPUIPlugin:74 - create IPUIPlugin
2022-10-02 22:59:10,511 [INFO] PluginManager:213 - loadIPPluginJar : add i2c
2022-10-02 22:59:10,511 [INFO] IPUIPlugin:74 - create IPUIPlugin
2022-10-02 22:59:10,511 [INFO] PluginManager:213 - loadIPPluginJar : add i2s
2022-10-02 22:59:10,511 [INFO] IPUIPlugin:74 - create IPUIPlugin
2022-10-02 22:59:10,511 [INFO] PluginManager:213 - loadIPPluginJar : add ipddr
2022-10-02 22:59:10,527 [INFO] IPUIPlugin:74 - create IPUIPlugin
2022-10-02 22:59:10,527 [INFO] PluginManager:213 - loadIPPluginJar : add linkedlist
2022-10-02 22:59:10,527 [INFO] IPUIPlugin:74 - create IPUIPlugin
2022-10-02 22:59:10,527 [INFO] PluginManager:213 - loadIPPluginJar : add lorawan
2022-10-02 22:59:10,527 [INFO] IPUIPlugin:74 - create IPUIPlugin
2022-10-02 22:59:10,527 [INFO] PluginManager:213 - loadIPPluginJar : add ltdc
2022-10-02 22:59:10,527 [INFO] IPUIPlugin:74 - create IPUIPlugin
2022-10-02 22:59:10,527 [INFO] PluginManager:213 - loadIPPluginJar : add mdma
2022-10-02 22:59:10,542 [INFO] IPUIPlugin:74 - create IPUIPlugin
2022-10-02 22:59:10,542 [INFO] PluginManager:213 - loadIPPluginJar : add nvic
2022-10-02 22:59:10,542 [INFO] IPUIPlugin:74 - create IPUIPlugin
2022-10-02 22:59:10,542 [INFO] PluginManager:213 - loadIPPluginJar : add opamp
2022-10-02 22:59:10,542 [INFO] IPUIPlugin:74 - create IPUIPlugin
2022-10-02 22:59:10,542 [INFO] PluginManager:213 - loadIPPluginJar : add openamp
2022-10-02 22:59:10,542 [INFO] IPUIPlugin:74 - create IPUIPlugin
2022-10-02 22:59:10,542 [INFO] PluginManager:213 - loadIPPluginJar : add pdm2pcm
2022-10-02 22:59:10,558 [INFO] IPUIPlugin:74 - create IPUIPlugin
2022-10-02 22:59:10,558 [INFO] PluginManager:213 - loadIPPluginJar : add plateformsettings
2022-10-02 22:59:10,558 [INFO] IPUIPlugin:74 - create IPUIPlugin
2022-10-02 22:59:10,558 [INFO] PluginManager:213 - loadIPPluginJar : add quadspi
2022-10-02 22:59:10,574 [INFO] IPUIPlugin:74 - create IPUIPlugin
2022-10-02 22:59:10,574 [INFO] PluginManager:213 - loadIPPluginJar : add resmgrutility
2022-10-02 22:59:10,574 [INFO] IPUIPlugin:74 - create IPUIPlugin
2022-10-02 22:59:10,574 [INFO] PluginManager:213 - loadIPPluginJar : add sai
2022-10-02 22:59:10,574 [INFO] IPUIPlugin:74 - create IPUIPlugin
2022-10-02 22:59:10,574 [INFO] PluginManager:213 - loadIPPluginJar : add spi
2022-10-02 22:59:10,574 [INFO] IPUIPlugin:74 - create IPUIPlugin
2022-10-02 22:59:10,574 [INFO] PluginManager:213 - loadIPPluginJar : add stm32_wpan
2022-10-02 22:59:10,589 [INFO] IPUIPlugin:74 - create IPUIPlugin
2022-10-02 22:59:10,589 [INFO] PluginManager:213 - loadIPPluginJar : add tim
2022-10-02 22:59:10,589 [INFO] IPUIPlugin:74 - create IPUIPlugin
2022-10-02 22:59:10,589 [INFO] PluginManager:213 - loadIPPluginJar : add touchsensing
2022-10-02 22:59:10,589 [INFO] IPUIPlugin:74 - create IPUIPlugin
2022-10-02 22:59:10,589 [INFO] PluginManager:213 - loadIPPluginJar : add tracer_emb
2022-10-02 22:59:10,589 [INFO] IPUIPlugin:74 - create IPUIPlugin
2022-10-02 22:59:10,589 [INFO] PluginManager:213 - loadIPPluginJar : add ts
2022-10-02 22:59:10,589 [INFO] IPUIPlugin:74 - create IPUIPlugin
2022-10-02 22:59:10,589 [INFO] PluginManager:213 - loadIPPluginJar : add tsc
2022-10-02 22:59:10,589 [INFO] IPUIPlugin:74 - create IPUIPlugin
2022-10-02 22:59:10,589 [INFO] PluginManager:213 - loadIPPluginJar : add ucpd
2022-10-02 22:59:10,605 [INFO] IPUIPlugin:74 - create IPUIPlugin
2022-10-02 22:59:10,605 [INFO] PluginManager:213 - loadIPPluginJar : add usart
2022-10-02 22:59:10,605 [INFO] IPUIPlugin:74 - create IPUIPlugin
2022-10-02 22:59:10,605 [INFO] PluginManager:213 - loadIPPluginJar : add usbx
2022-10-02 22:59:10,957 [FATAL] Updater:294 - Updater called before beeing initialized
2022-10-02 22:59:11,100 [FATAL] Updater:294 - Updater called before beeing initialized
2022-10-02 22:59:11,115 [INFO] DbMcusAds:47 - JSON generation date=Thu Sep 30 13:55:09 ICT 2021 (1632984909247)
2022-10-02 22:59:11,115 [FATAL] Updater:294 - Updater called before beeing initialized
2022-10-02 22:59:11,225 [WARN] DetailPanel:314 - Failed to get advertising image, set to default
2022-10-02 22:59:11,396 [FATAL] Updater:294 - Updater called before beeing initialized
2022-10-02 22:59:11,396 [FATAL] Updater:294 - Updater called before beeing initialized
2022-10-02 22:59:11,396 [FATAL] Updater:294 - Updater called before beeing initialized
2022-10-02 22:59:11,396 [WARN] DetailPanel:314 - Failed to get advertising image, set to default
2022-10-02 22:59:11,396 [FATAL] Updater:294 - Updater called before beeing initialized
2022-10-02 22:59:11,475 [ERROR] Updater:1075 - MainUpdater not yet initialized. External WinMGr cannot be set.
2022-10-02 22:59:11,475 [INFO] Updater:1012 - Updater Version found : 6.3.0
2022-10-02 22:59:11,506 [INFO] ApplicationProperties:181 - Using Application install path: C:\ST\STM32CubeIDE_1.7.0\STM32CubeIDE\plugins\com.st.stm32cube.common.mx_6.3.0.202107141111
2022-10-02 22:59:11,928 [INFO] MainUpdater:2671 - connection check result : 10
2022-10-02 22:59:11,943 [INFO] MainUpdater:265 - Updater Check For Update Now.
2022-10-02 22:59:11,943 [INFO] MicroXplorer:478 - Change Database Version : DB.6.0.30
2022-10-02 22:59:12,146 [INFO] CheckServerUpdateThread:112 - End of CheckServer Thread
2022-10-02 22:59:12,162 [INFO] MainUpdater:2671 - connection check result : 10
2022-10-02 22:59:12,416 [INFO] McuFinderGlobals:52 - Set McuFinderConnectedMode to false
2022-10-02 22:59:12,682 [INFO] CrossSelectorPresenter:1330 - Cross Selector saved comparison directory: C:\Users\NGUYEN THANH QUI\.stmcufinder\plugins\mcufinder\mcu\cs_comparisons_mx
2022-10-02 22:59:12,682 [INFO] MultiScanPanel:197 - Auto-refresh data requested => check proxy status ongoing
2022-10-02 22:59:12,682 [INFO] MultiScanPanel:201 - Proxy status is invalid
2022-10-02 22:59:12,682 [INFO] FinderPluginLoader:87 - Searching for filters in installed packs
2022-10-02 22:59:12,682 [INFO] DbMcusXml:100 - Load MCU database from C:\ST\STM32CubeIDE_1.7.0\STM32CubeIDE\plugins\com.st.stm32cube.common.mx_6.3.0.202107141111\\db\/mcu/families.xml
2022-10-02 22:59:13,494 [WARN] PackLoader:238 - Cannot read IP mode file for STMicroelectronics.X-CUBE-GNSS1.6.0.0
2022-10-02 22:59:13,604 [WARN] PackLoader:238 - Cannot read IP mode file for STMicroelectronics.X-CUBE-AZRTOS-F4.1.1.0
2022-10-02 22:59:13,666 [WARN] PackLoader:238 - Cannot read IP mode file for STMicroelectronics.X-CUBE-AZRTOS-F7.1.1.0
2022-10-02 22:59:13,682 [WARN] PackLoader:238 - Cannot read IP mode file for STMicroelectronics.X-CUBE-BLE1.6.2.3
2022-10-02 22:59:13,698 [WARN] PackLoader:238 - Cannot read IP mode file for STMicroelectronics.X-CUBE-NFC4.2.0.4
2022-10-02 22:59:13,713 [WARN] PackLoader:238 - Cannot read IP mode file for STMicroelectronics.X-CUBE-TOF1.3.1.0
2022-10-02 22:59:13,744 [WARN] PackLoader:238 - Cannot read IP mode file for wolfSSL.I-CUBE-wolfSSL.5.5.0
2022-10-02 22:59:13,776 [WARN] PackLoader:238 - Cannot read IP mode file for STMicroelectronics.X-CUBE-NFC7.1.0.0
2022-10-02 22:59:14,073 [WARN] PackLoader:238 - Cannot read IP mode file for STMicroelectronics.X-CUBE-MEMS1.9.3.0
2022-10-02 22:59:14,744 [INFO] DbMcusJson:93 - JSON generation date=Tue Nov 16 23:17:54 ICT 2021 (1637079474)
2022-10-02 22:59:14,916 [WARN] PackLoader:238 - Cannot read IP mode file for STMicroelectronics.X-CUBE-AI.7.2.0
2022-10-02 22:59:14,916 [WARN] PackLoader:238 - Cannot read IP mode file for STMicroelectronics.X-CUBE-SFXS2LP1.4.0.0
2022-10-02 22:59:15,026 [WARN] PackLoader:238 - Cannot read IP mode file for STMicroelectronics.X-CUBE-BLE2.3.3.0
2022-10-02 22:59:15,041 [WARN] PackLoader:238 - Cannot read IP mode file for STMicroelectronics.X-CUBE-DISPLAY.2.2.0
2022-10-02 22:59:15,057 [WARN] PackLoader:238 - Cannot read IP mode file for STMicroelectronics.X-CUBE-ISPU.1.0.0
2022-10-02 22:59:15,057 [WARN] PackLoader:238 - Cannot read IP mode file for RoweBots.I-CUBE-UNISONRTOS.5.5.0-4
2022-10-02 22:59:15,135 [WARN] PackLoader:238 - Cannot read IP mode file for STMicroelectronics.X-CUBE-AZRTOS-H7.2.1.0
2022-10-02 22:59:15,151 [WARN] PackLoader:238 - Cannot read IP mode file for STMicroelectronics.X-CUBE-BLEMGR.1.0.0
2022-10-02 22:59:15,166 [WARN] PackLoader:238 - Cannot read IP mode file for STMicroelectronics.X-CUBE-ALGOBUILD.1.3.0
2022-10-02 22:59:15,385 [WARN] PackLoader:238 - Cannot read IP mode file for STMicroelectronics.X-CUBE-AZRTOS-G0.1.1.0
2022-10-02 22:59:15,447 [WARN] PackLoader:238 - Cannot read IP mode file for STMicroelectronics.X-CUBE-SUBG2.5.0.0
2022-10-02 22:59:15,744 [WARN] PackLoader:238 - Cannot read IP mode file for SEGGER.I-CUBE-embOS.1.2.0
2022-10-02 22:59:15,854 [WARN] PackLoader:238 - Cannot read IP mode file for STMicroelectronics.FP-ATR-ASTRA1.1.1.1
2022-10-02 22:59:15,869 [WARN] PackLoader:238 - Cannot read IP mode file for STMicroelectronics.X-CUBE-AZRTOS-G4.1.0.0
2022-10-02 22:59:15,994 [WARN] PackLoader:238 - Cannot read IP mode file for STMicroelectronics.X-CUBE-AZRTOS-L4.1.0.0
2022-10-02 22:59:16,010 [WARN] PackLoader:238 - Cannot read IP mode file for emotas.I-CUBE-CANOPEN.1.1.2
2022-10-02 22:59:16,072 [INFO] DbMcus:175 - Found 1951 MCUs (1903 are supported by CubeMX, 1914 are visible in CubeMX)
2022-10-02 22:59:16,072 [INFO] ApiDb:251 - Load user favorites file C:\Users\NGUYEN THANH QUI/.stm32cubeide/favorites.mcus.txt: 0 item(s)
2022-10-02 22:59:16,072 [INFO] ApiDb:255 - User favorites MCUs=[]
2022-10-02 22:59:16,072 [INFO] DbMcus:187 - Set 0 / 0 favorites MCUs
2022-10-02 22:59:16,119 [WARN] PackLoader:238 - Cannot read IP mode file for STMicroelectronics.X-CUBE-TOUCHGFX.4.20.0
2022-10-02 22:59:16,135 [WARN] PackLoader:238 - Cannot read IP mode file for STMicroelectronics.X-CUBE-AZRTOS-WL.1.0.0
2022-10-02 22:59:16,135 [WARN] PackLoader:238 - Cannot read IP mode file for portGmbH.I-Cube-SoM-uGOAL.1.1.0
2022-10-02 22:59:16,166 [WARN] PackLoader:238 - Cannot read IP mode file for STMicroelectronics.X-CUBE-ALS.1.0.1
2022-10-02 22:59:16,229 [WARN] PackLoader:238 - Cannot read IP mode file for STMicroelectronics.X-CUBE-AZRTOS-L5.1.0.0
2022-10-02 22:59:16,307 [WARN] PackLoader:238 - Cannot read IP mode file for STMicroelectronics.X-CUBE-EEPRMA1.3.1.1
2022-10-02 22:59:16,307 [INFO] ThirdParty:915 - Integrity check success = true
2022-10-02 22:59:16,307 [INFO] IntegrityCheckThread:94 - exiting critical section [integrity check]
2022-10-02 22:59:16,307 [INFO] IntegrityCheckThread:97 - End integrity checks thread
2022-10-02 22:59:16,822 [INFO] DetailPanel:309 - Set advertising image to C:/Users/NGUYEN THANH QUI/STM32Cube/Repository/\en.Prom_NBSTM32U50921.jpg
2022-10-02 22:59:17,494 [INFO] DbBoardsPdsc:90 - Found 25 items
2022-10-02 22:59:17,494 [INFO] DbBoardsPdsc:90 - Found 9 items
2022-10-02 22:59:17,494 [INFO] DbBoardsPdsc:90 - Found 33 items
2022-10-02 22:59:17,510 [INFO] DbBoardsPdsc:90 - Found 1 items
2022-10-02 22:59:17,510 [INFO] DbBoardsPdsc:90 - Found 48 items
2022-10-02 22:59:17,525 [INFO] DbBoardsPdsc:90 - Found 43 items
2022-10-02 22:59:17,525 [INFO] DbBoardsPdsc:90 - Found 2 items
2022-10-02 22:59:17,525 [INFO] DbBoardsPdsc:90 - Found 5 items
2022-10-02 22:59:17,525 [WARN] DbBoardsPdsc:254 - Board STM32H7B3I-DK: unknown feature type=Audio, name=, username=Audio stereo codec with Headphone Amp (CS42L51-CNZ), n=1
2022-10-02 22:59:17,525 [WARN] DbBoardsPdsc:254 - Board STM32H735G-DK: unknown feature type=Audio, name=, username=Audio stereo codec with Headphone Amp (WM8994ECS/R), n=1
2022-10-02 22:59:17,525 [WARN] DbBoardsPdsc:254 - Board STM32H7B3I-EVAL: unknown feature type=Audio, name=, username=Multi-Channel Audio Codec (CS42L51-CNZ), n=1
2022-10-02 22:59:17,525 [WARN] DbBoardsPdsc:254 - Board STM32H7B3I-EVAL: unknown feature type=Meter, name=, username=Power-metering and Temperature-monitoring with sigma-delta modulators, n=1
2022-10-02 22:59:17,525 [WARN] DbBoardsPdsc:254 - Board STM32H7B3I-EVAL: unknown feature type=Motor, name=, username=Motor Control, n=1
2022-10-02 22:59:17,525 [WARN] DbBoardsPdsc:254 - Board STM32U575I-EV: unknown feature type=joystick, name=, username=4-direction joystick with selection button, n=1
2022-10-02 22:59:17,588 [INFO] DbBoardsJson:86 - JSON generation date=Tue Nov 16 23:17:54 ICT 2021 (1637079474)
2022-10-02 22:59:17,604 [INFO] DbBoards:117 - Found 167 boards (163 are supported by CubeMX)
2022-10-02 22:59:17,616 [INFO] DbBoardsDocs:143 - JSON generation date=Tue Nov 16 23:17:54 ICT 2021 (1637079474)
2022-10-02 22:59:17,616 [INFO] DbBoardsDocs:79 - Found 209 boards documents
2022-10-02 22:59:17,791 [WARN] DbBoards:127 - board B-L475E-IOT01A2 has no document id list !
2022-10-02 22:59:17,791 [WARN] DbBoards:127 - board NUCLEO-H743ZI has no document id list !
2022-10-02 22:59:17,804 [WARN] DbBoards:127 - board NUCLEO-WL55JC2 has no document id list !
2022-10-02 22:59:17,804 [WARN] DbBoards:127 - board P-NUCLEO-WB55-Nucleo has no document id list !
2022-10-02 22:59:17,804 [WARN] DbBoards:127 - board P-NUCLEO-WB55-USBDongle has no document id list !
2022-10-02 22:59:17,804 [WARN] DbBoards:127 - board STEVAL-BFA001V1B has no document id list !
2022-10-02 22:59:17,804 [WARN] DbBoards:127 - board STEVAL-BFA001V2B has no document id list !
2022-10-02 22:59:17,804 [WARN] DbBoards:127 - board STEVAL-IDP005V1 has no document id list !
2022-10-02 22:59:17,804 [WARN] DbBoards:127 - board STEVAL-IDP005V2 has no document id list !
2022-10-02 22:59:17,805 [WARN] DbBoards:127 - board STEVAL-MKSBOX1V1 has no document id list !
2022-10-02 22:59:17,805 [WARN] DbBoards:127 - board STEVAL-STWINKT1 has no document id list !
2022-10-02 22:59:17,805 [WARN] DbBoards:127 - board STEVAL-STWINKT1B has no document id list !
2022-10-02 22:59:17,805 [WARN] DbBoards:127 - board STM32439I-EVAL2 has no document id list !
2022-10-02 22:59:17,805 [WARN] DbBoards:127 - board STM32F401C-DISCO has no document id list !
2022-10-02 22:59:17,805 [WARN] DbBoards:127 - board STM32F769I-DISC1 has no document id list !
2022-10-02 22:59:17,805 [WARN] DbBoards:127 - board STM32G474E-EVAL1 has no document id list !
2022-10-02 22:59:17,805 [WARN] DbBoards:127 - board STM32H743I-EVAL2 has no document id list !
2022-10-02 22:59:17,805 [WARN] DbBoards:127 - board STM32H747I-DISC1 has no document id list !
2022-10-02 22:59:17,805 [WARN] DbBoards:127 - board STM32H753I-EVAL2 has no document id list !
2022-10-02 22:59:17,806 [WARN] DbBoards:127 - board STM32L-DISCOVERY has no document id list !
2022-10-02 22:59:18,168 [ERROR] DbBoards:189 - Image file not found for board B-U585I-IOT02A: C:\ST\STM32CubeIDE_1.7.0\STM32CubeIDE\plugins\com.st.stm32cube.common.mx_6.3.0.202107141111\\db\/plugins/mcufinder/images/boards/B-U585I-IOT02A_small.jpg
2022-10-02 22:59:18,387 [ERROR] DbBoards:189 - Image file not found for board NUCLEO-F413ZH: C:\ST\STM32CubeIDE_1.7.0\STM32CubeIDE\plugins\com.st.stm32cube.common.mx_6.3.0.202107141111\\db\/plugins/mcufinder/images/boards/nucleo-f413zh_small.jpg
2022-10-02 22:59:18,729 [ERROR] DbBoards:189 - Image file not found for board NUCLEO-L552ZE-Q: C:\ST\STM32CubeIDE_1.7.0\STM32CubeIDE\plugins\com.st.stm32cube.common.mx_6.3.0.202107141111\\db\/plugins/mcufinder/images/boards/nucleo_l552ze_q_small.jpg
2022-10-02 22:59:18,730 [ERROR] DbBoards:189 - Image file not found for board NUCLEO-U575ZI-Q: C:\ST\STM32CubeIDE_1.7.0\STM32CubeIDE\plugins\com.st.stm32cube.common.mx_6.3.0.202107141111\\db\/plugins/mcufinder/images/boards/nucleo-u575zi-q_small.jpg
2022-10-02 22:59:18,730 [ERROR] DbBoards:189 - Image file not found for board NUCLEO-WB15CC: C:\ST\STM32CubeIDE_1.7.0\STM32CubeIDE\plugins\com.st.stm32cube.common.mx_6.3.0.202107141111\\db\/plugins/mcufinder/images/boards/nucleo-wb15cc_small.jpg
2022-10-02 22:59:18,730 [ERROR] DbBoards:189 - Image file not found for board NUCLEO-WB55RG: C:\ST\STM32CubeIDE_1.7.0\STM32CubeIDE\plugins\com.st.stm32cube.common.mx_6.3.0.202107141111\\db\/plugins/mcufinder/images/boards/nucleo-wb55rg_small.jpg
2022-10-02 22:59:22,427 [INFO] ApiDb:251 - Load user favorites file C:\Users\NGUYEN THANH QUI/.stm32cubeide/favorites.boards.txt: 0 item(s)
2022-10-02 22:59:22,427 [INFO] ApiDb:255 - User favorites Boards=[]
2022-10-02 22:59:22,427 [INFO] DbBoards:206 - Set 0 / 0 favorites Boards
2022-10-02 22:59:38,581 [INFO] DbMcusDocs:143 - JSON generation date=Tue Nov 16 23:17:54 ICT 2021 (1637079474)
2022-10-02 22:59:38,998 [INFO] DbMcusDocs:79 - Found 682 MCUs documents
2022-10-02 22:59:49,057 [INFO] MainUpdater:2671 - connection check result : 10
2022-10-02 22:59:49,057 [INFO] MainUpdater:2671 - connection check result : 10
2022-10-02 22:59:49,105 [INFO] MicroXplorer:448 - Change Database Path : 
2022-10-02 22:59:49,105 [INFO] MicroXplorer:478 - Change Database Version : DB.6.0.30
2022-10-02 22:59:49,105 [WARN] ThirdParty:813 - waiting for thirdparty lock release [close project]
2022-10-02 22:59:49,105 [INFO] ThirdParty:815 - entering critical section [close project]
2022-10-02 22:59:49,105 [INFO] ThirdParty:825 - exiting critical section [close project]
2022-10-02 22:59:49,105 [INFO] PinOutPanel:1463 - setPackage(No Configuration,No Configuration)
2022-10-02 22:59:49,105 [INFO] UtilMem:74 - Begin LoadConfig() Used Memory: 769170536 Bytes (963641344)
2022-10-02 22:59:49,105 [INFO] MicroXplorer:448 - Change Database Path : 
2022-10-02 22:59:49,105 [INFO] MicroXplorer:478 - Change Database Version : DB.6.0.30
2022-10-02 22:59:49,105 [INFO] OpenFileManager:313 - Change cursor
2022-10-02 22:59:50,085 [INFO] Context:592 - Trying to add GPIOservice into a context  which must be forbidden
2022-10-02 22:59:50,304 [INFO] ImportTextPane:167 - (OptionalMessage_ERROR) Unable to find key (Mcu.ThirdPartyNb) in loaded IOC file
2022-10-02 22:59:50,304 [INFO] ImportTextPane:167 - (OptionalMessage_ERROR) Unable to find key (Mcu.PinsNb) in loaded IOC file
2022-10-02 22:59:50,305 [INFO] ImportTextPane:167 - (OptionalMessage_ERROR) Unable to find key (Mcu.IPNb) in loaded IOC file
2022-10-02 22:59:50,354 [WARN] ApiManager:304 - Cannot register API 'Board Extension:GNSS1A1' from pack STMicroelectronics.X-CUBE-GNSS1.6.0.0: no header file found
2022-10-02 22:59:50,354 [WARN] ApiManager:304 - Cannot register API 'Board Support:Custom' from pack STMicroelectronics.X-CUBE-GNSS1.6.0.0: no header file found
2022-10-02 22:59:50,354 [WARN] ApiManager:304 - Cannot register API 'Data Exchange:lib_gnss' from pack STMicroelectronics.X-CUBE-GNSS1.6.0.0: no header file found
2022-10-02 22:59:50,355 [WARN] ModelIntegratedComponent:60 - No mode defined for component null
2022-10-02 22:59:50,355 [WARN] ModelIntegratedComponent:60 - No mode defined for component null
2022-10-02 22:59:50,355 [WARN] ModelIntegratedComponent:60 - No mode defined for component null
2022-10-02 22:59:50,355 [WARN] ModelIntegratedComponent:60 - No mode defined for component null
2022-10-02 22:59:50,355 [WARN] ModelIntegratedComponent:60 - No mode defined for component null
2022-10-02 22:59:50,355 [WARN] ModelIntegratedComponent:60 - No mode defined for component null
2022-10-02 22:59:50,355 [WARN] ModelIntegratedComponent:60 - No mode defined for component null
2022-10-02 22:59:50,355 [WARN] ModelIntegratedComponent:60 - No mode defined for component null
2022-10-02 22:59:50,355 [WARN] ModelIntegratedComponent:60 - No mode defined for component null
2022-10-02 22:59:50,355 [WARN] ModelIntegratedComponent:60 - No mode defined for component null
2022-10-02 22:59:50,355 [WARN] ModelIntegratedComponent:60 - No mode defined for component null
2022-10-02 22:59:50,355 [WARN] ModelIntegratedComponent:60 - No mode defined for component null
2022-10-02 22:59:50,355 [WARN] ModelIntegratedComponent:60 - No mode defined for component null
2022-10-02 22:59:50,355 [WARN] ModelIntegratedComponent:60 - No mode defined for component null
2022-10-02 22:59:50,355 [WARN] ModelIntegratedComponent:60 - No mode defined for component null
2022-10-02 22:59:50,355 [WARN] ModelIntegratedComponent:60 - No mode defined for component null
2022-10-02 22:59:50,355 [WARN] ModelIntegratedComponent:60 - No mode defined for component null
2022-10-02 22:59:50,355 [WARN] ModelIntegratedComponent:60 - No mode defined for component null
2022-10-02 22:59:50,355 [WARN] ModelIntegratedComponent:60 - No mode defined for component null
2022-10-02 22:59:50,355 [WARN] ModelIntegratedComponent:60 - No mode defined for component null
2022-10-02 22:59:50,355 [WARN] ModelIntegratedComponent:60 - No mode defined for component null
2022-10-02 22:59:50,355 [WARN] ModelIntegratedComponent:60 - No mode defined for component null
2022-10-02 22:59:50,355 [WARN] ModelIntegratedComponent:60 - No mode defined for component null
2022-10-02 22:59:50,355 [WARN] ModelIntegratedComponent:60 - No mode defined for component null
2022-10-02 22:59:50,355 [WARN] ModelIntegratedComponent:60 - No mode defined for component null
2022-10-02 22:59:50,355 [WARN] ModelIntegratedComponent:60 - No mode defined for component null
2022-10-02 22:59:50,355 [WARN] ModelIntegratedComponent:60 - No mode defined for component null
2022-10-02 22:59:50,355 [WARN] ModelIntegratedComponent:60 - No mode defined for component null
2022-10-02 22:59:50,355 [WARN] ModelIntegratedComponent:60 - No mode defined for component null
2022-10-02 22:59:50,355 [WARN] ModelIntegratedComponent:60 - No mode defined for component null
2022-10-02 22:59:50,355 [WARN] ModelIntegratedComponent:60 - No mode defined for component null
2022-10-02 22:59:50,370 [WARN] ApiManager:304 - Cannot register API 'Board Extension:NFC07A1' from pack STMicroelectronics.X-CUBE-NFC7.1.0.0: no header file found
2022-10-02 22:59:50,600 [WARN] ApiManager:304 - Cannot register API 'Board Extension:IKS01A3' from pack STMicroelectronics.X-CUBE-MEMS1.9.3.0: no header file found
2022-10-02 22:59:50,601 [WARN] ApiManager:304 - Cannot register API 'Board Extension:IKS01A2' from pack STMicroelectronics.X-CUBE-MEMS1.9.3.0: no header file found
2022-10-02 22:59:50,601 [WARN] ApiManager:304 - Cannot register API 'Board Extension:IKS02A1' from pack STMicroelectronics.X-CUBE-MEMS1.9.3.0: no header file found
2022-10-02 22:59:50,617 [WARN] ApiManager:304 - Cannot register API 'Wireless:BlueNRG-MS' from pack STMicroelectronics.X-CUBE-BLE1.6.2.3: no header file found
2022-10-02 22:59:50,620 [INFO] RtosManager:484 - Registered RTOS mode: class=CMSIS, group=RTOS, mode=CMSIS_V1, owner=FREERTOS
2022-10-02 22:59:50,620 [INFO] RtosManager:484 - Registered RTOS mode: class=CMSIS, group=RTOS2, mode=CMSIS_V2, owner=FREERTOS
2022-10-02 22:59:50,620 [INFO] RtosManager:484 - Registered RTOS mode: class=RTOS, group=Core, mode=CMSIS_V1, owner=FREERTOS
2022-10-02 22:59:50,621 [INFO] RtosManager:484 - Registered RTOS mode: class=RTOS, group=Core, mode=CMSIS_V2, owner=FREERTOS
2022-10-02 22:59:50,621 [WARN] ModelIntegratedComponent:181 - Missing modes for component STMicroelectronics:FreeRTOS:0.0.1:STMicroelectronics:RTOS:FreeRTOS:Core:::10.2.0:
2022-10-02 22:59:50,630 [WARN] ApiManager:304 - Cannot register API 'Board Extension:S2868A1' from pack STMicroelectronics.X-CUBE-SUBG2.5.0.0: no header file found
2022-10-02 22:59:50,631 [WARN] ApiManager:304 - Cannot register API 'Board Extension:S2868A2' from pack STMicroelectronics.X-CUBE-SUBG2.5.0.0: no header file found
2022-10-02 22:59:50,631 [WARN] ApiManager:304 - Cannot register API 'Board Extension:S2915A1' from pack STMicroelectronics.X-CUBE-SUBG2.5.0.0: no header file found
2022-10-02 22:59:50,637 [WARN] ApiManager:304 - Cannot register API 'Board Extension:EEPRMA1' from pack STMicroelectronics.X-CUBE-EEPRMA1.3.1.1: no header file found
2022-10-02 22:59:50,637 [WARN] ApiManager:304 - Cannot register API 'Board Extension:EEPRMA2' from pack STMicroelectronics.X-CUBE-EEPRMA1.3.1.1: no header file found
2022-10-02 22:59:50,639 [WARN] ApiManager:304 - Cannot register API 'Board Extension:S2868A1' from pack STMicroelectronics.X-CUBE-SFXS2LP1.4.0.0: no header file found
2022-10-02 22:59:50,639 [WARN] ApiManager:304 - Cannot register API 'Board Extension:S2868A2' from pack STMicroelectronics.X-CUBE-SFXS2LP1.4.0.0: no header file found
2022-10-02 22:59:50,639 [WARN] ApiManager:304 - Cannot register API 'Board Extension:S2915A1' from pack STMicroelectronics.X-CUBE-SFXS2LP1.4.0.0: no header file found
2022-10-02 22:59:50,640 [WARN] ApiManager:304 - Cannot register API 'Wireless:BlueNRG-2' from pack STMicroelectronics.X-CUBE-BLE2.3.3.0: no header file found
2022-10-02 22:59:50,641 [WARN] ApiManager:304 - Cannot register API 'Board Extension:NFC04A1' from pack STMicroelectronics.X-CUBE-NFC4.2.0.4: no header file found
2022-10-02 22:59:52,564 [INFO] UtilMem:74 - End LoadConfig() Used Memory: 737957200 Bytes (963641344)
2022-10-02 22:59:52,564 [WARN] ThirdParty:779 - waiting for thirdparty lock release [change project]
2022-10-02 22:59:52,564 [INFO] ThirdParty:781 - entering critical section [change project]
2022-10-02 22:59:52,564 [INFO] ThirdParty:967 - CMSIS Pack Vendor :RoweBots I-CUBE-UNISONRTOS 5.5.0-4
2022-10-02 22:59:52,564 [INFO] ThirdParty:967 - CMSIS Pack Vendor :STMicroelectronics X-CUBE-GNSS1 6.0.0
2022-10-02 22:59:52,564 [INFO] ThirdParty:967 - CMSIS Pack Vendor :STMicroelectronics X-CUBE-AZRTOS-H7 2.1.0
2022-10-02 22:59:52,564 [INFO] ThirdParty:967 - CMSIS Pack Vendor :STMicroelectronics USB_HOST 2.0.0
2022-10-02 22:59:52,564 [INFO] ThirdParty:967 - CMSIS Pack Vendor :STMicroelectronics X-CUBE-AZRTOS-F4 1.1.0
2022-10-02 22:59:52,564 [INFO] ThirdParty:967 - CMSIS Pack Vendor :STMicroelectronics X-CUBE-AZRTOS-G4 1.0.0
2022-10-02 22:59:52,564 [INFO] ThirdParty:967 - CMSIS Pack Vendor :STMicroelectronics X-CUBE-AZRTOS-L4 1.0.0
2022-10-02 22:59:52,564 [INFO] ThirdParty:967 - CMSIS Pack Vendor :STMicroelectronics USB_DEVICE 3.0.0
2022-10-02 22:59:52,564 [INFO] ThirdParty:967 - CMSIS Pack Vendor :wolfSSL I-CUBE-wolfSSL 5.5.0
2022-10-02 22:59:52,564 [INFO] ThirdParty:967 - CMSIS Pack Vendor :STMicroelectronics HAL Drivers 0.0.0
2022-10-02 22:59:52,564 [INFO] ThirdParty:967 - CMSIS Pack Vendor :STMicroelectronics MBEDTLS 2.16.2
2022-10-02 22:59:52,564 [INFO] ThirdParty:967 - CMSIS Pack Vendor :emotas I-CUBE-CANOPEN 1.1.2
2022-10-02 22:59:52,564 [INFO] ThirdParty:967 - CMSIS Pack Vendor :STMicroelectronics X-CUBE-TOUCHGFX 4.20.0
2022-10-02 22:59:52,564 [INFO] ThirdParty:967 - CMSIS Pack Vendor :STMicroelectronics MBEDTLS 2.14.1
2022-10-02 22:59:52,564 [INFO] ThirdParty:967 - CMSIS Pack Vendor :STMicroelectronics X-CUBE-NFC7 1.0.0
2022-10-02 22:59:52,564 [INFO] ThirdParty:967 - CMSIS Pack Vendor :STMicroelectronics X-CUBE-BLEMGR 1.0.0
2022-10-02 22:59:52,564 [INFO] ThirdParty:967 - CMSIS Pack Vendor :STMicroelectronics X-CUBE-AZRTOS-WL 1.0.0
2022-10-02 22:59:52,564 [INFO] ThirdParty:967 - CMSIS Pack Vendor :STMicroelectronics X-CUBE-AZRTOS-F7 1.1.0
2022-10-02 22:59:52,564 [INFO] ThirdParty:967 - CMSIS Pack Vendor :STMicroelectronics X-CUBE-MEMS1 9.3.0
2022-10-02 22:59:52,564 [INFO] ThirdParty:967 - CMSIS Pack Vendor :portGmbH I-Cube-SoM-uGOAL 1.1.0
2022-10-02 22:59:52,564 [INFO] ThirdParty:967 - CMSIS Pack Vendor :STMicroelectronics X-CUBE-ALS 1.0.1
2022-10-02 22:59:52,564 [INFO] ThirdParty:967 - CMSIS Pack Vendor :STMicroelectronics USB_DEVICE 2.0.0
2022-10-02 22:59:52,564 [INFO] ThirdParty:967 - CMSIS Pack Vendor :STMicroelectronics X-CUBE-AI 7.2.0
2022-10-02 22:59:52,564 [INFO] ThirdParty:967 - CMSIS Pack Vendor :STMicroelectronics X-CUBE-BLE1 6.2.3
2022-10-02 22:59:52,564 [INFO] ThirdParty:967 - CMSIS Pack Vendor :STMicroelectronics X-CUBE-ALGOBUILD 1.3.0
2022-10-02 22:59:52,564 [INFO] ThirdParty:967 - CMSIS Pack Vendor :STMicroelectronics X-CUBE-AZRTOS-L5 1.0.0
2022-10-02 22:59:52,564 [INFO] ThirdParty:967 - CMSIS Pack Vendor :STMicroelectronics FreeRTOS 0.0.1
2022-10-02 22:59:52,564 [INFO] ThirdParty:967 - CMSIS Pack Vendor :STMicroelectronics X-CUBE-AZRTOS-G0 1.1.0
2022-10-02 22:59:52,564 [INFO] ThirdParty:967 - CMSIS Pack Vendor :STMicroelectronics USB_DEVICE 1.0.0
2022-10-02 22:59:52,564 [INFO] ThirdParty:967 - CMSIS Pack Vendor :STMicroelectronics X-CUBE-SUBG2 5.0.0
2022-10-02 22:59:52,564 [INFO] ThirdParty:967 - CMSIS Pack Vendor :SEGGER I-CUBE-embOS 1.2.0
2022-10-02 22:59:52,564 [INFO] ThirdParty:967 - CMSIS Pack Vendor :STMicroelectronics X-CUBE-EEPRMA1 3.1.1
2022-10-02 22:59:52,564 [INFO] ThirdParty:967 - CMSIS Pack Vendor :STMicroelectronics ThreadX 0.0.2
2022-10-02 22:59:52,564 [INFO] ThirdParty:967 - CMSIS Pack Vendor :STMicroelectronics lwIP 2.0.3
2022-10-02 22:59:52,564 [INFO] ThirdParty:967 - CMSIS Pack Vendor :STMicroelectronics lwIP 2.1.2
2022-10-02 22:59:52,564 [INFO] ThirdParty:967 - CMSIS Pack Vendor :STMicroelectronics X-CUBE-SFXS2LP1 4.0.0
2022-10-02 22:59:52,564 [INFO] ThirdParty:967 - CMSIS Pack Vendor :STMicroelectronics X-CUBE-BLE2 3.3.0
2022-10-02 22:59:52,564 [INFO] ThirdParty:967 - CMSIS Pack Vendor :STMicroelectronics X-CUBE-NFC4 2.0.4
2022-10-02 22:59:52,564 [INFO] ThirdParty:967 - CMSIS Pack Vendor :STMicroelectronics USB_HOST 1.0.0
2022-10-02 22:59:52,564 [INFO] ThirdParty:967 - CMSIS Pack Vendor :STMicroelectronics X-CUBE-DISPLAY 2.2.0
2022-10-02 22:59:52,564 [INFO] ThirdParty:967 - CMSIS Pack Vendor :STMicroelectronics PDM2PCM 3.1.0
2022-10-02 22:59:52,564 [INFO] ThirdParty:967 - CMSIS Pack Vendor :STMicroelectronics FP-ATR-ASTRA1 1.1.1
2022-10-02 22:59:52,564 [INFO] ThirdParty:967 - CMSIS Pack Vendor :STMicroelectronics PDM2PCM 3.2.0
2022-10-02 22:59:52,564 [INFO] ThirdParty:967 - CMSIS Pack Vendor :STMicroelectronics PDM2PCM 3.3.0
2022-10-02 22:59:52,564 [INFO] ThirdParty:967 - CMSIS Pack Vendor :STMicroelectronics X-CUBE-TOF1 3.1.0
2022-10-02 22:59:52,564 [INFO] ThirdParty:967 - CMSIS Pack Vendor :STMicroelectronics X-CUBE-ISPU 1.0.0
2022-10-02 22:59:52,564 [INFO] ThirdParty:787 - exiting critical section [change project]
2022-10-02 22:59:52,783 [INFO] PinOutPanel:1463 - setPackage(No Configuration,No Configuration)
2022-10-02 22:59:52,783 [INFO] PinOutPanel:1463 - setPackage(STM32F103C6Ux,UFQFPN48)
2022-10-02 22:59:53,189 [INFO] UtilMem:74 - Before build in PCC Used Memory: 628669032 Bytes (963641344)
2022-10-02 22:59:54,001 [INFO] UtilMem:74 - After build in PCC Used Memory: 707312232 Bytes (963641344)
2022-10-02 22:59:54,033 [INFO] IPUIPlugin:74 - create IPUIPlugin
2022-10-02 22:59:54,033 [INFO] IPUIPlugin:74 - create IPUIPlugin
2022-10-02 22:59:54,033 [INFO] IPUIPlugin:74 - create IPUIPlugin
2022-10-02 22:59:54,033 [INFO] IPUIPlugin:74 - create IPUIPlugin
2022-10-02 22:59:54,033 [INFO] IPUIPlugin:74 - create IPUIPlugin
2022-10-02 22:59:54,033 [INFO] IPUIPlugin:74 - create IPUIPlugin
2022-10-02 22:59:54,033 [INFO] IPUIPlugin:74 - create IPUIPlugin
2022-10-02 22:59:54,033 [INFO] IPUIPlugin:74 - create IPUIPlugin
2022-10-02 22:59:54,033 [INFO] IPUIPlugin:74 - create IPUIPlugin
2022-10-02 22:59:54,033 [INFO] IPUIPlugin:74 - create IPUIPlugin
2022-10-02 22:59:54,033 [INFO] IPUIPlugin:74 - create IPUIPlugin
2022-10-02 22:59:54,033 [INFO] IPUIPlugin:74 - create IPUIPlugin
2022-10-02 22:59:54,048 [INFO] IPUIPlugin:74 - create IPUIPlugin
2022-10-02 22:59:54,048 [INFO] IPUIPlugin:74 - create IPUIPlugin
2022-10-02 22:59:54,048 [INFO] IPUIPlugin:74 - create IPUIPlugin
2022-10-02 22:59:54,048 [INFO] IPUIPlugin:74 - create IPUIPlugin
2022-10-02 22:59:54,048 [INFO] IPUIPlugin:74 - create IPUIPlugin
2022-10-02 22:59:54,048 [INFO] IPUIPlugin:74 - create IPUIPlugin
2022-10-02 22:59:54,048 [INFO] IPUIPlugin:74 - create IPUIPlugin
2022-10-02 22:59:54,048 [INFO] IPUIPlugin:74 - create IPUIPlugin
2022-10-02 22:59:54,048 [INFO] IPUIPlugin:74 - create IPUIPlugin
2022-10-02 22:59:54,048 [INFO] IPUIPlugin:74 - create IPUIPlugin
2022-10-02 22:59:54,048 [INFO] IPUIPlugin:74 - create IPUIPlugin
2022-10-02 22:59:54,189 [INFO] OpenFileManager:333 - Restore cursor
2022-10-02 22:59:54,463 [INFO] UtilMem:74 - End SaveConfig() Used Memory: 773900640 Bytes (963641344)
2022-10-02 22:59:54,541 [INFO] UtilMem:74 - End SaveConfig() Used Memory: 786477672 Bytes (963641344)
2022-10-02 22:59:55,010 [INFO] BlockDiagram:2740 - set Specific Code input for plugin: NVIC
2022-10-02 22:59:55,010 [INFO] BlockDiagram:2740 - set Specific Code input for plugin: SYS
2022-10-02 22:59:55,010 [INFO] BlockDiagram:2740 - set Specific Code input for plugin: RCC
2022-10-02 22:59:55,010 [INFO] CodeGenerator:663 - code generatio: config db path: C:\ST\STM32CubeIDE_1.7.0\STM32CubeIDE\plugins\com.st.stm32cube.common.mx_6.3.0.202107141111\\db\
2022-10-02 22:59:55,463 [INFO] CodeEngine:239 - oldGeneratedFile, C:\Users\NGUYEN THANH QUI\Desktop\Week1\lab1_ex4\stm32cube\ex4\MXTmpFiles\license.tmp_save
2022-10-02 22:59:55,994 [INFO] CodeEngine:257 - Generated code: C:\Users\NGUYEN THANH QUI\Desktop\Week1\lab1_ex4\stm32cube\ex4\MXTmpFiles\license.tmp
2022-10-02 22:59:56,134 [INFO] CodeEngine:239 - oldGeneratedFile, C:\Users\NGUYEN THANH QUI\Desktop\Week1\lab1_ex4\stm32cube\ex4\Core\Src\stm32f1xx_it.c_save
2022-10-02 22:59:56,259 [INFO] CodeEngine:257 - Generated code: C:\Users\NGUYEN THANH QUI\Desktop\Week1\lab1_ex4\stm32cube\ex4\Core\Src\stm32f1xx_it.c
2022-10-02 22:59:56,259 [INFO] CodeEngine:239 - oldGeneratedFile, C:\Users\NGUYEN THANH QUI\Desktop\Week1\lab1_ex4\stm32cube\ex4\Core\Inc\stm32f1xx_it.h_save
2022-10-02 22:59:56,384 [INFO] CodeEngine:257 - Generated code: C:\Users\NGUYEN THANH QUI\Desktop\Week1\lab1_ex4\stm32cube\ex4\Core\Inc\stm32f1xx_it.h
2022-10-02 22:59:56,400 [INFO] CodeEngine:239 - oldGeneratedFile, C:\Users\NGUYEN THANH QUI\Desktop\Week1\lab1_ex4\stm32cube\ex4\Core\Src\stm32f1xx_hal_msp.c_save
2022-10-02 22:59:56,541 [INFO] CodeEngine:257 - Generated code: C:\Users\NGUYEN THANH QUI\Desktop\Week1\lab1_ex4\stm32cube\ex4\Core\Src\stm32f1xx_hal_msp.c
2022-10-02 22:59:56,541 [INFO] CodeEngine:239 - oldGeneratedFile, C:\Users\NGUYEN THANH QUI\Desktop\Week1\lab1_ex4\stm32cube\ex4\MXTmpFiles\system.tmp_save
2022-10-02 22:59:56,634 [INFO] CodeEngine:257 - Generated code: C:\Users\NGUYEN THANH QUI\Desktop\Week1\lab1_ex4\stm32cube\ex4\MXTmpFiles\system.tmp
2022-10-02 22:59:56,650 [INFO] CodeEngine:239 - oldGeneratedFile, C:\Users\NGUYEN THANH QUI\Desktop\Week1\lab1_ex4\stm32cube\ex4\Core\Inc\stm32f1xx_hal_conf.h_save
2022-10-02 22:59:56,713 [INFO] CodeEngine:257 - Generated code: C:\Users\NGUYEN THANH QUI\Desktop\Week1\lab1_ex4\stm32cube\ex4\Core\Inc\stm32f1xx_hal_conf.h
2022-10-02 22:59:56,759 [INFO] CodeEngine:239 - oldGeneratedFile, C:\Users\NGUYEN THANH QUI\Desktop\Week1\lab1_ex4\stm32cube\ex4\Core\Inc\main.h_save
2022-10-02 22:59:56,838 [INFO] CodeEngine:257 - Generated code: C:\Users\NGUYEN THANH QUI\Desktop\Week1\lab1_ex4\stm32cube\ex4\Core\Inc\main.h
2022-10-02 22:59:56,838 [INFO] CodeEngine:239 - oldGeneratedFile, C:\Users\NGUYEN THANH QUI\Desktop\Week1\lab1_ex4\stm32cube\ex4\Core\Src\main.c_save
2022-10-02 22:59:56,963 [INFO] CodeEngine:257 - Generated code: C:\Users\NGUYEN THANH QUI\Desktop\Week1\lab1_ex4\stm32cube\ex4\Core\Src\main.c
2022-10-02 22:59:58,197 [INFO] ProjectBuilder:2578 - Time for Copy HAL[1] : 125mS.
2022-10-02 22:59:58,197 [INFO] ProjectBuilder:3622 - Project Generator version: 3.14.1
2022-10-02 22:59:58,822 [INFO] ConfigFileManager:1271 - The Die is : DIE412
2022-10-02 22:59:58,837 [INFO] ApiDbMcu:468 - Load IP Config File for FATFS
2022-10-02 22:59:58,869 [INFO] ApiDbMcu:468 - Load IP Config File for FREERTOS
2022-10-02 22:59:58,900 [INFO] ApiDbMcu:468 - Load IP Config File for USB_DEVICE
2022-10-02 23:00:04,899 [INFO] ProjectBuilder:3789 - Time for Generating toolchain IDE Files: 6702mS.
2022-10-02 23:00:04,899 [INFO] ProjectBuilder:2457 - Time for Copy CMSIS : 0mS.
2022-10-02 23:00:04,899 [INFO] ProjectBuilder:2457 - Time for Copy CMSIS : 0mS.
2022-10-02 23:00:07,461 [INFO] McuFinderGlobals:52 - Set McuFinderConnectedMode to true
2022-10-02 23:00:07,461 [INFO] ApiDb:276 - Save user favorites file C:\Users\NGUYEN THANH QUI/.stm32cubeide/favorites.mcus.txt: 0 item(s)
2022-10-02 23:00:07,461 [INFO] ApiDb:280 - User favorites MCUs=[]
2022-10-02 23:01:41,158 [INFO] UtilMem:74 - End SaveConfig() Used Memory: 605229928 Bytes (1073741824)
2022-10-02 23:01:42,654 [INFO] UtilMem:74 - End SaveConfig() Used Memory: 632766336 Bytes (1073741824)
2022-10-02 23:01:45,412 [INFO] UtilMem:74 - End SaveConfig() Used Memory: 586507952 Bytes (1073741824)
2022-10-02 23:01:45,819 [INFO] BlockDiagram:2740 - set Specific Code input for plugin: NVIC
2022-10-02 23:01:45,819 [INFO] BlockDiagram:2740 - set Specific Code input for plugin: SYS
2022-10-02 23:01:45,819 [INFO] BlockDiagram:2740 - set Specific Code input for plugin: GPIO
2022-10-02 23:01:45,819 [INFO] BlockDiagram:2740 - set Specific Code input for plugin: RCC
2022-10-02 23:01:45,819 [INFO] CodeGenerator:663 - code generatio: config db path: C:\ST\STM32CubeIDE_1.7.0\STM32CubeIDE\plugins\com.st.stm32cube.common.mx_6.3.0.202107141111\\db\
2022-10-02 23:01:46,225 [INFO] CodeEngine:239 - oldGeneratedFile, C:\Users\NGUYEN THANH QUI\Desktop\Week1\lab1_ex4\stm32cube\ex4\MXTmpFiles\license.tmp_save
2022-10-02 23:01:46,287 [INFO] CodeEngine:257 - Generated code: C:\Users\NGUYEN THANH QUI\Desktop\Week1\lab1_ex4\stm32cube\ex4\MXTmpFiles\license.tmp
2022-10-02 23:01:46,365 [INFO] CodeEngine:239 - oldGeneratedFile, C:\Users\NGUYEN THANH QUI\Desktop\Week1\lab1_ex4\stm32cube\ex4\MXTmpFiles\gpio.tmp_save
2022-10-02 23:01:46,428 [INFO] CodeEngine:257 - Generated code: C:\Users\NGUYEN THANH QUI\Desktop\Week1\lab1_ex4\stm32cube\ex4\MXTmpFiles\gpio.tmp
2022-10-02 23:01:46,459 [INFO] CodeEngine:239 - oldGeneratedFile, C:\Users\NGUYEN THANH QUI\Desktop\Week1\lab1_ex4\stm32cube\ex4\Core\Src\stm32f1xx_it.c_save
2022-10-02 23:01:46,568 [INFO] CodeEngine:257 - Generated code: C:\Users\NGUYEN THANH QUI\Desktop\Week1\lab1_ex4\stm32cube\ex4\Core\Src\stm32f1xx_it.c
2022-10-02 23:01:46,568 [INFO] CodeEngine:239 - oldGeneratedFile, C:\Users\NGUYEN THANH QUI\Desktop\Week1\lab1_ex4\stm32cube\ex4\Core\Inc\stm32f1xx_it.h_save
2022-10-02 23:01:46,662 [INFO] CodeEngine:257 - Generated code: C:\Users\NGUYEN THANH QUI\Desktop\Week1\lab1_ex4\stm32cube\ex4\Core\Inc\stm32f1xx_it.h
2022-10-02 23:01:46,678 [INFO] CodeEngine:239 - oldGeneratedFile, C:\Users\NGUYEN THANH QUI\Desktop\Week1\lab1_ex4\stm32cube\ex4\Core\Src\stm32f1xx_hal_msp.c_save
2022-10-02 23:01:46,787 [INFO] CodeEngine:257 - Generated code: C:\Users\NGUYEN THANH QUI\Desktop\Week1\lab1_ex4\stm32cube\ex4\Core\Src\stm32f1xx_hal_msp.c
2022-10-02 23:01:46,787 [INFO] CodeEngine:239 - oldGeneratedFile, C:\Users\NGUYEN THANH QUI\Desktop\Week1\lab1_ex4\stm32cube\ex4\MXTmpFiles\system.tmp_save
2022-10-02 23:01:46,850 [INFO] CodeEngine:257 - Generated code: C:\Users\NGUYEN THANH QUI\Desktop\Week1\lab1_ex4\stm32cube\ex4\MXTmpFiles\system.tmp
2022-10-02 23:01:46,865 [INFO] CodeEngine:239 - oldGeneratedFile, C:\Users\NGUYEN THANH QUI\Desktop\Week1\lab1_ex4\stm32cube\ex4\Core\Inc\stm32f1xx_hal_conf.h_save
2022-10-02 23:01:46,928 [INFO] CodeEngine:257 - Generated code: C:\Users\NGUYEN THANH QUI\Desktop\Week1\lab1_ex4\stm32cube\ex4\Core\Inc\stm32f1xx_hal_conf.h
2022-10-02 23:01:46,959 [INFO] CodeEngine:239 - oldGeneratedFile, C:\Users\NGUYEN THANH QUI\Desktop\Week1\lab1_ex4\stm32cube\ex4\Core\Inc\main.h_save
2022-10-02 23:01:47,037 [INFO] CodeEngine:257 - Generated code: C:\Users\NGUYEN THANH QUI\Desktop\Week1\lab1_ex4\stm32cube\ex4\Core\Inc\main.h
2022-10-02 23:01:47,037 [INFO] CodeEngine:239 - oldGeneratedFile, C:\Users\NGUYEN THANH QUI\Desktop\Week1\lab1_ex4\stm32cube\ex4\Core\Src\main.c_save
2022-10-02 23:01:47,303 [INFO] CodeEngine:257 - Generated code: C:\Users\NGUYEN THANH QUI\Desktop\Week1\lab1_ex4\stm32cube\ex4\Core\Src\main.c
2022-10-02 23:01:48,787 [INFO] ProjectBuilder:2578 - Time for Copy HAL[1] : 125mS.
2022-10-02 23:01:48,803 [INFO] ProjectBuilder:3622 - Project Generator version: 3.14.1
2022-10-02 23:01:49,350 [INFO] ConfigFileManager:1271 - The Die is : DIE412
2022-10-02 23:01:52,537 [INFO] ProjectBuilder:3789 - Time for Generating toolchain IDE Files: 3734mS.
2022-10-02 23:01:52,537 [INFO] ProjectBuilder:2457 - Time for Copy CMSIS : 0mS.
2022-10-02 23:01:52,537 [INFO] ProjectBuilder:2457 - Time for Copy CMSIS : 0mS.
