2022-10-04 11:37:58,954 [INFO] Activator:177 - 


2022-10-04 11:37:58,954 [INFO] Activator:178 - !SESSION log4j initialized
2022-10-04 11:38:40,304 [INFO] McuFinderGlobals:39 - Set McuFinder mode to 2 (CubeIDE integrated)
2022-10-04 11:38:40,434 [INFO] ApplicationProperties:181 - Using Application install path: C:\ST\STM32CubeIDE_1.7.0\STM32CubeIDE\plugins\com.st.stm32cube.common.mx_6.3.0.202107141111
2022-10-04 11:38:40,450 [INFO] DbMcusXml:74 - Set database path to: C:\ST\STM32CubeIDE_1.7.0\STM32CubeIDE\plugins\com.st.stm32cube.common.mx_6.3.0.202107141111\\db\/mcu/
2022-10-04 11:38:40,455 [INFO] DbBoardsPdsc:56 - Set plugin database path to: C:\ST\STM32CubeIDE_1.7.0\STM32CubeIDE\plugins\com.st.stm32cube.common.mx_6.3.0.202107141111\\db\/plugins/boardmanager/
2022-10-04 11:38:40,455 [INFO] DbMcus:258 - Set plugin images path to: C:\ST\STM32CubeIDE_1.7.0\STM32CubeIDE\plugins\com.st.stm32cube.common.mx_6.3.0.202107141111\\db\/plugins/mcufinder/images/
2022-10-04 11:38:40,455 [INFO] DbBoards:264 - Set plugin images path to: C:\ST\STM32CubeIDE_1.7.0\STM32CubeIDE\plugins\com.st.stm32cube.common.mx_6.3.0.202107141111\\db\/plugins/mcufinder/images/
2022-10-04 11:38:40,459 [INFO] DbExamples:333 - Set plugin images path to: C:\ST\STM32CubeIDE_1.7.0\STM32CubeIDE\plugins\com.st.stm32cube.common.mx_6.3.0.202107141111\\db\/plugins/mcufinder/images/
2022-10-04 11:38:40,464 [INFO] DbMcusAds:119 - Set database path to: C:\Users\Administrator\.stmcufinder\plugins\mcufinder//mcu/
2022-10-04 11:38:40,465 [INFO] DbMcusDocs:110 - Set database path to: C:\Users\Administrator\.stmcufinder\plugins\mcufinder//mcu/
2022-10-04 11:38:40,469 [INFO] DbMcusJson:64 - Set database path to: C:\Users\Administrator\.stmcufinder\plugins\mcufinder//mcu/
2022-10-04 11:38:40,470 [INFO] DbBoardsDocs:110 - Set database path to: C:\Users\Administrator\.stmcufinder\plugins\mcufinder//mcu/
2022-10-04 11:38:40,472 [INFO] DbBoardsJson:57 - Set database path to: C:\Users\Administrator\.stmcufinder\plugins\mcufinder//mcu/
2022-10-04 11:38:40,475 [INFO] CrossReferenceDbSqlite:196 - Set database path to: C:\Users\Administrator\.stmcufinder\plugins\mcufinder//mcu/cs/
2022-10-04 11:38:40,481 [INFO] DbExamplesSqlite:767 - Set database path to: C:\Users\Administrator\.stmcufinder\plugins\mcufinder//mcu/
2022-10-04 11:38:40,582 [INFO] RulesReader:57 - Compatibility file has been processed (242 Rules)
2022-10-04 11:38:40,660 [INFO] DbMcusXml:74 - Set database path to: C:\ST\STM32CubeIDE_1.7.0\STM32CubeIDE\plugins\com.st.stm32cube.common.mx_6.3.0.202107141111\\db\/mcu/
2022-10-04 11:38:40,660 [INFO] DbBoardsPdsc:56 - Set plugin database path to: C:\ST\STM32CubeIDE_1.7.0\STM32CubeIDE\plugins\com.st.stm32cube.common.mx_6.3.0.202107141111\\db\/plugins/boardmanager/
2022-10-04 11:38:40,660 [INFO] DbMcus:258 - Set plugin images path to: C:\ST\STM32CubeIDE_1.7.0\STM32CubeIDE\plugins\com.st.stm32cube.common.mx_6.3.0.202107141111\\db\/plugins/mcufinder/images/
2022-10-04 11:38:40,660 [INFO] DbBoards:264 - Set plugin images path to: C:\ST\STM32CubeIDE_1.7.0\STM32CubeIDE\plugins\com.st.stm32cube.common.mx_6.3.0.202107141111\\db\/plugins/mcufinder/images/
2022-10-04 11:38:40,660 [INFO] DbExamples:333 - Set plugin images path to: C:\ST\STM32CubeIDE_1.7.0\STM32CubeIDE\plugins\com.st.stm32cube.common.mx_6.3.0.202107141111\\db\/plugins/mcufinder/images/
2022-10-04 11:38:40,676 [WARN] DbFile:35 - Overriding database path with different value: C:\Users\Administrator\.stmcufinder\plugins\mcufinder/ => C:\Users\Administrator\.stmcufinder\plugins\mcufinder
2022-10-04 11:38:40,676 [INFO] DbMcusAds:119 - Set database path to: C:\Users\Administrator\.stmcufinder\plugins\mcufinder//mcu/
2022-10-04 11:38:40,676 [WARN] DbFile:35 - Overriding database path with different value: C:\Users\Administrator\.stmcufinder\plugins\mcufinder/ => C:\Users\Administrator\.stmcufinder\plugins\mcufinder
2022-10-04 11:38:40,676 [INFO] DbMcusDocs:110 - Set database path to: C:\Users\Administrator\.stmcufinder\plugins\mcufinder//mcu/
2022-10-04 11:38:40,676 [WARN] DbFile:35 - Overriding database path with different value: C:\Users\Administrator\.stmcufinder\plugins\mcufinder/ => C:\Users\Administrator\.stmcufinder\plugins\mcufinder
2022-10-04 11:38:40,676 [INFO] DbMcusJson:64 - Set database path to: C:\Users\Administrator\.stmcufinder\plugins\mcufinder//mcu/
2022-10-04 11:38:40,676 [WARN] DbFile:35 - Overriding database path with different value: C:\Users\Administrator\.stmcufinder\plugins\mcufinder/ => C:\Users\Administrator\.stmcufinder\plugins\mcufinder
2022-10-04 11:38:40,676 [INFO] DbBoardsDocs:110 - Set database path to: C:\Users\Administrator\.stmcufinder\plugins\mcufinder//mcu/
2022-10-04 11:38:40,676 [WARN] DbFile:35 - Overriding database path with different value: C:\Users\Administrator\.stmcufinder\plugins\mcufinder/ => C:\Users\Administrator\.stmcufinder\plugins\mcufinder
2022-10-04 11:38:40,676 [INFO] DbBoardsJson:57 - Set database path to: C:\Users\Administrator\.stmcufinder\plugins\mcufinder//mcu/
2022-10-04 11:38:40,676 [WARN] DbFile:35 - Overriding database path with different value: C:\Users\Administrator\.stmcufinder\plugins\mcufinder/ => C:\Users\Administrator\.stmcufinder\plugins\mcufinder
2022-10-04 11:38:40,676 [WARN] DbFile:35 - Overriding database path with different value: C:\Users\Administrator\.stmcufinder\plugins\mcufinder/ => C:\Users\Administrator\.stmcufinder\plugins\mcufinder
2022-10-04 11:38:40,676 [INFO] CrossReferenceDbSqlite:196 - Set database path to: C:\Users\Administrator\.stmcufinder\plugins\mcufinder//mcu/cs/
2022-10-04 11:38:40,676 [WARN] DbFile:35 - Overriding database path with different value: C:\Users\Administrator\.stmcufinder\plugins\mcufinder/ => C:\Users\Administrator\.stmcufinder\plugins\mcufinder
2022-10-04 11:38:40,676 [INFO] DbExamplesSqlite:767 - Set database path to: C:\Users\Administrator\.stmcufinder\plugins\mcufinder//mcu/
2022-10-04 11:38:40,723 [INFO] MainPanel:214 - HeapMemory: 268435456
2022-10-04 11:38:40,801 [INFO] DbMcusXml:74 - Set database path to: C:\ST\STM32CubeIDE_1.7.0\STM32CubeIDE\plugins\com.st.stm32cube.common.mx_6.3.0.202107141111\\db\/mcu/
2022-10-04 11:38:40,801 [INFO] DbBoardsPdsc:56 - Set plugin database path to: C:\ST\STM32CubeIDE_1.7.0\STM32CubeIDE\plugins\com.st.stm32cube.common.mx_6.3.0.202107141111\\db\/plugins/boardmanager/
2022-10-04 11:38:40,801 [INFO] DbMcus:258 - Set plugin images path to: C:\ST\STM32CubeIDE_1.7.0\STM32CubeIDE\plugins\com.st.stm32cube.common.mx_6.3.0.202107141111\\db\/plugins/mcufinder/images/
2022-10-04 11:38:40,801 [INFO] DbBoards:264 - Set plugin images path to: C:\ST\STM32CubeIDE_1.7.0\STM32CubeIDE\plugins\com.st.stm32cube.common.mx_6.3.0.202107141111\\db\/plugins/mcufinder/images/
2022-10-04 11:38:40,801 [INFO] DbExamples:333 - Set plugin images path to: C:\ST\STM32CubeIDE_1.7.0\STM32CubeIDE\plugins\com.st.stm32cube.common.mx_6.3.0.202107141111\\db\/plugins/mcufinder/images/
2022-10-04 11:38:40,801 [WARN] DbFile:35 - Overriding database path with different value: C:\Users\Administrator\.stmcufinder\plugins\mcufinder/ => C:\Users\Administrator\.stmcufinder\plugins\mcufinder
2022-10-04 11:38:40,801 [INFO] DbMcusAds:119 - Set database path to: C:\Users\Administrator\.stmcufinder\plugins\mcufinder//mcu/
2022-10-04 11:38:40,801 [WARN] DbFile:35 - Overriding database path with different value: C:\Users\Administrator\.stmcufinder\plugins\mcufinder/ => C:\Users\Administrator\.stmcufinder\plugins\mcufinder
2022-10-04 11:38:40,801 [INFO] DbMcusDocs:110 - Set database path to: C:\Users\Administrator\.stmcufinder\plugins\mcufinder//mcu/
2022-10-04 11:38:40,801 [WARN] DbFile:35 - Overriding database path with different value: C:\Users\Administrator\.stmcufinder\plugins\mcufinder/ => C:\Users\Administrator\.stmcufinder\plugins\mcufinder
2022-10-04 11:38:40,801 [INFO] DbMcusJson:64 - Set database path to: C:\Users\Administrator\.stmcufinder\plugins\mcufinder//mcu/
2022-10-04 11:38:40,801 [WARN] DbFile:35 - Overriding database path with different value: C:\Users\Administrator\.stmcufinder\plugins\mcufinder/ => C:\Users\Administrator\.stmcufinder\plugins\mcufinder
2022-10-04 11:38:40,801 [INFO] DbBoardsDocs:110 - Set database path to: C:\Users\Administrator\.stmcufinder\plugins\mcufinder//mcu/
2022-10-04 11:38:40,801 [WARN] DbFile:35 - Overriding database path with different value: C:\Users\Administrator\.stmcufinder\plugins\mcufinder/ => C:\Users\Administrator\.stmcufinder\plugins\mcufinder
2022-10-04 11:38:40,801 [INFO] DbBoardsJson:57 - Set database path to: C:\Users\Administrator\.stmcufinder\plugins\mcufinder//mcu/
2022-10-04 11:38:40,801 [WARN] DbFile:35 - Overriding database path with different value: C:\Users\Administrator\.stmcufinder\plugins\mcufinder/ => C:\Users\Administrator\.stmcufinder\plugins\mcufinder
2022-10-04 11:38:40,801 [WARN] DbFile:35 - Overriding database path with different value: C:\Users\Administrator\.stmcufinder\plugins\mcufinder/ => C:\Users\Administrator\.stmcufinder\plugins\mcufinder
2022-10-04 11:38:40,801 [INFO] CrossReferenceDbSqlite:196 - Set database path to: C:\Users\Administrator\.stmcufinder\plugins\mcufinder//mcu/cs/
2022-10-04 11:38:40,801 [WARN] DbFile:35 - Overriding database path with different value: C:\Users\Administrator\.stmcufinder\plugins\mcufinder/ => C:\Users\Administrator\.stmcufinder\plugins\mcufinder
2022-10-04 11:38:40,801 [INFO] DbExamplesSqlite:767 - Set database path to: C:\Users\Administrator\.stmcufinder\plugins\mcufinder//mcu/
2022-10-04 11:38:40,832 [INFO] ApplicationProperties:181 - Using Application install path: C:\ST\STM32CubeIDE_1.7.0\STM32CubeIDE\plugins\com.st.stm32cube.common.mx_6.3.0.202107141111
2022-10-04 11:38:40,832 [INFO] PluginManage:188 - Search for loadable plugins [exclusion list=, ]
2022-10-04 11:38:40,832 [INFO] PluginManage:302 - Check plugin analytics
2022-10-04 11:38:45,568 [INFO] AnalyticsPlugin:257 - Accepted Software Licenses: 
2022-10-04 11:38:45,568 [INFO] AnalyticsPlugin:259 - Accepted CMSIS Pack Licenses: 
2022-10-04 11:38:45,568 [INFO] AnalyticsPlugin:261 - Accepted Firmware Licenses: 
2022-10-04 11:38:45,568 [INFO] PluginManage:352 - Loaded plugin analytics (category:tool,tabindex:-1)
2022-10-04 11:38:45,568 [INFO] PluginManage:302 - Check plugin clock
2022-10-04 11:38:45,584 [INFO] PluginManage:352 - Loaded plugin clock (category:base,tabindex:2)
2022-10-04 11:38:45,584 [INFO] PluginManage:302 - Check plugin ddr
2022-10-04 11:38:45,584 [INFO] PluginManage:352 - Loaded plugin ddr (category:tool,tabindex:6)
2022-10-04 11:38:45,584 [INFO] PluginManage:302 - Check plugin filemanager
2022-10-04 11:38:45,724 [INFO] PluginManage:352 - Loaded plugin filemanager (category:base,tabindex:10)
2022-10-04 11:38:45,724 [INFO] PluginManage:302 - Check plugin ipmanager
2022-10-04 11:38:45,755 [INFO] PluginManage:352 - Loaded plugin ipmanager (category:base,tabindex:5)
2022-10-04 11:38:45,755 [INFO] PluginManage:302 - Check plugin pinoutandconfiguration
2022-10-04 11:38:45,771 [INFO] PluginManage:352 - Loaded plugin pinoutandconfiguration (category:base,tabindex:1)
2022-10-04 11:38:45,771 [INFO] PluginManage:302 - Check plugin pinoutconfig
2022-10-04 11:38:45,802 [INFO] PluginManage:352 - Loaded plugin pinoutconfig (category:base,tabindex:0)
2022-10-04 11:38:45,802 [INFO] PluginManage:302 - Check plugin power
2022-10-04 11:38:45,802 [INFO] PluginManage:352 - Loaded plugin power (category:power,tabindex:4)
2022-10-04 11:38:45,802 [INFO] PluginManage:302 - Check plugin projectmanager
2022-10-04 11:38:45,834 [INFO] PluginManage:352 - Loaded plugin projectmanager (category:projectmanager,tabindex:3)
2022-10-04 11:38:45,834 [INFO] PluginManage:302 - Check plugin thirdparty
2022-10-04 11:38:45,959 [WARN] IntegrityCheckThread:78 - waiting for thirdparty lock release [integrity check]
2022-10-04 11:38:45,959 [INFO] IntegrityCheckThread:80 - entering critical section [integrity check]
2022-10-04 11:38:45,959 [INFO] PluginManage:352 - Loaded plugin thirdparty (category:base,tabindex:-1)
2022-10-04 11:38:45,959 [INFO] ThirdPartyUpdaterWithRetryManager:66 - Updater plugin not ready yet. [1/15]
2022-10-04 11:38:45,959 [INFO] PluginManage:302 - Check plugin tools
2022-10-04 11:38:45,959 [INFO] PluginManage:352 - Loaded plugin tools (category:base,tabindex:7)
2022-10-04 11:38:45,959 [INFO] PluginManage:302 - Check plugin tutovideos
2022-10-04 11:38:46,224 [INFO] PluginManage:352 - Loaded plugin tutovideos (category:base,tabindex:-1)
2022-10-04 11:38:46,224 [INFO] PluginManage:302 - Check plugin updater
2022-10-04 11:38:46,240 [INFO] PluginManage:352 - Loaded plugin updater (category:base,tabindex:12)
2022-10-04 11:38:46,240 [INFO] PluginManage:275 - PluginManage : Loaded plugins [13]
2022-10-04 11:38:46,413 [INFO] PinOutPanel:1463 - setPackage(No Configuration,No Configuration)
2022-10-04 11:38:46,528 [INFO] IPUIPlugin:74 - create IPUIPlugin
2022-10-04 11:38:46,529 [INFO] PluginManager:213 - loadIPPluginJar : add adc
2022-10-04 11:38:46,533 [INFO] IPUIPlugin:74 - create IPUIPlugin
2022-10-04 11:38:46,533 [INFO] PluginManager:213 - loadIPPluginJar : add aes
2022-10-04 11:38:46,538 [INFO] IPUIPlugin:74 - create IPUIPlugin
2022-10-04 11:38:46,538 [INFO] PluginManager:213 - loadIPPluginJar : add can
2022-10-04 11:38:46,541 [INFO] IPUIPlugin:74 - create IPUIPlugin
2022-10-04 11:38:46,541 [INFO] PluginManager:213 - loadIPPluginJar : add comp
2022-10-04 11:38:46,545 [INFO] IPUIPlugin:74 - create IPUIPlugin
2022-10-04 11:38:46,545 [INFO] PluginManager:213 - loadIPPluginJar : add cryp
2022-10-04 11:38:46,549 [INFO] IPUIPlugin:74 - create IPUIPlugin
2022-10-04 11:38:46,549 [INFO] PluginManager:213 - loadIPPluginJar : add dfsdm
2022-10-04 11:38:46,556 [INFO] IPUIPlugin:74 - create IPUIPlugin
2022-10-04 11:38:46,557 [INFO] PluginManager:213 - loadIPPluginJar : add dma
2022-10-04 11:38:46,560 [INFO] IPUIPlugin:74 - create IPUIPlugin
2022-10-04 11:38:46,560 [INFO] PluginManager:213 - loadIPPluginJar : add dma3
2022-10-04 11:38:46,562 [INFO] IPUIPlugin:74 - create IPUIPlugin
2022-10-04 11:38:46,563 [INFO] PluginManager:213 - loadIPPluginJar : add fatfs
2022-10-04 11:38:46,569 [INFO] IPUIPlugin:74 - create IPUIPlugin
2022-10-04 11:38:46,570 [INFO] PluginManager:213 - loadIPPluginJar : add fmc
2022-10-04 11:38:46,576 [INFO] IPUIPlugin:74 - create IPUIPlugin
2022-10-04 11:38:46,576 [INFO] PluginManager:213 - loadIPPluginJar : add freertos
2022-10-04 11:38:46,578 [INFO] IPUIPlugin:74 - create IPUIPlugin
2022-10-04 11:38:46,578 [INFO] PluginManager:213 - loadIPPluginJar : add genericplugin
2022-10-04 11:38:46,580 [INFO] IPUIPlugin:74 - create IPUIPlugin
2022-10-04 11:38:46,580 [INFO] PluginManager:213 - loadIPPluginJar : add gfxmmu
2022-10-04 11:38:46,587 [INFO] IPUIPlugin:74 - create IPUIPlugin
2022-10-04 11:38:46,587 [INFO] PluginManager:213 - loadIPPluginJar : add gic
2022-10-04 11:38:46,591 [INFO] IPUIPlugin:74 - create IPUIPlugin
2022-10-04 11:38:46,591 [INFO] PluginManager:213 - loadIPPluginJar : add gpio
2022-10-04 11:38:46,594 [INFO] IPUIPlugin:74 - create IPUIPlugin
2022-10-04 11:38:46,594 [INFO] PluginManager:213 - loadIPPluginJar : add gtzc
2022-10-04 11:38:46,596 [INFO] IPUIPlugin:74 - create IPUIPlugin
2022-10-04 11:38:46,597 [INFO] PluginManager:213 - loadIPPluginJar : add hash
2022-10-04 11:38:46,599 [INFO] IPUIPlugin:74 - create IPUIPlugin
2022-10-04 11:38:46,600 [INFO] PluginManager:213 - loadIPPluginJar : add i2c
2022-10-04 11:38:46,601 [INFO] IPUIPlugin:74 - create IPUIPlugin
2022-10-04 11:38:46,601 [INFO] PluginManager:213 - loadIPPluginJar : add i2s
2022-10-04 11:38:46,601 [INFO] IPUIPlugin:74 - create IPUIPlugin
2022-10-04 11:38:46,601 [INFO] PluginManager:213 - loadIPPluginJar : add ipddr
2022-10-04 11:38:46,601 [INFO] IPUIPlugin:74 - create IPUIPlugin
2022-10-04 11:38:46,601 [INFO] PluginManager:213 - loadIPPluginJar : add linkedlist
2022-10-04 11:38:46,601 [INFO] IPUIPlugin:74 - create IPUIPlugin
2022-10-04 11:38:46,601 [INFO] PluginManager:213 - loadIPPluginJar : add lorawan
2022-10-04 11:38:46,617 [INFO] IPUIPlugin:74 - create IPUIPlugin
2022-10-04 11:38:46,617 [INFO] PluginManager:213 - loadIPPluginJar : add ltdc
2022-10-04 11:38:46,617 [INFO] IPUIPlugin:74 - create IPUIPlugin
2022-10-04 11:38:46,617 [INFO] PluginManager:213 - loadIPPluginJar : add mdma
2022-10-04 11:38:46,617 [INFO] IPUIPlugin:74 - create IPUIPlugin
2022-10-04 11:38:46,617 [INFO] PluginManager:213 - loadIPPluginJar : add nvic
2022-10-04 11:38:46,617 [INFO] IPUIPlugin:74 - create IPUIPlugin
2022-10-04 11:38:46,617 [INFO] PluginManager:213 - loadIPPluginJar : add opamp
2022-10-04 11:38:46,617 [INFO] IPUIPlugin:74 - create IPUIPlugin
2022-10-04 11:38:46,632 [INFO] PluginManager:213 - loadIPPluginJar : add openamp
2022-10-04 11:38:46,632 [INFO] IPUIPlugin:74 - create IPUIPlugin
2022-10-04 11:38:46,632 [INFO] PluginManager:213 - loadIPPluginJar : add pdm2pcm
2022-10-04 11:38:46,632 [INFO] IPUIPlugin:74 - create IPUIPlugin
2022-10-04 11:38:46,632 [INFO] PluginManager:213 - loadIPPluginJar : add plateformsettings
2022-10-04 11:38:46,648 [INFO] IPUIPlugin:74 - create IPUIPlugin
2022-10-04 11:38:46,648 [INFO] PluginManager:213 - loadIPPluginJar : add quadspi
2022-10-04 11:38:46,648 [INFO] IPUIPlugin:74 - create IPUIPlugin
2022-10-04 11:38:46,648 [INFO] PluginManager:213 - loadIPPluginJar : add resmgrutility
2022-10-04 11:38:46,648 [INFO] IPUIPlugin:74 - create IPUIPlugin
2022-10-04 11:38:46,648 [INFO] PluginManager:213 - loadIPPluginJar : add sai
2022-10-04 11:38:46,648 [INFO] IPUIPlugin:74 - create IPUIPlugin
2022-10-04 11:38:46,648 [INFO] PluginManager:213 - loadIPPluginJar : add spi
2022-10-04 11:38:46,663 [INFO] IPUIPlugin:74 - create IPUIPlugin
2022-10-04 11:38:46,663 [INFO] PluginManager:213 - loadIPPluginJar : add stm32_wpan
2022-10-04 11:38:46,663 [INFO] IPUIPlugin:74 - create IPUIPlugin
2022-10-04 11:38:46,663 [INFO] PluginManager:213 - loadIPPluginJar : add tim
2022-10-04 11:38:46,663 [INFO] IPUIPlugin:74 - create IPUIPlugin
2022-10-04 11:38:46,663 [INFO] PluginManager:213 - loadIPPluginJar : add touchsensing
2022-10-04 11:38:46,663 [INFO] IPUIPlugin:74 - create IPUIPlugin
2022-10-04 11:38:46,663 [INFO] PluginManager:213 - loadIPPluginJar : add tracer_emb
2022-10-04 11:38:46,663 [INFO] IPUIPlugin:74 - create IPUIPlugin
2022-10-04 11:38:46,663 [INFO] PluginManager:213 - loadIPPluginJar : add ts
2022-10-04 11:38:46,663 [INFO] IPUIPlugin:74 - create IPUIPlugin
2022-10-04 11:38:46,663 [INFO] PluginManager:213 - loadIPPluginJar : add tsc
2022-10-04 11:38:46,679 [INFO] IPUIPlugin:74 - create IPUIPlugin
2022-10-04 11:38:46,679 [INFO] PluginManager:213 - loadIPPluginJar : add ucpd
2022-10-04 11:38:46,679 [INFO] IPUIPlugin:74 - create IPUIPlugin
2022-10-04 11:38:46,679 [INFO] PluginManager:213 - loadIPPluginJar : add usart
2022-10-04 11:38:46,679 [INFO] IPUIPlugin:74 - create IPUIPlugin
2022-10-04 11:38:46,679 [INFO] PluginManager:213 - loadIPPluginJar : add usbx
2022-10-04 11:38:47,008 [FATAL] Updater:294 - Updater called before beeing initialized
2022-10-04 11:38:47,117 [FATAL] Updater:294 - Updater called before beeing initialized
2022-10-04 11:38:47,133 [INFO] DbMcusAds:47 - JSON generation date=Thu Sep 30 13:55:09 ICT 2021 (1632984909247)
2022-10-04 11:38:47,133 [FATAL] Updater:294 - Updater called before beeing initialized
2022-10-04 11:38:47,164 [WARN] DetailPanel:314 - Failed to get advertising image, set to default
2022-10-04 11:38:47,336 [FATAL] Updater:294 - Updater called before beeing initialized
2022-10-04 11:38:47,336 [FATAL] Updater:294 - Updater called before beeing initialized
2022-10-04 11:38:47,336 [FATAL] Updater:294 - Updater called before beeing initialized
2022-10-04 11:38:47,336 [WARN] DetailPanel:314 - Failed to get advertising image, set to default
2022-10-04 11:38:47,352 [FATAL] Updater:294 - Updater called before beeing initialized
2022-10-04 11:38:47,430 [ERROR] Updater:1075 - MainUpdater not yet initialized. External WinMGr cannot be set.
2022-10-04 11:38:47,430 [INFO] Updater:1012 - Updater Version found : 6.3.0
2022-10-04 11:38:47,461 [INFO] ApplicationProperties:181 - Using Application install path: C:\ST\STM32CubeIDE_1.7.0\STM32CubeIDE\plugins\com.st.stm32cube.common.mx_6.3.0.202107141111
2022-10-04 11:38:48,961 [INFO] ThirdPartyUpdaterWithRetryManager:66 - Updater plugin not ready yet. [2/15]
2022-10-04 11:38:49,539 [WARN] ServerAccessManage:1053 - Warning during Server Connexion :  timeout connect timed out
2022-10-04 11:38:51,546 [WARN] ServerAccessManage:1053 - Warning during Server Connexion :  timeout connect timed out
2022-10-04 11:38:51,968 [FATAL] Updater:294 - Updater called before beeing initialized
2022-10-04 11:38:51,968 [ERROR] IntegrityCheckThread:124 - Cannot retrieve database content from updater: error 21
2022-10-04 11:38:51,968 [INFO] ThirdParty:915 - Integrity check success = false
2022-10-04 11:38:51,968 [INFO] IntegrityCheckThread:94 - exiting critical section [integrity check]
2022-10-04 11:38:51,968 [INFO] IntegrityCheckThread:97 - End integrity checks thread
2022-10-04 11:38:54,859 [INFO] MainUpdater:2671 - connection check result : 10
2022-10-04 11:38:54,859 [INFO] MainUpdater:265 - Updater Check For Update Now.
2022-10-04 11:38:54,859 [INFO] MicroXplorer:478 - Change Database Version : DB.6.0.30
2022-10-04 11:38:55,046 [INFO] CheckServerUpdateThread:112 - End of CheckServer Thread
2022-10-04 11:38:55,093 [INFO] MainUpdater:2671 - connection check result : 10
2022-10-04 11:38:55,297 [INFO] McuFinderGlobals:52 - Set McuFinderConnectedMode to false
2022-10-04 11:38:55,391 [INFO] CrossSelectorPresenter:1330 - Cross Selector saved comparison directory: C:\Users\Administrator\.stmcufinder\plugins\mcufinder\mcu\cs_comparisons_mx
2022-10-04 11:38:55,406 [INFO] MultiScanPanel:197 - Auto-refresh data requested => check proxy status ongoing
2022-10-04 11:38:55,406 [INFO] MultiScanPanel:201 - Proxy status is invalid
2022-10-04 11:38:55,406 [INFO] FinderPluginLoader:87 - Searching for filters in installed packs
2022-10-04 11:38:55,406 [INFO] DbMcusXml:100 - Load MCU database from C:\ST\STM32CubeIDE_1.7.0\STM32CubeIDE\plugins\com.st.stm32cube.common.mx_6.3.0.202107141111\\db\/mcu/families.xml
2022-10-04 11:38:56,802 [INFO] DbMcusJson:93 - JSON generation date=Tue Nov 16 23:17:54 ICT 2021 (1637079474)
2022-10-04 11:38:57,921 [INFO] DbMcus:175 - Found 1951 MCUs (1903 are supported by CubeMX, 1914 are visible in CubeMX)
2022-10-04 11:38:57,922 [INFO] ApiDb:251 - Load user favorites file C:\Users\Administrator/.stm32cubeide/favorites.mcus.txt: 0 item(s)
2022-10-04 11:38:57,922 [INFO] ApiDb:255 - User favorites MCUs=[]
2022-10-04 11:38:57,922 [INFO] DbMcus:187 - Set 0 / 0 favorites MCUs
2022-10-04 11:38:58,563 [INFO] DetailPanel:309 - Set advertising image to C:/Users/Administrator/STM32Cube/Repository/\en.Prom_NBSTM32U50921.jpg
2022-10-04 11:38:59,282 [INFO] DbBoardsPdsc:90 - Found 25 items
2022-10-04 11:38:59,282 [INFO] DbBoardsPdsc:90 - Found 9 items
2022-10-04 11:38:59,282 [INFO] DbBoardsPdsc:90 - Found 33 items
2022-10-04 11:38:59,297 [INFO] DbBoardsPdsc:90 - Found 1 items
2022-10-04 11:38:59,297 [INFO] DbBoardsPdsc:90 - Found 48 items
2022-10-04 11:38:59,313 [INFO] DbBoardsPdsc:90 - Found 43 items
2022-10-04 11:38:59,313 [INFO] DbBoardsPdsc:90 - Found 2 items
2022-10-04 11:38:59,313 [INFO] DbBoardsPdsc:90 - Found 5 items
2022-10-04 11:38:59,313 [WARN] DbBoardsPdsc:254 - Board STM32H7B3I-DK: unknown feature type=Audio, name=, username=Audio stereo codec with Headphone Amp (CS42L51-CNZ), n=1
2022-10-04 11:38:59,313 [WARN] DbBoardsPdsc:254 - Board STM32H735G-DK: unknown feature type=Audio, name=, username=Audio stereo codec with Headphone Amp (WM8994ECS/R), n=1
2022-10-04 11:38:59,313 [WARN] DbBoardsPdsc:254 - Board STM32H7B3I-EVAL: unknown feature type=Audio, name=, username=Multi-Channel Audio Codec (CS42L51-CNZ), n=1
2022-10-04 11:38:59,313 [WARN] DbBoardsPdsc:254 - Board STM32H7B3I-EVAL: unknown feature type=Meter, name=, username=Power-metering and Temperature-monitoring with sigma-delta modulators, n=1
2022-10-04 11:38:59,313 [WARN] DbBoardsPdsc:254 - Board STM32H7B3I-EVAL: unknown feature type=Motor, name=, username=Motor Control, n=1
2022-10-04 11:38:59,313 [WARN] DbBoardsPdsc:254 - Board STM32U575I-EV: unknown feature type=joystick, name=, username=4-direction joystick with selection button, n=1
2022-10-04 11:38:59,376 [INFO] DbBoardsJson:86 - JSON generation date=Tue Nov 16 23:17:54 ICT 2021 (1637079474)
2022-10-04 11:38:59,376 [INFO] DbBoards:117 - Found 167 boards (163 are supported by CubeMX)
2022-10-04 11:38:59,376 [INFO] DbBoardsDocs:143 - JSON generation date=Tue Nov 16 23:17:54 ICT 2021 (1637079474)
2022-10-04 11:38:59,395 [INFO] DbBoardsDocs:79 - Found 209 boards documents
2022-10-04 11:38:59,396 [WARN] DbBoards:127 - board B-L475E-IOT01A2 has no document id list !
2022-10-04 11:38:59,397 [WARN] DbBoards:127 - board NUCLEO-H743ZI has no document id list !
2022-10-04 11:38:59,399 [WARN] DbBoards:127 - board NUCLEO-WL55JC2 has no document id list !
2022-10-04 11:38:59,399 [WARN] DbBoards:127 - board P-NUCLEO-WB55-Nucleo has no document id list !
2022-10-04 11:38:59,399 [WARN] DbBoards:127 - board P-NUCLEO-WB55-USBDongle has no document id list !
2022-10-04 11:38:59,399 [WARN] DbBoards:127 - board STEVAL-BFA001V1B has no document id list !
2022-10-04 11:38:59,399 [WARN] DbBoards:127 - board STEVAL-BFA001V2B has no document id list !
2022-10-04 11:38:59,400 [WARN] DbBoards:127 - board STEVAL-IDP005V1 has no document id list !
2022-10-04 11:38:59,400 [WARN] DbBoards:127 - board STEVAL-IDP005V2 has no document id list !
2022-10-04 11:38:59,400 [WARN] DbBoards:127 - board STEVAL-MKSBOX1V1 has no document id list !
2022-10-04 11:38:59,400 [WARN] DbBoards:127 - board STEVAL-STWINKT1 has no document id list !
2022-10-04 11:38:59,400 [WARN] DbBoards:127 - board STEVAL-STWINKT1B has no document id list !
2022-10-04 11:38:59,401 [WARN] DbBoards:127 - board STM32439I-EVAL2 has no document id list !
2022-10-04 11:38:59,401 [WARN] DbBoards:127 - board STM32F401C-DISCO has no document id list !
2022-10-04 11:38:59,402 [WARN] DbBoards:127 - board STM32F769I-DISC1 has no document id list !
2022-10-04 11:38:59,403 [WARN] DbBoards:127 - board STM32G474E-EVAL1 has no document id list !
2022-10-04 11:38:59,403 [WARN] DbBoards:127 - board STM32H743I-EVAL2 has no document id list !
2022-10-04 11:38:59,403 [WARN] DbBoards:127 - board STM32H747I-DISC1 has no document id list !
2022-10-04 11:38:59,404 [WARN] DbBoards:127 - board STM32H753I-EVAL2 has no document id list !
2022-10-04 11:38:59,404 [WARN] DbBoards:127 - board STM32L-DISCOVERY has no document id list !
2022-10-04 11:38:59,611 [ERROR] DbBoards:189 - Image file not found for board B-U585I-IOT02A: C:\ST\STM32CubeIDE_1.7.0\STM32CubeIDE\plugins\com.st.stm32cube.common.mx_6.3.0.202107141111\\db\/plugins/mcufinder/images/boards/B-U585I-IOT02A_small.jpg
2022-10-04 11:38:59,736 [ERROR] DbBoards:189 - Image file not found for board NUCLEO-F413ZH: C:\ST\STM32CubeIDE_1.7.0\STM32CubeIDE\plugins\com.st.stm32cube.common.mx_6.3.0.202107141111\\db\/plugins/mcufinder/images/boards/nucleo-f413zh_small.jpg
2022-10-04 11:39:00,001 [ERROR] DbBoards:189 - Image file not found for board NUCLEO-L552ZE-Q: C:\ST\STM32CubeIDE_1.7.0\STM32CubeIDE\plugins\com.st.stm32cube.common.mx_6.3.0.202107141111\\db\/plugins/mcufinder/images/boards/nucleo_l552ze_q_small.jpg
2022-10-04 11:39:00,001 [ERROR] DbBoards:189 - Image file not found for board NUCLEO-U575ZI-Q: C:\ST\STM32CubeIDE_1.7.0\STM32CubeIDE\plugins\com.st.stm32cube.common.mx_6.3.0.202107141111\\db\/plugins/mcufinder/images/boards/nucleo-u575zi-q_small.jpg
2022-10-04 11:39:00,001 [ERROR] DbBoards:189 - Image file not found for board NUCLEO-WB15CC: C:\ST\STM32CubeIDE_1.7.0\STM32CubeIDE\plugins\com.st.stm32cube.common.mx_6.3.0.202107141111\\db\/plugins/mcufinder/images/boards/nucleo-wb15cc_small.jpg
2022-10-04 11:39:00,001 [ERROR] DbBoards:189 - Image file not found for board NUCLEO-WB55RG: C:\ST\STM32CubeIDE_1.7.0\STM32CubeIDE\plugins\com.st.stm32cube.common.mx_6.3.0.202107141111\\db\/plugins/mcufinder/images/boards/nucleo-wb55rg_small.jpg
2022-10-04 11:39:01,488 [INFO] ApiDb:251 - Load user favorites file C:\Users\Administrator/.stm32cubeide/favorites.boards.txt: 0 item(s)
2022-10-04 11:39:01,488 [INFO] ApiDb:255 - User favorites Boards=[]
2022-10-04 11:39:01,488 [INFO] DbBoards:206 - Set 0 / 0 favorites Boards
2022-10-04 11:40:20,198 [INFO] DbMcusDocs:143 - JSON generation date=Tue Nov 16 23:17:54 ICT 2021 (1637079474)
2022-10-04 11:40:20,691 [INFO] DbMcusDocs:79 - Found 682 MCUs documents
2022-10-04 11:40:31,190 [INFO] MainUpdater:2671 - connection check result : 10
2022-10-04 11:40:31,190 [INFO] MainUpdater:2671 - connection check result : 10
2022-10-04 11:40:31,234 [INFO] MicroXplorer:448 - Change Database Path : 
2022-10-04 11:40:31,234 [INFO] MicroXplorer:478 - Change Database Version : DB.6.0.30
2022-10-04 11:40:31,234 [WARN] ThirdParty:813 - waiting for thirdparty lock release [close project]
2022-10-04 11:40:31,234 [INFO] ThirdParty:815 - entering critical section [close project]
2022-10-04 11:40:31,234 [INFO] ThirdParty:825 - exiting critical section [close project]
2022-10-04 11:40:31,250 [INFO] PinOutPanel:1463 - setPackage(No Configuration,No Configuration)
2022-10-04 11:40:31,250 [INFO] UtilMem:74 - Begin LoadConfig() Used Memory: 238184280 Bytes (601882624)
2022-10-04 11:40:31,250 [INFO] MicroXplorer:448 - Change Database Path : 
2022-10-04 11:40:31,250 [INFO] MicroXplorer:478 - Change Database Version : DB.6.0.30
2022-10-04 11:40:31,250 [INFO] OpenFileManager:313 - Change cursor
2022-10-04 11:40:31,266 [WARN] IntegrityCheckThread:78 - waiting for thirdparty lock release [integrity check]
2022-10-04 11:40:31,266 [INFO] IntegrityCheckThread:80 - entering critical section [integrity check]
2022-10-04 11:40:31,531 [WARN] PackLoader:238 - Cannot read IP mode file for STMicroelectronics.X-CUBE-GNSS1.6.0.0
2022-10-04 11:40:31,609 [WARN] PackLoader:238 - Cannot read IP mode file for STMicroelectronics.X-CUBE-AZRTOS-F4.1.1.0
2022-10-04 11:40:31,672 [WARN] PackLoader:238 - Cannot read IP mode file for STMicroelectronics.X-CUBE-AZRTOS-F7.1.1.0
2022-10-04 11:40:31,687 [WARN] PackLoader:238 - Cannot read IP mode file for STMicroelectronics.X-CUBE-BLE1.6.2.3
2022-10-04 11:40:31,703 [WARN] PackLoader:238 - Cannot read IP mode file for STMicroelectronics.X-CUBE-NFC4.2.0.4
2022-10-04 11:40:31,719 [WARN] PackLoader:238 - Cannot read IP mode file for STMicroelectronics.X-CUBE-TOF1.3.1.0
2022-10-04 11:40:31,750 [WARN] PackLoader:238 - Cannot read IP mode file for wolfSSL.I-CUBE-wolfSSL.5.5.0
2022-10-04 11:40:31,750 [WARN] PackLoader:238 - Cannot read IP mode file for STMicroelectronics.X-CUBE-NFC7.1.0.0
2022-10-04 11:40:31,844 [WARN] PackLoader:238 - Cannot read IP mode file for STMicroelectronics.X-CUBE-MEMS1.9.3.0
2022-10-04 11:40:32,078 [WARN] PackLoader:238 - Cannot read IP mode file for STMicroelectronics.X-CUBE-AI.7.2.0
2022-10-04 11:40:32,094 [WARN] PackLoader:238 - Cannot read IP mode file for STMicroelectronics.X-CUBE-SFXS2LP1.4.0.0
2022-10-04 11:40:32,094 [WARN] PackLoader:238 - Cannot read IP mode file for STMicroelectronics.X-CUBE-BLE2.3.3.0
2022-10-04 11:40:32,109 [WARN] PackLoader:238 - Cannot read IP mode file for STMicroelectronics.X-CUBE-DISPLAY.2.2.0
2022-10-04 11:40:32,109 [WARN] PackLoader:238 - Cannot read IP mode file for STMicroelectronics.X-CUBE-ISPU.1.0.0
2022-10-04 11:40:32,141 [WARN] PackLoader:238 - Cannot read IP mode file for RoweBots.I-CUBE-UNISONRTOS.5.5.0-4
2022-10-04 11:40:32,204 [WARN] PackLoader:238 - Cannot read IP mode file for STMicroelectronics.X-CUBE-AZRTOS-H7.2.1.0
2022-10-04 11:40:32,220 [WARN] PackLoader:238 - Cannot read IP mode file for STMicroelectronics.X-CUBE-BLEMGR.1.0.0
2022-10-04 11:40:32,236 [WARN] PackLoader:238 - Cannot read IP mode file for STMicroelectronics.X-CUBE-ALGOBUILD.1.3.0
2022-10-04 11:40:32,251 [WARN] PackLoader:238 - Cannot read IP mode file for STMicroelectronics.X-CUBE-AZRTOS-G0.1.1.0
2022-10-04 11:40:32,267 [WARN] PackLoader:238 - Cannot read IP mode file for STMicroelectronics.X-CUBE-SUBG2.5.0.0
2022-10-04 11:40:32,345 [WARN] PackLoader:238 - Cannot read IP mode file for SEGGER.I-CUBE-embOS.1.2.0
2022-10-04 11:40:32,392 [WARN] PackLoader:238 - Cannot read IP mode file for STMicroelectronics.FP-ATR-ASTRA1.1.1.1
2022-10-04 11:40:32,407 [WARN] PackLoader:238 - Cannot read IP mode file for STMicroelectronics.X-CUBE-AZRTOS-G4.1.0.0
2022-10-04 11:40:32,439 [WARN] PackLoader:238 - Cannot read IP mode file for STMicroelectronics.X-CUBE-AZRTOS-L4.1.0.0
2022-10-04 11:40:32,454 [WARN] PackLoader:238 - Cannot read IP mode file for emotas.I-CUBE-CANOPEN.1.1.2
2022-10-04 11:40:32,454 [WARN] PackLoader:238 - Cannot read IP mode file for STMicroelectronics.X-CUBE-TOUCHGFX.4.20.0
2022-10-04 11:40:32,470 [WARN] PackLoader:238 - Cannot read IP mode file for STMicroelectronics.X-CUBE-AZRTOS-WL.1.0.0
2022-10-04 11:40:32,486 [WARN] PackLoader:238 - Cannot read IP mode file for portGmbH.I-Cube-SoM-uGOAL.1.1.0
2022-10-04 11:40:32,486 [WARN] PackLoader:238 - Cannot read IP mode file for STMicroelectronics.X-CUBE-ALS.1.0.1
2022-10-04 11:40:32,517 [WARN] PackLoader:238 - Cannot read IP mode file for STMicroelectronics.X-CUBE-AZRTOS-L5.1.0.0
2022-10-04 11:40:32,517 [WARN] PackLoader:238 - Cannot read IP mode file for STMicroelectronics.X-CUBE-EEPRMA1.3.1.1
2022-10-04 11:40:32,517 [INFO] ThirdParty:915 - Integrity check success = true
2022-10-04 11:40:32,517 [INFO] IntegrityCheckThread:94 - exiting critical section [integrity check]
2022-10-04 11:40:32,517 [INFO] IntegrityCheckThread:97 - End integrity checks thread
2022-10-04 11:40:33,533 [INFO] Context:592 - Trying to add GPIOservice into a context  which must be forbidden
2022-10-04 11:40:33,861 [INFO] ImportTextPane:167 - (OptionalMessage_ERROR) Unable to find key (Mcu.ThirdPartyNb) in loaded IOC file
2022-10-04 11:40:33,861 [INFO] ImportTextPane:167 - (OptionalMessage_ERROR) Unable to find key (Mcu.PinsNb) in loaded IOC file
2022-10-04 11:40:33,861 [INFO] ImportTextPane:167 - (OptionalMessage_ERROR) Unable to find key (Mcu.IPNb) in loaded IOC file
2022-10-04 11:40:33,970 [WARN] ApiManager:304 - Cannot register API 'Board Extension:GNSS1A1' from pack STMicroelectronics.X-CUBE-GNSS1.6.0.0: no header file found
2022-10-04 11:40:33,970 [WARN] ApiManager:304 - Cannot register API 'Board Support:Custom' from pack STMicroelectronics.X-CUBE-GNSS1.6.0.0: no header file found
2022-10-04 11:40:33,970 [WARN] ApiManager:304 - Cannot register API 'Data Exchange:lib_gnss' from pack STMicroelectronics.X-CUBE-GNSS1.6.0.0: no header file found
2022-10-04 11:40:33,986 [WARN] ModelIntegratedComponent:60 - No mode defined for component null
2022-10-04 11:40:33,986 [WARN] ModelIntegratedComponent:60 - No mode defined for component null
2022-10-04 11:40:34,002 [WARN] ModelIntegratedComponent:60 - No mode defined for component null
2022-10-04 11:40:34,002 [WARN] ModelIntegratedComponent:60 - No mode defined for component null
2022-10-04 11:40:34,002 [WARN] ModelIntegratedComponent:60 - No mode defined for component null
2022-10-04 11:40:34,002 [WARN] ModelIntegratedComponent:60 - No mode defined for component null
2022-10-04 11:40:34,002 [WARN] ModelIntegratedComponent:60 - No mode defined for component null
2022-10-04 11:40:34,002 [WARN] ModelIntegratedComponent:60 - No mode defined for component null
2022-10-04 11:40:34,002 [WARN] ModelIntegratedComponent:60 - No mode defined for component null
2022-10-04 11:40:34,002 [WARN] ModelIntegratedComponent:60 - No mode defined for component null
2022-10-04 11:40:34,002 [WARN] ModelIntegratedComponent:60 - No mode defined for component null
2022-10-04 11:40:34,002 [WARN] ModelIntegratedComponent:60 - No mode defined for component null
2022-10-04 11:40:34,002 [WARN] ModelIntegratedComponent:60 - No mode defined for component null
2022-10-04 11:40:34,002 [WARN] ModelIntegratedComponent:60 - No mode defined for component null
2022-10-04 11:40:34,002 [WARN] ModelIntegratedComponent:60 - No mode defined for component null
2022-10-04 11:40:34,002 [WARN] ModelIntegratedComponent:60 - No mode defined for component null
2022-10-04 11:40:34,002 [WARN] ModelIntegratedComponent:60 - No mode defined for component null
2022-10-04 11:40:34,002 [WARN] ModelIntegratedComponent:60 - No mode defined for component null
2022-10-04 11:40:34,002 [WARN] ModelIntegratedComponent:60 - No mode defined for component null
2022-10-04 11:40:34,002 [WARN] ModelIntegratedComponent:60 - No mode defined for component null
2022-10-04 11:40:34,002 [WARN] ModelIntegratedComponent:60 - No mode defined for component null
2022-10-04 11:40:34,002 [WARN] ModelIntegratedComponent:60 - No mode defined for component null
2022-10-04 11:40:34,002 [WARN] ModelIntegratedComponent:60 - No mode defined for component null
2022-10-04 11:40:34,002 [WARN] ModelIntegratedComponent:60 - No mode defined for component null
2022-10-04 11:40:34,002 [WARN] ModelIntegratedComponent:60 - No mode defined for component null
2022-10-04 11:40:34,002 [WARN] ModelIntegratedComponent:60 - No mode defined for component null
2022-10-04 11:40:34,002 [WARN] ModelIntegratedComponent:60 - No mode defined for component null
2022-10-04 11:40:34,002 [WARN] ModelIntegratedComponent:60 - No mode defined for component null
2022-10-04 11:40:34,002 [WARN] ModelIntegratedComponent:60 - No mode defined for component null
2022-10-04 11:40:34,002 [WARN] ModelIntegratedComponent:60 - No mode defined for component null
2022-10-04 11:40:34,002 [WARN] ModelIntegratedComponent:60 - No mode defined for component null
2022-10-04 11:40:34,002 [WARN] ApiManager:304 - Cannot register API 'Board Extension:NFC07A1' from pack STMicroelectronics.X-CUBE-NFC7.1.0.0: no header file found
2022-10-04 11:40:34,475 [WARN] ApiManager:304 - Cannot register API 'Board Extension:IKS01A3' from pack STMicroelectronics.X-CUBE-MEMS1.9.3.0: no header file found
2022-10-04 11:40:34,475 [WARN] ApiManager:304 - Cannot register API 'Board Extension:IKS01A2' from pack STMicroelectronics.X-CUBE-MEMS1.9.3.0: no header file found
2022-10-04 11:40:34,475 [WARN] ApiManager:304 - Cannot register API 'Board Extension:IKS02A1' from pack STMicroelectronics.X-CUBE-MEMS1.9.3.0: no header file found
2022-10-04 11:40:34,491 [WARN] ApiManager:304 - Cannot register API 'Wireless:BlueNRG-MS' from pack STMicroelectronics.X-CUBE-BLE1.6.2.3: no header file found
2022-10-04 11:40:34,506 [INFO] RtosManager:484 - Registered RTOS mode: class=CMSIS, group=RTOS, mode=CMSIS_V1, owner=FREERTOS
2022-10-04 11:40:34,506 [INFO] RtosManager:484 - Registered RTOS mode: class=CMSIS, group=RTOS2, mode=CMSIS_V2, owner=FREERTOS
2022-10-04 11:40:34,506 [INFO] RtosManager:484 - Registered RTOS mode: class=RTOS, group=Core, mode=CMSIS_V1, owner=FREERTOS
2022-10-04 11:40:34,506 [INFO] RtosManager:484 - Registered RTOS mode: class=RTOS, group=Core, mode=CMSIS_V2, owner=FREERTOS
2022-10-04 11:40:34,506 [WARN] ModelIntegratedComponent:181 - Missing modes for component STMicroelectronics:FreeRTOS:0.0.1:STMicroelectronics:RTOS:FreeRTOS:Core:::10.2.0:
2022-10-04 11:40:34,506 [WARN] ApiManager:304 - Cannot register API 'Board Extension:S2868A1' from pack STMicroelectronics.X-CUBE-SUBG2.5.0.0: no header file found
2022-10-04 11:40:34,506 [WARN] ApiManager:304 - Cannot register API 'Board Extension:S2868A2' from pack STMicroelectronics.X-CUBE-SUBG2.5.0.0: no header file found
2022-10-04 11:40:34,506 [WARN] ApiManager:304 - Cannot register API 'Board Extension:S2915A1' from pack STMicroelectronics.X-CUBE-SUBG2.5.0.0: no header file found
2022-10-04 11:40:34,522 [WARN] ApiManager:304 - Cannot register API 'Board Extension:EEPRMA1' from pack STMicroelectronics.X-CUBE-EEPRMA1.3.1.1: no header file found
2022-10-04 11:40:34,522 [WARN] ApiManager:304 - Cannot register API 'Board Extension:EEPRMA2' from pack STMicroelectronics.X-CUBE-EEPRMA1.3.1.1: no header file found
2022-10-04 11:40:34,522 [WARN] ApiManager:304 - Cannot register API 'Board Extension:S2868A1' from pack STMicroelectronics.X-CUBE-SFXS2LP1.4.0.0: no header file found
2022-10-04 11:40:34,522 [WARN] ApiManager:304 - Cannot register API 'Board Extension:S2868A2' from pack STMicroelectronics.X-CUBE-SFXS2LP1.4.0.0: no header file found
2022-10-04 11:40:34,522 [WARN] ApiManager:304 - Cannot register API 'Board Extension:S2915A1' from pack STMicroelectronics.X-CUBE-SFXS2LP1.4.0.0: no header file found
2022-10-04 11:40:34,522 [WARN] ApiManager:304 - Cannot register API 'Wireless:BlueNRG-2' from pack STMicroelectronics.X-CUBE-BLE2.3.3.0: no header file found
2022-10-04 11:40:34,522 [WARN] ApiManager:304 - Cannot register API 'Board Extension:NFC04A1' from pack STMicroelectronics.X-CUBE-NFC4.2.0.4: no header file found
2022-10-04 11:40:36,710 [INFO] UtilMem:74 - End LoadConfig() Used Memory: 496143640 Bytes (601882624)
2022-10-04 11:40:36,710 [WARN] ThirdParty:779 - waiting for thirdparty lock release [change project]
2022-10-04 11:40:36,710 [INFO] ThirdParty:781 - entering critical section [change project]
2022-10-04 11:40:36,710 [INFO] ThirdParty:967 - CMSIS Pack Vendor :RoweBots I-CUBE-UNISONRTOS 5.5.0-4
2022-10-04 11:40:36,710 [INFO] ThirdParty:967 - CMSIS Pack Vendor :STMicroelectronics X-CUBE-GNSS1 6.0.0
2022-10-04 11:40:36,710 [INFO] ThirdParty:967 - CMSIS Pack Vendor :STMicroelectronics X-CUBE-AZRTOS-H7 2.1.0
2022-10-04 11:40:36,710 [INFO] ThirdParty:967 - CMSIS Pack Vendor :STMicroelectronics USB_HOST 2.0.0
2022-10-04 11:40:36,710 [INFO] ThirdParty:967 - CMSIS Pack Vendor :STMicroelectronics X-CUBE-AZRTOS-F4 1.1.0
2022-10-04 11:40:36,710 [INFO] ThirdParty:967 - CMSIS Pack Vendor :STMicroelectronics X-CUBE-AZRTOS-G4 1.0.0
2022-10-04 11:40:36,710 [INFO] ThirdParty:967 - CMSIS Pack Vendor :STMicroelectronics X-CUBE-AZRTOS-L4 1.0.0
2022-10-04 11:40:36,710 [INFO] ThirdParty:967 - CMSIS Pack Vendor :STMicroelectronics USB_DEVICE 3.0.0
2022-10-04 11:40:36,710 [INFO] ThirdParty:967 - CMSIS Pack Vendor :wolfSSL I-CUBE-wolfSSL 5.5.0
2022-10-04 11:40:36,710 [INFO] ThirdParty:967 - CMSIS Pack Vendor :STMicroelectronics HAL Drivers 0.0.0
2022-10-04 11:40:36,710 [INFO] ThirdParty:967 - CMSIS Pack Vendor :STMicroelectronics MBEDTLS 2.16.2
2022-10-04 11:40:36,710 [INFO] ThirdParty:967 - CMSIS Pack Vendor :emotas I-CUBE-CANOPEN 1.1.2
2022-10-04 11:40:36,710 [INFO] ThirdParty:967 - CMSIS Pack Vendor :STMicroelectronics X-CUBE-TOUCHGFX 4.20.0
2022-10-04 11:40:36,710 [INFO] ThirdParty:967 - CMSIS Pack Vendor :STMicroelectronics MBEDTLS 2.14.1
2022-10-04 11:40:36,710 [INFO] ThirdParty:967 - CMSIS Pack Vendor :STMicroelectronics X-CUBE-NFC7 1.0.0
2022-10-04 11:40:36,710 [INFO] ThirdParty:967 - CMSIS Pack Vendor :STMicroelectronics X-CUBE-BLEMGR 1.0.0
2022-10-04 11:40:36,710 [INFO] ThirdParty:967 - CMSIS Pack Vendor :STMicroelectronics X-CUBE-AZRTOS-WL 1.0.0
2022-10-04 11:40:36,710 [INFO] ThirdParty:967 - CMSIS Pack Vendor :STMicroelectronics X-CUBE-AZRTOS-F7 1.1.0
2022-10-04 11:40:36,710 [INFO] ThirdParty:967 - CMSIS Pack Vendor :STMicroelectronics X-CUBE-MEMS1 9.3.0
2022-10-04 11:40:36,710 [INFO] ThirdParty:967 - CMSIS Pack Vendor :portGmbH I-Cube-SoM-uGOAL 1.1.0
2022-10-04 11:40:36,710 [INFO] ThirdParty:967 - CMSIS Pack Vendor :STMicroelectronics X-CUBE-ALS 1.0.1
2022-10-04 11:40:36,710 [INFO] ThirdParty:967 - CMSIS Pack Vendor :STMicroelectronics USB_DEVICE 2.0.0
2022-10-04 11:40:36,710 [INFO] ThirdParty:967 - CMSIS Pack Vendor :STMicroelectronics X-CUBE-AI 7.2.0
2022-10-04 11:40:36,710 [INFO] ThirdParty:967 - CMSIS Pack Vendor :STMicroelectronics X-CUBE-BLE1 6.2.3
2022-10-04 11:40:36,710 [INFO] ThirdParty:967 - CMSIS Pack Vendor :STMicroelectronics X-CUBE-ALGOBUILD 1.3.0
2022-10-04 11:40:36,710 [INFO] ThirdParty:967 - CMSIS Pack Vendor :STMicroelectronics X-CUBE-AZRTOS-L5 1.0.0
2022-10-04 11:40:36,710 [INFO] ThirdParty:967 - CMSIS Pack Vendor :STMicroelectronics FreeRTOS 0.0.1
2022-10-04 11:40:36,710 [INFO] ThirdParty:967 - CMSIS Pack Vendor :STMicroelectronics X-CUBE-AZRTOS-G0 1.1.0
2022-10-04 11:40:36,710 [INFO] ThirdParty:967 - CMSIS Pack Vendor :STMicroelectronics USB_DEVICE 1.0.0
2022-10-04 11:40:36,710 [INFO] ThirdParty:967 - CMSIS Pack Vendor :STMicroelectronics X-CUBE-SUBG2 5.0.0
2022-10-04 11:40:36,710 [INFO] ThirdParty:967 - CMSIS Pack Vendor :SEGGER I-CUBE-embOS 1.2.0
2022-10-04 11:40:36,710 [INFO] ThirdParty:967 - CMSIS Pack Vendor :STMicroelectronics X-CUBE-EEPRMA1 3.1.1
2022-10-04 11:40:36,710 [INFO] ThirdParty:967 - CMSIS Pack Vendor :STMicroelectronics ThreadX 0.0.2
2022-10-04 11:40:36,710 [INFO] ThirdParty:967 - CMSIS Pack Vendor :STMicroelectronics lwIP 2.0.3
2022-10-04 11:40:36,710 [INFO] ThirdParty:967 - CMSIS Pack Vendor :STMicroelectronics lwIP 2.1.2
2022-10-04 11:40:36,710 [INFO] ThirdParty:967 - CMSIS Pack Vendor :STMicroelectronics X-CUBE-SFXS2LP1 4.0.0
2022-10-04 11:40:36,710 [INFO] ThirdParty:967 - CMSIS Pack Vendor :STMicroelectronics X-CUBE-BLE2 3.3.0
2022-10-04 11:40:36,710 [INFO] ThirdParty:967 - CMSIS Pack Vendor :STMicroelectronics X-CUBE-NFC4 2.0.4
2022-10-04 11:40:36,710 [INFO] ThirdParty:967 - CMSIS Pack Vendor :STMicroelectronics USB_HOST 1.0.0
2022-10-04 11:40:36,710 [INFO] ThirdParty:967 - CMSIS Pack Vendor :STMicroelectronics X-CUBE-DISPLAY 2.2.0
2022-10-04 11:40:36,710 [INFO] ThirdParty:967 - CMSIS Pack Vendor :STMicroelectronics PDM2PCM 3.1.0
2022-10-04 11:40:36,710 [INFO] ThirdParty:967 - CMSIS Pack Vendor :STMicroelectronics FP-ATR-ASTRA1 1.1.1
2022-10-04 11:40:36,710 [INFO] ThirdParty:967 - CMSIS Pack Vendor :STMicroelectronics PDM2PCM 3.2.0
2022-10-04 11:40:36,710 [INFO] ThirdParty:967 - CMSIS Pack Vendor :STMicroelectronics PDM2PCM 3.3.0
2022-10-04 11:40:36,710 [INFO] ThirdParty:967 - CMSIS Pack Vendor :STMicroelectronics X-CUBE-TOF1 3.1.0
2022-10-04 11:40:36,725 [INFO] ThirdParty:967 - CMSIS Pack Vendor :STMicroelectronics X-CUBE-ISPU 1.0.0
2022-10-04 11:40:36,725 [INFO] ThirdParty:787 - exiting critical section [change project]
2022-10-04 11:40:36,982 [INFO] PinOutPanel:1463 - setPackage(No Configuration,No Configuration)
2022-10-04 11:40:36,982 [INFO] PinOutPanel:1463 - setPackage(STM32F103C6Ux,UFQFPN48)
2022-10-04 11:40:37,451 [INFO] UtilMem:74 - Before build in PCC Used Memory: 297511528 Bytes (601882624)
2022-10-04 11:40:38,095 [INFO] UtilMem:74 - After build in PCC Used Memory: 376518240 Bytes (601882624)
2022-10-04 11:40:38,111 [INFO] IPUIPlugin:74 - create IPUIPlugin
2022-10-04 11:40:38,111 [INFO] IPUIPlugin:74 - create IPUIPlugin
2022-10-04 11:40:38,111 [INFO] IPUIPlugin:74 - create IPUIPlugin
2022-10-04 11:40:38,111 [INFO] IPUIPlugin:74 - create IPUIPlugin
2022-10-04 11:40:38,111 [INFO] IPUIPlugin:74 - create IPUIPlugin
2022-10-04 11:40:38,111 [INFO] IPUIPlugin:74 - create IPUIPlugin
2022-10-04 11:40:38,111 [INFO] IPUIPlugin:74 - create IPUIPlugin
2022-10-04 11:40:38,111 [INFO] IPUIPlugin:74 - create IPUIPlugin
2022-10-04 11:40:38,111 [INFO] IPUIPlugin:74 - create IPUIPlugin
2022-10-04 11:40:38,111 [INFO] IPUIPlugin:74 - create IPUIPlugin
2022-10-04 11:40:38,111 [INFO] IPUIPlugin:74 - create IPUIPlugin
2022-10-04 11:40:38,111 [INFO] IPUIPlugin:74 - create IPUIPlugin
2022-10-04 11:40:38,111 [INFO] IPUIPlugin:74 - create IPUIPlugin
2022-10-04 11:40:38,111 [INFO] IPUIPlugin:74 - create IPUIPlugin
2022-10-04 11:40:38,111 [INFO] IPUIPlugin:74 - create IPUIPlugin
2022-10-04 11:40:38,111 [INFO] IPUIPlugin:74 - create IPUIPlugin
2022-10-04 11:40:38,111 [INFO] IPUIPlugin:74 - create IPUIPlugin
2022-10-04 11:40:38,111 [INFO] IPUIPlugin:74 - create IPUIPlugin
2022-10-04 11:40:38,111 [INFO] IPUIPlugin:74 - create IPUIPlugin
2022-10-04 11:40:38,126 [INFO] IPUIPlugin:74 - create IPUIPlugin
2022-10-04 11:40:38,126 [INFO] IPUIPlugin:74 - create IPUIPlugin
2022-10-04 11:40:38,126 [INFO] IPUIPlugin:74 - create IPUIPlugin
2022-10-04 11:40:38,126 [INFO] IPUIPlugin:74 - create IPUIPlugin
2022-10-04 11:40:38,251 [INFO] OpenFileManager:333 - Restore cursor
2022-10-04 11:40:38,486 [INFO] UtilMem:74 - End SaveConfig() Used Memory: 440481376 Bytes (601882624)
2022-10-04 11:40:38,533 [INFO] UtilMem:74 - End SaveConfig() Used Memory: 452542048 Bytes (601882624)
2022-10-04 11:40:38,986 [INFO] BlockDiagram:2740 - set Specific Code input for plugin: NVIC
2022-10-04 11:40:38,986 [INFO] BlockDiagram:2740 - set Specific Code input for plugin: SYS
2022-10-04 11:40:38,986 [INFO] BlockDiagram:2740 - set Specific Code input for plugin: RCC
2022-10-04 11:40:38,986 [INFO] CodeGenerator:663 - code generatio: config db path: C:\ST\STM32CubeIDE_1.7.0\STM32CubeIDE\plugins\com.st.stm32cube.common.mx_6.3.0.202107141111\\db\
2022-10-04 11:40:39,392 [INFO] CodeEngine:239 - oldGeneratedFile, C:\Users\Administrator\Desktop\Week2\lab2_ex5\stm32cube\ex5\MXTmpFiles\license.tmp_save
2022-10-04 11:40:39,783 [INFO] CodeEngine:257 - Generated code: C:\Users\Administrator\Desktop\Week2\lab2_ex5\stm32cube\ex5\MXTmpFiles\license.tmp
2022-10-04 11:40:39,876 [INFO] CodeEngine:239 - oldGeneratedFile, C:\Users\Administrator\Desktop\Week2\lab2_ex5\stm32cube\ex5\Core\Src\stm32f1xx_it.c_save
2022-10-04 11:40:40,084 [INFO] CodeEngine:257 - Generated code: C:\Users\Administrator\Desktop\Week2\lab2_ex5\stm32cube\ex5\Core\Src\stm32f1xx_it.c
2022-10-04 11:40:40,084 [INFO] CodeEngine:239 - oldGeneratedFile, C:\Users\Administrator\Desktop\Week2\lab2_ex5\stm32cube\ex5\Core\Inc\stm32f1xx_it.h_save
2022-10-04 11:40:40,209 [INFO] CodeEngine:257 - Generated code: C:\Users\Administrator\Desktop\Week2\lab2_ex5\stm32cube\ex5\Core\Inc\stm32f1xx_it.h
2022-10-04 11:40:40,225 [INFO] CodeEngine:239 - oldGeneratedFile, C:\Users\Administrator\Desktop\Week2\lab2_ex5\stm32cube\ex5\Core\Src\stm32f1xx_hal_msp.c_save
2022-10-04 11:40:40,409 [INFO] CodeEngine:257 - Generated code: C:\Users\Administrator\Desktop\Week2\lab2_ex5\stm32cube\ex5\Core\Src\stm32f1xx_hal_msp.c
2022-10-04 11:40:40,409 [INFO] CodeEngine:239 - oldGeneratedFile, C:\Users\Administrator\Desktop\Week2\lab2_ex5\stm32cube\ex5\MXTmpFiles\system.tmp_save
2022-10-04 11:40:40,569 [INFO] CodeEngine:257 - Generated code: C:\Users\Administrator\Desktop\Week2\lab2_ex5\stm32cube\ex5\MXTmpFiles\system.tmp
2022-10-04 11:40:40,578 [INFO] CodeEngine:239 - oldGeneratedFile, C:\Users\Administrator\Desktop\Week2\lab2_ex5\stm32cube\ex5\Core\Inc\stm32f1xx_hal_conf.h_save
2022-10-04 11:40:40,706 [INFO] CodeEngine:257 - Generated code: C:\Users\Administrator\Desktop\Week2\lab2_ex5\stm32cube\ex5\Core\Inc\stm32f1xx_hal_conf.h
2022-10-04 11:40:40,753 [INFO] CodeEngine:239 - oldGeneratedFile, C:\Users\Administrator\Desktop\Week2\lab2_ex5\stm32cube\ex5\Core\Inc\main.h_save
2022-10-04 11:40:40,862 [INFO] CodeEngine:257 - Generated code: C:\Users\Administrator\Desktop\Week2\lab2_ex5\stm32cube\ex5\Core\Inc\main.h
2022-10-04 11:40:40,878 [INFO] CodeEngine:239 - oldGeneratedFile, C:\Users\Administrator\Desktop\Week2\lab2_ex5\stm32cube\ex5\Core\Src\main.c_save
2022-10-04 11:40:41,118 [INFO] CodeEngine:257 - Generated code: C:\Users\Administrator\Desktop\Week2\lab2_ex5\stm32cube\ex5\Core\Src\main.c
2022-10-04 11:40:42,571 [INFO] ProjectBuilder:2578 - Time for Copy HAL[1] : 281mS.
2022-10-04 11:40:42,587 [INFO] ProjectBuilder:3622 - Project Generator version: 3.14.1
2022-10-04 11:40:43,550 [INFO] ConfigFileManager:1271 - The Die is : DIE412
2022-10-04 11:40:43,565 [INFO] ApiDbMcu:468 - Load IP Config File for FATFS
2022-10-04 11:40:43,753 [INFO] ApiDbMcu:468 - Load IP Config File for FREERTOS
2022-10-04 11:40:43,784 [INFO] ApiDbMcu:468 - Load IP Config File for USB_DEVICE
2022-10-04 11:40:47,900 [INFO] ProjectBuilder:3789 - Time for Generating toolchain IDE Files: 5313mS.
2022-10-04 11:40:47,900 [INFO] ProjectBuilder:2457 - Time for Copy CMSIS : 0mS.
2022-10-04 11:40:47,900 [INFO] ProjectBuilder:2457 - Time for Copy CMSIS : 0mS.
2022-10-04 11:40:48,362 [INFO] McuFinderGlobals:52 - Set McuFinderConnectedMode to true
2022-10-04 11:40:48,362 [INFO] ApiDb:276 - Save user favorites file C:\Users\Administrator/.stm32cubeide/favorites.mcus.txt: 0 item(s)
2022-10-04 11:40:48,362 [INFO] ApiDb:280 - User favorites MCUs=[]
