2022-10-02 21:09:10,104 [INFO] Activator:177 - 


2022-10-02 21:09:10,104 [INFO] Activator:178 - !SESSION log4j initialized
2022-10-02 21:09:24,336 [INFO] McuFinderGlobals:39 - Set McuFinder mode to 2 (CubeIDE integrated)
2022-10-02 21:09:24,523 [INFO] ApplicationProperties:181 - Using Application install path: C:\ST\STM32CubeIDE_1.7.0\STM32CubeIDE\plugins\com.st.stm32cube.common.mx_6.3.0.202107141111
2022-10-02 21:09:24,539 [INFO] DbMcusXml:74 - Set database path to: C:\ST\STM32CubeIDE_1.7.0\STM32CubeIDE\plugins\com.st.stm32cube.common.mx_6.3.0.202107141111\\db\/mcu/
2022-10-02 21:09:24,539 [INFO] DbBoardsPdsc:56 - Set plugin database path to: C:\ST\STM32CubeIDE_1.7.0\STM32CubeIDE\plugins\com.st.stm32cube.common.mx_6.3.0.202107141111\\db\/plugins/boardmanager/
2022-10-02 21:09:24,539 [INFO] DbMcus:258 - Set plugin images path to: C:\ST\STM32CubeIDE_1.7.0\STM32CubeIDE\plugins\com.st.stm32cube.common.mx_6.3.0.202107141111\\db\/plugins/mcufinder/images/
2022-10-02 21:09:24,539 [INFO] DbBoards:264 - Set plugin images path to: C:\ST\STM32CubeIDE_1.7.0\STM32CubeIDE\plugins\com.st.stm32cube.common.mx_6.3.0.202107141111\\db\/plugins/mcufinder/images/
2022-10-02 21:09:24,539 [INFO] DbExamples:333 - Set plugin images path to: C:\ST\STM32CubeIDE_1.7.0\STM32CubeIDE\plugins\com.st.stm32cube.common.mx_6.3.0.202107141111\\db\/plugins/mcufinder/images/
2022-10-02 21:09:24,555 [INFO] DbMcusAds:119 - Set database path to: C:\Users\NGUYEN THANH QUI\.stmcufinder\plugins\mcufinder//mcu/
2022-10-02 21:09:24,555 [INFO] DbMcusDocs:110 - Set database path to: C:\Users\NGUYEN THANH QUI\.stmcufinder\plugins\mcufinder//mcu/
2022-10-02 21:09:24,555 [INFO] DbMcusJson:64 - Set database path to: C:\Users\NGUYEN THANH QUI\.stmcufinder\plugins\mcufinder//mcu/
2022-10-02 21:09:24,555 [INFO] DbBoardsDocs:110 - Set database path to: C:\Users\NGUYEN THANH QUI\.stmcufinder\plugins\mcufinder//mcu/
2022-10-02 21:09:24,555 [INFO] DbBoardsJson:57 - Set database path to: C:\Users\NGUYEN THANH QUI\.stmcufinder\plugins\mcufinder//mcu/
2022-10-02 21:09:25,398 [INFO] CrossReferenceDbSqlite:196 - Set database path to: C:\Users\NGUYEN THANH QUI\.stmcufinder\plugins\mcufinder//mcu/cs/
2022-10-02 21:09:25,398 [INFO] DbExamplesSqlite:767 - Set database path to: C:\Users\NGUYEN THANH QUI\.stmcufinder\plugins\mcufinder//mcu/
2022-10-02 21:09:25,539 [INFO] RulesReader:57 - Compatibility file has been processed (242 Rules)
2022-10-02 21:09:25,633 [INFO] DbMcusXml:74 - Set database path to: C:\ST\STM32CubeIDE_1.7.0\STM32CubeIDE\plugins\com.st.stm32cube.common.mx_6.3.0.202107141111\\db\/mcu/
2022-10-02 21:09:25,633 [INFO] DbBoardsPdsc:56 - Set plugin database path to: C:\ST\STM32CubeIDE_1.7.0\STM32CubeIDE\plugins\com.st.stm32cube.common.mx_6.3.0.202107141111\\db\/plugins/boardmanager/
2022-10-02 21:09:25,633 [INFO] DbMcus:258 - Set plugin images path to: C:\ST\STM32CubeIDE_1.7.0\STM32CubeIDE\plugins\com.st.stm32cube.common.mx_6.3.0.202107141111\\db\/plugins/mcufinder/images/
2022-10-02 21:09:25,633 [INFO] DbBoards:264 - Set plugin images path to: C:\ST\STM32CubeIDE_1.7.0\STM32CubeIDE\plugins\com.st.stm32cube.common.mx_6.3.0.202107141111\\db\/plugins/mcufinder/images/
2022-10-02 21:09:25,633 [INFO] DbExamples:333 - Set plugin images path to: C:\ST\STM32CubeIDE_1.7.0\STM32CubeIDE\plugins\com.st.stm32cube.common.mx_6.3.0.202107141111\\db\/plugins/mcufinder/images/
2022-10-02 21:09:25,633 [WARN] DbFile:35 - Overriding database path with different value: C:\Users\NGUYEN THANH QUI\.stmcufinder\plugins\mcufinder/ => C:\Users\NGUYEN THANH QUI\.stmcufinder\plugins\mcufinder
2022-10-02 21:09:25,633 [INFO] DbMcusAds:119 - Set database path to: C:\Users\NGUYEN THANH QUI\.stmcufinder\plugins\mcufinder//mcu/
2022-10-02 21:09:25,633 [WARN] DbFile:35 - Overriding database path with different value: C:\Users\NGUYEN THANH QUI\.stmcufinder\plugins\mcufinder/ => C:\Users\NGUYEN THANH QUI\.stmcufinder\plugins\mcufinder
2022-10-02 21:09:25,633 [INFO] DbMcusDocs:110 - Set database path to: C:\Users\NGUYEN THANH QUI\.stmcufinder\plugins\mcufinder//mcu/
2022-10-02 21:09:25,633 [WARN] DbFile:35 - Overriding database path with different value: C:\Users\NGUYEN THANH QUI\.stmcufinder\plugins\mcufinder/ => C:\Users\NGUYEN THANH QUI\.stmcufinder\plugins\mcufinder
2022-10-02 21:09:25,633 [INFO] DbMcusJson:64 - Set database path to: C:\Users\NGUYEN THANH QUI\.stmcufinder\plugins\mcufinder//mcu/
2022-10-02 21:09:25,633 [WARN] DbFile:35 - Overriding database path with different value: C:\Users\NGUYEN THANH QUI\.stmcufinder\plugins\mcufinder/ => C:\Users\NGUYEN THANH QUI\.stmcufinder\plugins\mcufinder
2022-10-02 21:09:25,633 [INFO] DbBoardsDocs:110 - Set database path to: C:\Users\NGUYEN THANH QUI\.stmcufinder\plugins\mcufinder//mcu/
2022-10-02 21:09:25,633 [WARN] DbFile:35 - Overriding database path with different value: C:\Users\NGUYEN THANH QUI\.stmcufinder\plugins\mcufinder/ => C:\Users\NGUYEN THANH QUI\.stmcufinder\plugins\mcufinder
2022-10-02 21:09:25,633 [INFO] DbBoardsJson:57 - Set database path to: C:\Users\NGUYEN THANH QUI\.stmcufinder\plugins\mcufinder//mcu/
2022-10-02 21:09:25,633 [WARN] DbFile:35 - Overriding database path with different value: C:\Users\NGUYEN THANH QUI\.stmcufinder\plugins\mcufinder/ => C:\Users\NGUYEN THANH QUI\.stmcufinder\plugins\mcufinder
2022-10-02 21:09:25,633 [WARN] DbFile:35 - Overriding database path with different value: C:\Users\NGUYEN THANH QUI\.stmcufinder\plugins\mcufinder/ => C:\Users\NGUYEN THANH QUI\.stmcufinder\plugins\mcufinder
2022-10-02 21:09:26,398 [INFO] CrossReferenceDbSqlite:196 - Set database path to: C:\Users\NGUYEN THANH QUI\.stmcufinder\plugins\mcufinder//mcu/cs/
2022-10-02 21:09:26,398 [WARN] DbFile:35 - Overriding database path with different value: C:\Users\NGUYEN THANH QUI\.stmcufinder\plugins\mcufinder/ => C:\Users\NGUYEN THANH QUI\.stmcufinder\plugins\mcufinder
2022-10-02 21:09:26,398 [INFO] DbExamplesSqlite:767 - Set database path to: C:\Users\NGUYEN THANH QUI\.stmcufinder\plugins\mcufinder//mcu/
2022-10-02 21:09:26,492 [INFO] MainPanel:214 - HeapMemory: 268435456
2022-10-02 21:09:26,554 [INFO] DbMcusXml:74 - Set database path to: C:\ST\STM32CubeIDE_1.7.0\STM32CubeIDE\plugins\com.st.stm32cube.common.mx_6.3.0.202107141111\\db\/mcu/
2022-10-02 21:09:26,554 [INFO] DbBoardsPdsc:56 - Set plugin database path to: C:\ST\STM32CubeIDE_1.7.0\STM32CubeIDE\plugins\com.st.stm32cube.common.mx_6.3.0.202107141111\\db\/plugins/boardmanager/
2022-10-02 21:09:26,554 [INFO] DbMcus:258 - Set plugin images path to: C:\ST\STM32CubeIDE_1.7.0\STM32CubeIDE\plugins\com.st.stm32cube.common.mx_6.3.0.202107141111\\db\/plugins/mcufinder/images/
2022-10-02 21:09:26,554 [INFO] DbBoards:264 - Set plugin images path to: C:\ST\STM32CubeIDE_1.7.0\STM32CubeIDE\plugins\com.st.stm32cube.common.mx_6.3.0.202107141111\\db\/plugins/mcufinder/images/
2022-10-02 21:09:26,554 [INFO] DbExamples:333 - Set plugin images path to: C:\ST\STM32CubeIDE_1.7.0\STM32CubeIDE\plugins\com.st.stm32cube.common.mx_6.3.0.202107141111\\db\/plugins/mcufinder/images/
2022-10-02 21:09:26,554 [WARN] DbFile:35 - Overriding database path with different value: C:\Users\NGUYEN THANH QUI\.stmcufinder\plugins\mcufinder/ => C:\Users\NGUYEN THANH QUI\.stmcufinder\plugins\mcufinder
2022-10-02 21:09:26,554 [INFO] DbMcusAds:119 - Set database path to: C:\Users\NGUYEN THANH QUI\.stmcufinder\plugins\mcufinder//mcu/
2022-10-02 21:09:26,554 [WARN] DbFile:35 - Overriding database path with different value: C:\Users\NGUYEN THANH QUI\.stmcufinder\plugins\mcufinder/ => C:\Users\NGUYEN THANH QUI\.stmcufinder\plugins\mcufinder
2022-10-02 21:09:26,554 [INFO] DbMcusDocs:110 - Set database path to: C:\Users\NGUYEN THANH QUI\.stmcufinder\plugins\mcufinder//mcu/
2022-10-02 21:09:26,554 [WARN] DbFile:35 - Overriding database path with different value: C:\Users\NGUYEN THANH QUI\.stmcufinder\plugins\mcufinder/ => C:\Users\NGUYEN THANH QUI\.stmcufinder\plugins\mcufinder
2022-10-02 21:09:26,554 [INFO] DbMcusJson:64 - Set database path to: C:\Users\NGUYEN THANH QUI\.stmcufinder\plugins\mcufinder//mcu/
2022-10-02 21:09:26,554 [WARN] DbFile:35 - Overriding database path with different value: C:\Users\NGUYEN THANH QUI\.stmcufinder\plugins\mcufinder/ => C:\Users\NGUYEN THANH QUI\.stmcufinder\plugins\mcufinder
2022-10-02 21:09:26,554 [INFO] DbBoardsDocs:110 - Set database path to: C:\Users\NGUYEN THANH QUI\.stmcufinder\plugins\mcufinder//mcu/
2022-10-02 21:09:26,554 [WARN] DbFile:35 - Overriding database path with different value: C:\Users\NGUYEN THANH QUI\.stmcufinder\plugins\mcufinder/ => C:\Users\NGUYEN THANH QUI\.stmcufinder\plugins\mcufinder
2022-10-02 21:09:26,554 [INFO] DbBoardsJson:57 - Set database path to: C:\Users\NGUYEN THANH QUI\.stmcufinder\plugins\mcufinder//mcu/
2022-10-02 21:09:26,554 [WARN] DbFile:35 - Overriding database path with different value: C:\Users\NGUYEN THANH QUI\.stmcufinder\plugins\mcufinder/ => C:\Users\NGUYEN THANH QUI\.stmcufinder\plugins\mcufinder
2022-10-02 21:09:26,554 [WARN] DbFile:35 - Overriding database path with different value: C:\Users\NGUYEN THANH QUI\.stmcufinder\plugins\mcufinder/ => C:\Users\NGUYEN THANH QUI\.stmcufinder\plugins\mcufinder
2022-10-02 21:09:27,398 [INFO] CrossReferenceDbSqlite:196 - Set database path to: C:\Users\NGUYEN THANH QUI\.stmcufinder\plugins\mcufinder//mcu/cs/
2022-10-02 21:09:27,398 [WARN] DbFile:35 - Overriding database path with different value: C:\Users\NGUYEN THANH QUI\.stmcufinder\plugins\mcufinder/ => C:\Users\NGUYEN THANH QUI\.stmcufinder\plugins\mcufinder
2022-10-02 21:09:27,398 [INFO] DbExamplesSqlite:767 - Set database path to: C:\Users\NGUYEN THANH QUI\.stmcufinder\plugins\mcufinder//mcu/
2022-10-02 21:09:27,414 [INFO] ApplicationProperties:181 - Using Application install path: C:\ST\STM32CubeIDE_1.7.0\STM32CubeIDE\plugins\com.st.stm32cube.common.mx_6.3.0.202107141111
2022-10-02 21:09:27,429 [INFO] PluginManage:188 - Search for loadable plugins [exclusion list=, ]
2022-10-02 21:09:27,429 [INFO] PluginManage:302 - Check plugin analytics
2022-10-02 21:09:28,492 [INFO] AnalyticsPlugin:257 - Accepted Software Licenses: 
2022-10-02 21:09:28,492 [INFO] AnalyticsPlugin:259 - Accepted CMSIS Pack Licenses: 
2022-10-02 21:09:28,492 [INFO] AnalyticsPlugin:261 - Accepted Firmware Licenses: 
2022-10-02 21:09:28,492 [INFO] PluginManage:352 - Loaded plugin analytics (category:tool,tabindex:-1)
2022-10-02 21:09:28,492 [INFO] PluginManage:302 - Check plugin clock
2022-10-02 21:09:28,507 [INFO] PluginManage:352 - Loaded plugin clock (category:base,tabindex:2)
2022-10-02 21:09:28,507 [INFO] PluginManage:302 - Check plugin ddr
2022-10-02 21:09:28,507 [INFO] PluginManage:352 - Loaded plugin ddr (category:tool,tabindex:6)
2022-10-02 21:09:28,507 [INFO] PluginManage:302 - Check plugin filemanager
2022-10-02 21:09:28,695 [INFO] PluginManage:352 - Loaded plugin filemanager (category:base,tabindex:10)
2022-10-02 21:09:28,695 [INFO] PluginManage:302 - Check plugin ipmanager
2022-10-02 21:09:28,695 [INFO] PluginManage:352 - Loaded plugin ipmanager (category:base,tabindex:5)
2022-10-02 21:09:28,695 [INFO] PluginManage:302 - Check plugin pinoutandconfiguration
2022-10-02 21:09:28,711 [INFO] PluginManage:352 - Loaded plugin pinoutandconfiguration (category:base,tabindex:1)
2022-10-02 21:09:28,711 [INFO] PluginManage:302 - Check plugin pinoutconfig
2022-10-02 21:09:28,742 [INFO] PluginManage:352 - Loaded plugin pinoutconfig (category:base,tabindex:0)
2022-10-02 21:09:28,742 [INFO] PluginManage:302 - Check plugin power
2022-10-02 21:09:28,742 [INFO] PluginManage:352 - Loaded plugin power (category:power,tabindex:4)
2022-10-02 21:09:28,742 [INFO] PluginManage:302 - Check plugin projectmanager
2022-10-02 21:09:28,757 [INFO] PluginManage:352 - Loaded plugin projectmanager (category:projectmanager,tabindex:3)
2022-10-02 21:09:28,757 [INFO] PluginManage:302 - Check plugin thirdparty
2022-10-02 21:09:28,898 [WARN] IntegrityCheckThread:78 - waiting for thirdparty lock release [integrity check]
2022-10-02 21:09:28,898 [INFO] IntegrityCheckThread:80 - entering critical section [integrity check]
2022-10-02 21:09:28,898 [INFO] PluginManage:352 - Loaded plugin thirdparty (category:base,tabindex:-1)
2022-10-02 21:09:28,898 [INFO] ThirdPartyUpdaterWithRetryManager:66 - Updater plugin not ready yet. [1/15]
2022-10-02 21:09:28,898 [INFO] PluginManage:302 - Check plugin tools
2022-10-02 21:09:28,898 [INFO] PluginManage:352 - Loaded plugin tools (category:base,tabindex:7)
2022-10-02 21:09:28,898 [INFO] PluginManage:302 - Check plugin tutovideos
2022-10-02 21:09:29,117 [INFO] PluginManage:352 - Loaded plugin tutovideos (category:base,tabindex:-1)
2022-10-02 21:09:29,117 [INFO] PluginManage:302 - Check plugin updater
2022-10-02 21:09:29,132 [INFO] PluginManage:352 - Loaded plugin updater (category:base,tabindex:12)
2022-10-02 21:09:29,132 [INFO] PluginManage:275 - PluginManage : Loaded plugins [13]
2022-10-02 21:09:29,304 [INFO] PinOutPanel:1463 - setPackage(No Configuration,No Configuration)
2022-10-02 21:09:29,398 [INFO] IPUIPlugin:74 - create IPUIPlugin
2022-10-02 21:09:29,398 [INFO] PluginManager:213 - loadIPPluginJar : add adc
2022-10-02 21:09:29,398 [INFO] IPUIPlugin:74 - create IPUIPlugin
2022-10-02 21:09:29,398 [INFO] PluginManager:213 - loadIPPluginJar : add aes
2022-10-02 21:09:29,414 [INFO] IPUIPlugin:74 - create IPUIPlugin
2022-10-02 21:09:29,414 [INFO] PluginManager:213 - loadIPPluginJar : add can
2022-10-02 21:09:29,414 [INFO] IPUIPlugin:74 - create IPUIPlugin
2022-10-02 21:09:29,414 [INFO] PluginManager:213 - loadIPPluginJar : add comp
2022-10-02 21:09:29,414 [INFO] IPUIPlugin:74 - create IPUIPlugin
2022-10-02 21:09:29,414 [INFO] PluginManager:213 - loadIPPluginJar : add cryp
2022-10-02 21:09:29,414 [INFO] IPUIPlugin:74 - create IPUIPlugin
2022-10-02 21:09:29,414 [INFO] PluginManager:213 - loadIPPluginJar : add dfsdm
2022-10-02 21:09:29,414 [INFO] IPUIPlugin:74 - create IPUIPlugin
2022-10-02 21:09:29,414 [INFO] PluginManager:213 - loadIPPluginJar : add dma
2022-10-02 21:09:29,429 [INFO] IPUIPlugin:74 - create IPUIPlugin
2022-10-02 21:09:29,429 [INFO] PluginManager:213 - loadIPPluginJar : add dma3
2022-10-02 21:09:29,429 [INFO] IPUIPlugin:74 - create IPUIPlugin
2022-10-02 21:09:29,429 [INFO] PluginManager:213 - loadIPPluginJar : add fatfs
2022-10-02 21:09:29,429 [INFO] IPUIPlugin:74 - create IPUIPlugin
2022-10-02 21:09:29,429 [INFO] PluginManager:213 - loadIPPluginJar : add fmc
2022-10-02 21:09:29,429 [INFO] IPUIPlugin:74 - create IPUIPlugin
2022-10-02 21:09:29,429 [INFO] PluginManager:213 - loadIPPluginJar : add freertos
2022-10-02 21:09:29,445 [INFO] IPUIPlugin:74 - create IPUIPlugin
2022-10-02 21:09:29,445 [INFO] PluginManager:213 - loadIPPluginJar : add genericplugin
2022-10-02 21:09:29,445 [INFO] IPUIPlugin:74 - create IPUIPlugin
2022-10-02 21:09:29,445 [INFO] PluginManager:213 - loadIPPluginJar : add gfxmmu
2022-10-02 21:09:29,445 [INFO] IPUIPlugin:74 - create IPUIPlugin
2022-10-02 21:09:29,445 [INFO] PluginManager:213 - loadIPPluginJar : add gic
2022-10-02 21:09:29,445 [INFO] IPUIPlugin:74 - create IPUIPlugin
2022-10-02 21:09:29,445 [INFO] PluginManager:213 - loadIPPluginJar : add gpio
2022-10-02 21:09:29,460 [INFO] IPUIPlugin:74 - create IPUIPlugin
2022-10-02 21:09:29,460 [INFO] PluginManager:213 - loadIPPluginJar : add gtzc
2022-10-02 21:09:29,460 [INFO] IPUIPlugin:74 - create IPUIPlugin
2022-10-02 21:09:29,460 [INFO] PluginManager:213 - loadIPPluginJar : add hash
2022-10-02 21:09:29,460 [INFO] IPUIPlugin:74 - create IPUIPlugin
2022-10-02 21:09:29,460 [INFO] PluginManager:213 - loadIPPluginJar : add i2c
2022-10-02 21:09:29,460 [INFO] IPUIPlugin:74 - create IPUIPlugin
2022-10-02 21:09:29,460 [INFO] PluginManager:213 - loadIPPluginJar : add i2s
2022-10-02 21:09:29,460 [INFO] IPUIPlugin:74 - create IPUIPlugin
2022-10-02 21:09:29,460 [INFO] PluginManager:213 - loadIPPluginJar : add ipddr
2022-10-02 21:09:29,476 [INFO] IPUIPlugin:74 - create IPUIPlugin
2022-10-02 21:09:29,476 [INFO] PluginManager:213 - loadIPPluginJar : add linkedlist
2022-10-02 21:09:29,476 [INFO] IPUIPlugin:74 - create IPUIPlugin
2022-10-02 21:09:29,476 [INFO] PluginManager:213 - loadIPPluginJar : add lorawan
2022-10-02 21:09:29,476 [INFO] IPUIPlugin:74 - create IPUIPlugin
2022-10-02 21:09:29,476 [INFO] PluginManager:213 - loadIPPluginJar : add ltdc
2022-10-02 21:09:29,476 [INFO] IPUIPlugin:74 - create IPUIPlugin
2022-10-02 21:09:29,476 [INFO] PluginManager:213 - loadIPPluginJar : add mdma
2022-10-02 21:09:29,492 [INFO] IPUIPlugin:74 - create IPUIPlugin
2022-10-02 21:09:29,492 [INFO] PluginManager:213 - loadIPPluginJar : add nvic
2022-10-02 21:09:29,601 [INFO] IPUIPlugin:74 - create IPUIPlugin
2022-10-02 21:09:29,601 [INFO] PluginManager:213 - loadIPPluginJar : add opamp
2022-10-02 21:09:29,617 [INFO] IPUIPlugin:74 - create IPUIPlugin
2022-10-02 21:09:29,617 [INFO] PluginManager:213 - loadIPPluginJar : add openamp
2022-10-02 21:09:29,617 [INFO] IPUIPlugin:74 - create IPUIPlugin
2022-10-02 21:09:29,617 [INFO] PluginManager:213 - loadIPPluginJar : add pdm2pcm
2022-10-02 21:09:29,648 [INFO] IPUIPlugin:74 - create IPUIPlugin
2022-10-02 21:09:29,648 [INFO] PluginManager:213 - loadIPPluginJar : add plateformsettings
2022-10-02 21:09:29,648 [INFO] IPUIPlugin:74 - create IPUIPlugin
2022-10-02 21:09:29,648 [INFO] PluginManager:213 - loadIPPluginJar : add quadspi
2022-10-02 21:09:29,679 [INFO] IPUIPlugin:74 - create IPUIPlugin
2022-10-02 21:09:29,679 [INFO] PluginManager:213 - loadIPPluginJar : add resmgrutility
2022-10-02 21:09:29,695 [INFO] IPUIPlugin:74 - create IPUIPlugin
2022-10-02 21:09:29,695 [INFO] PluginManager:213 - loadIPPluginJar : add sai
2022-10-02 21:09:29,695 [INFO] IPUIPlugin:74 - create IPUIPlugin
2022-10-02 21:09:29,695 [INFO] PluginManager:213 - loadIPPluginJar : add spi
2022-10-02 21:09:29,695 [INFO] IPUIPlugin:74 - create IPUIPlugin
2022-10-02 21:09:29,695 [INFO] PluginManager:213 - loadIPPluginJar : add stm32_wpan
2022-10-02 21:09:29,710 [INFO] IPUIPlugin:74 - create IPUIPlugin
2022-10-02 21:09:29,710 [INFO] PluginManager:213 - loadIPPluginJar : add tim
2022-10-02 21:09:29,710 [INFO] IPUIPlugin:74 - create IPUIPlugin
2022-10-02 21:09:29,710 [INFO] PluginManager:213 - loadIPPluginJar : add touchsensing
2022-10-02 21:09:29,710 [INFO] IPUIPlugin:74 - create IPUIPlugin
2022-10-02 21:09:29,710 [INFO] PluginManager:213 - loadIPPluginJar : add tracer_emb
2022-10-02 21:09:29,710 [INFO] IPUIPlugin:74 - create IPUIPlugin
2022-10-02 21:09:29,710 [INFO] PluginManager:213 - loadIPPluginJar : add ts
2022-10-02 21:09:29,710 [INFO] IPUIPlugin:74 - create IPUIPlugin
2022-10-02 21:09:29,710 [INFO] PluginManager:213 - loadIPPluginJar : add tsc
2022-10-02 21:09:29,710 [INFO] IPUIPlugin:74 - create IPUIPlugin
2022-10-02 21:09:29,710 [INFO] PluginManager:213 - loadIPPluginJar : add ucpd
2022-10-02 21:09:29,726 [INFO] IPUIPlugin:74 - create IPUIPlugin
2022-10-02 21:09:29,726 [INFO] PluginManager:213 - loadIPPluginJar : add usart
2022-10-02 21:09:29,726 [INFO] IPUIPlugin:74 - create IPUIPlugin
2022-10-02 21:09:29,726 [INFO] PluginManager:213 - loadIPPluginJar : add usbx
2022-10-02 21:09:30,046 [FATAL] Updater:294 - Updater called before beeing initialized
2022-10-02 21:09:30,171 [FATAL] Updater:294 - Updater called before beeing initialized
2022-10-02 21:09:30,171 [INFO] DbMcusAds:47 - JSON generation date=Thu Sep 30 13:55:09 ICT 2021 (1632984909247)
2022-10-02 21:09:30,171 [FATAL] Updater:294 - Updater called before beeing initialized
2022-10-02 21:09:30,217 [WARN] DetailPanel:314 - Failed to get advertising image, set to default
2022-10-02 21:09:30,327 [FATAL] Updater:294 - Updater called before beeing initialized
2022-10-02 21:09:30,327 [FATAL] Updater:294 - Updater called before beeing initialized
2022-10-02 21:09:30,327 [FATAL] Updater:294 - Updater called before beeing initialized
2022-10-02 21:09:30,327 [WARN] DetailPanel:314 - Failed to get advertising image, set to default
2022-10-02 21:09:30,327 [FATAL] Updater:294 - Updater called before beeing initialized
2022-10-02 21:09:30,389 [ERROR] Updater:1075 - MainUpdater not yet initialized. External WinMGr cannot be set.
2022-10-02 21:09:30,389 [INFO] Updater:1012 - Updater Version found : 6.3.0
2022-10-02 21:09:30,405 [INFO] ApplicationProperties:181 - Using Application install path: C:\ST\STM32CubeIDE_1.7.0\STM32CubeIDE\plugins\com.st.stm32cube.common.mx_6.3.0.202107141111
2022-10-02 21:09:30,842 [INFO] MainUpdater:2671 - connection check result : 10
2022-10-02 21:09:30,842 [INFO] MainUpdater:265 - Updater Check For Update Now.
2022-10-02 21:09:30,858 [INFO] MicroXplorer:478 - Change Database Version : DB.6.0.30
2022-10-02 21:09:31,030 [INFO] CheckServerUpdateThread:112 - End of CheckServer Thread
2022-10-02 21:09:31,092 [INFO] MainUpdater:2671 - connection check result : 10
2022-10-02 21:09:31,311 [INFO] McuFinderGlobals:52 - Set McuFinderConnectedMode to false
2022-10-02 21:09:31,421 [INFO] CrossSelectorPresenter:1330 - Cross Selector saved comparison directory: C:\Users\NGUYEN THANH QUI\.stmcufinder\plugins\mcufinder\mcu\cs_comparisons_mx
2022-10-02 21:09:31,421 [INFO] MultiScanPanel:197 - Auto-refresh data requested => check proxy status ongoing
2022-10-02 21:09:31,421 [INFO] MultiScanPanel:201 - Proxy status is invalid
2022-10-02 21:09:31,421 [INFO] FinderPluginLoader:87 - Searching for filters in installed packs
2022-10-02 21:09:31,421 [INFO] DbMcusXml:100 - Load MCU database from C:\ST\STM32CubeIDE_1.7.0\STM32CubeIDE\plugins\com.st.stm32cube.common.mx_6.3.0.202107141111\\db\/mcu/families.xml
2022-10-02 21:09:32,249 [WARN] PackLoader:238 - Cannot read IP mode file for STMicroelectronics.X-CUBE-GNSS1.6.0.0
2022-10-02 21:09:32,311 [WARN] PackLoader:238 - Cannot read IP mode file for STMicroelectronics.X-CUBE-AZRTOS-F4.1.1.0
2022-10-02 21:09:32,452 [WARN] PackLoader:238 - Cannot read IP mode file for STMicroelectronics.X-CUBE-AZRTOS-F7.1.1.0
2022-10-02 21:09:32,467 [WARN] PackLoader:238 - Cannot read IP mode file for STMicroelectronics.X-CUBE-BLE1.6.2.3
2022-10-02 21:09:32,467 [WARN] PackLoader:238 - Cannot read IP mode file for STMicroelectronics.X-CUBE-NFC4.2.0.4
2022-10-02 21:09:32,499 [WARN] PackLoader:238 - Cannot read IP mode file for STMicroelectronics.X-CUBE-TOF1.3.1.0
2022-10-02 21:09:32,514 [WARN] PackLoader:238 - Cannot read IP mode file for wolfSSL.I-CUBE-wolfSSL.5.5.0
2022-10-02 21:09:32,514 [WARN] PackLoader:238 - Cannot read IP mode file for STMicroelectronics.X-CUBE-NFC7.1.0.0
2022-10-02 21:09:32,795 [WARN] PackLoader:238 - Cannot read IP mode file for STMicroelectronics.X-CUBE-MEMS1.9.3.0
2022-10-02 21:09:32,811 [INFO] DbMcusJson:93 - JSON generation date=Tue Nov 16 23:17:54 ICT 2021 (1637079474)
2022-10-02 21:09:33,030 [WARN] PackLoader:238 - Cannot read IP mode file for STMicroelectronics.X-CUBE-AI.7.2.0
2022-10-02 21:09:33,139 [WARN] PackLoader:238 - Cannot read IP mode file for STMicroelectronics.X-CUBE-SFXS2LP1.4.0.0
2022-10-02 21:09:33,139 [WARN] PackLoader:238 - Cannot read IP mode file for STMicroelectronics.X-CUBE-BLE2.3.3.0
2022-10-02 21:09:33,170 [WARN] PackLoader:238 - Cannot read IP mode file for STMicroelectronics.X-CUBE-DISPLAY.2.2.0
2022-10-02 21:09:33,170 [WARN] PackLoader:238 - Cannot read IP mode file for STMicroelectronics.X-CUBE-ISPU.1.0.0
2022-10-02 21:09:33,295 [WARN] PackLoader:238 - Cannot read IP mode file for RoweBots.I-CUBE-UNISONRTOS.5.5.0-4
2022-10-02 21:09:33,311 [WARN] PackLoader:238 - Cannot read IP mode file for STMicroelectronics.X-CUBE-AZRTOS-H7.2.1.0
2022-10-02 21:09:33,327 [WARN] PackLoader:238 - Cannot read IP mode file for STMicroelectronics.X-CUBE-BLEMGR.1.0.0
2022-10-02 21:09:33,342 [WARN] PackLoader:238 - Cannot read IP mode file for STMicroelectronics.X-CUBE-ALGOBUILD.1.3.0
2022-10-02 21:09:33,374 [WARN] PackLoader:238 - Cannot read IP mode file for STMicroelectronics.X-CUBE-AZRTOS-G0.1.1.0
2022-10-02 21:09:33,436 [WARN] PackLoader:238 - Cannot read IP mode file for STMicroelectronics.X-CUBE-SUBG2.5.0.0
2022-10-02 21:09:33,514 [WARN] PackLoader:238 - Cannot read IP mode file for SEGGER.I-CUBE-embOS.1.2.0
2022-10-02 21:09:33,561 [WARN] PackLoader:238 - Cannot read IP mode file for STMicroelectronics.FP-ATR-ASTRA1.1.1.1
2022-10-02 21:09:33,577 [WARN] PackLoader:238 - Cannot read IP mode file for STMicroelectronics.X-CUBE-AZRTOS-G4.1.0.0
2022-10-02 21:09:33,624 [WARN] PackLoader:238 - Cannot read IP mode file for STMicroelectronics.X-CUBE-AZRTOS-L4.1.0.0
2022-10-02 21:09:33,639 [WARN] PackLoader:238 - Cannot read IP mode file for emotas.I-CUBE-CANOPEN.1.1.2
2022-10-02 21:09:33,639 [WARN] PackLoader:238 - Cannot read IP mode file for STMicroelectronics.X-CUBE-TOUCHGFX.4.20.0
2022-10-02 21:09:33,655 [WARN] PackLoader:238 - Cannot read IP mode file for STMicroelectronics.X-CUBE-AZRTOS-WL.1.0.0
2022-10-02 21:09:33,655 [WARN] PackLoader:238 - Cannot read IP mode file for portGmbH.I-Cube-SoM-uGOAL.1.1.0
2022-10-02 21:09:33,670 [WARN] PackLoader:238 - Cannot read IP mode file for STMicroelectronics.X-CUBE-ALS.1.0.1
2022-10-02 21:09:33,686 [WARN] PackLoader:238 - Cannot read IP mode file for STMicroelectronics.X-CUBE-AZRTOS-L5.1.0.0
2022-10-02 21:09:33,702 [WARN] PackLoader:238 - Cannot read IP mode file for STMicroelectronics.X-CUBE-EEPRMA1.3.1.1
2022-10-02 21:09:33,702 [INFO] ThirdParty:915 - Integrity check success = true
2022-10-02 21:09:33,702 [INFO] IntegrityCheckThread:94 - exiting critical section [integrity check]
2022-10-02 21:09:33,702 [INFO] IntegrityCheckThread:97 - End integrity checks thread
2022-10-02 21:09:33,934 [INFO] DbMcus:175 - Found 1951 MCUs (1903 are supported by CubeMX, 1914 are visible in CubeMX)
2022-10-02 21:09:33,934 [INFO] ApiDb:251 - Load user favorites file C:\Users\NGUYEN THANH QUI/.stm32cubeide/favorites.mcus.txt: 0 item(s)
2022-10-02 21:09:33,934 [INFO] ApiDb:255 - User favorites MCUs=[]
2022-10-02 21:09:33,934 [INFO] DbMcus:187 - Set 0 / 0 favorites MCUs
2022-10-02 21:09:34,556 [INFO] DetailPanel:309 - Set advertising image to C:/Users/NGUYEN THANH QUI/STM32Cube/Repository/\en.Prom_NBSTM32U50921.jpg
2022-10-02 21:09:35,196 [INFO] DbBoardsPdsc:90 - Found 25 items
2022-10-02 21:09:35,196 [INFO] DbBoardsPdsc:90 - Found 9 items
2022-10-02 21:09:35,212 [INFO] DbBoardsPdsc:90 - Found 33 items
2022-10-02 21:09:35,212 [INFO] DbBoardsPdsc:90 - Found 1 items
2022-10-02 21:09:35,212 [INFO] DbBoardsPdsc:90 - Found 48 items
2022-10-02 21:09:35,227 [INFO] DbBoardsPdsc:90 - Found 43 items
2022-10-02 21:09:35,227 [INFO] DbBoardsPdsc:90 - Found 2 items
2022-10-02 21:09:35,227 [INFO] DbBoardsPdsc:90 - Found 5 items
2022-10-02 21:09:35,243 [WARN] DbBoardsPdsc:254 - Board STM32H7B3I-DK: unknown feature type=Audio, name=, username=Audio stereo codec with Headphone Amp (CS42L51-CNZ), n=1
2022-10-02 21:09:35,243 [WARN] DbBoardsPdsc:254 - Board STM32H735G-DK: unknown feature type=Audio, name=, username=Audio stereo codec with Headphone Amp (WM8994ECS/R), n=1
2022-10-02 21:09:35,243 [WARN] DbBoardsPdsc:254 - Board STM32H7B3I-EVAL: unknown feature type=Audio, name=, username=Multi-Channel Audio Codec (CS42L51-CNZ), n=1
2022-10-02 21:09:35,243 [WARN] DbBoardsPdsc:254 - Board STM32H7B3I-EVAL: unknown feature type=Meter, name=, username=Power-metering and Temperature-monitoring with sigma-delta modulators, n=1
2022-10-02 21:09:35,243 [WARN] DbBoardsPdsc:254 - Board STM32H7B3I-EVAL: unknown feature type=Motor, name=, username=Motor Control, n=1
2022-10-02 21:09:35,243 [WARN] DbBoardsPdsc:254 - Board STM32U575I-EV: unknown feature type=joystick, name=, username=4-direction joystick with selection button, n=1
2022-10-02 21:09:35,259 [INFO] DbBoardsJson:86 - JSON generation date=Tue Nov 16 23:17:54 ICT 2021 (1637079474)
2022-10-02 21:09:35,274 [INFO] DbBoards:117 - Found 167 boards (163 are supported by CubeMX)
2022-10-02 21:09:35,274 [INFO] DbBoardsDocs:143 - JSON generation date=Tue Nov 16 23:17:54 ICT 2021 (1637079474)
2022-10-02 21:09:35,274 [INFO] DbBoardsDocs:79 - Found 209 boards documents
2022-10-02 21:09:35,274 [WARN] DbBoards:127 - board B-L475E-IOT01A2 has no document id list !
2022-10-02 21:09:35,290 [WARN] DbBoards:127 - board NUCLEO-H743ZI has no document id list !
2022-10-02 21:09:35,290 [WARN] DbBoards:127 - board NUCLEO-WL55JC2 has no document id list !
2022-10-02 21:09:35,290 [WARN] DbBoards:127 - board P-NUCLEO-WB55-Nucleo has no document id list !
2022-10-02 21:09:35,290 [WARN] DbBoards:127 - board P-NUCLEO-WB55-USBDongle has no document id list !
2022-10-02 21:09:35,290 [WARN] DbBoards:127 - board STEVAL-BFA001V1B has no document id list !
2022-10-02 21:09:35,290 [WARN] DbBoards:127 - board STEVAL-BFA001V2B has no document id list !
2022-10-02 21:09:35,290 [WARN] DbBoards:127 - board STEVAL-IDP005V1 has no document id list !
2022-10-02 21:09:35,290 [WARN] DbBoards:127 - board STEVAL-IDP005V2 has no document id list !
2022-10-02 21:09:35,290 [WARN] DbBoards:127 - board STEVAL-MKSBOX1V1 has no document id list !
2022-10-02 21:09:35,290 [WARN] DbBoards:127 - board STEVAL-STWINKT1 has no document id list !
2022-10-02 21:09:35,290 [WARN] DbBoards:127 - board STEVAL-STWINKT1B has no document id list !
2022-10-02 21:09:35,290 [WARN] DbBoards:127 - board STM32439I-EVAL2 has no document id list !
2022-10-02 21:09:35,290 [WARN] DbBoards:127 - board STM32F401C-DISCO has no document id list !
2022-10-02 21:09:35,290 [WARN] DbBoards:127 - board STM32F769I-DISC1 has no document id list !
2022-10-02 21:09:35,290 [WARN] DbBoards:127 - board STM32G474E-EVAL1 has no document id list !
2022-10-02 21:09:35,290 [WARN] DbBoards:127 - board STM32H743I-EVAL2 has no document id list !
2022-10-02 21:09:35,290 [WARN] DbBoards:127 - board STM32H747I-DISC1 has no document id list !
2022-10-02 21:09:35,290 [WARN] DbBoards:127 - board STM32H753I-EVAL2 has no document id list !
2022-10-02 21:09:35,290 [WARN] DbBoards:127 - board STM32L-DISCOVERY has no document id list !
2022-10-02 21:09:35,431 [ERROR] DbBoards:189 - Image file not found for board B-U585I-IOT02A: C:\ST\STM32CubeIDE_1.7.0\STM32CubeIDE\plugins\com.st.stm32cube.common.mx_6.3.0.202107141111\\db\/plugins/mcufinder/images/boards/B-U585I-IOT02A_small.jpg
2022-10-02 21:09:35,540 [ERROR] DbBoards:189 - Image file not found for board NUCLEO-F413ZH: C:\ST\STM32CubeIDE_1.7.0\STM32CubeIDE\plugins\com.st.stm32cube.common.mx_6.3.0.202107141111\\db\/plugins/mcufinder/images/boards/nucleo-f413zh_small.jpg
2022-10-02 21:09:35,759 [ERROR] DbBoards:189 - Image file not found for board NUCLEO-L552ZE-Q: C:\ST\STM32CubeIDE_1.7.0\STM32CubeIDE\plugins\com.st.stm32cube.common.mx_6.3.0.202107141111\\db\/plugins/mcufinder/images/boards/nucleo_l552ze_q_small.jpg
2022-10-02 21:09:35,759 [ERROR] DbBoards:189 - Image file not found for board NUCLEO-U575ZI-Q: C:\ST\STM32CubeIDE_1.7.0\STM32CubeIDE\plugins\com.st.stm32cube.common.mx_6.3.0.202107141111\\db\/plugins/mcufinder/images/boards/nucleo-u575zi-q_small.jpg
2022-10-02 21:09:35,759 [ERROR] DbBoards:189 - Image file not found for board NUCLEO-WB15CC: C:\ST\STM32CubeIDE_1.7.0\STM32CubeIDE\plugins\com.st.stm32cube.common.mx_6.3.0.202107141111\\db\/plugins/mcufinder/images/boards/nucleo-wb15cc_small.jpg
2022-10-02 21:09:35,759 [ERROR] DbBoards:189 - Image file not found for board NUCLEO-WB55RG: C:\ST\STM32CubeIDE_1.7.0\STM32CubeIDE\plugins\com.st.stm32cube.common.mx_6.3.0.202107141111\\db\/plugins/mcufinder/images/boards/nucleo-wb55rg_small.jpg
2022-10-02 21:09:37,290 [INFO] ApiDb:251 - Load user favorites file C:\Users\NGUYEN THANH QUI/.stm32cubeide/favorites.boards.txt: 0 item(s)
2022-10-02 21:09:37,290 [INFO] ApiDb:255 - User favorites Boards=[]
2022-10-02 21:09:37,290 [INFO] DbBoards:206 - Set 0 / 0 favorites Boards
2022-10-02 21:09:49,691 [INFO] DbMcusDocs:143 - JSON generation date=Tue Nov 16 23:17:54 ICT 2021 (1637079474)
2022-10-02 21:09:50,098 [INFO] DbMcusDocs:79 - Found 682 MCUs documents
2022-10-02 21:10:06,690 [INFO] MainUpdater:2671 - connection check result : 10
2022-10-02 21:10:06,690 [INFO] MainUpdater:2671 - connection check result : 10
2022-10-02 21:10:06,737 [INFO] MicroXplorer:448 - Change Database Path : 
2022-10-02 21:10:06,737 [INFO] MicroXplorer:478 - Change Database Version : DB.6.0.30
2022-10-02 21:10:06,737 [WARN] ThirdParty:813 - waiting for thirdparty lock release [close project]
2022-10-02 21:10:06,737 [INFO] ThirdParty:815 - entering critical section [close project]
2022-10-02 21:10:06,737 [INFO] ThirdParty:825 - exiting critical section [close project]
2022-10-02 21:10:06,753 [INFO] PinOutPanel:1463 - setPackage(No Configuration,No Configuration)
2022-10-02 21:10:06,753 [INFO] UtilMem:74 - Begin LoadConfig() Used Memory: 429661496 Bytes (763363328)
2022-10-02 21:10:06,753 [INFO] MicroXplorer:448 - Change Database Path : 
2022-10-02 21:10:06,753 [INFO] MicroXplorer:478 - Change Database Version : DB.6.0.30
2022-10-02 21:10:06,753 [INFO] OpenFileManager:313 - Change cursor
2022-10-02 21:10:08,612 [INFO] Context:592 - Trying to add GPIOservice into a context  which must be forbidden
2022-10-02 21:10:08,799 [INFO] ImportTextPane:167 - (OptionalMessage_ERROR) Unable to find key (Mcu.ThirdPartyNb) in loaded IOC file
2022-10-02 21:10:08,799 [INFO] ImportTextPane:167 - (OptionalMessage_ERROR) Unable to find key (Mcu.PinsNb) in loaded IOC file
2022-10-02 21:10:08,799 [INFO] ImportTextPane:167 - (OptionalMessage_ERROR) Unable to find key (Mcu.IPNb) in loaded IOC file
2022-10-02 21:10:08,846 [WARN] ApiManager:304 - Cannot register API 'Board Extension:GNSS1A1' from pack STMicroelectronics.X-CUBE-GNSS1.6.0.0: no header file found
2022-10-02 21:10:08,846 [WARN] ApiManager:304 - Cannot register API 'Board Support:Custom' from pack STMicroelectronics.X-CUBE-GNSS1.6.0.0: no header file found
2022-10-02 21:10:08,846 [WARN] ApiManager:304 - Cannot register API 'Data Exchange:lib_gnss' from pack STMicroelectronics.X-CUBE-GNSS1.6.0.0: no header file found
2022-10-02 21:10:08,862 [WARN] ModelIntegratedComponent:60 - No mode defined for component null
2022-10-02 21:10:08,862 [WARN] ModelIntegratedComponent:60 - No mode defined for component null
2022-10-02 21:10:08,862 [WARN] ModelIntegratedComponent:60 - No mode defined for component null
2022-10-02 21:10:08,862 [WARN] ModelIntegratedComponent:60 - No mode defined for component null
2022-10-02 21:10:08,862 [WARN] ModelIntegratedComponent:60 - No mode defined for component null
2022-10-02 21:10:08,862 [WARN] ModelIntegratedComponent:60 - No mode defined for component null
2022-10-02 21:10:08,862 [WARN] ModelIntegratedComponent:60 - No mode defined for component null
2022-10-02 21:10:08,862 [WARN] ModelIntegratedComponent:60 - No mode defined for component null
2022-10-02 21:10:08,862 [WARN] ModelIntegratedComponent:60 - No mode defined for component null
2022-10-02 21:10:08,862 [WARN] ModelIntegratedComponent:60 - No mode defined for component null
2022-10-02 21:10:08,862 [WARN] ModelIntegratedComponent:60 - No mode defined for component null
2022-10-02 21:10:08,862 [WARN] ModelIntegratedComponent:60 - No mode defined for component null
2022-10-02 21:10:08,862 [WARN] ModelIntegratedComponent:60 - No mode defined for component null
2022-10-02 21:10:08,862 [WARN] ModelIntegratedComponent:60 - No mode defined for component null
2022-10-02 21:10:08,862 [WARN] ModelIntegratedComponent:60 - No mode defined for component null
2022-10-02 21:10:08,862 [WARN] ModelIntegratedComponent:60 - No mode defined for component null
2022-10-02 21:10:08,862 [WARN] ModelIntegratedComponent:60 - No mode defined for component null
2022-10-02 21:10:08,862 [WARN] ModelIntegratedComponent:60 - No mode defined for component null
2022-10-02 21:10:08,862 [WARN] ModelIntegratedComponent:60 - No mode defined for component null
2022-10-02 21:10:08,862 [WARN] ModelIntegratedComponent:60 - No mode defined for component null
2022-10-02 21:10:08,862 [WARN] ModelIntegratedComponent:60 - No mode defined for component null
2022-10-02 21:10:08,862 [WARN] ModelIntegratedComponent:60 - No mode defined for component null
2022-10-02 21:10:08,862 [WARN] ModelIntegratedComponent:60 - No mode defined for component null
2022-10-02 21:10:08,862 [WARN] ModelIntegratedComponent:60 - No mode defined for component null
2022-10-02 21:10:08,862 [WARN] ModelIntegratedComponent:60 - No mode defined for component null
2022-10-02 21:10:08,862 [WARN] ModelIntegratedComponent:60 - No mode defined for component null
2022-10-02 21:10:08,862 [WARN] ModelIntegratedComponent:60 - No mode defined for component null
2022-10-02 21:10:08,862 [WARN] ModelIntegratedComponent:60 - No mode defined for component null
2022-10-02 21:10:08,862 [WARN] ModelIntegratedComponent:60 - No mode defined for component null
2022-10-02 21:10:08,862 [WARN] ModelIntegratedComponent:60 - No mode defined for component null
2022-10-02 21:10:08,862 [WARN] ModelIntegratedComponent:60 - No mode defined for component null
2022-10-02 21:10:08,862 [WARN] ApiManager:304 - Cannot register API 'Board Extension:NFC07A1' from pack STMicroelectronics.X-CUBE-NFC7.1.0.0: no header file found
2022-10-02 21:10:09,065 [WARN] ApiManager:304 - Cannot register API 'Board Extension:IKS01A3' from pack STMicroelectronics.X-CUBE-MEMS1.9.3.0: no header file found
2022-10-02 21:10:09,065 [WARN] ApiManager:304 - Cannot register API 'Board Extension:IKS01A2' from pack STMicroelectronics.X-CUBE-MEMS1.9.3.0: no header file found
2022-10-02 21:10:09,065 [WARN] ApiManager:304 - Cannot register API 'Board Extension:IKS02A1' from pack STMicroelectronics.X-CUBE-MEMS1.9.3.0: no header file found
2022-10-02 21:10:09,081 [WARN] ApiManager:304 - Cannot register API 'Wireless:BlueNRG-MS' from pack STMicroelectronics.X-CUBE-BLE1.6.2.3: no header file found
2022-10-02 21:10:09,081 [INFO] RtosManager:484 - Registered RTOS mode: class=CMSIS, group=RTOS, mode=CMSIS_V1, owner=FREERTOS
2022-10-02 21:10:09,081 [INFO] RtosManager:484 - Registered RTOS mode: class=CMSIS, group=RTOS2, mode=CMSIS_V2, owner=FREERTOS
2022-10-02 21:10:09,081 [INFO] RtosManager:484 - Registered RTOS mode: class=RTOS, group=Core, mode=CMSIS_V1, owner=FREERTOS
2022-10-02 21:10:09,081 [INFO] RtosManager:484 - Registered RTOS mode: class=RTOS, group=Core, mode=CMSIS_V2, owner=FREERTOS
2022-10-02 21:10:09,081 [WARN] ModelIntegratedComponent:181 - Missing modes for component STMicroelectronics:FreeRTOS:0.0.1:STMicroelectronics:RTOS:FreeRTOS:Core:::10.2.0:
2022-10-02 21:10:09,081 [WARN] ApiManager:304 - Cannot register API 'Board Extension:S2868A1' from pack STMicroelectronics.X-CUBE-SUBG2.5.0.0: no header file found
2022-10-02 21:10:09,081 [WARN] ApiManager:304 - Cannot register API 'Board Extension:S2868A2' from pack STMicroelectronics.X-CUBE-SUBG2.5.0.0: no header file found
2022-10-02 21:10:09,081 [WARN] ApiManager:304 - Cannot register API 'Board Extension:S2915A1' from pack STMicroelectronics.X-CUBE-SUBG2.5.0.0: no header file found
2022-10-02 21:10:09,081 [WARN] ApiManager:304 - Cannot register API 'Board Extension:EEPRMA1' from pack STMicroelectronics.X-CUBE-EEPRMA1.3.1.1: no header file found
2022-10-02 21:10:09,081 [WARN] ApiManager:304 - Cannot register API 'Board Extension:EEPRMA2' from pack STMicroelectronics.X-CUBE-EEPRMA1.3.1.1: no header file found
2022-10-02 21:10:09,081 [WARN] ApiManager:304 - Cannot register API 'Board Extension:S2868A1' from pack STMicroelectronics.X-CUBE-SFXS2LP1.4.0.0: no header file found
2022-10-02 21:10:09,081 [WARN] ApiManager:304 - Cannot register API 'Board Extension:S2868A2' from pack STMicroelectronics.X-CUBE-SFXS2LP1.4.0.0: no header file found
2022-10-02 21:10:09,081 [WARN] ApiManager:304 - Cannot register API 'Board Extension:S2915A1' from pack STMicroelectronics.X-CUBE-SFXS2LP1.4.0.0: no header file found
2022-10-02 21:10:09,096 [WARN] ApiManager:304 - Cannot register API 'Wireless:BlueNRG-2' from pack STMicroelectronics.X-CUBE-BLE2.3.3.0: no header file found
2022-10-02 21:10:09,096 [WARN] ApiManager:304 - Cannot register API 'Board Extension:NFC04A1' from pack STMicroelectronics.X-CUBE-NFC4.2.0.4: no header file found
2022-10-02 21:10:10,971 [INFO] UtilMem:74 - End LoadConfig() Used Memory: 519537664 Bytes (763363328)
2022-10-02 21:10:10,971 [WARN] ThirdParty:779 - waiting for thirdparty lock release [change project]
2022-10-02 21:10:10,971 [INFO] ThirdParty:781 - entering critical section [change project]
2022-10-02 21:10:10,971 [INFO] ThirdParty:967 - CMSIS Pack Vendor :RoweBots I-CUBE-UNISONRTOS 5.5.0-4
2022-10-02 21:10:10,971 [INFO] ThirdParty:967 - CMSIS Pack Vendor :STMicroelectronics X-CUBE-GNSS1 6.0.0
2022-10-02 21:10:10,971 [INFO] ThirdParty:967 - CMSIS Pack Vendor :STMicroelectronics X-CUBE-AZRTOS-H7 2.1.0
2022-10-02 21:10:10,971 [INFO] ThirdParty:967 - CMSIS Pack Vendor :STMicroelectronics USB_HOST 2.0.0
2022-10-02 21:10:10,971 [INFO] ThirdParty:967 - CMSIS Pack Vendor :STMicroelectronics X-CUBE-AZRTOS-F4 1.1.0
2022-10-02 21:10:10,971 [INFO] ThirdParty:967 - CMSIS Pack Vendor :STMicroelectronics X-CUBE-AZRTOS-G4 1.0.0
2022-10-02 21:10:10,971 [INFO] ThirdParty:967 - CMSIS Pack Vendor :STMicroelectronics X-CUBE-AZRTOS-L4 1.0.0
2022-10-02 21:10:10,971 [INFO] ThirdParty:967 - CMSIS Pack Vendor :STMicroelectronics USB_DEVICE 3.0.0
2022-10-02 21:10:10,971 [INFO] ThirdParty:967 - CMSIS Pack Vendor :wolfSSL I-CUBE-wolfSSL 5.5.0
2022-10-02 21:10:10,971 [INFO] ThirdParty:967 - CMSIS Pack Vendor :STMicroelectronics HAL Drivers 0.0.0
2022-10-02 21:10:10,971 [INFO] ThirdParty:967 - CMSIS Pack Vendor :STMicroelectronics MBEDTLS 2.16.2
2022-10-02 21:10:10,971 [INFO] ThirdParty:967 - CMSIS Pack Vendor :emotas I-CUBE-CANOPEN 1.1.2
2022-10-02 21:10:10,971 [INFO] ThirdParty:967 - CMSIS Pack Vendor :STMicroelectronics X-CUBE-TOUCHGFX 4.20.0
2022-10-02 21:10:10,971 [INFO] ThirdParty:967 - CMSIS Pack Vendor :STMicroelectronics MBEDTLS 2.14.1
2022-10-02 21:10:10,971 [INFO] ThirdParty:967 - CMSIS Pack Vendor :STMicroelectronics X-CUBE-NFC7 1.0.0
2022-10-02 21:10:10,971 [INFO] ThirdParty:967 - CMSIS Pack Vendor :STMicroelectronics X-CUBE-BLEMGR 1.0.0
2022-10-02 21:10:10,971 [INFO] ThirdParty:967 - CMSIS Pack Vendor :STMicroelectronics X-CUBE-AZRTOS-WL 1.0.0
2022-10-02 21:10:10,971 [INFO] ThirdParty:967 - CMSIS Pack Vendor :STMicroelectronics X-CUBE-AZRTOS-F7 1.1.0
2022-10-02 21:10:10,971 [INFO] ThirdParty:967 - CMSIS Pack Vendor :STMicroelectronics X-CUBE-MEMS1 9.3.0
2022-10-02 21:10:10,971 [INFO] ThirdParty:967 - CMSIS Pack Vendor :portGmbH I-Cube-SoM-uGOAL 1.1.0
2022-10-02 21:10:10,971 [INFO] ThirdParty:967 - CMSIS Pack Vendor :STMicroelectronics X-CUBE-ALS 1.0.1
2022-10-02 21:10:10,971 [INFO] ThirdParty:967 - CMSIS Pack Vendor :STMicroelectronics USB_DEVICE 2.0.0
2022-10-02 21:10:10,971 [INFO] ThirdParty:967 - CMSIS Pack Vendor :STMicroelectronics X-CUBE-AI 7.2.0
2022-10-02 21:10:10,971 [INFO] ThirdParty:967 - CMSIS Pack Vendor :STMicroelectronics X-CUBE-BLE1 6.2.3
2022-10-02 21:10:10,971 [INFO] ThirdParty:967 - CMSIS Pack Vendor :STMicroelectronics X-CUBE-ALGOBUILD 1.3.0
2022-10-02 21:10:10,971 [INFO] ThirdParty:967 - CMSIS Pack Vendor :STMicroelectronics X-CUBE-AZRTOS-L5 1.0.0
2022-10-02 21:10:10,971 [INFO] ThirdParty:967 - CMSIS Pack Vendor :STMicroelectronics FreeRTOS 0.0.1
2022-10-02 21:10:10,971 [INFO] ThirdParty:967 - CMSIS Pack Vendor :STMicroelectronics X-CUBE-AZRTOS-G0 1.1.0
2022-10-02 21:10:10,971 [INFO] ThirdParty:967 - CMSIS Pack Vendor :STMicroelectronics USB_DEVICE 1.0.0
2022-10-02 21:10:10,971 [INFO] ThirdParty:967 - CMSIS Pack Vendor :STMicroelectronics X-CUBE-SUBG2 5.0.0
2022-10-02 21:10:10,971 [INFO] ThirdParty:967 - CMSIS Pack Vendor :SEGGER I-CUBE-embOS 1.2.0
2022-10-02 21:10:10,971 [INFO] ThirdParty:967 - CMSIS Pack Vendor :STMicroelectronics X-CUBE-EEPRMA1 3.1.1
2022-10-02 21:10:10,971 [INFO] ThirdParty:967 - CMSIS Pack Vendor :STMicroelectronics ThreadX 0.0.2
2022-10-02 21:10:10,971 [INFO] ThirdParty:967 - CMSIS Pack Vendor :STMicroelectronics lwIP 2.0.3
2022-10-02 21:10:10,987 [INFO] ThirdParty:967 - CMSIS Pack Vendor :STMicroelectronics lwIP 2.1.2
2022-10-02 21:10:10,987 [INFO] ThirdParty:967 - CMSIS Pack Vendor :STMicroelectronics X-CUBE-SFXS2LP1 4.0.0
2022-10-02 21:10:10,987 [INFO] ThirdParty:967 - CMSIS Pack Vendor :STMicroelectronics X-CUBE-BLE2 3.3.0
2022-10-02 21:10:10,987 [INFO] ThirdParty:967 - CMSIS Pack Vendor :STMicroelectronics X-CUBE-NFC4 2.0.4
2022-10-02 21:10:10,987 [INFO] ThirdParty:967 - CMSIS Pack Vendor :STMicroelectronics USB_HOST 1.0.0
2022-10-02 21:10:10,987 [INFO] ThirdParty:967 - CMSIS Pack Vendor :STMicroelectronics X-CUBE-DISPLAY 2.2.0
2022-10-02 21:10:10,987 [INFO] ThirdParty:967 - CMSIS Pack Vendor :STMicroelectronics PDM2PCM 3.1.0
2022-10-02 21:10:10,987 [INFO] ThirdParty:967 - CMSIS Pack Vendor :STMicroelectronics FP-ATR-ASTRA1 1.1.1
2022-10-02 21:10:10,987 [INFO] ThirdParty:967 - CMSIS Pack Vendor :STMicroelectronics PDM2PCM 3.2.0
2022-10-02 21:10:10,987 [INFO] ThirdParty:967 - CMSIS Pack Vendor :STMicroelectronics PDM2PCM 3.3.0
2022-10-02 21:10:10,987 [INFO] ThirdParty:967 - CMSIS Pack Vendor :STMicroelectronics X-CUBE-TOF1 3.1.0
2022-10-02 21:10:10,987 [INFO] ThirdParty:967 - CMSIS Pack Vendor :STMicroelectronics X-CUBE-ISPU 1.0.0
2022-10-02 21:10:10,987 [INFO] ThirdParty:787 - exiting critical section [change project]
2022-10-02 21:10:11,190 [INFO] PinOutPanel:1463 - setPackage(No Configuration,No Configuration)
2022-10-02 21:10:11,190 [INFO] PinOutPanel:1463 - setPackage(STM32F103C6Ux,UFQFPN48)
2022-10-02 21:10:12,065 [INFO] UtilMem:74 - Before build in PCC Used Memory: 523207680 Bytes (763363328)
2022-10-02 21:10:12,612 [INFO] UtilMem:74 - After build in PCC Used Memory: 601850880 Bytes (763363328)
2022-10-02 21:10:12,627 [INFO] IPUIPlugin:74 - create IPUIPlugin
2022-10-02 21:10:12,627 [INFO] IPUIPlugin:74 - create IPUIPlugin
2022-10-02 21:10:12,627 [INFO] IPUIPlugin:74 - create IPUIPlugin
2022-10-02 21:10:12,627 [INFO] IPUIPlugin:74 - create IPUIPlugin
2022-10-02 21:10:12,627 [INFO] IPUIPlugin:74 - create IPUIPlugin
2022-10-02 21:10:12,627 [INFO] IPUIPlugin:74 - create IPUIPlugin
2022-10-02 21:10:12,627 [INFO] IPUIPlugin:74 - create IPUIPlugin
2022-10-02 21:10:12,627 [INFO] IPUIPlugin:74 - create IPUIPlugin
2022-10-02 21:10:12,627 [INFO] IPUIPlugin:74 - create IPUIPlugin
2022-10-02 21:10:12,627 [INFO] IPUIPlugin:74 - create IPUIPlugin
2022-10-02 21:10:12,627 [INFO] IPUIPlugin:74 - create IPUIPlugin
2022-10-02 21:10:12,627 [INFO] IPUIPlugin:74 - create IPUIPlugin
2022-10-02 21:10:12,627 [INFO] IPUIPlugin:74 - create IPUIPlugin
2022-10-02 21:10:12,627 [INFO] IPUIPlugin:74 - create IPUIPlugin
2022-10-02 21:10:12,627 [INFO] IPUIPlugin:74 - create IPUIPlugin
2022-10-02 21:10:12,627 [INFO] IPUIPlugin:74 - create IPUIPlugin
2022-10-02 21:10:12,627 [INFO] IPUIPlugin:74 - create IPUIPlugin
2022-10-02 21:10:12,627 [INFO] IPUIPlugin:74 - create IPUIPlugin
2022-10-02 21:10:12,627 [INFO] IPUIPlugin:74 - create IPUIPlugin
2022-10-02 21:10:12,627 [INFO] IPUIPlugin:74 - create IPUIPlugin
2022-10-02 21:10:12,627 [INFO] IPUIPlugin:74 - create IPUIPlugin
2022-10-02 21:10:12,627 [INFO] IPUIPlugin:74 - create IPUIPlugin
2022-10-02 21:10:12,643 [INFO] IPUIPlugin:74 - create IPUIPlugin
2022-10-02 21:10:12,752 [INFO] OpenFileManager:333 - Restore cursor
2022-10-02 21:10:13,080 [INFO] UtilMem:74 - End SaveConfig() Used Memory: 452052320 Bytes (763363328)
2022-10-02 21:10:13,159 [INFO] UtilMem:74 - End SaveConfig() Used Memory: 469237760 Bytes (763363328)
2022-10-02 21:10:13,440 [INFO] BlockDiagram:2740 - set Specific Code input for plugin: NVIC
2022-10-02 21:10:13,440 [INFO] BlockDiagram:2740 - set Specific Code input for plugin: SYS
2022-10-02 21:10:13,440 [INFO] BlockDiagram:2740 - set Specific Code input for plugin: RCC
2022-10-02 21:10:13,440 [INFO] CodeGenerator:663 - code generatio: config db path: C:\ST\STM32CubeIDE_1.7.0\STM32CubeIDE\plugins\com.st.stm32cube.common.mx_6.3.0.202107141111\\db\
2022-10-02 21:10:13,674 [INFO] CodeEngine:239 - oldGeneratedFile, C:\Users\NGUYEN THANH QUI\Desktop\Week1\lab1_ex2\stm32cube\ex2\MXTmpFiles\license.tmp_save
2022-10-02 21:10:14,018 [INFO] CodeEngine:257 - Generated code: C:\Users\NGUYEN THANH QUI\Desktop\Week1\lab1_ex2\stm32cube\ex2\MXTmpFiles\license.tmp
2022-10-02 21:10:14,283 [INFO] CodeEngine:239 - oldGeneratedFile, C:\Users\NGUYEN THANH QUI\Desktop\Week1\lab1_ex2\stm32cube\ex2\Core\Src\stm32f1xx_it.c_save
2022-10-02 21:10:14,424 [INFO] CodeEngine:257 - Generated code: C:\Users\NGUYEN THANH QUI\Desktop\Week1\lab1_ex2\stm32cube\ex2\Core\Src\stm32f1xx_it.c
2022-10-02 21:10:14,440 [INFO] CodeEngine:239 - oldGeneratedFile, C:\Users\NGUYEN THANH QUI\Desktop\Week1\lab1_ex2\stm32cube\ex2\Core\Inc\stm32f1xx_it.h_save
2022-10-02 21:10:14,580 [INFO] CodeEngine:257 - Generated code: C:\Users\NGUYEN THANH QUI\Desktop\Week1\lab1_ex2\stm32cube\ex2\Core\Inc\stm32f1xx_it.h
2022-10-02 21:10:14,596 [INFO] CodeEngine:239 - oldGeneratedFile, C:\Users\NGUYEN THANH QUI\Desktop\Week1\lab1_ex2\stm32cube\ex2\Core\Src\stm32f1xx_hal_msp.c_save
2022-10-02 21:10:14,752 [INFO] CodeEngine:257 - Generated code: C:\Users\NGUYEN THANH QUI\Desktop\Week1\lab1_ex2\stm32cube\ex2\Core\Src\stm32f1xx_hal_msp.c
2022-10-02 21:10:14,752 [INFO] CodeEngine:239 - oldGeneratedFile, C:\Users\NGUYEN THANH QUI\Desktop\Week1\lab1_ex2\stm32cube\ex2\MXTmpFiles\system.tmp_save
2022-10-02 21:10:14,830 [INFO] CodeEngine:257 - Generated code: C:\Users\NGUYEN THANH QUI\Desktop\Week1\lab1_ex2\stm32cube\ex2\MXTmpFiles\system.tmp
2022-10-02 21:10:14,846 [INFO] CodeEngine:239 - oldGeneratedFile, C:\Users\NGUYEN THANH QUI\Desktop\Week1\lab1_ex2\stm32cube\ex2\Core\Inc\stm32f1xx_hal_conf.h_save
2022-10-02 21:10:15,112 [INFO] CodeEngine:257 - Generated code: C:\Users\NGUYEN THANH QUI\Desktop\Week1\lab1_ex2\stm32cube\ex2\Core\Inc\stm32f1xx_hal_conf.h
2022-10-02 21:10:15,330 [INFO] CodeEngine:239 - oldGeneratedFile, C:\Users\NGUYEN THANH QUI\Desktop\Week1\lab1_ex2\stm32cube\ex2\Core\Inc\main.h_save
2022-10-02 21:10:15,471 [INFO] CodeEngine:257 - Generated code: C:\Users\NGUYEN THANH QUI\Desktop\Week1\lab1_ex2\stm32cube\ex2\Core\Inc\main.h
2022-10-02 21:10:15,487 [INFO] CodeEngine:239 - oldGeneratedFile, C:\Users\NGUYEN THANH QUI\Desktop\Week1\lab1_ex2\stm32cube\ex2\Core\Src\main.c_save
2022-10-02 21:10:15,721 [INFO] CodeEngine:257 - Generated code: C:\Users\NGUYEN THANH QUI\Desktop\Week1\lab1_ex2\stm32cube\ex2\Core\Src\main.c
2022-10-02 21:10:17,127 [INFO] ProjectBuilder:2578 - Time for Copy HAL[1] : 125mS.
2022-10-02 21:10:17,143 [INFO] ProjectBuilder:3622 - Project Generator version: 3.14.1
2022-10-02 21:10:17,877 [INFO] ConfigFileManager:1271 - The Die is : DIE412
2022-10-02 21:10:17,893 [INFO] ApiDbMcu:468 - Load IP Config File for FATFS
2022-10-02 21:10:18,002 [INFO] ApiDbMcu:468 - Load IP Config File for FREERTOS
2022-10-02 21:10:18,033 [INFO] ApiDbMcu:468 - Load IP Config File for USB_DEVICE
2022-10-02 21:10:24,205 [INFO] ProjectBuilder:3789 - Time for Generating toolchain IDE Files: 7062mS.
2022-10-02 21:10:24,205 [INFO] ProjectBuilder:2457 - Time for Copy CMSIS : 0mS.
2022-10-02 21:10:24,205 [INFO] ProjectBuilder:2457 - Time for Copy CMSIS : 0mS.
2022-10-02 21:10:25,486 [INFO] McuFinderGlobals:52 - Set McuFinderConnectedMode to true
2022-10-02 21:10:25,486 [INFO] ApiDb:276 - Save user favorites file C:\Users\NGUYEN THANH QUI/.stm32cubeide/favorites.mcus.txt: 0 item(s)
2022-10-02 21:10:25,486 [INFO] ApiDb:280 - User favorites MCUs=[]
2022-10-02 21:11:41,797 [INFO] UtilMem:74 - End SaveConfig() Used Memory: 707395648 Bytes (962592768)
2022-10-02 21:11:43,358 [INFO] UtilMem:74 - End SaveConfig() Used Memory: 730117104 Bytes (962592768)
2022-10-02 21:11:45,784 [INFO] UtilMem:74 - End SaveConfig() Used Memory: 746555440 Bytes (962592768)
2022-10-02 21:11:46,128 [INFO] BlockDiagram:2740 - set Specific Code input for plugin: NVIC
2022-10-02 21:11:46,128 [INFO] BlockDiagram:2740 - set Specific Code input for plugin: SYS
2022-10-02 21:11:46,128 [INFO] BlockDiagram:2740 - set Specific Code input for plugin: GPIO
2022-10-02 21:11:46,128 [INFO] BlockDiagram:2740 - set Specific Code input for plugin: RCC
2022-10-02 21:11:46,128 [INFO] CodeGenerator:663 - code generatio: config db path: C:\ST\STM32CubeIDE_1.7.0\STM32CubeIDE\plugins\com.st.stm32cube.common.mx_6.3.0.202107141111\\db\
2022-10-02 21:11:46,441 [INFO] CodeEngine:239 - oldGeneratedFile, C:\Users\NGUYEN THANH QUI\Desktop\Week1\lab1_ex2\stm32cube\ex2\MXTmpFiles\license.tmp_save
2022-10-02 21:11:46,691 [INFO] CodeEngine:257 - Generated code: C:\Users\NGUYEN THANH QUI\Desktop\Week1\lab1_ex2\stm32cube\ex2\MXTmpFiles\license.tmp
2022-10-02 21:11:46,737 [INFO] CodeEngine:239 - oldGeneratedFile, C:\Users\NGUYEN THANH QUI\Desktop\Week1\lab1_ex2\stm32cube\ex2\MXTmpFiles\gpio.tmp_save
2022-10-02 21:11:46,800 [INFO] CodeEngine:257 - Generated code: C:\Users\NGUYEN THANH QUI\Desktop\Week1\lab1_ex2\stm32cube\ex2\MXTmpFiles\gpio.tmp
2022-10-02 21:11:46,831 [INFO] CodeEngine:239 - oldGeneratedFile, C:\Users\NGUYEN THANH QUI\Desktop\Week1\lab1_ex2\stm32cube\ex2\Core\Src\stm32f1xx_it.c_save
2022-10-02 21:11:47,065 [INFO] CodeEngine:257 - Generated code: C:\Users\NGUYEN THANH QUI\Desktop\Week1\lab1_ex2\stm32cube\ex2\Core\Src\stm32f1xx_it.c
2022-10-02 21:11:47,065 [INFO] CodeEngine:239 - oldGeneratedFile, C:\Users\NGUYEN THANH QUI\Desktop\Week1\lab1_ex2\stm32cube\ex2\Core\Inc\stm32f1xx_it.h_save
2022-10-02 21:11:47,159 [INFO] CodeEngine:257 - Generated code: C:\Users\NGUYEN THANH QUI\Desktop\Week1\lab1_ex2\stm32cube\ex2\Core\Inc\stm32f1xx_it.h
2022-10-02 21:11:47,175 [INFO] CodeEngine:239 - oldGeneratedFile, C:\Users\NGUYEN THANH QUI\Desktop\Week1\lab1_ex2\stm32cube\ex2\Core\Src\stm32f1xx_hal_msp.c_save
2022-10-02 21:11:47,331 [INFO] CodeEngine:257 - Generated code: C:\Users\NGUYEN THANH QUI\Desktop\Week1\lab1_ex2\stm32cube\ex2\Core\Src\stm32f1xx_hal_msp.c
2022-10-02 21:11:47,347 [INFO] CodeEngine:239 - oldGeneratedFile, C:\Users\NGUYEN THANH QUI\Desktop\Week1\lab1_ex2\stm32cube\ex2\MXTmpFiles\system.tmp_save
2022-10-02 21:11:47,487 [INFO] CodeEngine:257 - Generated code: C:\Users\NGUYEN THANH QUI\Desktop\Week1\lab1_ex2\stm32cube\ex2\MXTmpFiles\system.tmp
2022-10-02 21:11:47,487 [INFO] CodeEngine:239 - oldGeneratedFile, C:\Users\NGUYEN THANH QUI\Desktop\Week1\lab1_ex2\stm32cube\ex2\Core\Inc\stm32f1xx_hal_conf.h_save
2022-10-02 21:11:47,581 [INFO] CodeEngine:257 - Generated code: C:\Users\NGUYEN THANH QUI\Desktop\Week1\lab1_ex2\stm32cube\ex2\Core\Inc\stm32f1xx_hal_conf.h
2022-10-02 21:11:47,597 [INFO] CodeEngine:239 - oldGeneratedFile, C:\Users\NGUYEN THANH QUI\Desktop\Week1\lab1_ex2\stm32cube\ex2\Core\Inc\main.h_save
2022-10-02 21:11:47,706 [INFO] CodeEngine:257 - Generated code: C:\Users\NGUYEN THANH QUI\Desktop\Week1\lab1_ex2\stm32cube\ex2\Core\Inc\main.h
2022-10-02 21:11:47,722 [INFO] CodeEngine:239 - oldGeneratedFile, C:\Users\NGUYEN THANH QUI\Desktop\Week1\lab1_ex2\stm32cube\ex2\Core\Src\main.c_save
2022-10-02 21:11:47,831 [INFO] CodeEngine:257 - Generated code: C:\Users\NGUYEN THANH QUI\Desktop\Week1\lab1_ex2\stm32cube\ex2\Core\Src\main.c
2022-10-02 21:11:48,987 [INFO] ProjectBuilder:2578 - Time for Copy HAL[1] : 140mS.
2022-10-02 21:11:48,987 [INFO] ProjectBuilder:3622 - Project Generator version: 3.14.1
2022-10-02 21:11:49,706 [INFO] ConfigFileManager:1271 - The Die is : DIE412
2022-10-02 21:11:53,518 [INFO] ProjectBuilder:3789 - Time for Generating toolchain IDE Files: 4531mS.
2022-10-02 21:11:53,518 [INFO] ProjectBuilder:2457 - Time for Copy CMSIS : 0mS.
2022-10-02 21:11:53,518 [INFO] ProjectBuilder:2457 - Time for Copy CMSIS : 0mS.
2022-10-02 21:47:26,442 [INFO] Activator:177 - 


2022-10-02 21:47:26,442 [INFO] Activator:178 - !SESSION log4j initialized
2022-10-02 22:19:27,798 [INFO] Activator:177 - 


2022-10-02 22:19:27,798 [INFO] Activator:178 - !SESSION log4j initialized
2022-10-02 22:32:16,522 [INFO] McuFinderGlobals:39 - Set McuFinder mode to 2 (CubeIDE integrated)
2022-10-02 22:32:16,710 [INFO] ApplicationProperties:181 - Using Application install path: C:\ST\STM32CubeIDE_1.7.0\STM32CubeIDE\plugins\com.st.stm32cube.common.mx_6.3.0.202107141111
2022-10-02 22:32:16,725 [INFO] DbMcusXml:74 - Set database path to: C:\ST\STM32CubeIDE_1.7.0\STM32CubeIDE\plugins\com.st.stm32cube.common.mx_6.3.0.202107141111\\db\/mcu/
2022-10-02 22:32:16,725 [INFO] DbBoardsPdsc:56 - Set plugin database path to: C:\ST\STM32CubeIDE_1.7.0\STM32CubeIDE\plugins\com.st.stm32cube.common.mx_6.3.0.202107141111\\db\/plugins/boardmanager/
2022-10-02 22:32:16,725 [INFO] DbMcus:258 - Set plugin images path to: C:\ST\STM32CubeIDE_1.7.0\STM32CubeIDE\plugins\com.st.stm32cube.common.mx_6.3.0.202107141111\\db\/plugins/mcufinder/images/
2022-10-02 22:32:16,725 [INFO] DbBoards:264 - Set plugin images path to: C:\ST\STM32CubeIDE_1.7.0\STM32CubeIDE\plugins\com.st.stm32cube.common.mx_6.3.0.202107141111\\db\/plugins/mcufinder/images/
2022-10-02 22:32:16,725 [INFO] DbExamples:333 - Set plugin images path to: C:\ST\STM32CubeIDE_1.7.0\STM32CubeIDE\plugins\com.st.stm32cube.common.mx_6.3.0.202107141111\\db\/plugins/mcufinder/images/
2022-10-02 22:32:16,725 [INFO] DbMcusAds:119 - Set database path to: C:\Users\NGUYEN THANH QUI\.stmcufinder\plugins\mcufinder//mcu/
2022-10-02 22:32:16,725 [INFO] DbMcusDocs:110 - Set database path to: C:\Users\NGUYEN THANH QUI\.stmcufinder\plugins\mcufinder//mcu/
2022-10-02 22:32:16,741 [INFO] DbMcusJson:64 - Set database path to: C:\Users\NGUYEN THANH QUI\.stmcufinder\plugins\mcufinder//mcu/
2022-10-02 22:32:16,741 [INFO] DbBoardsDocs:110 - Set database path to: C:\Users\NGUYEN THANH QUI\.stmcufinder\plugins\mcufinder//mcu/
2022-10-02 22:32:16,741 [INFO] DbBoardsJson:57 - Set database path to: C:\Users\NGUYEN THANH QUI\.stmcufinder\plugins\mcufinder//mcu/
2022-10-02 22:32:17,866 [INFO] CrossReferenceDbSqlite:196 - Set database path to: C:\Users\NGUYEN THANH QUI\.stmcufinder\plugins\mcufinder//mcu/cs/
2022-10-02 22:32:17,866 [INFO] DbExamplesSqlite:767 - Set database path to: C:\Users\NGUYEN THANH QUI\.stmcufinder\plugins\mcufinder//mcu/
2022-10-02 22:32:17,991 [INFO] RulesReader:57 - Compatibility file has been processed (242 Rules)
2022-10-02 22:32:18,084 [INFO] DbMcusXml:74 - Set database path to: C:\ST\STM32CubeIDE_1.7.0\STM32CubeIDE\plugins\com.st.stm32cube.common.mx_6.3.0.202107141111\\db\/mcu/
2022-10-02 22:32:18,100 [INFO] DbBoardsPdsc:56 - Set plugin database path to: C:\ST\STM32CubeIDE_1.7.0\STM32CubeIDE\plugins\com.st.stm32cube.common.mx_6.3.0.202107141111\\db\/plugins/boardmanager/
2022-10-02 22:32:18,100 [INFO] DbMcus:258 - Set plugin images path to: C:\ST\STM32CubeIDE_1.7.0\STM32CubeIDE\plugins\com.st.stm32cube.common.mx_6.3.0.202107141111\\db\/plugins/mcufinder/images/
2022-10-02 22:32:18,100 [INFO] DbBoards:264 - Set plugin images path to: C:\ST\STM32CubeIDE_1.7.0\STM32CubeIDE\plugins\com.st.stm32cube.common.mx_6.3.0.202107141111\\db\/plugins/mcufinder/images/
2022-10-02 22:32:18,100 [INFO] DbExamples:333 - Set plugin images path to: C:\ST\STM32CubeIDE_1.7.0\STM32CubeIDE\plugins\com.st.stm32cube.common.mx_6.3.0.202107141111\\db\/plugins/mcufinder/images/
2022-10-02 22:32:18,100 [WARN] DbFile:35 - Overriding database path with different value: C:\Users\NGUYEN THANH QUI\.stmcufinder\plugins\mcufinder/ => C:\Users\NGUYEN THANH QUI\.stmcufinder\plugins\mcufinder
2022-10-02 22:32:18,100 [INFO] DbMcusAds:119 - Set database path to: C:\Users\NGUYEN THANH QUI\.stmcufinder\plugins\mcufinder//mcu/
2022-10-02 22:32:18,100 [WARN] DbFile:35 - Overriding database path with different value: C:\Users\NGUYEN THANH QUI\.stmcufinder\plugins\mcufinder/ => C:\Users\NGUYEN THANH QUI\.stmcufinder\plugins\mcufinder
2022-10-02 22:32:18,100 [INFO] DbMcusDocs:110 - Set database path to: C:\Users\NGUYEN THANH QUI\.stmcufinder\plugins\mcufinder//mcu/
2022-10-02 22:32:18,100 [WARN] DbFile:35 - Overriding database path with different value: C:\Users\NGUYEN THANH QUI\.stmcufinder\plugins\mcufinder/ => C:\Users\NGUYEN THANH QUI\.stmcufinder\plugins\mcufinder
2022-10-02 22:32:18,100 [INFO] DbMcusJson:64 - Set database path to: C:\Users\NGUYEN THANH QUI\.stmcufinder\plugins\mcufinder//mcu/
2022-10-02 22:32:18,100 [WARN] DbFile:35 - Overriding database path with different value: C:\Users\NGUYEN THANH QUI\.stmcufinder\plugins\mcufinder/ => C:\Users\NGUYEN THANH QUI\.stmcufinder\plugins\mcufinder
2022-10-02 22:32:18,100 [INFO] DbBoardsDocs:110 - Set database path to: C:\Users\NGUYEN THANH QUI\.stmcufinder\plugins\mcufinder//mcu/
2022-10-02 22:32:18,100 [WARN] DbFile:35 - Overriding database path with different value: C:\Users\NGUYEN THANH QUI\.stmcufinder\plugins\mcufinder/ => C:\Users\NGUYEN THANH QUI\.stmcufinder\plugins\mcufinder
2022-10-02 22:32:18,100 [INFO] DbBoardsJson:57 - Set database path to: C:\Users\NGUYEN THANH QUI\.stmcufinder\plugins\mcufinder//mcu/
2022-10-02 22:32:18,100 [WARN] DbFile:35 - Overriding database path with different value: C:\Users\NGUYEN THANH QUI\.stmcufinder\plugins\mcufinder/ => C:\Users\NGUYEN THANH QUI\.stmcufinder\plugins\mcufinder
2022-10-02 22:32:18,100 [WARN] DbFile:35 - Overriding database path with different value: C:\Users\NGUYEN THANH QUI\.stmcufinder\plugins\mcufinder/ => C:\Users\NGUYEN THANH QUI\.stmcufinder\plugins\mcufinder
2022-10-02 22:32:18,866 [INFO] CrossReferenceDbSqlite:196 - Set database path to: C:\Users\NGUYEN THANH QUI\.stmcufinder\plugins\mcufinder//mcu/cs/
2022-10-02 22:32:18,866 [WARN] DbFile:35 - Overriding database path with different value: C:\Users\NGUYEN THANH QUI\.stmcufinder\plugins\mcufinder/ => C:\Users\NGUYEN THANH QUI\.stmcufinder\plugins\mcufinder
2022-10-02 22:32:18,866 [INFO] DbExamplesSqlite:767 - Set database path to: C:\Users\NGUYEN THANH QUI\.stmcufinder\plugins\mcufinder//mcu/
2022-10-02 22:32:18,944 [INFO] MainPanel:214 - HeapMemory: 749731840
2022-10-02 22:32:19,022 [INFO] DbMcusXml:74 - Set database path to: C:\ST\STM32CubeIDE_1.7.0\STM32CubeIDE\plugins\com.st.stm32cube.common.mx_6.3.0.202107141111\\db\/mcu/
2022-10-02 22:32:19,022 [INFO] DbBoardsPdsc:56 - Set plugin database path to: C:\ST\STM32CubeIDE_1.7.0\STM32CubeIDE\plugins\com.st.stm32cube.common.mx_6.3.0.202107141111\\db\/plugins/boardmanager/
2022-10-02 22:32:19,022 [INFO] DbMcus:258 - Set plugin images path to: C:\ST\STM32CubeIDE_1.7.0\STM32CubeIDE\plugins\com.st.stm32cube.common.mx_6.3.0.202107141111\\db\/plugins/mcufinder/images/
2022-10-02 22:32:19,022 [INFO] DbBoards:264 - Set plugin images path to: C:\ST\STM32CubeIDE_1.7.0\STM32CubeIDE\plugins\com.st.stm32cube.common.mx_6.3.0.202107141111\\db\/plugins/mcufinder/images/
2022-10-02 22:32:19,022 [INFO] DbExamples:333 - Set plugin images path to: C:\ST\STM32CubeIDE_1.7.0\STM32CubeIDE\plugins\com.st.stm32cube.common.mx_6.3.0.202107141111\\db\/plugins/mcufinder/images/
2022-10-02 22:32:19,022 [WARN] DbFile:35 - Overriding database path with different value: C:\Users\NGUYEN THANH QUI\.stmcufinder\plugins\mcufinder/ => C:\Users\NGUYEN THANH QUI\.stmcufinder\plugins\mcufinder
2022-10-02 22:32:19,022 [INFO] DbMcusAds:119 - Set database path to: C:\Users\NGUYEN THANH QUI\.stmcufinder\plugins\mcufinder//mcu/
2022-10-02 22:32:19,022 [WARN] DbFile:35 - Overriding database path with different value: C:\Users\NGUYEN THANH QUI\.stmcufinder\plugins\mcufinder/ => C:\Users\NGUYEN THANH QUI\.stmcufinder\plugins\mcufinder
2022-10-02 22:32:19,022 [INFO] DbMcusDocs:110 - Set database path to: C:\Users\NGUYEN THANH QUI\.stmcufinder\plugins\mcufinder//mcu/
2022-10-02 22:32:19,022 [WARN] DbFile:35 - Overriding database path with different value: C:\Users\NGUYEN THANH QUI\.stmcufinder\plugins\mcufinder/ => C:\Users\NGUYEN THANH QUI\.stmcufinder\plugins\mcufinder
2022-10-02 22:32:19,022 [INFO] DbMcusJson:64 - Set database path to: C:\Users\NGUYEN THANH QUI\.stmcufinder\plugins\mcufinder//mcu/
2022-10-02 22:32:19,022 [WARN] DbFile:35 - Overriding database path with different value: C:\Users\NGUYEN THANH QUI\.stmcufinder\plugins\mcufinder/ => C:\Users\NGUYEN THANH QUI\.stmcufinder\plugins\mcufinder
2022-10-02 22:32:19,022 [INFO] DbBoardsDocs:110 - Set database path to: C:\Users\NGUYEN THANH QUI\.stmcufinder\plugins\mcufinder//mcu/
2022-10-02 22:32:19,022 [WARN] DbFile:35 - Overriding database path with different value: C:\Users\NGUYEN THANH QUI\.stmcufinder\plugins\mcufinder/ => C:\Users\NGUYEN THANH QUI\.stmcufinder\plugins\mcufinder
2022-10-02 22:32:19,022 [INFO] DbBoardsJson:57 - Set database path to: C:\Users\NGUYEN THANH QUI\.stmcufinder\plugins\mcufinder//mcu/
2022-10-02 22:32:19,022 [WARN] DbFile:35 - Overriding database path with different value: C:\Users\NGUYEN THANH QUI\.stmcufinder\plugins\mcufinder/ => C:\Users\NGUYEN THANH QUI\.stmcufinder\plugins\mcufinder
2022-10-02 22:32:19,022 [WARN] DbFile:35 - Overriding database path with different value: C:\Users\NGUYEN THANH QUI\.stmcufinder\plugins\mcufinder/ => C:\Users\NGUYEN THANH QUI\.stmcufinder\plugins\mcufinder
2022-10-02 22:32:19,866 [INFO] CrossReferenceDbSqlite:196 - Set database path to: C:\Users\NGUYEN THANH QUI\.stmcufinder\plugins\mcufinder//mcu/cs/
2022-10-02 22:32:19,866 [WARN] DbFile:35 - Overriding database path with different value: C:\Users\NGUYEN THANH QUI\.stmcufinder\plugins\mcufinder/ => C:\Users\NGUYEN THANH QUI\.stmcufinder\plugins\mcufinder
2022-10-02 22:32:19,866 [INFO] DbExamplesSqlite:767 - Set database path to: C:\Users\NGUYEN THANH QUI\.stmcufinder\plugins\mcufinder//mcu/
2022-10-02 22:32:19,912 [INFO] ApplicationProperties:181 - Using Application install path: C:\ST\STM32CubeIDE_1.7.0\STM32CubeIDE\plugins\com.st.stm32cube.common.mx_6.3.0.202107141111
2022-10-02 22:32:19,912 [INFO] PluginManage:188 - Search for loadable plugins [exclusion list=, ]
2022-10-02 22:32:19,912 [INFO] PluginManage:302 - Check plugin analytics
2022-10-02 22:32:20,944 [INFO] AnalyticsPlugin:257 - Accepted Software Licenses: 
2022-10-02 22:32:20,944 [INFO] AnalyticsPlugin:259 - Accepted CMSIS Pack Licenses: 
2022-10-02 22:32:20,944 [INFO] AnalyticsPlugin:261 - Accepted Firmware Licenses: 
2022-10-02 22:32:20,944 [INFO] PluginManage:352 - Loaded plugin analytics (category:tool,tabindex:-1)
2022-10-02 22:32:20,944 [INFO] PluginManage:302 - Check plugin clock
2022-10-02 22:32:20,959 [INFO] PluginManage:352 - Loaded plugin clock (category:base,tabindex:2)
2022-10-02 22:32:20,959 [INFO] PluginManage:302 - Check plugin ddr
2022-10-02 22:32:20,959 [INFO] PluginManage:352 - Loaded plugin ddr (category:tool,tabindex:6)
2022-10-02 22:32:20,959 [INFO] PluginManage:302 - Check plugin filemanager
2022-10-02 22:32:21,100 [INFO] PluginManage:352 - Loaded plugin filemanager (category:base,tabindex:10)
2022-10-02 22:32:21,100 [INFO] PluginManage:302 - Check plugin ipmanager
2022-10-02 22:32:21,116 [INFO] PluginManage:352 - Loaded plugin ipmanager (category:base,tabindex:5)
2022-10-02 22:32:21,116 [INFO] PluginManage:302 - Check plugin pinoutandconfiguration
2022-10-02 22:32:21,116 [INFO] PluginManage:352 - Loaded plugin pinoutandconfiguration (category:base,tabindex:1)
2022-10-02 22:32:21,116 [INFO] PluginManage:302 - Check plugin pinoutconfig
2022-10-02 22:32:21,147 [INFO] PluginManage:352 - Loaded plugin pinoutconfig (category:base,tabindex:0)
2022-10-02 22:32:21,147 [INFO] PluginManage:302 - Check plugin power
2022-10-02 22:32:21,162 [INFO] PluginManage:352 - Loaded plugin power (category:power,tabindex:4)
2022-10-02 22:32:21,162 [INFO] PluginManage:302 - Check plugin projectmanager
2022-10-02 22:32:21,178 [INFO] PluginManage:352 - Loaded plugin projectmanager (category:projectmanager,tabindex:3)
2022-10-02 22:32:21,178 [INFO] PluginManage:302 - Check plugin thirdparty
2022-10-02 22:32:21,319 [WARN] IntegrityCheckThread:78 - waiting for thirdparty lock release [integrity check]
2022-10-02 22:32:21,319 [INFO] IntegrityCheckThread:80 - entering critical section [integrity check]
2022-10-02 22:32:21,319 [INFO] PluginManage:352 - Loaded plugin thirdparty (category:base,tabindex:-1)
2022-10-02 22:32:21,319 [INFO] ThirdPartyUpdaterWithRetryManager:66 - Updater plugin not ready yet. [1/15]
2022-10-02 22:32:21,319 [INFO] PluginManage:302 - Check plugin tools
2022-10-02 22:32:21,319 [INFO] PluginManage:352 - Loaded plugin tools (category:base,tabindex:7)
2022-10-02 22:32:21,319 [INFO] PluginManage:302 - Check plugin tutovideos
2022-10-02 22:32:21,584 [INFO] PluginManage:352 - Loaded plugin tutovideos (category:base,tabindex:-1)
2022-10-02 22:32:21,584 [INFO] PluginManage:302 - Check plugin updater
2022-10-02 22:32:21,600 [INFO] PluginManage:352 - Loaded plugin updater (category:base,tabindex:12)
2022-10-02 22:32:21,600 [INFO] PluginManage:275 - PluginManage : Loaded plugins [13]
2022-10-02 22:32:21,803 [INFO] PinOutPanel:1463 - setPackage(No Configuration,No Configuration)
2022-10-02 22:32:21,912 [INFO] IPUIPlugin:74 - create IPUIPlugin
2022-10-02 22:32:21,912 [INFO] PluginManager:213 - loadIPPluginJar : add adc
2022-10-02 22:32:21,928 [INFO] IPUIPlugin:74 - create IPUIPlugin
2022-10-02 22:32:21,928 [INFO] PluginManager:213 - loadIPPluginJar : add aes
2022-10-02 22:32:21,928 [INFO] IPUIPlugin:74 - create IPUIPlugin
2022-10-02 22:32:21,928 [INFO] PluginManager:213 - loadIPPluginJar : add can
2022-10-02 22:32:21,928 [INFO] IPUIPlugin:74 - create IPUIPlugin
2022-10-02 22:32:21,928 [INFO] PluginManager:213 - loadIPPluginJar : add comp
2022-10-02 22:32:21,928 [INFO] IPUIPlugin:74 - create IPUIPlugin
2022-10-02 22:32:21,928 [INFO] PluginManager:213 - loadIPPluginJar : add cryp
2022-10-02 22:32:21,928 [INFO] IPUIPlugin:74 - create IPUIPlugin
2022-10-02 22:32:21,928 [INFO] PluginManager:213 - loadIPPluginJar : add dfsdm
2022-10-02 22:32:21,944 [INFO] IPUIPlugin:74 - create IPUIPlugin
2022-10-02 22:32:21,944 [INFO] PluginManager:213 - loadIPPluginJar : add dma
2022-10-02 22:32:21,944 [INFO] IPUIPlugin:74 - create IPUIPlugin
2022-10-02 22:32:21,944 [INFO] PluginManager:213 - loadIPPluginJar : add dma3
2022-10-02 22:32:21,944 [INFO] IPUIPlugin:74 - create IPUIPlugin
2022-10-02 22:32:21,959 [INFO] PluginManager:213 - loadIPPluginJar : add fatfs
2022-10-02 22:32:21,959 [INFO] IPUIPlugin:74 - create IPUIPlugin
2022-10-02 22:32:21,959 [INFO] PluginManager:213 - loadIPPluginJar : add fmc
2022-10-02 22:32:21,959 [INFO] IPUIPlugin:74 - create IPUIPlugin
2022-10-02 22:32:21,959 [INFO] PluginManager:213 - loadIPPluginJar : add freertos
2022-10-02 22:32:21,959 [INFO] IPUIPlugin:74 - create IPUIPlugin
2022-10-02 22:32:21,959 [INFO] PluginManager:213 - loadIPPluginJar : add genericplugin
2022-10-02 22:32:21,975 [INFO] IPUIPlugin:74 - create IPUIPlugin
2022-10-02 22:32:21,975 [INFO] PluginManager:213 - loadIPPluginJar : add gfxmmu
2022-10-02 22:32:21,975 [INFO] IPUIPlugin:74 - create IPUIPlugin
2022-10-02 22:32:21,975 [INFO] PluginManager:213 - loadIPPluginJar : add gic
2022-10-02 22:32:21,975 [INFO] IPUIPlugin:74 - create IPUIPlugin
2022-10-02 22:32:21,975 [INFO] PluginManager:213 - loadIPPluginJar : add gpio
2022-10-02 22:32:21,990 [INFO] IPUIPlugin:74 - create IPUIPlugin
2022-10-02 22:32:21,990 [INFO] PluginManager:213 - loadIPPluginJar : add gtzc
2022-10-02 22:32:21,990 [INFO] IPUIPlugin:74 - create IPUIPlugin
2022-10-02 22:32:21,990 [INFO] PluginManager:213 - loadIPPluginJar : add hash
2022-10-02 22:32:21,990 [INFO] IPUIPlugin:74 - create IPUIPlugin
2022-10-02 22:32:21,990 [INFO] PluginManager:213 - loadIPPluginJar : add i2c
2022-10-02 22:32:21,990 [INFO] IPUIPlugin:74 - create IPUIPlugin
2022-10-02 22:32:21,990 [INFO] PluginManager:213 - loadIPPluginJar : add i2s
2022-10-02 22:32:22,006 [INFO] IPUIPlugin:74 - create IPUIPlugin
2022-10-02 22:32:22,006 [INFO] PluginManager:213 - loadIPPluginJar : add ipddr
2022-10-02 22:32:22,006 [INFO] IPUIPlugin:74 - create IPUIPlugin
2022-10-02 22:32:22,006 [INFO] PluginManager:213 - loadIPPluginJar : add linkedlist
2022-10-02 22:32:22,006 [INFO] IPUIPlugin:74 - create IPUIPlugin
2022-10-02 22:32:22,006 [INFO] PluginManager:213 - loadIPPluginJar : add lorawan
2022-10-02 22:32:22,006 [INFO] IPUIPlugin:74 - create IPUIPlugin
2022-10-02 22:32:22,006 [INFO] PluginManager:213 - loadIPPluginJar : add ltdc
2022-10-02 22:32:22,022 [INFO] IPUIPlugin:74 - create IPUIPlugin
2022-10-02 22:32:22,022 [INFO] PluginManager:213 - loadIPPluginJar : add mdma
2022-10-02 22:32:22,022 [INFO] IPUIPlugin:74 - create IPUIPlugin
2022-10-02 22:32:22,022 [INFO] PluginManager:213 - loadIPPluginJar : add nvic
2022-10-02 22:32:22,022 [INFO] IPUIPlugin:74 - create IPUIPlugin
2022-10-02 22:32:22,022 [INFO] PluginManager:213 - loadIPPluginJar : add opamp
2022-10-02 22:32:22,037 [INFO] IPUIPlugin:74 - create IPUIPlugin
2022-10-02 22:32:22,037 [INFO] PluginManager:213 - loadIPPluginJar : add openamp
2022-10-02 22:32:22,037 [INFO] IPUIPlugin:74 - create IPUIPlugin
2022-10-02 22:32:22,037 [INFO] PluginManager:213 - loadIPPluginJar : add pdm2pcm
2022-10-02 22:32:22,037 [INFO] IPUIPlugin:74 - create IPUIPlugin
2022-10-02 22:32:22,053 [INFO] PluginManager:213 - loadIPPluginJar : add plateformsettings
2022-10-02 22:32:22,053 [INFO] IPUIPlugin:74 - create IPUIPlugin
2022-10-02 22:32:22,053 [INFO] PluginManager:213 - loadIPPluginJar : add quadspi
2022-10-02 22:32:22,053 [INFO] IPUIPlugin:74 - create IPUIPlugin
2022-10-02 22:32:22,053 [INFO] PluginManager:213 - loadIPPluginJar : add resmgrutility
2022-10-02 22:32:22,053 [INFO] IPUIPlugin:74 - create IPUIPlugin
2022-10-02 22:32:22,053 [INFO] PluginManager:213 - loadIPPluginJar : add sai
2022-10-02 22:32:22,053 [INFO] IPUIPlugin:74 - create IPUIPlugin
2022-10-02 22:32:22,053 [INFO] PluginManager:213 - loadIPPluginJar : add spi
2022-10-02 22:32:22,069 [INFO] IPUIPlugin:74 - create IPUIPlugin
2022-10-02 22:32:22,069 [INFO] PluginManager:213 - loadIPPluginJar : add stm32_wpan
2022-10-02 22:32:22,069 [INFO] IPUIPlugin:74 - create IPUIPlugin
2022-10-02 22:32:22,069 [INFO] PluginManager:213 - loadIPPluginJar : add tim
2022-10-02 22:32:22,069 [INFO] IPUIPlugin:74 - create IPUIPlugin
2022-10-02 22:32:22,069 [INFO] PluginManager:213 - loadIPPluginJar : add touchsensing
2022-10-02 22:32:22,069 [INFO] IPUIPlugin:74 - create IPUIPlugin
2022-10-02 22:32:22,069 [INFO] PluginManager:213 - loadIPPluginJar : add tracer_emb
2022-10-02 22:32:22,084 [INFO] IPUIPlugin:74 - create IPUIPlugin
2022-10-02 22:32:22,084 [INFO] PluginManager:213 - loadIPPluginJar : add ts
2022-10-02 22:32:22,084 [INFO] IPUIPlugin:74 - create IPUIPlugin
2022-10-02 22:32:22,084 [INFO] PluginManager:213 - loadIPPluginJar : add tsc
2022-10-02 22:32:22,100 [INFO] IPUIPlugin:74 - create IPUIPlugin
2022-10-02 22:32:22,100 [INFO] PluginManager:213 - loadIPPluginJar : add ucpd
2022-10-02 22:32:22,115 [INFO] IPUIPlugin:74 - create IPUIPlugin
2022-10-02 22:32:22,115 [INFO] PluginManager:213 - loadIPPluginJar : add usart
2022-10-02 22:32:22,115 [INFO] IPUIPlugin:74 - create IPUIPlugin
2022-10-02 22:32:22,115 [INFO] PluginManager:213 - loadIPPluginJar : add usbx
2022-10-02 22:32:22,465 [FATAL] Updater:294 - Updater called before beeing initialized
2022-10-02 22:32:22,622 [FATAL] Updater:294 - Updater called before beeing initialized
2022-10-02 22:32:22,622 [INFO] DbMcusAds:47 - JSON generation date=Thu Sep 30 13:55:09 ICT 2021 (1632984909247)
2022-10-02 22:32:22,622 [FATAL] Updater:294 - Updater called before beeing initialized
2022-10-02 22:32:22,668 [WARN] DetailPanel:314 - Failed to get advertising image, set to default
2022-10-02 22:32:22,793 [FATAL] Updater:294 - Updater called before beeing initialized
2022-10-02 22:32:22,793 [FATAL] Updater:294 - Updater called before beeing initialized
2022-10-02 22:32:22,793 [FATAL] Updater:294 - Updater called before beeing initialized
2022-10-02 22:32:22,793 [WARN] DetailPanel:314 - Failed to get advertising image, set to default
2022-10-02 22:32:22,793 [FATAL] Updater:294 - Updater called before beeing initialized
2022-10-02 22:32:22,887 [ERROR] Updater:1075 - MainUpdater not yet initialized. External WinMGr cannot be set.
2022-10-02 22:32:22,887 [INFO] Updater:1012 - Updater Version found : 6.3.0
2022-10-02 22:32:22,918 [INFO] ApplicationProperties:181 - Using Application install path: C:\ST\STM32CubeIDE_1.7.0\STM32CubeIDE\plugins\com.st.stm32cube.common.mx_6.3.0.202107141111
2022-10-02 22:32:23,137 [INFO] MainUpdater:2671 - connection check result : 10
2022-10-02 22:32:23,137 [INFO] MainUpdater:265 - Updater Check For Update Now.
2022-10-02 22:32:23,137 [INFO] MicroXplorer:478 - Change Database Version : DB.6.0.30
2022-10-02 22:32:23,325 [INFO] CheckServerUpdateThread:112 - End of CheckServer Thread
2022-10-02 22:32:23,356 [INFO] MainUpdater:2671 - connection check result : 10
2022-10-02 22:32:23,356 [INFO] MainUpdater:2671 - connection check result : 10
2022-10-02 22:32:23,450 [INFO] MicroXplorer:448 - Change Database Path : 
2022-10-02 22:32:23,465 [INFO] MicroXplorer:478 - Change Database Version : DB.6.0.30
2022-10-02 22:32:23,465 [WARN] ThirdParty:813 - waiting for thirdparty lock release [close project]
2022-10-02 22:32:24,512 [WARN] PackLoader:238 - Cannot read IP mode file for STMicroelectronics.X-CUBE-GNSS1.6.0.0
2022-10-02 22:32:24,575 [WARN] PackLoader:238 - Cannot read IP mode file for STMicroelectronics.X-CUBE-AZRTOS-F4.1.1.0
2022-10-02 22:32:24,606 [WARN] PackLoader:238 - Cannot read IP mode file for STMicroelectronics.X-CUBE-AZRTOS-F7.1.1.0
2022-10-02 22:32:24,621 [WARN] PackLoader:238 - Cannot read IP mode file for STMicroelectronics.X-CUBE-BLE1.6.2.3
2022-10-02 22:32:24,637 [WARN] PackLoader:238 - Cannot read IP mode file for STMicroelectronics.X-CUBE-NFC4.2.0.4
2022-10-02 22:32:24,653 [WARN] PackLoader:238 - Cannot read IP mode file for STMicroelectronics.X-CUBE-TOF1.3.1.0
2022-10-02 22:32:24,653 [WARN] PackLoader:238 - Cannot read IP mode file for wolfSSL.I-CUBE-wolfSSL.5.5.0
2022-10-02 22:32:24,668 [WARN] PackLoader:238 - Cannot read IP mode file for STMicroelectronics.X-CUBE-NFC7.1.0.0
2022-10-02 22:32:24,715 [WARN] PackLoader:238 - Cannot read IP mode file for STMicroelectronics.X-CUBE-MEMS1.9.3.0
2022-10-02 22:32:24,934 [WARN] PackLoader:238 - Cannot read IP mode file for STMicroelectronics.X-CUBE-AI.7.2.0
2022-10-02 22:32:24,950 [WARN] PackLoader:238 - Cannot read IP mode file for STMicroelectronics.X-CUBE-SFXS2LP1.4.0.0
2022-10-02 22:32:24,950 [WARN] PackLoader:238 - Cannot read IP mode file for STMicroelectronics.X-CUBE-BLE2.3.3.0
2022-10-02 22:32:24,965 [WARN] PackLoader:238 - Cannot read IP mode file for STMicroelectronics.X-CUBE-DISPLAY.2.2.0
2022-10-02 22:32:24,981 [WARN] PackLoader:238 - Cannot read IP mode file for STMicroelectronics.X-CUBE-ISPU.1.0.0
2022-10-02 22:32:24,981 [WARN] PackLoader:238 - Cannot read IP mode file for RoweBots.I-CUBE-UNISONRTOS.5.5.0-4
2022-10-02 22:32:25,012 [WARN] PackLoader:238 - Cannot read IP mode file for STMicroelectronics.X-CUBE-AZRTOS-H7.2.1.0
2022-10-02 22:32:25,012 [WARN] PackLoader:238 - Cannot read IP mode file for STMicroelectronics.X-CUBE-BLEMGR.1.0.0
2022-10-02 22:32:25,028 [WARN] PackLoader:238 - Cannot read IP mode file for STMicroelectronics.X-CUBE-ALGOBUILD.1.3.0
2022-10-02 22:32:25,059 [WARN] PackLoader:238 - Cannot read IP mode file for STMicroelectronics.X-CUBE-AZRTOS-G0.1.1.0
2022-10-02 22:32:25,075 [WARN] PackLoader:238 - Cannot read IP mode file for STMicroelectronics.X-CUBE-SUBG2.5.0.0
2022-10-02 22:32:25,137 [WARN] PackLoader:238 - Cannot read IP mode file for SEGGER.I-CUBE-embOS.1.2.0
2022-10-02 22:32:25,184 [WARN] PackLoader:238 - Cannot read IP mode file for STMicroelectronics.FP-ATR-ASTRA1.1.1.1
2022-10-02 22:32:25,200 [WARN] PackLoader:238 - Cannot read IP mode file for STMicroelectronics.X-CUBE-AZRTOS-G4.1.0.0
2022-10-02 22:32:25,231 [WARN] PackLoader:238 - Cannot read IP mode file for STMicroelectronics.X-CUBE-AZRTOS-L4.1.0.0
2022-10-02 22:32:25,246 [WARN] PackLoader:238 - Cannot read IP mode file for emotas.I-CUBE-CANOPEN.1.1.2
2022-10-02 22:32:25,246 [WARN] PackLoader:238 - Cannot read IP mode file for STMicroelectronics.X-CUBE-TOUCHGFX.4.20.0
2022-10-02 22:32:25,262 [WARN] PackLoader:238 - Cannot read IP mode file for STMicroelectronics.X-CUBE-AZRTOS-WL.1.0.0
2022-10-02 22:32:25,262 [WARN] PackLoader:238 - Cannot read IP mode file for portGmbH.I-Cube-SoM-uGOAL.1.1.0
2022-10-02 22:32:25,278 [WARN] PackLoader:238 - Cannot read IP mode file for STMicroelectronics.X-CUBE-ALS.1.0.1
2022-10-02 22:32:25,293 [WARN] PackLoader:238 - Cannot read IP mode file for STMicroelectronics.X-CUBE-AZRTOS-L5.1.0.0
2022-10-02 22:32:25,309 [WARN] PackLoader:238 - Cannot read IP mode file for STMicroelectronics.X-CUBE-EEPRMA1.3.1.1
2022-10-02 22:32:25,309 [INFO] ThirdParty:915 - Integrity check success = true
2022-10-02 22:32:25,309 [INFO] IntegrityCheckThread:94 - exiting critical section [integrity check]
2022-10-02 22:32:25,309 [INFO] IntegrityCheckThread:97 - End integrity checks thread
2022-10-02 22:32:25,309 [INFO] ThirdParty:815 - entering critical section [close project]
2022-10-02 22:32:25,309 [INFO] ThirdParty:825 - exiting critical section [close project]
2022-10-02 22:32:25,309 [INFO] PinOutPanel:1463 - setPackage(No Configuration,No Configuration)
2022-10-02 22:32:25,309 [INFO] UtilMem:74 - Begin LoadConfig() Used Memory: 592942352 Bytes (749731840)
2022-10-02 22:32:25,309 [INFO] MicroXplorer:448 - Change Database Path : 
2022-10-02 22:32:25,309 [INFO] MicroXplorer:478 - Change Database Version : DB.6.0.30
2022-10-02 22:32:25,309 [INFO] OpenFileManager:313 - Change cursor
2022-10-02 22:32:26,309 [INFO] Context:592 - Trying to add GPIOservice into a context  which must be forbidden
2022-10-02 22:32:26,668 [WARN] ApiManager:304 - Cannot register API 'Board Extension:GNSS1A1' from pack STMicroelectronics.X-CUBE-GNSS1.6.0.0: no header file found
2022-10-02 22:32:26,668 [WARN] ApiManager:304 - Cannot register API 'Board Support:Custom' from pack STMicroelectronics.X-CUBE-GNSS1.6.0.0: no header file found
2022-10-02 22:32:26,668 [WARN] ApiManager:304 - Cannot register API 'Data Exchange:lib_gnss' from pack STMicroelectronics.X-CUBE-GNSS1.6.0.0: no header file found
2022-10-02 22:32:26,699 [WARN] ModelIntegratedComponent:60 - No mode defined for component null
2022-10-02 22:32:26,699 [WARN] ModelIntegratedComponent:60 - No mode defined for component null
2022-10-02 22:32:26,699 [WARN] ModelIntegratedComponent:60 - No mode defined for component null
2022-10-02 22:32:26,699 [WARN] ModelIntegratedComponent:60 - No mode defined for component null
2022-10-02 22:32:26,699 [WARN] ModelIntegratedComponent:60 - No mode defined for component null
2022-10-02 22:32:26,699 [WARN] ModelIntegratedComponent:60 - No mode defined for component null
2022-10-02 22:32:26,699 [WARN] ModelIntegratedComponent:60 - No mode defined for component null
2022-10-02 22:32:26,699 [WARN] ModelIntegratedComponent:60 - No mode defined for component null
2022-10-02 22:32:26,699 [WARN] ModelIntegratedComponent:60 - No mode defined for component null
2022-10-02 22:32:26,699 [WARN] ModelIntegratedComponent:60 - No mode defined for component null
2022-10-02 22:32:26,699 [WARN] ModelIntegratedComponent:60 - No mode defined for component null
2022-10-02 22:32:26,699 [WARN] ModelIntegratedComponent:60 - No mode defined for component null
2022-10-02 22:32:26,699 [WARN] ModelIntegratedComponent:60 - No mode defined for component null
2022-10-02 22:32:26,699 [WARN] ModelIntegratedComponent:60 - No mode defined for component null
2022-10-02 22:32:26,699 [WARN] ModelIntegratedComponent:60 - No mode defined for component null
2022-10-02 22:32:26,699 [WARN] ModelIntegratedComponent:60 - No mode defined for component null
2022-10-02 22:32:26,699 [WARN] ModelIntegratedComponent:60 - No mode defined for component null
2022-10-02 22:32:26,699 [WARN] ModelIntegratedComponent:60 - No mode defined for component null
2022-10-02 22:32:26,699 [WARN] ModelIntegratedComponent:60 - No mode defined for component null
2022-10-02 22:32:26,699 [WARN] ModelIntegratedComponent:60 - No mode defined for component null
2022-10-02 22:32:26,699 [WARN] ModelIntegratedComponent:60 - No mode defined for component null
2022-10-02 22:32:26,699 [WARN] ModelIntegratedComponent:60 - No mode defined for component null
2022-10-02 22:32:26,699 [WARN] ModelIntegratedComponent:60 - No mode defined for component null
2022-10-02 22:32:26,699 [WARN] ModelIntegratedComponent:60 - No mode defined for component null
2022-10-02 22:32:26,699 [WARN] ModelIntegratedComponent:60 - No mode defined for component null
2022-10-02 22:32:26,699 [WARN] ModelIntegratedComponent:60 - No mode defined for component null
2022-10-02 22:32:26,699 [WARN] ModelIntegratedComponent:60 - No mode defined for component null
2022-10-02 22:32:26,699 [WARN] ModelIntegratedComponent:60 - No mode defined for component null
2022-10-02 22:32:26,699 [WARN] ModelIntegratedComponent:60 - No mode defined for component null
2022-10-02 22:32:26,699 [WARN] ModelIntegratedComponent:60 - No mode defined for component null
2022-10-02 22:32:26,699 [WARN] ModelIntegratedComponent:60 - No mode defined for component null
2022-10-02 22:32:26,699 [WARN] ApiManager:304 - Cannot register API 'Board Extension:NFC07A1' from pack STMicroelectronics.X-CUBE-NFC7.1.0.0: no header file found
2022-10-02 22:32:26,981 [WARN] ApiManager:304 - Cannot register API 'Board Extension:IKS01A3' from pack STMicroelectronics.X-CUBE-MEMS1.9.3.0: no header file found
2022-10-02 22:32:26,981 [WARN] ApiManager:304 - Cannot register API 'Board Extension:IKS01A2' from pack STMicroelectronics.X-CUBE-MEMS1.9.3.0: no header file found
2022-10-02 22:32:26,981 [WARN] ApiManager:304 - Cannot register API 'Board Extension:IKS02A1' from pack STMicroelectronics.X-CUBE-MEMS1.9.3.0: no header file found
2022-10-02 22:32:26,996 [WARN] ApiManager:304 - Cannot register API 'Wireless:BlueNRG-MS' from pack STMicroelectronics.X-CUBE-BLE1.6.2.3: no header file found
2022-10-02 22:32:26,996 [INFO] RtosManager:484 - Registered RTOS mode: class=CMSIS, group=RTOS, mode=CMSIS_V1, owner=FREERTOS
2022-10-02 22:32:26,996 [INFO] RtosManager:484 - Registered RTOS mode: class=CMSIS, group=RTOS2, mode=CMSIS_V2, owner=FREERTOS
2022-10-02 22:32:26,996 [INFO] RtosManager:484 - Registered RTOS mode: class=RTOS, group=Core, mode=CMSIS_V1, owner=FREERTOS
2022-10-02 22:32:26,996 [INFO] RtosManager:484 - Registered RTOS mode: class=RTOS, group=Core, mode=CMSIS_V2, owner=FREERTOS
2022-10-02 22:32:26,996 [WARN] ModelIntegratedComponent:181 - Missing modes for component STMicroelectronics:FreeRTOS:0.0.1:STMicroelectronics:RTOS:FreeRTOS:Core:::10.2.0:
2022-10-02 22:32:27,012 [WARN] ApiManager:304 - Cannot register API 'Board Extension:S2868A1' from pack STMicroelectronics.X-CUBE-SUBG2.5.0.0: no header file found
2022-10-02 22:32:27,012 [WARN] ApiManager:304 - Cannot register API 'Board Extension:S2868A2' from pack STMicroelectronics.X-CUBE-SUBG2.5.0.0: no header file found
2022-10-02 22:32:27,012 [WARN] ApiManager:304 - Cannot register API 'Board Extension:S2915A1' from pack STMicroelectronics.X-CUBE-SUBG2.5.0.0: no header file found
2022-10-02 22:32:27,012 [WARN] ApiManager:304 - Cannot register API 'Board Extension:EEPRMA1' from pack STMicroelectronics.X-CUBE-EEPRMA1.3.1.1: no header file found
2022-10-02 22:32:27,012 [WARN] ApiManager:304 - Cannot register API 'Board Extension:EEPRMA2' from pack STMicroelectronics.X-CUBE-EEPRMA1.3.1.1: no header file found
2022-10-02 22:32:27,012 [WARN] ApiManager:304 - Cannot register API 'Board Extension:S2868A1' from pack STMicroelectronics.X-CUBE-SFXS2LP1.4.0.0: no header file found
2022-10-02 22:32:27,012 [WARN] ApiManager:304 - Cannot register API 'Board Extension:S2868A2' from pack STMicroelectronics.X-CUBE-SFXS2LP1.4.0.0: no header file found
2022-10-02 22:32:27,012 [WARN] ApiManager:304 - Cannot register API 'Board Extension:S2915A1' from pack STMicroelectronics.X-CUBE-SFXS2LP1.4.0.0: no header file found
2022-10-02 22:32:27,012 [WARN] ApiManager:304 - Cannot register API 'Wireless:BlueNRG-2' from pack STMicroelectronics.X-CUBE-BLE2.3.3.0: no header file found
2022-10-02 22:32:27,012 [WARN] ApiManager:304 - Cannot register API 'Board Extension:NFC04A1' from pack STMicroelectronics.X-CUBE-NFC4.2.0.4: no header file found
2022-10-02 22:32:28,715 [INFO] UtilMem:74 - End LoadConfig() Used Memory: 554642400 Bytes (749731840)
2022-10-02 22:32:28,715 [INFO] DbMcusXml:100 - Load MCU database from C:\ST\STM32CubeIDE_1.7.0\STM32CubeIDE\plugins\com.st.stm32cube.common.mx_6.3.0.202107141111\\db\/mcu/families.xml
2022-10-02 22:32:29,793 [INFO] DbMcusJson:93 - JSON generation date=Tue Nov 16 23:17:54 ICT 2021 (1637079474)
2022-10-02 22:32:30,809 [INFO] DbMcus:175 - Found 1951 MCUs (1903 are supported by CubeMX, 1914 are visible in CubeMX)
2022-10-02 22:32:30,809 [INFO] ApiDb:251 - Load user favorites file C:\Users\NGUYEN THANH QUI/.stm32cubeide/favorites.mcus.txt: 0 item(s)
2022-10-02 22:32:30,809 [INFO] ApiDb:255 - User favorites MCUs=[]
2022-10-02 22:32:30,809 [INFO] DbMcus:187 - Set 0 / 0 favorites MCUs
2022-10-02 22:32:30,809 [WARN] ThirdParty:779 - waiting for thirdparty lock release [change project]
2022-10-02 22:32:30,809 [INFO] ThirdParty:781 - entering critical section [change project]
2022-10-02 22:32:30,809 [INFO] ThirdParty:967 - CMSIS Pack Vendor :RoweBots I-CUBE-UNISONRTOS 5.5.0-4
2022-10-02 22:32:30,809 [INFO] ThirdParty:967 - CMSIS Pack Vendor :STMicroelectronics X-CUBE-GNSS1 6.0.0
2022-10-02 22:32:30,809 [INFO] ThirdParty:967 - CMSIS Pack Vendor :STMicroelectronics X-CUBE-AZRTOS-H7 2.1.0
2022-10-02 22:32:30,809 [INFO] ThirdParty:967 - CMSIS Pack Vendor :STMicroelectronics USB_HOST 2.0.0
2022-10-02 22:32:30,809 [INFO] ThirdParty:967 - CMSIS Pack Vendor :STMicroelectronics X-CUBE-AZRTOS-F4 1.1.0
2022-10-02 22:32:30,809 [INFO] ThirdParty:967 - CMSIS Pack Vendor :STMicroelectronics X-CUBE-AZRTOS-G4 1.0.0
2022-10-02 22:32:30,809 [INFO] ThirdParty:967 - CMSIS Pack Vendor :STMicroelectronics X-CUBE-AZRTOS-L4 1.0.0
2022-10-02 22:32:30,809 [INFO] ThirdParty:967 - CMSIS Pack Vendor :STMicroelectronics USB_DEVICE 3.0.0
2022-10-02 22:32:30,809 [INFO] ThirdParty:967 - CMSIS Pack Vendor :wolfSSL I-CUBE-wolfSSL 5.5.0
2022-10-02 22:32:30,809 [INFO] ThirdParty:967 - CMSIS Pack Vendor :STMicroelectronics HAL Drivers 0.0.0
2022-10-02 22:32:30,809 [INFO] ThirdParty:967 - CMSIS Pack Vendor :STMicroelectronics MBEDTLS 2.16.2
2022-10-02 22:32:30,809 [INFO] ThirdParty:967 - CMSIS Pack Vendor :emotas I-CUBE-CANOPEN 1.1.2
2022-10-02 22:32:30,809 [INFO] ThirdParty:967 - CMSIS Pack Vendor :STMicroelectronics X-CUBE-TOUCHGFX 4.20.0
2022-10-02 22:32:30,809 [INFO] ThirdParty:967 - CMSIS Pack Vendor :STMicroelectronics MBEDTLS 2.14.1
2022-10-02 22:32:30,809 [INFO] ThirdParty:967 - CMSIS Pack Vendor :STMicroelectronics X-CUBE-NFC7 1.0.0
2022-10-02 22:32:30,809 [INFO] ThirdParty:967 - CMSIS Pack Vendor :STMicroelectronics X-CUBE-BLEMGR 1.0.0
2022-10-02 22:32:30,809 [INFO] ThirdParty:967 - CMSIS Pack Vendor :STMicroelectronics X-CUBE-AZRTOS-WL 1.0.0
2022-10-02 22:32:30,809 [INFO] ThirdParty:967 - CMSIS Pack Vendor :STMicroelectronics X-CUBE-AZRTOS-F7 1.1.0
2022-10-02 22:32:30,809 [INFO] ThirdParty:967 - CMSIS Pack Vendor :STMicroelectronics X-CUBE-MEMS1 9.3.0
2022-10-02 22:32:30,809 [INFO] ThirdParty:967 - CMSIS Pack Vendor :portGmbH I-Cube-SoM-uGOAL 1.1.0
2022-10-02 22:32:30,809 [INFO] ThirdParty:967 - CMSIS Pack Vendor :STMicroelectronics X-CUBE-ALS 1.0.1
2022-10-02 22:32:30,809 [INFO] ThirdParty:967 - CMSIS Pack Vendor :STMicroelectronics USB_DEVICE 2.0.0
2022-10-02 22:32:30,809 [INFO] ThirdParty:967 - CMSIS Pack Vendor :STMicroelectronics X-CUBE-AI 7.2.0
2022-10-02 22:32:30,809 [INFO] ThirdParty:967 - CMSIS Pack Vendor :STMicroelectronics X-CUBE-BLE1 6.2.3
2022-10-02 22:32:30,809 [INFO] ThirdParty:967 - CMSIS Pack Vendor :STMicroelectronics X-CUBE-ALGOBUILD 1.3.0
2022-10-02 22:32:30,809 [INFO] ThirdParty:967 - CMSIS Pack Vendor :STMicroelectronics X-CUBE-AZRTOS-L5 1.0.0
2022-10-02 22:32:30,809 [INFO] ThirdParty:967 - CMSIS Pack Vendor :STMicroelectronics FreeRTOS 0.0.1
2022-10-02 22:32:30,809 [INFO] ThirdParty:967 - CMSIS Pack Vendor :STMicroelectronics X-CUBE-AZRTOS-G0 1.1.0
2022-10-02 22:32:30,809 [INFO] ThirdParty:967 - CMSIS Pack Vendor :STMicroelectronics USB_DEVICE 1.0.0
2022-10-02 22:32:30,809 [INFO] ThirdParty:967 - CMSIS Pack Vendor :STMicroelectronics X-CUBE-SUBG2 5.0.0
2022-10-02 22:32:30,809 [INFO] ThirdParty:967 - CMSIS Pack Vendor :SEGGER I-CUBE-embOS 1.2.0
2022-10-02 22:32:30,809 [INFO] ThirdParty:967 - CMSIS Pack Vendor :STMicroelectronics X-CUBE-EEPRMA1 3.1.1
2022-10-02 22:32:30,809 [INFO] ThirdParty:967 - CMSIS Pack Vendor :STMicroelectronics ThreadX 0.0.2
2022-10-02 22:32:30,809 [INFO] ThirdParty:967 - CMSIS Pack Vendor :STMicroelectronics lwIP 2.0.3
2022-10-02 22:32:30,809 [INFO] ThirdParty:967 - CMSIS Pack Vendor :STMicroelectronics lwIP 2.1.2
2022-10-02 22:32:30,809 [INFO] ThirdParty:967 - CMSIS Pack Vendor :STMicroelectronics X-CUBE-SFXS2LP1 4.0.0
2022-10-02 22:32:30,809 [INFO] ThirdParty:967 - CMSIS Pack Vendor :STMicroelectronics X-CUBE-BLE2 3.3.0
2022-10-02 22:32:30,809 [INFO] ThirdParty:967 - CMSIS Pack Vendor :STMicroelectronics X-CUBE-NFC4 2.0.4
2022-10-02 22:32:30,809 [INFO] ThirdParty:967 - CMSIS Pack Vendor :STMicroelectronics USB_HOST 1.0.0
2022-10-02 22:32:30,809 [INFO] ThirdParty:967 - CMSIS Pack Vendor :STMicroelectronics X-CUBE-DISPLAY 2.2.0
2022-10-02 22:32:30,809 [INFO] ThirdParty:967 - CMSIS Pack Vendor :STMicroelectronics PDM2PCM 3.1.0
2022-10-02 22:32:30,809 [INFO] ThirdParty:967 - CMSIS Pack Vendor :STMicroelectronics FP-ATR-ASTRA1 1.1.1
2022-10-02 22:32:30,809 [INFO] ThirdParty:967 - CMSIS Pack Vendor :STMicroelectronics PDM2PCM 3.2.0
2022-10-02 22:32:30,809 [INFO] ThirdParty:967 - CMSIS Pack Vendor :STMicroelectronics PDM2PCM 3.3.0
2022-10-02 22:32:30,809 [INFO] ThirdParty:967 - CMSIS Pack Vendor :STMicroelectronics X-CUBE-TOF1 3.1.0
2022-10-02 22:32:30,809 [INFO] ThirdParty:967 - CMSIS Pack Vendor :STMicroelectronics X-CUBE-ISPU 1.0.0
2022-10-02 22:32:30,809 [INFO] ThirdParty:787 - exiting critical section [change project]
2022-10-02 22:32:31,183 [INFO] PinOutPanel:1463 - setPackage(No Configuration,No Configuration)
2022-10-02 22:32:31,183 [INFO] PinOutPanel:1463 - setPackage(STM32F103C6Ux,UFQFPN48)
2022-10-02 22:32:31,683 [INFO] UtilMem:74 - Before build in PCC Used Memory: 696780800 Bytes (887095296)
2022-10-02 22:32:32,777 [INFO] UtilMem:74 - After build in PCC Used Memory: 676109744 Bytes (922746880)
2022-10-02 22:32:32,808 [INFO] IPUIPlugin:74 - create IPUIPlugin
2022-10-02 22:32:32,808 [INFO] IPUIPlugin:74 - create IPUIPlugin
2022-10-02 22:32:32,808 [INFO] IPUIPlugin:74 - create IPUIPlugin
2022-10-02 22:32:32,808 [INFO] IPUIPlugin:74 - create IPUIPlugin
2022-10-02 22:32:32,808 [INFO] IPUIPlugin:74 - create IPUIPlugin
2022-10-02 22:32:32,808 [INFO] IPUIPlugin:74 - create IPUIPlugin
2022-10-02 22:32:32,808 [INFO] IPUIPlugin:74 - create IPUIPlugin
2022-10-02 22:32:32,808 [INFO] IPUIPlugin:74 - create IPUIPlugin
2022-10-02 22:32:32,808 [INFO] IPUIPlugin:74 - create IPUIPlugin
2022-10-02 22:32:32,808 [INFO] IPUIPlugin:74 - create IPUIPlugin
2022-10-02 22:32:32,808 [INFO] IPUIPlugin:74 - create IPUIPlugin
2022-10-02 22:32:32,808 [INFO] IPUIPlugin:74 - create IPUIPlugin
2022-10-02 22:32:32,808 [INFO] IPUIPlugin:74 - create IPUIPlugin
2022-10-02 22:32:32,808 [INFO] IPUIPlugin:74 - create IPUIPlugin
2022-10-02 22:32:32,808 [INFO] IPUIPlugin:74 - create IPUIPlugin
2022-10-02 22:32:32,808 [INFO] IPUIPlugin:74 - create IPUIPlugin
2022-10-02 22:32:32,808 [INFO] IPUIPlugin:74 - create IPUIPlugin
2022-10-02 22:32:32,808 [INFO] IPUIPlugin:74 - create IPUIPlugin
2022-10-02 22:32:32,808 [INFO] IPUIPlugin:74 - create IPUIPlugin
2022-10-02 22:32:32,808 [INFO] IPUIPlugin:74 - create IPUIPlugin
2022-10-02 22:32:32,808 [INFO] IPUIPlugin:74 - create IPUIPlugin
2022-10-02 22:32:32,808 [INFO] IPUIPlugin:74 - create IPUIPlugin
2022-10-02 22:32:32,808 [INFO] IPUIPlugin:74 - create IPUIPlugin
2022-10-02 22:32:32,965 [INFO] OpenFileManager:333 - Restore cursor
