2022-10-04 10:26:56,320 [INFO] Activator:177 - 


2022-10-04 10:26:56,322 [INFO] Activator:178 - !SESSION log4j initialized
2022-10-04 10:27:30,934 [INFO] McuFinderGlobals:39 - Set McuFinder mode to 2 (CubeIDE integrated)
2022-10-04 10:27:31,044 [INFO] ApplicationProperties:181 - Using Application install path: C:\ST\STM32CubeIDE_1.7.0\STM32CubeIDE\plugins\com.st.stm32cube.common.mx_6.3.0.202107141111
2022-10-04 10:27:31,059 [INFO] DbMcusXml:74 - Set database path to: C:\ST\STM32CubeIDE_1.7.0\STM32CubeIDE\plugins\com.st.stm32cube.common.mx_6.3.0.202107141111\\db\/mcu/
2022-10-04 10:27:31,075 [INFO] DbBoardsPdsc:56 - Set plugin database path to: C:\ST\STM32CubeIDE_1.7.0\STM32CubeIDE\plugins\com.st.stm32cube.common.mx_6.3.0.202107141111\\db\/plugins/boardmanager/
2022-10-04 10:27:31,075 [INFO] DbMcus:258 - Set plugin images path to: C:\ST\STM32CubeIDE_1.7.0\STM32CubeIDE\plugins\com.st.stm32cube.common.mx_6.3.0.202107141111\\db\/plugins/mcufinder/images/
2022-10-04 10:27:31,075 [INFO] DbBoards:264 - Set plugin images path to: C:\ST\STM32CubeIDE_1.7.0\STM32CubeIDE\plugins\com.st.stm32cube.common.mx_6.3.0.202107141111\\db\/plugins/mcufinder/images/
2022-10-04 10:27:31,075 [INFO] DbExamples:333 - Set plugin images path to: C:\ST\STM32CubeIDE_1.7.0\STM32CubeIDE\plugins\com.st.stm32cube.common.mx_6.3.0.202107141111\\db\/plugins/mcufinder/images/
2022-10-04 10:27:31,075 [INFO] DbMcusAds:119 - Set database path to: C:\Users\Administrator\.stmcufinder\plugins\mcufinder//mcu/
2022-10-04 10:27:31,075 [INFO] DbMcusDocs:110 - Set database path to: C:\Users\Administrator\.stmcufinder\plugins\mcufinder//mcu/
2022-10-04 10:27:31,075 [INFO] DbMcusJson:64 - Set database path to: C:\Users\Administrator\.stmcufinder\plugins\mcufinder//mcu/
2022-10-04 10:27:31,075 [INFO] DbBoardsDocs:110 - Set database path to: C:\Users\Administrator\.stmcufinder\plugins\mcufinder//mcu/
2022-10-04 10:27:31,091 [INFO] DbBoardsJson:57 - Set database path to: C:\Users\Administrator\.stmcufinder\plugins\mcufinder//mcu/
2022-10-04 10:27:31,091 [INFO] CrossReferenceDbSqlite:196 - Set database path to: C:\Users\Administrator\.stmcufinder\plugins\mcufinder//mcu/cs/
2022-10-04 10:27:31,091 [INFO] DbExamplesSqlite:767 - Set database path to: C:\Users\Administrator\.stmcufinder\plugins\mcufinder//mcu/
2022-10-04 10:27:31,200 [INFO] RulesReader:57 - Compatibility file has been processed (242 Rules)
2022-10-04 10:27:31,278 [INFO] DbMcusXml:74 - Set database path to: C:\ST\STM32CubeIDE_1.7.0\STM32CubeIDE\plugins\com.st.stm32cube.common.mx_6.3.0.202107141111\\db\/mcu/
2022-10-04 10:27:31,278 [INFO] DbBoardsPdsc:56 - Set plugin database path to: C:\ST\STM32CubeIDE_1.7.0\STM32CubeIDE\plugins\com.st.stm32cube.common.mx_6.3.0.202107141111\\db\/plugins/boardmanager/
2022-10-04 10:27:31,278 [INFO] DbMcus:258 - Set plugin images path to: C:\ST\STM32CubeIDE_1.7.0\STM32CubeIDE\plugins\com.st.stm32cube.common.mx_6.3.0.202107141111\\db\/plugins/mcufinder/images/
2022-10-04 10:27:31,278 [INFO] DbBoards:264 - Set plugin images path to: C:\ST\STM32CubeIDE_1.7.0\STM32CubeIDE\plugins\com.st.stm32cube.common.mx_6.3.0.202107141111\\db\/plugins/mcufinder/images/
2022-10-04 10:27:31,278 [INFO] DbExamples:333 - Set plugin images path to: C:\ST\STM32CubeIDE_1.7.0\STM32CubeIDE\plugins\com.st.stm32cube.common.mx_6.3.0.202107141111\\db\/plugins/mcufinder/images/
2022-10-04 10:27:31,278 [WARN] DbFile:35 - Overriding database path with different value: C:\Users\Administrator\.stmcufinder\plugins\mcufinder/ => C:\Users\Administrator\.stmcufinder\plugins\mcufinder
2022-10-04 10:27:31,278 [INFO] DbMcusAds:119 - Set database path to: C:\Users\Administrator\.stmcufinder\plugins\mcufinder//mcu/
2022-10-04 10:27:31,278 [WARN] DbFile:35 - Overriding database path with different value: C:\Users\Administrator\.stmcufinder\plugins\mcufinder/ => C:\Users\Administrator\.stmcufinder\plugins\mcufinder
2022-10-04 10:27:31,278 [INFO] DbMcusDocs:110 - Set database path to: C:\Users\Administrator\.stmcufinder\plugins\mcufinder//mcu/
2022-10-04 10:27:31,278 [WARN] DbFile:35 - Overriding database path with different value: C:\Users\Administrator\.stmcufinder\plugins\mcufinder/ => C:\Users\Administrator\.stmcufinder\plugins\mcufinder
2022-10-04 10:27:31,278 [INFO] DbMcusJson:64 - Set database path to: C:\Users\Administrator\.stmcufinder\plugins\mcufinder//mcu/
2022-10-04 10:27:31,278 [WARN] DbFile:35 - Overriding database path with different value: C:\Users\Administrator\.stmcufinder\plugins\mcufinder/ => C:\Users\Administrator\.stmcufinder\plugins\mcufinder
2022-10-04 10:27:31,278 [INFO] DbBoardsDocs:110 - Set database path to: C:\Users\Administrator\.stmcufinder\plugins\mcufinder//mcu/
2022-10-04 10:27:31,278 [WARN] DbFile:35 - Overriding database path with different value: C:\Users\Administrator\.stmcufinder\plugins\mcufinder/ => C:\Users\Administrator\.stmcufinder\plugins\mcufinder
2022-10-04 10:27:31,278 [INFO] DbBoardsJson:57 - Set database path to: C:\Users\Administrator\.stmcufinder\plugins\mcufinder//mcu/
2022-10-04 10:27:31,278 [WARN] DbFile:35 - Overriding database path with different value: C:\Users\Administrator\.stmcufinder\plugins\mcufinder/ => C:\Users\Administrator\.stmcufinder\plugins\mcufinder
2022-10-04 10:27:31,278 [WARN] DbFile:35 - Overriding database path with different value: C:\Users\Administrator\.stmcufinder\plugins\mcufinder/ => C:\Users\Administrator\.stmcufinder\plugins\mcufinder
2022-10-04 10:27:31,278 [INFO] CrossReferenceDbSqlite:196 - Set database path to: C:\Users\Administrator\.stmcufinder\plugins\mcufinder//mcu/cs/
2022-10-04 10:27:31,278 [WARN] DbFile:35 - Overriding database path with different value: C:\Users\Administrator\.stmcufinder\plugins\mcufinder/ => C:\Users\Administrator\.stmcufinder\plugins\mcufinder
2022-10-04 10:27:31,278 [INFO] DbExamplesSqlite:767 - Set database path to: C:\Users\Administrator\.stmcufinder\plugins\mcufinder//mcu/
2022-10-04 10:27:31,341 [INFO] MainPanel:214 - HeapMemory: 268435456
2022-10-04 10:27:31,419 [INFO] DbMcusXml:74 - Set database path to: C:\ST\STM32CubeIDE_1.7.0\STM32CubeIDE\plugins\com.st.stm32cube.common.mx_6.3.0.202107141111\\db\/mcu/
2022-10-04 10:27:31,419 [INFO] DbBoardsPdsc:56 - Set plugin database path to: C:\ST\STM32CubeIDE_1.7.0\STM32CubeIDE\plugins\com.st.stm32cube.common.mx_6.3.0.202107141111\\db\/plugins/boardmanager/
2022-10-04 10:27:31,419 [INFO] DbMcus:258 - Set plugin images path to: C:\ST\STM32CubeIDE_1.7.0\STM32CubeIDE\plugins\com.st.stm32cube.common.mx_6.3.0.202107141111\\db\/plugins/mcufinder/images/
2022-10-04 10:27:31,419 [INFO] DbBoards:264 - Set plugin images path to: C:\ST\STM32CubeIDE_1.7.0\STM32CubeIDE\plugins\com.st.stm32cube.common.mx_6.3.0.202107141111\\db\/plugins/mcufinder/images/
2022-10-04 10:27:31,419 [INFO] DbExamples:333 - Set plugin images path to: C:\ST\STM32CubeIDE_1.7.0\STM32CubeIDE\plugins\com.st.stm32cube.common.mx_6.3.0.202107141111\\db\/plugins/mcufinder/images/
2022-10-04 10:27:31,419 [WARN] DbFile:35 - Overriding database path with different value: C:\Users\Administrator\.stmcufinder\plugins\mcufinder/ => C:\Users\Administrator\.stmcufinder\plugins\mcufinder
2022-10-04 10:27:31,419 [INFO] DbMcusAds:119 - Set database path to: C:\Users\Administrator\.stmcufinder\plugins\mcufinder//mcu/
2022-10-04 10:27:31,419 [WARN] DbFile:35 - Overriding database path with different value: C:\Users\Administrator\.stmcufinder\plugins\mcufinder/ => C:\Users\Administrator\.stmcufinder\plugins\mcufinder
2022-10-04 10:27:31,419 [INFO] DbMcusDocs:110 - Set database path to: C:\Users\Administrator\.stmcufinder\plugins\mcufinder//mcu/
2022-10-04 10:27:31,419 [WARN] DbFile:35 - Overriding database path with different value: C:\Users\Administrator\.stmcufinder\plugins\mcufinder/ => C:\Users\Administrator\.stmcufinder\plugins\mcufinder
2022-10-04 10:27:31,419 [INFO] DbMcusJson:64 - Set database path to: C:\Users\Administrator\.stmcufinder\plugins\mcufinder//mcu/
2022-10-04 10:27:31,419 [WARN] DbFile:35 - Overriding database path with different value: C:\Users\Administrator\.stmcufinder\plugins\mcufinder/ => C:\Users\Administrator\.stmcufinder\plugins\mcufinder
2022-10-04 10:27:31,419 [INFO] DbBoardsDocs:110 - Set database path to: C:\Users\Administrator\.stmcufinder\plugins\mcufinder//mcu/
2022-10-04 10:27:31,419 [WARN] DbFile:35 - Overriding database path with different value: C:\Users\Administrator\.stmcufinder\plugins\mcufinder/ => C:\Users\Administrator\.stmcufinder\plugins\mcufinder
2022-10-04 10:27:31,419 [INFO] DbBoardsJson:57 - Set database path to: C:\Users\Administrator\.stmcufinder\plugins\mcufinder//mcu/
2022-10-04 10:27:31,419 [WARN] DbFile:35 - Overriding database path with different value: C:\Users\Administrator\.stmcufinder\plugins\mcufinder/ => C:\Users\Administrator\.stmcufinder\plugins\mcufinder
2022-10-04 10:27:31,419 [WARN] DbFile:35 - Overriding database path with different value: C:\Users\Administrator\.stmcufinder\plugins\mcufinder/ => C:\Users\Administrator\.stmcufinder\plugins\mcufinder
2022-10-04 10:27:31,419 [INFO] CrossReferenceDbSqlite:196 - Set database path to: C:\Users\Administrator\.stmcufinder\plugins\mcufinder//mcu/cs/
2022-10-04 10:27:31,419 [WARN] DbFile:35 - Overriding database path with different value: C:\Users\Administrator\.stmcufinder\plugins\mcufinder/ => C:\Users\Administrator\.stmcufinder\plugins\mcufinder
2022-10-04 10:27:31,419 [INFO] DbExamplesSqlite:767 - Set database path to: C:\Users\Administrator\.stmcufinder\plugins\mcufinder//mcu/
2022-10-04 10:27:31,434 [INFO] ApplicationProperties:181 - Using Application install path: C:\ST\STM32CubeIDE_1.7.0\STM32CubeIDE\plugins\com.st.stm32cube.common.mx_6.3.0.202107141111
2022-10-04 10:27:31,434 [INFO] PluginManage:188 - Search for loadable plugins [exclusion list=, ]
2022-10-04 10:27:31,434 [INFO] PluginManage:302 - Check plugin analytics
2022-10-04 10:27:31,606 [INFO] AnalyticsPlugin:257 - Accepted Software Licenses: 
2022-10-04 10:27:31,606 [INFO] AnalyticsPlugin:259 - Accepted CMSIS Pack Licenses: 
2022-10-04 10:27:31,606 [INFO] AnalyticsPlugin:261 - Accepted Firmware Licenses: 
2022-10-04 10:27:31,606 [INFO] PluginManage:352 - Loaded plugin analytics (category:tool,tabindex:-1)
2022-10-04 10:27:31,606 [INFO] PluginManage:302 - Check plugin clock
2022-10-04 10:27:31,622 [INFO] PluginManage:352 - Loaded plugin clock (category:base,tabindex:2)
2022-10-04 10:27:31,622 [INFO] PluginManage:302 - Check plugin ddr
2022-10-04 10:27:31,622 [INFO] PluginManage:352 - Loaded plugin ddr (category:tool,tabindex:6)
2022-10-04 10:27:31,622 [INFO] PluginManage:302 - Check plugin filemanager
2022-10-04 10:27:31,762 [INFO] PluginManage:352 - Loaded plugin filemanager (category:base,tabindex:10)
2022-10-04 10:27:31,762 [INFO] PluginManage:302 - Check plugin ipmanager
2022-10-04 10:27:31,778 [INFO] PluginManage:352 - Loaded plugin ipmanager (category:base,tabindex:5)
2022-10-04 10:27:31,778 [INFO] PluginManage:302 - Check plugin pinoutandconfiguration
2022-10-04 10:27:31,778 [INFO] PluginManage:352 - Loaded plugin pinoutandconfiguration (category:base,tabindex:1)
2022-10-04 10:27:31,778 [INFO] PluginManage:302 - Check plugin pinoutconfig
2022-10-04 10:27:31,809 [INFO] PluginManage:352 - Loaded plugin pinoutconfig (category:base,tabindex:0)
2022-10-04 10:27:31,809 [INFO] PluginManage:302 - Check plugin power
2022-10-04 10:27:31,825 [INFO] PluginManage:352 - Loaded plugin power (category:power,tabindex:4)
2022-10-04 10:27:31,825 [INFO] PluginManage:302 - Check plugin projectmanager
2022-10-04 10:27:31,841 [INFO] PluginManage:352 - Loaded plugin projectmanager (category:projectmanager,tabindex:3)
2022-10-04 10:27:31,841 [INFO] PluginManage:302 - Check plugin thirdparty
2022-10-04 10:27:32,075 [WARN] IntegrityCheckThread:78 - waiting for thirdparty lock release [integrity check]
2022-10-04 10:27:32,075 [INFO] PluginManage:352 - Loaded plugin thirdparty (category:base,tabindex:-1)
2022-10-04 10:27:32,075 [INFO] IntegrityCheckThread:80 - entering critical section [integrity check]
2022-10-04 10:27:32,075 [INFO] PluginManage:302 - Check plugin tools
2022-10-04 10:27:32,075 [INFO] ThirdPartyUpdaterWithRetryManager:66 - Updater plugin not ready yet. [1/15]
2022-10-04 10:27:32,091 [INFO] PluginManage:352 - Loaded plugin tools (category:base,tabindex:7)
2022-10-04 10:27:32,091 [INFO] PluginManage:302 - Check plugin tutovideos
2022-10-04 10:27:32,338 [INFO] PluginManage:352 - Loaded plugin tutovideos (category:base,tabindex:-1)
2022-10-04 10:27:32,338 [INFO] PluginManage:302 - Check plugin updater
2022-10-04 10:27:32,354 [INFO] PluginManage:352 - Loaded plugin updater (category:base,tabindex:12)
2022-10-04 10:27:32,354 [INFO] PluginManage:275 - PluginManage : Loaded plugins [13]
2022-10-04 10:27:32,527 [INFO] PinOutPanel:1463 - setPackage(No Configuration,No Configuration)
2022-10-04 10:27:32,605 [INFO] IPUIPlugin:74 - create IPUIPlugin
2022-10-04 10:27:32,605 [INFO] PluginManager:213 - loadIPPluginJar : add adc
2022-10-04 10:27:32,605 [INFO] IPUIPlugin:74 - create IPUIPlugin
2022-10-04 10:27:32,605 [INFO] PluginManager:213 - loadIPPluginJar : add aes
2022-10-04 10:27:32,620 [INFO] IPUIPlugin:74 - create IPUIPlugin
2022-10-04 10:27:32,620 [INFO] PluginManager:213 - loadIPPluginJar : add can
2022-10-04 10:27:32,620 [INFO] IPUIPlugin:74 - create IPUIPlugin
2022-10-04 10:27:32,620 [INFO] PluginManager:213 - loadIPPluginJar : add comp
2022-10-04 10:27:32,620 [INFO] IPUIPlugin:74 - create IPUIPlugin
2022-10-04 10:27:32,620 [INFO] PluginManager:213 - loadIPPluginJar : add cryp
2022-10-04 10:27:32,620 [INFO] IPUIPlugin:74 - create IPUIPlugin
2022-10-04 10:27:32,620 [INFO] PluginManager:213 - loadIPPluginJar : add dfsdm
2022-10-04 10:27:32,620 [INFO] IPUIPlugin:74 - create IPUIPlugin
2022-10-04 10:27:32,636 [INFO] PluginManager:213 - loadIPPluginJar : add dma
2022-10-04 10:27:32,636 [INFO] IPUIPlugin:74 - create IPUIPlugin
2022-10-04 10:27:32,636 [INFO] PluginManager:213 - loadIPPluginJar : add dma3
2022-10-04 10:27:32,636 [INFO] IPUIPlugin:74 - create IPUIPlugin
2022-10-04 10:27:32,636 [INFO] PluginManager:213 - loadIPPluginJar : add fatfs
2022-10-04 10:27:32,636 [INFO] IPUIPlugin:74 - create IPUIPlugin
2022-10-04 10:27:32,636 [INFO] PluginManager:213 - loadIPPluginJar : add fmc
2022-10-04 10:27:32,652 [INFO] IPUIPlugin:74 - create IPUIPlugin
2022-10-04 10:27:32,652 [INFO] PluginManager:213 - loadIPPluginJar : add freertos
2022-10-04 10:27:32,652 [INFO] IPUIPlugin:74 - create IPUIPlugin
2022-10-04 10:27:32,652 [INFO] PluginManager:213 - loadIPPluginJar : add genericplugin
2022-10-04 10:27:32,652 [INFO] IPUIPlugin:74 - create IPUIPlugin
2022-10-04 10:27:32,652 [INFO] PluginManager:213 - loadIPPluginJar : add gfxmmu
2022-10-04 10:27:32,652 [INFO] IPUIPlugin:74 - create IPUIPlugin
2022-10-04 10:27:32,652 [INFO] PluginManager:213 - loadIPPluginJar : add gic
2022-10-04 10:27:32,667 [INFO] IPUIPlugin:74 - create IPUIPlugin
2022-10-04 10:27:32,667 [INFO] PluginManager:213 - loadIPPluginJar : add gpio
2022-10-04 10:27:32,667 [INFO] IPUIPlugin:74 - create IPUIPlugin
2022-10-04 10:27:32,667 [INFO] PluginManager:213 - loadIPPluginJar : add gtzc
2022-10-04 10:27:32,667 [INFO] IPUIPlugin:74 - create IPUIPlugin
2022-10-04 10:27:32,667 [INFO] PluginManager:213 - loadIPPluginJar : add hash
2022-10-04 10:27:32,667 [INFO] IPUIPlugin:74 - create IPUIPlugin
2022-10-04 10:27:32,667 [INFO] PluginManager:213 - loadIPPluginJar : add i2c
2022-10-04 10:27:32,667 [INFO] IPUIPlugin:74 - create IPUIPlugin
2022-10-04 10:27:32,667 [INFO] PluginManager:213 - loadIPPluginJar : add i2s
2022-10-04 10:27:32,683 [INFO] IPUIPlugin:74 - create IPUIPlugin
2022-10-04 10:27:32,683 [INFO] PluginManager:213 - loadIPPluginJar : add ipddr
2022-10-04 10:27:32,698 [INFO] IPUIPlugin:74 - create IPUIPlugin
2022-10-04 10:27:32,698 [INFO] PluginManager:213 - loadIPPluginJar : add linkedlist
2022-10-04 10:27:32,698 [INFO] IPUIPlugin:74 - create IPUIPlugin
2022-10-04 10:27:32,698 [INFO] PluginManager:213 - loadIPPluginJar : add lorawan
2022-10-04 10:27:32,698 [INFO] IPUIPlugin:74 - create IPUIPlugin
2022-10-04 10:27:32,698 [INFO] PluginManager:213 - loadIPPluginJar : add ltdc
2022-10-04 10:27:32,698 [INFO] IPUIPlugin:74 - create IPUIPlugin
2022-10-04 10:27:32,698 [INFO] PluginManager:213 - loadIPPluginJar : add mdma
2022-10-04 10:27:32,714 [INFO] IPUIPlugin:74 - create IPUIPlugin
2022-10-04 10:27:32,714 [INFO] PluginManager:213 - loadIPPluginJar : add nvic
2022-10-04 10:27:32,714 [INFO] IPUIPlugin:74 - create IPUIPlugin
2022-10-04 10:27:32,714 [INFO] PluginManager:213 - loadIPPluginJar : add opamp
2022-10-04 10:27:32,714 [INFO] IPUIPlugin:74 - create IPUIPlugin
2022-10-04 10:27:32,714 [INFO] PluginManager:213 - loadIPPluginJar : add openamp
2022-10-04 10:27:32,714 [INFO] IPUIPlugin:74 - create IPUIPlugin
2022-10-04 10:27:32,714 [INFO] PluginManager:213 - loadIPPluginJar : add pdm2pcm
2022-10-04 10:27:32,730 [INFO] IPUIPlugin:74 - create IPUIPlugin
2022-10-04 10:27:32,730 [INFO] PluginManager:213 - loadIPPluginJar : add plateformsettings
2022-10-04 10:27:32,730 [INFO] IPUIPlugin:74 - create IPUIPlugin
2022-10-04 10:27:32,730 [INFO] PluginManager:213 - loadIPPluginJar : add quadspi
2022-10-04 10:27:32,730 [INFO] IPUIPlugin:74 - create IPUIPlugin
2022-10-04 10:27:32,730 [INFO] PluginManager:213 - loadIPPluginJar : add resmgrutility
2022-10-04 10:27:32,745 [INFO] IPUIPlugin:74 - create IPUIPlugin
2022-10-04 10:27:32,745 [INFO] PluginManager:213 - loadIPPluginJar : add sai
2022-10-04 10:27:32,745 [INFO] IPUIPlugin:74 - create IPUIPlugin
2022-10-04 10:27:32,745 [INFO] PluginManager:213 - loadIPPluginJar : add spi
2022-10-04 10:27:32,745 [INFO] IPUIPlugin:74 - create IPUIPlugin
2022-10-04 10:27:32,745 [INFO] PluginManager:213 - loadIPPluginJar : add stm32_wpan
2022-10-04 10:27:32,745 [INFO] IPUIPlugin:74 - create IPUIPlugin
2022-10-04 10:27:32,745 [INFO] PluginManager:213 - loadIPPluginJar : add tim
2022-10-04 10:27:32,745 [INFO] IPUIPlugin:74 - create IPUIPlugin
2022-10-04 10:27:32,745 [INFO] PluginManager:213 - loadIPPluginJar : add touchsensing
2022-10-04 10:27:32,761 [INFO] IPUIPlugin:74 - create IPUIPlugin
2022-10-04 10:27:32,761 [INFO] PluginManager:213 - loadIPPluginJar : add tracer_emb
2022-10-04 10:27:32,761 [INFO] IPUIPlugin:74 - create IPUIPlugin
2022-10-04 10:27:32,761 [INFO] PluginManager:213 - loadIPPluginJar : add ts
2022-10-04 10:27:32,761 [INFO] IPUIPlugin:74 - create IPUIPlugin
2022-10-04 10:27:32,761 [INFO] PluginManager:213 - loadIPPluginJar : add tsc
2022-10-04 10:27:32,761 [INFO] IPUIPlugin:74 - create IPUIPlugin
2022-10-04 10:27:32,761 [INFO] PluginManager:213 - loadIPPluginJar : add ucpd
2022-10-04 10:27:32,761 [INFO] IPUIPlugin:74 - create IPUIPlugin
2022-10-04 10:27:32,761 [INFO] PluginManager:213 - loadIPPluginJar : add usart
2022-10-04 10:27:32,761 [INFO] IPUIPlugin:74 - create IPUIPlugin
2022-10-04 10:27:32,761 [INFO] PluginManager:213 - loadIPPluginJar : add usbx
2022-10-04 10:27:33,114 [FATAL] Updater:294 - Updater called before beeing initialized
2022-10-04 10:27:33,239 [FATAL] Updater:294 - Updater called before beeing initialized
2022-10-04 10:27:33,239 [INFO] DbMcusAds:47 - JSON generation date=Thu Sep 30 13:55:09 ICT 2021 (1632984909247)
2022-10-04 10:27:33,239 [FATAL] Updater:294 - Updater called before beeing initialized
2022-10-04 10:27:33,286 [WARN] DetailPanel:314 - Failed to get advertising image, set to default
2022-10-04 10:27:33,395 [FATAL] Updater:294 - Updater called before beeing initialized
2022-10-04 10:27:33,395 [FATAL] Updater:294 - Updater called before beeing initialized
2022-10-04 10:27:33,395 [FATAL] Updater:294 - Updater called before beeing initialized
2022-10-04 10:27:33,395 [WARN] DetailPanel:314 - Failed to get advertising image, set to default
2022-10-04 10:27:33,395 [FATAL] Updater:294 - Updater called before beeing initialized
2022-10-04 10:27:33,458 [ERROR] Updater:1075 - MainUpdater not yet initialized. External WinMGr cannot be set.
2022-10-04 10:27:33,458 [INFO] Updater:1012 - Updater Version found : 6.3.0
2022-10-04 10:27:33,473 [INFO] ApplicationProperties:181 - Using Application install path: C:\ST\STM32CubeIDE_1.7.0\STM32CubeIDE\plugins\com.st.stm32cube.common.mx_6.3.0.202107141111
2022-10-04 10:27:33,567 [ERROR] ServerAccessManage:1031 - Warning during Server Connexion :  Unknown host sw-center.st.com
2022-10-04 10:27:33,567 [ERROR] ServerAccessManage:1031 - Warning during Server Connexion :  Unknown host www.ebuc23.com
2022-10-04 10:27:33,567 [INFO] MainUpdater:2671 - connection check result : 22
2022-10-04 10:27:33,567 [INFO] MainUpdater:265 - Updater Check For Update Now.
2022-10-04 10:27:33,567 [INFO] MicroXplorer:478 - Change Database Version : DB.6.0.30
2022-10-04 10:27:33,723 [INFO] CheckServerUpdateThread:112 - End of CheckServer Thread
2022-10-04 10:27:33,786 [INFO] MainUpdater:2671 - connection check result : 22
2022-10-04 10:27:35,254 [WARN] PackLoader:238 - Cannot read IP mode file for STMicroelectronics.X-CUBE-GNSS1.6.0.0
2022-10-04 10:27:35,285 [WARN] PackLoader:238 - Cannot read IP mode file for STMicroelectronics.X-CUBE-AZRTOS-F4.1.1.0
2022-10-04 10:27:35,379 [WARN] PackLoader:238 - Cannot read IP mode file for STMicroelectronics.X-CUBE-AZRTOS-F7.1.1.0
2022-10-04 10:27:35,394 [WARN] PackLoader:238 - Cannot read IP mode file for STMicroelectronics.X-CUBE-BLE1.6.2.3
2022-10-04 10:27:35,415 [WARN] PackLoader:238 - Cannot read IP mode file for STMicroelectronics.X-CUBE-NFC4.2.0.4
2022-10-04 10:27:35,439 [WARN] PackLoader:238 - Cannot read IP mode file for STMicroelectronics.X-CUBE-TOF1.3.1.0
2022-10-04 10:27:35,455 [WARN] PackLoader:238 - Cannot read IP mode file for wolfSSL.I-CUBE-wolfSSL.5.5.0
2022-10-04 10:27:35,455 [WARN] PackLoader:238 - Cannot read IP mode file for STMicroelectronics.X-CUBE-NFC7.1.0.0
2022-10-04 10:27:35,548 [WARN] PackLoader:238 - Cannot read IP mode file for STMicroelectronics.X-CUBE-MEMS1.9.3.0
2022-10-04 10:27:35,830 [WARN] PackLoader:238 - Cannot read IP mode file for STMicroelectronics.X-CUBE-AI.7.2.0
2022-10-04 10:27:35,845 [WARN] PackLoader:238 - Cannot read IP mode file for STMicroelectronics.X-CUBE-SFXS2LP1.4.0.0
2022-10-04 10:27:35,845 [WARN] PackLoader:238 - Cannot read IP mode file for STMicroelectronics.X-CUBE-BLE2.3.3.0
2022-10-04 10:27:35,861 [WARN] PackLoader:238 - Cannot read IP mode file for STMicroelectronics.X-CUBE-DISPLAY.2.2.0
2022-10-04 10:27:35,877 [WARN] PackLoader:238 - Cannot read IP mode file for STMicroelectronics.X-CUBE-ISPU.1.0.0
2022-10-04 10:27:35,892 [WARN] PackLoader:238 - Cannot read IP mode file for RoweBots.I-CUBE-UNISONRTOS.5.5.0-4
2022-10-04 10:27:35,908 [WARN] PackLoader:238 - Cannot read IP mode file for STMicroelectronics.X-CUBE-AZRTOS-H7.2.1.0
2022-10-04 10:27:35,939 [WARN] PackLoader:238 - Cannot read IP mode file for STMicroelectronics.X-CUBE-BLEMGR.1.0.0
2022-10-04 10:27:35,955 [WARN] PackLoader:238 - Cannot read IP mode file for STMicroelectronics.X-CUBE-ALGOBUILD.1.3.0
2022-10-04 10:27:35,970 [WARN] PackLoader:238 - Cannot read IP mode file for STMicroelectronics.X-CUBE-AZRTOS-G0.1.1.0
2022-10-04 10:27:36,002 [WARN] PackLoader:238 - Cannot read IP mode file for STMicroelectronics.X-CUBE-SUBG2.5.0.0
2022-10-04 10:27:36,111 [WARN] PackLoader:238 - Cannot read IP mode file for SEGGER.I-CUBE-embOS.1.2.0
2022-10-04 10:27:36,173 [WARN] PackLoader:238 - Cannot read IP mode file for STMicroelectronics.FP-ATR-ASTRA1.1.1.1
2022-10-04 10:27:36,205 [WARN] PackLoader:238 - Cannot read IP mode file for STMicroelectronics.X-CUBE-AZRTOS-G4.1.0.0
2022-10-04 10:27:36,236 [WARN] PackLoader:238 - Cannot read IP mode file for STMicroelectronics.X-CUBE-AZRTOS-L4.1.0.0
2022-10-04 10:27:36,236 [WARN] PackLoader:238 - Cannot read IP mode file for emotas.I-CUBE-CANOPEN.1.1.2
2022-10-04 10:27:36,252 [WARN] PackLoader:238 - Cannot read IP mode file for STMicroelectronics.X-CUBE-TOUCHGFX.4.20.0
2022-10-04 10:27:36,267 [WARN] PackLoader:238 - Cannot read IP mode file for STMicroelectronics.X-CUBE-AZRTOS-WL.1.0.0
2022-10-04 10:27:36,267 [WARN] PackLoader:238 - Cannot read IP mode file for portGmbH.I-Cube-SoM-uGOAL.1.1.0
2022-10-04 10:27:36,267 [WARN] PackLoader:238 - Cannot read IP mode file for STMicroelectronics.X-CUBE-ALS.1.0.1
2022-10-04 10:27:36,314 [WARN] PackLoader:238 - Cannot read IP mode file for STMicroelectronics.X-CUBE-AZRTOS-L5.1.0.0
2022-10-04 10:27:36,314 [WARN] PackLoader:238 - Cannot read IP mode file for STMicroelectronics.X-CUBE-EEPRMA1.3.1.1
2022-10-04 10:27:36,314 [INFO] ThirdParty:915 - Integrity check success = true
2022-10-04 10:27:36,314 [INFO] IntegrityCheckThread:94 - exiting critical section [integrity check]
2022-10-04 10:27:36,314 [INFO] IntegrityCheckThread:97 - End integrity checks thread
2022-10-04 10:27:42,349 [ERROR] ServerAccessManage:1031 - Warning during Server Connexion :  Unknown host sw-center.st.com
2022-10-04 10:27:42,350 [ERROR] ServerAccessManage:1031 - Warning during Server Connexion :  Unknown host www.ebuc23.com
2022-10-04 10:27:42,352 [INFO] MainUpdater:2671 - connection check result : 22
2022-10-04 10:28:09,343 [WARN] ServerAccessManage:1053 - Warning during Server Connexion :  timeout connect timed out
2022-10-04 10:28:10,343 [WARN] ServerAccessManage:1053 - Warning during Server Connexion :  timeout connect timed out
2022-10-04 10:28:14,146 [INFO] MainUpdater:2671 - connection check result : 10
2022-10-04 10:28:14,386 [INFO] McuFinderGlobals:52 - Set McuFinderConnectedMode to false
2022-10-04 10:28:14,527 [INFO] CrossSelectorPresenter:1330 - Cross Selector saved comparison directory: C:\Users\Administrator\.stmcufinder\plugins\mcufinder\mcu\cs_comparisons_mx
2022-10-04 10:28:14,542 [INFO] MultiScanPanel:197 - Auto-refresh data requested => check proxy status ongoing
2022-10-04 10:28:14,542 [INFO] MultiScanPanel:201 - Proxy status is invalid
2022-10-04 10:28:14,542 [INFO] FinderPluginLoader:87 - Searching for filters in installed packs
2022-10-04 10:28:14,542 [INFO] DbMcusXml:100 - Load MCU database from C:\ST\STM32CubeIDE_1.7.0\STM32CubeIDE\plugins\com.st.stm32cube.common.mx_6.3.0.202107141111\\db\/mcu/families.xml
2022-10-04 10:28:16,261 [INFO] DbMcusJson:93 - JSON generation date=Tue Nov 16 23:17:54 ICT 2021 (1637079474)
2022-10-04 10:28:17,605 [INFO] DbMcus:175 - Found 1951 MCUs (1903 are supported by CubeMX, 1914 are visible in CubeMX)
2022-10-04 10:28:17,605 [INFO] ApiDb:251 - Load user favorites file C:\Users\Administrator/.stm32cubeide/favorites.mcus.txt: 0 item(s)
2022-10-04 10:28:17,605 [INFO] ApiDb:255 - User favorites MCUs=[]
2022-10-04 10:28:17,620 [INFO] DbMcus:187 - Set 0 / 0 favorites MCUs
2022-10-04 10:28:18,402 [INFO] DetailPanel:309 - Set advertising image to C:/Users/Administrator/STM32Cube/Repository/\en.Prom_NBSTM32U50921.jpg
2022-10-04 10:28:19,386 [INFO] DbBoardsPdsc:90 - Found 25 items
2022-10-04 10:28:19,386 [INFO] DbBoardsPdsc:90 - Found 9 items
2022-10-04 10:28:19,386 [INFO] DbBoardsPdsc:90 - Found 33 items
2022-10-04 10:28:19,402 [INFO] DbBoardsPdsc:90 - Found 1 items
2022-10-04 10:28:19,402 [INFO] DbBoardsPdsc:90 - Found 48 items
2022-10-04 10:28:19,417 [INFO] DbBoardsPdsc:90 - Found 43 items
2022-10-04 10:28:19,417 [INFO] DbBoardsPdsc:90 - Found 2 items
2022-10-04 10:28:19,417 [INFO] DbBoardsPdsc:90 - Found 5 items
2022-10-04 10:28:19,433 [WARN] DbBoardsPdsc:254 - Board STM32H7B3I-DK: unknown feature type=Audio, name=, username=Audio stereo codec with Headphone Amp (CS42L51-CNZ), n=1
2022-10-04 10:28:19,433 [WARN] DbBoardsPdsc:254 - Board STM32H735G-DK: unknown feature type=Audio, name=, username=Audio stereo codec with Headphone Amp (WM8994ECS/R), n=1
2022-10-04 10:28:19,433 [WARN] DbBoardsPdsc:254 - Board STM32H7B3I-EVAL: unknown feature type=Audio, name=, username=Multi-Channel Audio Codec (CS42L51-CNZ), n=1
2022-10-04 10:28:19,433 [WARN] DbBoardsPdsc:254 - Board STM32H7B3I-EVAL: unknown feature type=Meter, name=, username=Power-metering and Temperature-monitoring with sigma-delta modulators, n=1
2022-10-04 10:28:19,433 [WARN] DbBoardsPdsc:254 - Board STM32H7B3I-EVAL: unknown feature type=Motor, name=, username=Motor Control, n=1
2022-10-04 10:28:19,433 [WARN] DbBoardsPdsc:254 - Board STM32U575I-EV: unknown feature type=joystick, name=, username=4-direction joystick with selection button, n=1
2022-10-04 10:28:19,480 [INFO] DbBoardsJson:86 - JSON generation date=Tue Nov 16 23:17:54 ICT 2021 (1637079474)
2022-10-04 10:28:19,480 [INFO] DbBoards:117 - Found 167 boards (163 are supported by CubeMX)
2022-10-04 10:28:19,480 [INFO] DbBoardsDocs:143 - JSON generation date=Tue Nov 16 23:17:54 ICT 2021 (1637079474)
2022-10-04 10:28:19,495 [INFO] DbBoardsDocs:79 - Found 209 boards documents
2022-10-04 10:28:19,495 [WARN] DbBoards:127 - board B-L475E-IOT01A2 has no document id list !
2022-10-04 10:28:19,495 [WARN] DbBoards:127 - board NUCLEO-H743ZI has no document id list !
2022-10-04 10:28:19,495 [WARN] DbBoards:127 - board NUCLEO-WL55JC2 has no document id list !
2022-10-04 10:28:19,495 [WARN] DbBoards:127 - board P-NUCLEO-WB55-Nucleo has no document id list !
2022-10-04 10:28:19,495 [WARN] DbBoards:127 - board P-NUCLEO-WB55-USBDongle has no document id list !
2022-10-04 10:28:19,495 [WARN] DbBoards:127 - board STEVAL-BFA001V1B has no document id list !
2022-10-04 10:28:19,495 [WARN] DbBoards:127 - board STEVAL-BFA001V2B has no document id list !
2022-10-04 10:28:19,495 [WARN] DbBoards:127 - board STEVAL-IDP005V1 has no document id list !
2022-10-04 10:28:19,495 [WARN] DbBoards:127 - board STEVAL-IDP005V2 has no document id list !
2022-10-04 10:28:19,495 [WARN] DbBoards:127 - board STEVAL-MKSBOX1V1 has no document id list !
2022-10-04 10:28:19,495 [WARN] DbBoards:127 - board STEVAL-STWINKT1 has no document id list !
2022-10-04 10:28:19,495 [WARN] DbBoards:127 - board STEVAL-STWINKT1B has no document id list !
2022-10-04 10:28:19,495 [WARN] DbBoards:127 - board STM32439I-EVAL2 has no document id list !
2022-10-04 10:28:19,495 [WARN] DbBoards:127 - board STM32F401C-DISCO has no document id list !
2022-10-04 10:28:19,495 [WARN] DbBoards:127 - board STM32F769I-DISC1 has no document id list !
2022-10-04 10:28:19,495 [WARN] DbBoards:127 - board STM32G474E-EVAL1 has no document id list !
2022-10-04 10:28:19,495 [WARN] DbBoards:127 - board STM32H743I-EVAL2 has no document id list !
2022-10-04 10:28:19,495 [WARN] DbBoards:127 - board STM32H747I-DISC1 has no document id list !
2022-10-04 10:28:19,495 [WARN] DbBoards:127 - board STM32H753I-EVAL2 has no document id list !
2022-10-04 10:28:19,511 [WARN] DbBoards:127 - board STM32L-DISCOVERY has no document id list !
2022-10-04 10:28:19,714 [ERROR] DbBoards:189 - Image file not found for board B-U585I-IOT02A: C:\ST\STM32CubeIDE_1.7.0\STM32CubeIDE\plugins\com.st.stm32cube.common.mx_6.3.0.202107141111\\db\/plugins/mcufinder/images/boards/B-U585I-IOT02A_small.jpg
2022-10-04 10:28:19,870 [ERROR] DbBoards:189 - Image file not found for board NUCLEO-F413ZH: C:\ST\STM32CubeIDE_1.7.0\STM32CubeIDE\plugins\com.st.stm32cube.common.mx_6.3.0.202107141111\\db\/plugins/mcufinder/images/boards/nucleo-f413zh_small.jpg
2022-10-04 10:28:20,308 [ERROR] DbBoards:189 - Image file not found for board NUCLEO-L552ZE-Q: C:\ST\STM32CubeIDE_1.7.0\STM32CubeIDE\plugins\com.st.stm32cube.common.mx_6.3.0.202107141111\\db\/plugins/mcufinder/images/boards/nucleo_l552ze_q_small.jpg
2022-10-04 10:28:20,308 [ERROR] DbBoards:189 - Image file not found for board NUCLEO-U575ZI-Q: C:\ST\STM32CubeIDE_1.7.0\STM32CubeIDE\plugins\com.st.stm32cube.common.mx_6.3.0.202107141111\\db\/plugins/mcufinder/images/boards/nucleo-u575zi-q_small.jpg
2022-10-04 10:28:20,308 [ERROR] DbBoards:189 - Image file not found for board NUCLEO-WB15CC: C:\ST\STM32CubeIDE_1.7.0\STM32CubeIDE\plugins\com.st.stm32cube.common.mx_6.3.0.202107141111\\db\/plugins/mcufinder/images/boards/nucleo-wb15cc_small.jpg
2022-10-04 10:28:20,308 [ERROR] DbBoards:189 - Image file not found for board NUCLEO-WB55RG: C:\ST\STM32CubeIDE_1.7.0\STM32CubeIDE\plugins\com.st.stm32cube.common.mx_6.3.0.202107141111\\db\/plugins/mcufinder/images/boards/nucleo-wb55rg_small.jpg
2022-10-04 10:28:22,377 [INFO] ApiDb:251 - Load user favorites file C:\Users\Administrator/.stm32cubeide/favorites.boards.txt: 0 item(s)
2022-10-04 10:28:22,377 [INFO] ApiDb:255 - User favorites Boards=[]
2022-10-04 10:28:22,377 [INFO] DbBoards:206 - Set 0 / 0 favorites Boards
2022-10-04 10:28:32,937 [INFO] DbMcusDocs:143 - JSON generation date=Tue Nov 16 23:17:54 ICT 2021 (1637079474)
2022-10-04 10:28:33,676 [INFO] DbMcusDocs:79 - Found 682 MCUs documents
2022-10-04 10:28:43,303 [INFO] MainUpdater:2671 - connection check result : 10
2022-10-04 10:28:43,303 [INFO] MainUpdater:2671 - connection check result : 10
2022-10-04 10:28:43,336 [INFO] MicroXplorer:448 - Change Database Path : 
2022-10-04 10:28:43,336 [INFO] MicroXplorer:478 - Change Database Version : DB.6.0.30
2022-10-04 10:28:43,336 [WARN] ThirdParty:813 - waiting for thirdparty lock release [close project]
2022-10-04 10:28:43,336 [INFO] ThirdParty:815 - entering critical section [close project]
2022-10-04 10:28:43,352 [INFO] ThirdParty:825 - exiting critical section [close project]
2022-10-04 10:28:43,352 [INFO] PinOutPanel:1463 - setPackage(No Configuration,No Configuration)
2022-10-04 10:28:43,352 [INFO] UtilMem:74 - Begin LoadConfig() Used Memory: 314651512 Bytes (470810624)
2022-10-04 10:28:43,352 [INFO] MicroXplorer:448 - Change Database Path : 
2022-10-04 10:28:43,352 [INFO] MicroXplorer:478 - Change Database Version : DB.6.0.30
2022-10-04 10:28:43,352 [INFO] OpenFileManager:313 - Change cursor
2022-10-04 10:28:44,377 [INFO] Context:592 - Trying to add GPIOservice into a context  which must be forbidden
2022-10-04 10:28:44,752 [INFO] ImportTextPane:167 - (OptionalMessage_ERROR) Unable to find key (Mcu.ThirdPartyNb) in loaded IOC file
2022-10-04 10:28:44,752 [INFO] ImportTextPane:167 - (OptionalMessage_ERROR) Unable to find key (Mcu.PinsNb) in loaded IOC file
2022-10-04 10:28:44,752 [INFO] ImportTextPane:167 - (OptionalMessage_ERROR) Unable to find key (Mcu.IPNb) in loaded IOC file
2022-10-04 10:28:44,861 [WARN] ApiManager:304 - Cannot register API 'Board Extension:GNSS1A1' from pack STMicroelectronics.X-CUBE-GNSS1.6.0.0: no header file found
2022-10-04 10:28:44,861 [WARN] ApiManager:304 - Cannot register API 'Board Support:Custom' from pack STMicroelectronics.X-CUBE-GNSS1.6.0.0: no header file found
2022-10-04 10:28:44,861 [WARN] ApiManager:304 - Cannot register API 'Data Exchange:lib_gnss' from pack STMicroelectronics.X-CUBE-GNSS1.6.0.0: no header file found
2022-10-04 10:28:44,892 [WARN] ModelIntegratedComponent:60 - No mode defined for component null
2022-10-04 10:28:44,892 [WARN] ModelIntegratedComponent:60 - No mode defined for component null
2022-10-04 10:28:44,892 [WARN] ModelIntegratedComponent:60 - No mode defined for component null
2022-10-04 10:28:44,892 [WARN] ModelIntegratedComponent:60 - No mode defined for component null
2022-10-04 10:28:44,892 [WARN] ModelIntegratedComponent:60 - No mode defined for component null
2022-10-04 10:28:44,892 [WARN] ModelIntegratedComponent:60 - No mode defined for component null
2022-10-04 10:28:44,892 [WARN] ModelIntegratedComponent:60 - No mode defined for component null
2022-10-04 10:28:44,892 [WARN] ModelIntegratedComponent:60 - No mode defined for component null
2022-10-04 10:28:44,892 [WARN] ModelIntegratedComponent:60 - No mode defined for component null
2022-10-04 10:28:44,892 [WARN] ModelIntegratedComponent:60 - No mode defined for component null
2022-10-04 10:28:44,892 [WARN] ModelIntegratedComponent:60 - No mode defined for component null
2022-10-04 10:28:44,892 [WARN] ModelIntegratedComponent:60 - No mode defined for component null
2022-10-04 10:28:44,892 [WARN] ModelIntegratedComponent:60 - No mode defined for component null
2022-10-04 10:28:44,892 [WARN] ModelIntegratedComponent:60 - No mode defined for component null
2022-10-04 10:28:44,892 [WARN] ModelIntegratedComponent:60 - No mode defined for component null
2022-10-04 10:28:44,892 [WARN] ModelIntegratedComponent:60 - No mode defined for component null
2022-10-04 10:28:44,892 [WARN] ModelIntegratedComponent:60 - No mode defined for component null
2022-10-04 10:28:44,892 [WARN] ModelIntegratedComponent:60 - No mode defined for component null
2022-10-04 10:28:44,892 [WARN] ModelIntegratedComponent:60 - No mode defined for component null
2022-10-04 10:28:44,892 [WARN] ModelIntegratedComponent:60 - No mode defined for component null
2022-10-04 10:28:44,892 [WARN] ModelIntegratedComponent:60 - No mode defined for component null
2022-10-04 10:28:44,892 [WARN] ModelIntegratedComponent:60 - No mode defined for component null
2022-10-04 10:28:44,892 [WARN] ModelIntegratedComponent:60 - No mode defined for component null
2022-10-04 10:28:44,892 [WARN] ModelIntegratedComponent:60 - No mode defined for component null
2022-10-04 10:28:44,892 [WARN] ModelIntegratedComponent:60 - No mode defined for component null
2022-10-04 10:28:44,892 [WARN] ModelIntegratedComponent:60 - No mode defined for component null
2022-10-04 10:28:44,892 [WARN] ModelIntegratedComponent:60 - No mode defined for component null
2022-10-04 10:28:44,892 [WARN] ModelIntegratedComponent:60 - No mode defined for component null
2022-10-04 10:28:44,892 [WARN] ModelIntegratedComponent:60 - No mode defined for component null
2022-10-04 10:28:44,892 [WARN] ModelIntegratedComponent:60 - No mode defined for component null
2022-10-04 10:28:44,892 [WARN] ModelIntegratedComponent:60 - No mode defined for component null
2022-10-04 10:28:44,908 [WARN] ApiManager:304 - Cannot register API 'Board Extension:NFC07A1' from pack STMicroelectronics.X-CUBE-NFC7.1.0.0: no header file found
2022-10-04 10:28:45,299 [WARN] ApiManager:304 - Cannot register API 'Board Extension:IKS01A3' from pack STMicroelectronics.X-CUBE-MEMS1.9.3.0: no header file found
2022-10-04 10:28:45,299 [WARN] ApiManager:304 - Cannot register API 'Board Extension:IKS01A2' from pack STMicroelectronics.X-CUBE-MEMS1.9.3.0: no header file found
2022-10-04 10:28:45,299 [WARN] ApiManager:304 - Cannot register API 'Board Extension:IKS02A1' from pack STMicroelectronics.X-CUBE-MEMS1.9.3.0: no header file found
2022-10-04 10:28:45,314 [WARN] ApiManager:304 - Cannot register API 'Wireless:BlueNRG-MS' from pack STMicroelectronics.X-CUBE-BLE1.6.2.3: no header file found
2022-10-04 10:28:45,314 [INFO] RtosManager:484 - Registered RTOS mode: class=CMSIS, group=RTOS, mode=CMSIS_V1, owner=FREERTOS
2022-10-04 10:28:45,314 [INFO] RtosManager:484 - Registered RTOS mode: class=CMSIS, group=RTOS2, mode=CMSIS_V2, owner=FREERTOS
2022-10-04 10:28:45,314 [INFO] RtosManager:484 - Registered RTOS mode: class=RTOS, group=Core, mode=CMSIS_V1, owner=FREERTOS
2022-10-04 10:28:45,314 [INFO] RtosManager:484 - Registered RTOS mode: class=RTOS, group=Core, mode=CMSIS_V2, owner=FREERTOS
2022-10-04 10:28:45,314 [WARN] ModelIntegratedComponent:181 - Missing modes for component STMicroelectronics:FreeRTOS:0.0.1:STMicroelectronics:RTOS:FreeRTOS:Core:::10.2.0:
2022-10-04 10:28:45,330 [WARN] ApiManager:304 - Cannot register API 'Board Extension:S2868A1' from pack STMicroelectronics.X-CUBE-SUBG2.5.0.0: no header file found
2022-10-04 10:28:45,330 [WARN] ApiManager:304 - Cannot register API 'Board Extension:S2868A2' from pack STMicroelectronics.X-CUBE-SUBG2.5.0.0: no header file found
2022-10-04 10:28:45,330 [WARN] ApiManager:304 - Cannot register API 'Board Extension:S2915A1' from pack STMicroelectronics.X-CUBE-SUBG2.5.0.0: no header file found
2022-10-04 10:28:45,330 [WARN] ApiManager:304 - Cannot register API 'Board Extension:EEPRMA1' from pack STMicroelectronics.X-CUBE-EEPRMA1.3.1.1: no header file found
2022-10-04 10:28:45,330 [WARN] ApiManager:304 - Cannot register API 'Board Extension:EEPRMA2' from pack STMicroelectronics.X-CUBE-EEPRMA1.3.1.1: no header file found
2022-10-04 10:28:45,330 [WARN] ApiManager:304 - Cannot register API 'Board Extension:S2868A1' from pack STMicroelectronics.X-CUBE-SFXS2LP1.4.0.0: no header file found
2022-10-04 10:28:45,330 [WARN] ApiManager:304 - Cannot register API 'Board Extension:S2868A2' from pack STMicroelectronics.X-CUBE-SFXS2LP1.4.0.0: no header file found
2022-10-04 10:28:45,330 [WARN] ApiManager:304 - Cannot register API 'Board Extension:S2915A1' from pack STMicroelectronics.X-CUBE-SFXS2LP1.4.0.0: no header file found
2022-10-04 10:28:45,330 [WARN] ApiManager:304 - Cannot register API 'Wireless:BlueNRG-2' from pack STMicroelectronics.X-CUBE-BLE2.3.3.0: no header file found
2022-10-04 10:28:45,330 [WARN] ApiManager:304 - Cannot register API 'Board Extension:NFC04A1' from pack STMicroelectronics.X-CUBE-NFC4.2.0.4: no header file found
2022-10-04 10:28:47,877 [INFO] UtilMem:74 - End LoadConfig() Used Memory: 349636904 Bytes (470810624)
2022-10-04 10:28:47,877 [WARN] ThirdParty:779 - waiting for thirdparty lock release [change project]
2022-10-04 10:28:47,877 [INFO] ThirdParty:781 - entering critical section [change project]
2022-10-04 10:28:47,877 [INFO] ThirdParty:967 - CMSIS Pack Vendor :RoweBots I-CUBE-UNISONRTOS 5.5.0-4
2022-10-04 10:28:47,877 [INFO] ThirdParty:967 - CMSIS Pack Vendor :STMicroelectronics X-CUBE-GNSS1 6.0.0
2022-10-04 10:28:47,877 [INFO] ThirdParty:967 - CMSIS Pack Vendor :STMicroelectronics X-CUBE-AZRTOS-H7 2.1.0
2022-10-04 10:28:47,877 [INFO] ThirdParty:967 - CMSIS Pack Vendor :STMicroelectronics USB_HOST 2.0.0
2022-10-04 10:28:47,877 [INFO] ThirdParty:967 - CMSIS Pack Vendor :STMicroelectronics X-CUBE-AZRTOS-F4 1.1.0
2022-10-04 10:28:47,877 [INFO] ThirdParty:967 - CMSIS Pack Vendor :STMicroelectronics X-CUBE-AZRTOS-G4 1.0.0
2022-10-04 10:28:47,877 [INFO] ThirdParty:967 - CMSIS Pack Vendor :STMicroelectronics X-CUBE-AZRTOS-L4 1.0.0
2022-10-04 10:28:47,877 [INFO] ThirdParty:967 - CMSIS Pack Vendor :STMicroelectronics USB_DEVICE 3.0.0
2022-10-04 10:28:47,877 [INFO] ThirdParty:967 - CMSIS Pack Vendor :wolfSSL I-CUBE-wolfSSL 5.5.0
2022-10-04 10:28:47,877 [INFO] ThirdParty:967 - CMSIS Pack Vendor :STMicroelectronics HAL Drivers 0.0.0
2022-10-04 10:28:47,877 [INFO] ThirdParty:967 - CMSIS Pack Vendor :STMicroelectronics MBEDTLS 2.16.2
2022-10-04 10:28:47,877 [INFO] ThirdParty:967 - CMSIS Pack Vendor :emotas I-CUBE-CANOPEN 1.1.2
2022-10-04 10:28:47,877 [INFO] ThirdParty:967 - CMSIS Pack Vendor :STMicroelectronics X-CUBE-TOUCHGFX 4.20.0
2022-10-04 10:28:47,877 [INFO] ThirdParty:967 - CMSIS Pack Vendor :STMicroelectronics MBEDTLS 2.14.1
2022-10-04 10:28:47,877 [INFO] ThirdParty:967 - CMSIS Pack Vendor :STMicroelectronics X-CUBE-NFC7 1.0.0
2022-10-04 10:28:47,877 [INFO] ThirdParty:967 - CMSIS Pack Vendor :STMicroelectronics X-CUBE-BLEMGR 1.0.0
2022-10-04 10:28:47,877 [INFO] ThirdParty:967 - CMSIS Pack Vendor :STMicroelectronics X-CUBE-AZRTOS-WL 1.0.0
2022-10-04 10:28:47,877 [INFO] ThirdParty:967 - CMSIS Pack Vendor :STMicroelectronics X-CUBE-AZRTOS-F7 1.1.0
2022-10-04 10:28:47,877 [INFO] ThirdParty:967 - CMSIS Pack Vendor :STMicroelectronics X-CUBE-MEMS1 9.3.0
2022-10-04 10:28:47,877 [INFO] ThirdParty:967 - CMSIS Pack Vendor :portGmbH I-Cube-SoM-uGOAL 1.1.0
2022-10-04 10:28:47,877 [INFO] ThirdParty:967 - CMSIS Pack Vendor :STMicroelectronics X-CUBE-ALS 1.0.1
2022-10-04 10:28:47,877 [INFO] ThirdParty:967 - CMSIS Pack Vendor :STMicroelectronics USB_DEVICE 2.0.0
2022-10-04 10:28:47,877 [INFO] ThirdParty:967 - CMSIS Pack Vendor :STMicroelectronics X-CUBE-AI 7.2.0
2022-10-04 10:28:47,877 [INFO] ThirdParty:967 - CMSIS Pack Vendor :STMicroelectronics X-CUBE-BLE1 6.2.3
2022-10-04 10:28:47,877 [INFO] ThirdParty:967 - CMSIS Pack Vendor :STMicroelectronics X-CUBE-ALGOBUILD 1.3.0
2022-10-04 10:28:47,877 [INFO] ThirdParty:967 - CMSIS Pack Vendor :STMicroelectronics X-CUBE-AZRTOS-L5 1.0.0
2022-10-04 10:28:47,877 [INFO] ThirdParty:967 - CMSIS Pack Vendor :STMicroelectronics FreeRTOS 0.0.1
2022-10-04 10:28:47,877 [INFO] ThirdParty:967 - CMSIS Pack Vendor :STMicroelectronics X-CUBE-AZRTOS-G0 1.1.0
2022-10-04 10:28:47,877 [INFO] ThirdParty:967 - CMSIS Pack Vendor :STMicroelectronics USB_DEVICE 1.0.0
2022-10-04 10:28:47,877 [INFO] ThirdParty:967 - CMSIS Pack Vendor :STMicroelectronics X-CUBE-SUBG2 5.0.0
2022-10-04 10:28:47,877 [INFO] ThirdParty:967 - CMSIS Pack Vendor :SEGGER I-CUBE-embOS 1.2.0
2022-10-04 10:28:47,877 [INFO] ThirdParty:967 - CMSIS Pack Vendor :STMicroelectronics X-CUBE-EEPRMA1 3.1.1
2022-10-04 10:28:47,877 [INFO] ThirdParty:967 - CMSIS Pack Vendor :STMicroelectronics ThreadX 0.0.2
2022-10-04 10:28:47,877 [INFO] ThirdParty:967 - CMSIS Pack Vendor :STMicroelectronics lwIP 2.0.3
2022-10-04 10:28:47,877 [INFO] ThirdParty:967 - CMSIS Pack Vendor :STMicroelectronics lwIP 2.1.2
2022-10-04 10:28:47,877 [INFO] ThirdParty:967 - CMSIS Pack Vendor :STMicroelectronics X-CUBE-SFXS2LP1 4.0.0
2022-10-04 10:28:47,877 [INFO] ThirdParty:967 - CMSIS Pack Vendor :STMicroelectronics X-CUBE-BLE2 3.3.0
2022-10-04 10:28:47,877 [INFO] ThirdParty:967 - CMSIS Pack Vendor :STMicroelectronics X-CUBE-NFC4 2.0.4
2022-10-04 10:28:47,877 [INFO] ThirdParty:967 - CMSIS Pack Vendor :STMicroelectronics USB_HOST 1.0.0
2022-10-04 10:28:47,877 [INFO] ThirdParty:967 - CMSIS Pack Vendor :STMicroelectronics X-CUBE-DISPLAY 2.2.0
2022-10-04 10:28:47,877 [INFO] ThirdParty:967 - CMSIS Pack Vendor :STMicroelectronics PDM2PCM 3.1.0
2022-10-04 10:28:47,877 [INFO] ThirdParty:967 - CMSIS Pack Vendor :STMicroelectronics FP-ATR-ASTRA1 1.1.1
2022-10-04 10:28:47,877 [INFO] ThirdParty:967 - CMSIS Pack Vendor :STMicroelectronics PDM2PCM 3.2.0
2022-10-04 10:28:47,877 [INFO] ThirdParty:967 - CMSIS Pack Vendor :STMicroelectronics PDM2PCM 3.3.0
2022-10-04 10:28:47,877 [INFO] ThirdParty:967 - CMSIS Pack Vendor :STMicroelectronics X-CUBE-TOF1 3.1.0
2022-10-04 10:28:47,877 [INFO] ThirdParty:967 - CMSIS Pack Vendor :STMicroelectronics X-CUBE-ISPU 1.0.0
2022-10-04 10:28:47,877 [INFO] ThirdParty:787 - exiting critical section [change project]
2022-10-04 10:28:48,236 [INFO] PinOutPanel:1463 - setPackage(No Configuration,No Configuration)
2022-10-04 10:28:48,252 [INFO] PinOutPanel:1463 - setPackage(STM32F103C6Ux,UFQFPN48)
2022-10-04 10:28:48,892 [INFO] UtilMem:74 - Before build in PCC Used Memory: 268611352 Bytes (470810624)
2022-10-04 10:28:49,611 [INFO] UtilMem:74 - After build in PCC Used Memory: 347254552 Bytes (470810624)
2022-10-04 10:28:49,642 [INFO] IPUIPlugin:74 - create IPUIPlugin
2022-10-04 10:28:49,642 [INFO] IPUIPlugin:74 - create IPUIPlugin
2022-10-04 10:28:49,642 [INFO] IPUIPlugin:74 - create IPUIPlugin
2022-10-04 10:28:49,642 [INFO] IPUIPlugin:74 - create IPUIPlugin
2022-10-04 10:28:49,658 [INFO] IPUIPlugin:74 - create IPUIPlugin
2022-10-04 10:28:49,658 [INFO] IPUIPlugin:74 - create IPUIPlugin
2022-10-04 10:28:49,658 [INFO] IPUIPlugin:74 - create IPUIPlugin
2022-10-04 10:28:49,658 [INFO] IPUIPlugin:74 - create IPUIPlugin
2022-10-04 10:28:49,658 [INFO] IPUIPlugin:74 - create IPUIPlugin
2022-10-04 10:28:49,658 [INFO] IPUIPlugin:74 - create IPUIPlugin
2022-10-04 10:28:49,658 [INFO] IPUIPlugin:74 - create IPUIPlugin
2022-10-04 10:28:49,658 [INFO] IPUIPlugin:74 - create IPUIPlugin
2022-10-04 10:28:49,658 [INFO] IPUIPlugin:74 - create IPUIPlugin
2022-10-04 10:28:49,658 [INFO] IPUIPlugin:74 - create IPUIPlugin
2022-10-04 10:28:49,658 [INFO] IPUIPlugin:74 - create IPUIPlugin
2022-10-04 10:28:49,658 [INFO] IPUIPlugin:74 - create IPUIPlugin
2022-10-04 10:28:49,658 [INFO] IPUIPlugin:74 - create IPUIPlugin
2022-10-04 10:28:49,658 [INFO] IPUIPlugin:74 - create IPUIPlugin
2022-10-04 10:28:49,658 [INFO] IPUIPlugin:74 - create IPUIPlugin
2022-10-04 10:28:49,658 [INFO] IPUIPlugin:74 - create IPUIPlugin
2022-10-04 10:28:49,658 [INFO] IPUIPlugin:74 - create IPUIPlugin
2022-10-04 10:28:49,658 [INFO] IPUIPlugin:74 - create IPUIPlugin
2022-10-04 10:28:49,658 [INFO] IPUIPlugin:74 - create IPUIPlugin
2022-10-04 10:28:49,830 [INFO] OpenFileManager:333 - Restore cursor
2022-10-04 10:28:50,174 [INFO] UtilMem:74 - End SaveConfig() Used Memory: 243491320 Bytes (470810624)
2022-10-04 10:28:50,236 [INFO] UtilMem:74 - End SaveConfig() Used Memory: 255875712 Bytes (470810624)
2022-10-04 10:28:50,736 [INFO] BlockDiagram:2740 - set Specific Code input for plugin: NVIC
2022-10-04 10:28:50,736 [INFO] BlockDiagram:2740 - set Specific Code input for plugin: SYS
2022-10-04 10:28:50,736 [INFO] BlockDiagram:2740 - set Specific Code input for plugin: RCC
2022-10-04 10:28:50,736 [INFO] CodeGenerator:663 - code generatio: config db path: C:\ST\STM32CubeIDE_1.7.0\STM32CubeIDE\plugins\com.st.stm32cube.common.mx_6.3.0.202107141111\\db\
2022-10-04 10:28:51,189 [INFO] CodeEngine:239 - oldGeneratedFile, C:\Users\Administrator\Desktop\Week2\lab2_ex3\stm32cube\ex3\MXTmpFiles\license.tmp_save
2022-10-04 10:28:51,846 [INFO] CodeEngine:257 - Generated code: C:\Users\Administrator\Desktop\Week2\lab2_ex3\stm32cube\ex3\MXTmpFiles\license.tmp
2022-10-04 10:28:51,986 [INFO] CodeEngine:239 - oldGeneratedFile, C:\Users\Administrator\Desktop\Week2\lab2_ex3\stm32cube\ex3\Core\Src\stm32f1xx_it.c_save
2022-10-04 10:28:52,158 [INFO] CodeEngine:257 - Generated code: C:\Users\Administrator\Desktop\Week2\lab2_ex3\stm32cube\ex3\Core\Src\stm32f1xx_it.c
2022-10-04 10:28:52,174 [INFO] CodeEngine:239 - oldGeneratedFile, C:\Users\Administrator\Desktop\Week2\lab2_ex3\stm32cube\ex3\Core\Inc\stm32f1xx_it.h_save
2022-10-04 10:28:52,267 [INFO] CodeEngine:257 - Generated code: C:\Users\Administrator\Desktop\Week2\lab2_ex3\stm32cube\ex3\Core\Inc\stm32f1xx_it.h
2022-10-04 10:28:52,267 [INFO] CodeEngine:239 - oldGeneratedFile, C:\Users\Administrator\Desktop\Week2\lab2_ex3\stm32cube\ex3\Core\Src\stm32f1xx_hal_msp.c_save
2022-10-04 10:28:52,392 [INFO] CodeEngine:257 - Generated code: C:\Users\Administrator\Desktop\Week2\lab2_ex3\stm32cube\ex3\Core\Src\stm32f1xx_hal_msp.c
2022-10-04 10:28:52,408 [INFO] CodeEngine:239 - oldGeneratedFile, C:\Users\Administrator\Desktop\Week2\lab2_ex3\stm32cube\ex3\MXTmpFiles\system.tmp_save
2022-10-04 10:28:52,471 [INFO] CodeEngine:257 - Generated code: C:\Users\Administrator\Desktop\Week2\lab2_ex3\stm32cube\ex3\MXTmpFiles\system.tmp
2022-10-04 10:28:52,486 [INFO] CodeEngine:239 - oldGeneratedFile, C:\Users\Administrator\Desktop\Week2\lab2_ex3\stm32cube\ex3\Core\Inc\stm32f1xx_hal_conf.h_save
2022-10-04 10:28:52,596 [INFO] CodeEngine:257 - Generated code: C:\Users\Administrator\Desktop\Week2\lab2_ex3\stm32cube\ex3\Core\Inc\stm32f1xx_hal_conf.h
2022-10-04 10:28:52,642 [INFO] CodeEngine:239 - oldGeneratedFile, C:\Users\Administrator\Desktop\Week2\lab2_ex3\stm32cube\ex3\Core\Inc\main.h_save
2022-10-04 10:28:52,752 [INFO] CodeEngine:257 - Generated code: C:\Users\Administrator\Desktop\Week2\lab2_ex3\stm32cube\ex3\Core\Inc\main.h
2022-10-04 10:28:52,752 [INFO] CodeEngine:239 - oldGeneratedFile, C:\Users\Administrator\Desktop\Week2\lab2_ex3\stm32cube\ex3\Core\Src\main.c_save
2022-10-04 10:28:52,939 [INFO] CodeEngine:257 - Generated code: C:\Users\Administrator\Desktop\Week2\lab2_ex3\stm32cube\ex3\Core\Src\main.c
2022-10-04 10:28:54,604 [INFO] ProjectBuilder:2578 - Time for Copy HAL[1] : 69mS.
2022-10-04 10:28:54,604 [INFO] ProjectBuilder:3622 - Project Generator version: 3.14.1
2022-10-04 10:28:55,742 [INFO] ConfigFileManager:1271 - The Die is : DIE412
2022-10-04 10:28:55,758 [INFO] ApiDbMcu:468 - Load IP Config File for FATFS
2022-10-04 10:28:55,820 [INFO] ApiDbMcu:468 - Load IP Config File for FREERTOS
2022-10-04 10:28:55,867 [INFO] ApiDbMcu:468 - Load IP Config File for USB_DEVICE
2022-10-04 10:29:01,343 [INFO] ProjectBuilder:3789 - Time for Generating toolchain IDE Files: 6739mS.
2022-10-04 10:29:01,345 [INFO] ProjectBuilder:2457 - Time for Copy CMSIS : 1mS.
2022-10-04 10:29:01,347 [INFO] ProjectBuilder:2457 - Time for Copy CMSIS : 0mS.
2022-10-04 10:29:02,067 [INFO] McuFinderGlobals:52 - Set McuFinderConnectedMode to true
2022-10-04 10:29:02,070 [INFO] ApiDb:276 - Save user favorites file C:\Users\Administrator/.stm32cubeide/favorites.mcus.txt: 0 item(s)
2022-10-04 10:29:02,070 [INFO] ApiDb:280 - User favorites MCUs=[]
2022-10-04 10:41:53,093 [INFO] NvicIntPanel:96 - NVIC parent = com.st.microxplorer.plugins.ip.nvic.MultiNvicIntPanel[,0,0,450x135,layout=javax.swing.BoxLayout,alignmentX=0.0,alignmentY=0.0,border=,flags=9,maximumSize=,minimumSize=,preferredSize=]
2022-10-04 10:41:55,383 [INFO] UtilMem:74 - End SaveConfig() Used Memory: 468307328 Bytes (825229312)
2022-10-04 10:41:56,349 [INFO] UtilMem:74 - End SaveConfig() Used Memory: 483729336 Bytes (825229312)
2022-10-04 10:41:58,661 [INFO] UtilMem:74 - End SaveConfig() Used Memory: 593872768 Bytes (825229312)
2022-10-04 10:41:59,066 [INFO] BlockDiagram:2740 - set Specific Code input for plugin: NVIC
2022-10-04 10:41:59,066 [INFO] BlockDiagram:2740 - set Specific Code input for plugin: SYS
2022-10-04 10:41:59,066 [INFO] BlockDiagram:2740 - set Specific Code input for plugin: GPIO
2022-10-04 10:41:59,066 [INFO] BlockDiagram:2740 - set Specific Code input for plugin: RCC
2022-10-04 10:41:59,066 [INFO] BlockDiagram:2740 - set Specific Code input for plugin: TIM1_8F1
2022-10-04 10:41:59,066 [INFO] CodeGenerator:663 - code generatio: config db path: C:\ST\STM32CubeIDE_1.7.0\STM32CubeIDE\plugins\com.st.stm32cube.common.mx_6.3.0.202107141111\\db\
2022-10-04 10:41:59,347 [INFO] CodeEngine:239 - oldGeneratedFile, C:\Users\Administrator\Desktop\Week2\lab2_ex3\stm32cube\ex3\MXTmpFiles\license.tmp_save
2022-10-04 10:41:59,409 [INFO] CodeEngine:257 - Generated code: C:\Users\Administrator\Desktop\Week2\lab2_ex3\stm32cube\ex3\MXTmpFiles\license.tmp
2022-10-04 10:41:59,472 [INFO] CodeEngine:239 - oldGeneratedFile, C:\Users\Administrator\Desktop\Week2\lab2_ex3\stm32cube\ex3\MXTmpFiles\gpio.tmp_save
2022-10-04 10:41:59,534 [INFO] CodeEngine:257 - Generated code: C:\Users\Administrator\Desktop\Week2\lab2_ex3\stm32cube\ex3\MXTmpFiles\gpio.tmp
2022-10-04 10:41:59,706 [INFO] CodeEngine:239 - oldGeneratedFile, C:\Users\Administrator\Desktop\Week2\lab2_ex3\stm32cube\ex3\Core\Src\stm32f1xx_it.c_save
2022-10-04 10:41:59,925 [INFO] CodeEngine:257 - Generated code: C:\Users\Administrator\Desktop\Week2\lab2_ex3\stm32cube\ex3\Core\Src\stm32f1xx_it.c
2022-10-04 10:41:59,925 [INFO] CodeEngine:239 - oldGeneratedFile, C:\Users\Administrator\Desktop\Week2\lab2_ex3\stm32cube\ex3\Core\Inc\stm32f1xx_it.h_save
2022-10-04 10:42:00,003 [INFO] CodeEngine:257 - Generated code: C:\Users\Administrator\Desktop\Week2\lab2_ex3\stm32cube\ex3\Core\Inc\stm32f1xx_it.h
2022-10-04 10:42:00,003 [INFO] CodeEngine:239 - oldGeneratedFile, C:\Users\Administrator\Desktop\Week2\lab2_ex3\stm32cube\ex3\Core\Src\stm32f1xx_hal_msp.c_save
2022-10-04 10:42:00,112 [INFO] CodeEngine:257 - Generated code: C:\Users\Administrator\Desktop\Week2\lab2_ex3\stm32cube\ex3\Core\Src\stm32f1xx_hal_msp.c
2022-10-04 10:42:00,112 [INFO] CodeEngine:239 - oldGeneratedFile, C:\Users\Administrator\Desktop\Week2\lab2_ex3\stm32cube\ex3\MXTmpFiles\system.tmp_save
2022-10-04 10:42:00,175 [INFO] CodeEngine:257 - Generated code: C:\Users\Administrator\Desktop\Week2\lab2_ex3\stm32cube\ex3\MXTmpFiles\system.tmp
2022-10-04 10:42:00,175 [INFO] CodeEngine:239 - oldGeneratedFile, C:\Users\Administrator\Desktop\Week2\lab2_ex3\stm32cube\ex3\Core\Inc\stm32f1xx_hal_conf.h_save
2022-10-04 10:42:00,269 [INFO] CodeEngine:257 - Generated code: C:\Users\Administrator\Desktop\Week2\lab2_ex3\stm32cube\ex3\Core\Inc\stm32f1xx_hal_conf.h
2022-10-04 10:42:00,269 [WARN] IPConfigManager:3148 - IP not found : TIM
2022-10-04 10:42:00,269 [WARN] CodeGenerator:3268 - IP not found : null
2022-10-04 10:42:00,284 [INFO] CodeEngine:239 - oldGeneratedFile, C:\Users\Administrator\Desktop\Week2\lab2_ex3\stm32cube\ex3\Core\Inc\main.h_save
2022-10-04 10:42:00,347 [INFO] CodeEngine:257 - Generated code: C:\Users\Administrator\Desktop\Week2\lab2_ex3\stm32cube\ex3\Core\Inc\main.h
2022-10-04 10:42:00,362 [INFO] CodeEngine:239 - oldGeneratedFile, C:\Users\Administrator\Desktop\Week2\lab2_ex3\stm32cube\ex3\Core\Src\main.c_save
2022-10-04 10:42:00,472 [INFO] CodeEngine:257 - Generated code: C:\Users\Administrator\Desktop\Week2\lab2_ex3\stm32cube\ex3\Core\Src\main.c
2022-10-04 10:42:01,706 [INFO] ProjectBuilder:2578 - Time for Copy HAL[1] : 47mS.
2022-10-04 10:42:01,706 [INFO] ProjectBuilder:3622 - Project Generator version: 3.14.1
2022-10-04 10:42:02,519 [INFO] ConfigFileManager:1271 - The Die is : DIE412
2022-10-04 10:42:05,289 [INFO] ProjectBuilder:3789 - Time for Generating toolchain IDE Files: 3583mS.
2022-10-04 10:42:05,290 [INFO] ProjectBuilder:2457 - Time for Copy CMSIS : 0mS.
2022-10-04 10:42:05,292 [INFO] ProjectBuilder:2457 - Time for Copy CMSIS : 0mS.
