2022-10-02 22:19:43,792 [INFO] Activator:177 - 


2022-10-02 22:19:43,792 [INFO] Activator:178 - !SESSION log4j initialized
2022-10-02 22:19:59,759 [INFO] McuFinderGlobals:39 - Set McuFinder mode to 2 (CubeIDE integrated)
2022-10-02 22:19:59,931 [INFO] ApplicationProperties:181 - Using Application install path: C:\ST\STM32CubeIDE_1.7.0\STM32CubeIDE\plugins\com.st.stm32cube.common.mx_6.3.0.202107141111
2022-10-02 22:19:59,947 [INFO] DbMcusXml:74 - Set database path to: C:\ST\STM32CubeIDE_1.7.0\STM32CubeIDE\plugins\com.st.stm32cube.common.mx_6.3.0.202107141111\\db\/mcu/
2022-10-02 22:19:59,947 [INFO] DbBoardsPdsc:56 - Set plugin database path to: C:\ST\STM32CubeIDE_1.7.0\STM32CubeIDE\plugins\com.st.stm32cube.common.mx_6.3.0.202107141111\\db\/plugins/boardmanager/
2022-10-02 22:19:59,947 [INFO] DbMcus:258 - Set plugin images path to: C:\ST\STM32CubeIDE_1.7.0\STM32CubeIDE\plugins\com.st.stm32cube.common.mx_6.3.0.202107141111\\db\/plugins/mcufinder/images/
2022-10-02 22:19:59,947 [INFO] DbBoards:264 - Set plugin images path to: C:\ST\STM32CubeIDE_1.7.0\STM32CubeIDE\plugins\com.st.stm32cube.common.mx_6.3.0.202107141111\\db\/plugins/mcufinder/images/
2022-10-02 22:19:59,947 [INFO] DbExamples:333 - Set plugin images path to: C:\ST\STM32CubeIDE_1.7.0\STM32CubeIDE\plugins\com.st.stm32cube.common.mx_6.3.0.202107141111\\db\/plugins/mcufinder/images/
2022-10-02 22:19:59,962 [INFO] DbMcusAds:119 - Set database path to: C:\Users\NGUYEN THANH QUI\.stmcufinder\plugins\mcufinder//mcu/
2022-10-02 22:19:59,962 [INFO] DbMcusDocs:110 - Set database path to: C:\Users\NGUYEN THANH QUI\.stmcufinder\plugins\mcufinder//mcu/
2022-10-02 22:19:59,962 [INFO] DbMcusJson:64 - Set database path to: C:\Users\NGUYEN THANH QUI\.stmcufinder\plugins\mcufinder//mcu/
2022-10-02 22:19:59,962 [INFO] DbBoardsDocs:110 - Set database path to: C:\Users\NGUYEN THANH QUI\.stmcufinder\plugins\mcufinder//mcu/
2022-10-02 22:19:59,962 [INFO] DbBoardsJson:57 - Set database path to: C:\Users\NGUYEN THANH QUI\.stmcufinder\plugins\mcufinder//mcu/
2022-10-02 22:20:00,853 [INFO] CrossReferenceDbSqlite:196 - Set database path to: C:\Users\NGUYEN THANH QUI\.stmcufinder\plugins\mcufinder//mcu/cs/
2022-10-02 22:20:00,853 [INFO] DbExamplesSqlite:767 - Set database path to: C:\Users\NGUYEN THANH QUI\.stmcufinder\plugins\mcufinder//mcu/
2022-10-02 22:20:00,994 [INFO] RulesReader:57 - Compatibility file has been processed (242 Rules)
2022-10-02 22:20:01,087 [INFO] DbMcusXml:74 - Set database path to: C:\ST\STM32CubeIDE_1.7.0\STM32CubeIDE\plugins\com.st.stm32cube.common.mx_6.3.0.202107141111\\db\/mcu/
2022-10-02 22:20:01,087 [INFO] DbBoardsPdsc:56 - Set plugin database path to: C:\ST\STM32CubeIDE_1.7.0\STM32CubeIDE\plugins\com.st.stm32cube.common.mx_6.3.0.202107141111\\db\/plugins/boardmanager/
2022-10-02 22:20:01,087 [INFO] DbMcus:258 - Set plugin images path to: C:\ST\STM32CubeIDE_1.7.0\STM32CubeIDE\plugins\com.st.stm32cube.common.mx_6.3.0.202107141111\\db\/plugins/mcufinder/images/
2022-10-02 22:20:01,087 [INFO] DbBoards:264 - Set plugin images path to: C:\ST\STM32CubeIDE_1.7.0\STM32CubeIDE\plugins\com.st.stm32cube.common.mx_6.3.0.202107141111\\db\/plugins/mcufinder/images/
2022-10-02 22:20:01,087 [INFO] DbExamples:333 - Set plugin images path to: C:\ST\STM32CubeIDE_1.7.0\STM32CubeIDE\plugins\com.st.stm32cube.common.mx_6.3.0.202107141111\\db\/plugins/mcufinder/images/
2022-10-02 22:20:01,087 [WARN] DbFile:35 - Overriding database path with different value: C:\Users\NGUYEN THANH QUI\.stmcufinder\plugins\mcufinder/ => C:\Users\NGUYEN THANH QUI\.stmcufinder\plugins\mcufinder
2022-10-02 22:20:01,087 [INFO] DbMcusAds:119 - Set database path to: C:\Users\NGUYEN THANH QUI\.stmcufinder\plugins\mcufinder//mcu/
2022-10-02 22:20:01,087 [WARN] DbFile:35 - Overriding database path with different value: C:\Users\NGUYEN THANH QUI\.stmcufinder\plugins\mcufinder/ => C:\Users\NGUYEN THANH QUI\.stmcufinder\plugins\mcufinder
2022-10-02 22:20:01,087 [INFO] DbMcusDocs:110 - Set database path to: C:\Users\NGUYEN THANH QUI\.stmcufinder\plugins\mcufinder//mcu/
2022-10-02 22:20:01,087 [WARN] DbFile:35 - Overriding database path with different value: C:\Users\NGUYEN THANH QUI\.stmcufinder\plugins\mcufinder/ => C:\Users\NGUYEN THANH QUI\.stmcufinder\plugins\mcufinder
2022-10-02 22:20:01,087 [INFO] DbMcusJson:64 - Set database path to: C:\Users\NGUYEN THANH QUI\.stmcufinder\plugins\mcufinder//mcu/
2022-10-02 22:20:01,087 [WARN] DbFile:35 - Overriding database path with different value: C:\Users\NGUYEN THANH QUI\.stmcufinder\plugins\mcufinder/ => C:\Users\NGUYEN THANH QUI\.stmcufinder\plugins\mcufinder
2022-10-02 22:20:01,087 [INFO] DbBoardsDocs:110 - Set database path to: C:\Users\NGUYEN THANH QUI\.stmcufinder\plugins\mcufinder//mcu/
2022-10-02 22:20:01,087 [WARN] DbFile:35 - Overriding database path with different value: C:\Users\NGUYEN THANH QUI\.stmcufinder\plugins\mcufinder/ => C:\Users\NGUYEN THANH QUI\.stmcufinder\plugins\mcufinder
2022-10-02 22:20:01,087 [INFO] DbBoardsJson:57 - Set database path to: C:\Users\NGUYEN THANH QUI\.stmcufinder\plugins\mcufinder//mcu/
2022-10-02 22:20:01,087 [WARN] DbFile:35 - Overriding database path with different value: C:\Users\NGUYEN THANH QUI\.stmcufinder\plugins\mcufinder/ => C:\Users\NGUYEN THANH QUI\.stmcufinder\plugins\mcufinder
2022-10-02 22:20:01,087 [WARN] DbFile:35 - Overriding database path with different value: C:\Users\NGUYEN THANH QUI\.stmcufinder\plugins\mcufinder/ => C:\Users\NGUYEN THANH QUI\.stmcufinder\plugins\mcufinder
2022-10-02 22:20:01,853 [INFO] CrossReferenceDbSqlite:196 - Set database path to: C:\Users\NGUYEN THANH QUI\.stmcufinder\plugins\mcufinder//mcu/cs/
2022-10-02 22:20:01,853 [WARN] DbFile:35 - Overriding database path with different value: C:\Users\NGUYEN THANH QUI\.stmcufinder\plugins\mcufinder/ => C:\Users\NGUYEN THANH QUI\.stmcufinder\plugins\mcufinder
2022-10-02 22:20:01,853 [INFO] DbExamplesSqlite:767 - Set database path to: C:\Users\NGUYEN THANH QUI\.stmcufinder\plugins\mcufinder//mcu/
2022-10-02 22:20:01,978 [INFO] MainPanel:214 - HeapMemory: 268435456
2022-10-02 22:20:02,040 [INFO] DbMcusXml:74 - Set database path to: C:\ST\STM32CubeIDE_1.7.0\STM32CubeIDE\plugins\com.st.stm32cube.common.mx_6.3.0.202107141111\\db\/mcu/
2022-10-02 22:20:02,040 [INFO] DbBoardsPdsc:56 - Set plugin database path to: C:\ST\STM32CubeIDE_1.7.0\STM32CubeIDE\plugins\com.st.stm32cube.common.mx_6.3.0.202107141111\\db\/plugins/boardmanager/
2022-10-02 22:20:02,040 [INFO] DbMcus:258 - Set plugin images path to: C:\ST\STM32CubeIDE_1.7.0\STM32CubeIDE\plugins\com.st.stm32cube.common.mx_6.3.0.202107141111\\db\/plugins/mcufinder/images/
2022-10-02 22:20:02,040 [INFO] DbBoards:264 - Set plugin images path to: C:\ST\STM32CubeIDE_1.7.0\STM32CubeIDE\plugins\com.st.stm32cube.common.mx_6.3.0.202107141111\\db\/plugins/mcufinder/images/
2022-10-02 22:20:02,040 [INFO] DbExamples:333 - Set plugin images path to: C:\ST\STM32CubeIDE_1.7.0\STM32CubeIDE\plugins\com.st.stm32cube.common.mx_6.3.0.202107141111\\db\/plugins/mcufinder/images/
2022-10-02 22:20:02,040 [WARN] DbFile:35 - Overriding database path with different value: C:\Users\NGUYEN THANH QUI\.stmcufinder\plugins\mcufinder/ => C:\Users\NGUYEN THANH QUI\.stmcufinder\plugins\mcufinder
2022-10-02 22:20:02,040 [INFO] DbMcusAds:119 - Set database path to: C:\Users\NGUYEN THANH QUI\.stmcufinder\plugins\mcufinder//mcu/
2022-10-02 22:20:02,040 [WARN] DbFile:35 - Overriding database path with different value: C:\Users\NGUYEN THANH QUI\.stmcufinder\plugins\mcufinder/ => C:\Users\NGUYEN THANH QUI\.stmcufinder\plugins\mcufinder
2022-10-02 22:20:02,040 [INFO] DbMcusDocs:110 - Set database path to: C:\Users\NGUYEN THANH QUI\.stmcufinder\plugins\mcufinder//mcu/
2022-10-02 22:20:02,040 [WARN] DbFile:35 - Overriding database path with different value: C:\Users\NGUYEN THANH QUI\.stmcufinder\plugins\mcufinder/ => C:\Users\NGUYEN THANH QUI\.stmcufinder\plugins\mcufinder
2022-10-02 22:20:02,040 [INFO] DbMcusJson:64 - Set database path to: C:\Users\NGUYEN THANH QUI\.stmcufinder\plugins\mcufinder//mcu/
2022-10-02 22:20:02,040 [WARN] DbFile:35 - Overriding database path with different value: C:\Users\NGUYEN THANH QUI\.stmcufinder\plugins\mcufinder/ => C:\Users\NGUYEN THANH QUI\.stmcufinder\plugins\mcufinder
2022-10-02 22:20:02,040 [INFO] DbBoardsDocs:110 - Set database path to: C:\Users\NGUYEN THANH QUI\.stmcufinder\plugins\mcufinder//mcu/
2022-10-02 22:20:02,040 [WARN] DbFile:35 - Overriding database path with different value: C:\Users\NGUYEN THANH QUI\.stmcufinder\plugins\mcufinder/ => C:\Users\NGUYEN THANH QUI\.stmcufinder\plugins\mcufinder
2022-10-02 22:20:02,040 [INFO] DbBoardsJson:57 - Set database path to: C:\Users\NGUYEN THANH QUI\.stmcufinder\plugins\mcufinder//mcu/
2022-10-02 22:20:02,040 [WARN] DbFile:35 - Overriding database path with different value: C:\Users\NGUYEN THANH QUI\.stmcufinder\plugins\mcufinder/ => C:\Users\NGUYEN THANH QUI\.stmcufinder\plugins\mcufinder
2022-10-02 22:20:02,040 [WARN] DbFile:35 - Overriding database path with different value: C:\Users\NGUYEN THANH QUI\.stmcufinder\plugins\mcufinder/ => C:\Users\NGUYEN THANH QUI\.stmcufinder\plugins\mcufinder
2022-10-02 22:20:02,853 [INFO] CrossReferenceDbSqlite:196 - Set database path to: C:\Users\NGUYEN THANH QUI\.stmcufinder\plugins\mcufinder//mcu/cs/
2022-10-02 22:20:02,853 [WARN] DbFile:35 - Overriding database path with different value: C:\Users\NGUYEN THANH QUI\.stmcufinder\plugins\mcufinder/ => C:\Users\NGUYEN THANH QUI\.stmcufinder\plugins\mcufinder
2022-10-02 22:20:02,853 [INFO] DbExamplesSqlite:767 - Set database path to: C:\Users\NGUYEN THANH QUI\.stmcufinder\plugins\mcufinder//mcu/
2022-10-02 22:20:02,900 [INFO] ApplicationProperties:181 - Using Application install path: C:\ST\STM32CubeIDE_1.7.0\STM32CubeIDE\plugins\com.st.stm32cube.common.mx_6.3.0.202107141111
2022-10-02 22:20:02,900 [INFO] PluginManage:188 - Search for loadable plugins [exclusion list=, ]
2022-10-02 22:20:02,900 [INFO] PluginManage:302 - Check plugin analytics
2022-10-02 22:20:03,947 [INFO] AnalyticsPlugin:257 - Accepted Software Licenses: 
2022-10-02 22:20:03,947 [INFO] AnalyticsPlugin:259 - Accepted CMSIS Pack Licenses: 
2022-10-02 22:20:03,947 [INFO] AnalyticsPlugin:261 - Accepted Firmware Licenses: 
2022-10-02 22:20:03,947 [INFO] PluginManage:352 - Loaded plugin analytics (category:tool,tabindex:-1)
2022-10-02 22:20:03,947 [INFO] PluginManage:302 - Check plugin clock
2022-10-02 22:20:03,962 [INFO] PluginManage:352 - Loaded plugin clock (category:base,tabindex:2)
2022-10-02 22:20:03,962 [INFO] PluginManage:302 - Check plugin ddr
2022-10-02 22:20:03,962 [INFO] PluginManage:352 - Loaded plugin ddr (category:tool,tabindex:6)
2022-10-02 22:20:03,962 [INFO] PluginManage:302 - Check plugin filemanager
2022-10-02 22:20:04,087 [INFO] PluginManage:352 - Loaded plugin filemanager (category:base,tabindex:10)
2022-10-02 22:20:04,087 [INFO] PluginManage:302 - Check plugin ipmanager
2022-10-02 22:20:04,103 [INFO] PluginManage:352 - Loaded plugin ipmanager (category:base,tabindex:5)
2022-10-02 22:20:04,103 [INFO] PluginManage:302 - Check plugin pinoutandconfiguration
2022-10-02 22:20:04,165 [INFO] PluginManage:352 - Loaded plugin pinoutandconfiguration (category:base,tabindex:1)
2022-10-02 22:20:04,165 [INFO] PluginManage:302 - Check plugin pinoutconfig
2022-10-02 22:20:04,197 [INFO] PluginManage:352 - Loaded plugin pinoutconfig (category:base,tabindex:0)
2022-10-02 22:20:04,197 [INFO] PluginManage:302 - Check plugin power
2022-10-02 22:20:04,212 [INFO] PluginManage:352 - Loaded plugin power (category:power,tabindex:4)
2022-10-02 22:20:04,212 [INFO] PluginManage:302 - Check plugin projectmanager
2022-10-02 22:20:04,228 [INFO] PluginManage:352 - Loaded plugin projectmanager (category:projectmanager,tabindex:3)
2022-10-02 22:20:04,228 [INFO] PluginManage:302 - Check plugin thirdparty
2022-10-02 22:20:04,353 [WARN] IntegrityCheckThread:78 - waiting for thirdparty lock release [integrity check]
2022-10-02 22:20:04,353 [INFO] PluginManage:352 - Loaded plugin thirdparty (category:base,tabindex:-1)
2022-10-02 22:20:04,353 [INFO] IntegrityCheckThread:80 - entering critical section [integrity check]
2022-10-02 22:20:04,353 [INFO] PluginManage:302 - Check plugin tools
2022-10-02 22:20:04,353 [INFO] ThirdPartyUpdaterWithRetryManager:66 - Updater plugin not ready yet. [1/15]
2022-10-02 22:20:04,353 [INFO] PluginManage:352 - Loaded plugin tools (category:base,tabindex:7)
2022-10-02 22:20:04,353 [INFO] PluginManage:302 - Check plugin tutovideos
2022-10-02 22:20:04,571 [INFO] PluginManage:352 - Loaded plugin tutovideos (category:base,tabindex:-1)
2022-10-02 22:20:04,571 [INFO] PluginManage:302 - Check plugin updater
2022-10-02 22:20:04,587 [INFO] PluginManage:352 - Loaded plugin updater (category:base,tabindex:12)
2022-10-02 22:20:04,587 [INFO] PluginManage:275 - PluginManage : Loaded plugins [13]
2022-10-02 22:20:04,759 [INFO] PinOutPanel:1463 - setPackage(No Configuration,No Configuration)
2022-10-02 22:20:04,868 [INFO] IPUIPlugin:74 - create IPUIPlugin
2022-10-02 22:20:04,868 [INFO] PluginManager:213 - loadIPPluginJar : add adc
2022-10-02 22:20:04,868 [INFO] IPUIPlugin:74 - create IPUIPlugin
2022-10-02 22:20:04,868 [INFO] PluginManager:213 - loadIPPluginJar : add aes
2022-10-02 22:20:04,868 [INFO] IPUIPlugin:74 - create IPUIPlugin
2022-10-02 22:20:04,868 [INFO] PluginManager:213 - loadIPPluginJar : add can
2022-10-02 22:20:04,868 [INFO] IPUIPlugin:74 - create IPUIPlugin
2022-10-02 22:20:04,868 [INFO] PluginManager:213 - loadIPPluginJar : add comp
2022-10-02 22:20:04,884 [INFO] IPUIPlugin:74 - create IPUIPlugin
2022-10-02 22:20:04,884 [INFO] PluginManager:213 - loadIPPluginJar : add cryp
2022-10-02 22:20:04,884 [INFO] IPUIPlugin:74 - create IPUIPlugin
2022-10-02 22:20:04,884 [INFO] PluginManager:213 - loadIPPluginJar : add dfsdm
2022-10-02 22:20:04,884 [INFO] IPUIPlugin:74 - create IPUIPlugin
2022-10-02 22:20:04,884 [INFO] PluginManager:213 - loadIPPluginJar : add dma
2022-10-02 22:20:04,900 [INFO] IPUIPlugin:74 - create IPUIPlugin
2022-10-02 22:20:04,900 [INFO] PluginManager:213 - loadIPPluginJar : add dma3
2022-10-02 22:20:04,900 [INFO] IPUIPlugin:74 - create IPUIPlugin
2022-10-02 22:20:04,900 [INFO] PluginManager:213 - loadIPPluginJar : add fatfs
2022-10-02 22:20:04,900 [INFO] IPUIPlugin:74 - create IPUIPlugin
2022-10-02 22:20:04,900 [INFO] PluginManager:213 - loadIPPluginJar : add fmc
2022-10-02 22:20:04,900 [INFO] IPUIPlugin:74 - create IPUIPlugin
2022-10-02 22:20:04,900 [INFO] PluginManager:213 - loadIPPluginJar : add freertos
2022-10-02 22:20:04,915 [INFO] IPUIPlugin:74 - create IPUIPlugin
2022-10-02 22:20:04,915 [INFO] PluginManager:213 - loadIPPluginJar : add genericplugin
2022-10-02 22:20:04,915 [INFO] IPUIPlugin:74 - create IPUIPlugin
2022-10-02 22:20:04,915 [INFO] PluginManager:213 - loadIPPluginJar : add gfxmmu
2022-10-02 22:20:04,915 [INFO] IPUIPlugin:74 - create IPUIPlugin
2022-10-02 22:20:04,915 [INFO] PluginManager:213 - loadIPPluginJar : add gic
2022-10-02 22:20:04,931 [INFO] IPUIPlugin:74 - create IPUIPlugin
2022-10-02 22:20:04,931 [INFO] PluginManager:213 - loadIPPluginJar : add gpio
2022-10-02 22:20:04,931 [INFO] IPUIPlugin:74 - create IPUIPlugin
2022-10-02 22:20:04,931 [INFO] PluginManager:213 - loadIPPluginJar : add gtzc
2022-10-02 22:20:04,931 [INFO] IPUIPlugin:74 - create IPUIPlugin
2022-10-02 22:20:04,931 [INFO] PluginManager:213 - loadIPPluginJar : add hash
2022-10-02 22:20:04,931 [INFO] IPUIPlugin:74 - create IPUIPlugin
2022-10-02 22:20:04,931 [INFO] PluginManager:213 - loadIPPluginJar : add i2c
2022-10-02 22:20:04,931 [INFO] IPUIPlugin:74 - create IPUIPlugin
2022-10-02 22:20:04,931 [INFO] PluginManager:213 - loadIPPluginJar : add i2s
2022-10-02 22:20:04,946 [INFO] IPUIPlugin:74 - create IPUIPlugin
2022-10-02 22:20:04,946 [INFO] PluginManager:213 - loadIPPluginJar : add ipddr
2022-10-02 22:20:04,946 [INFO] IPUIPlugin:74 - create IPUIPlugin
2022-10-02 22:20:04,946 [INFO] PluginManager:213 - loadIPPluginJar : add linkedlist
2022-10-02 22:20:04,946 [INFO] IPUIPlugin:74 - create IPUIPlugin
2022-10-02 22:20:04,946 [INFO] PluginManager:213 - loadIPPluginJar : add lorawan
2022-10-02 22:20:04,946 [INFO] IPUIPlugin:74 - create IPUIPlugin
2022-10-02 22:20:04,946 [INFO] PluginManager:213 - loadIPPluginJar : add ltdc
2022-10-02 22:20:04,962 [INFO] IPUIPlugin:74 - create IPUIPlugin
2022-10-02 22:20:04,962 [INFO] PluginManager:213 - loadIPPluginJar : add mdma
2022-10-02 22:20:04,962 [INFO] IPUIPlugin:74 - create IPUIPlugin
2022-10-02 22:20:04,962 [INFO] PluginManager:213 - loadIPPluginJar : add nvic
2022-10-02 22:20:04,962 [INFO] IPUIPlugin:74 - create IPUIPlugin
2022-10-02 22:20:04,962 [INFO] PluginManager:213 - loadIPPluginJar : add opamp
2022-10-02 22:20:04,962 [INFO] IPUIPlugin:74 - create IPUIPlugin
2022-10-02 22:20:04,962 [INFO] PluginManager:213 - loadIPPluginJar : add openamp
2022-10-02 22:20:04,978 [INFO] IPUIPlugin:74 - create IPUIPlugin
2022-10-02 22:20:04,978 [INFO] PluginManager:213 - loadIPPluginJar : add pdm2pcm
2022-10-02 22:20:04,978 [INFO] IPUIPlugin:74 - create IPUIPlugin
2022-10-02 22:20:04,978 [INFO] PluginManager:213 - loadIPPluginJar : add plateformsettings
2022-10-02 22:20:04,978 [INFO] IPUIPlugin:74 - create IPUIPlugin
2022-10-02 22:20:04,978 [INFO] PluginManager:213 - loadIPPluginJar : add quadspi
2022-10-02 22:20:04,993 [INFO] IPUIPlugin:74 - create IPUIPlugin
2022-10-02 22:20:04,993 [INFO] PluginManager:213 - loadIPPluginJar : add resmgrutility
2022-10-02 22:20:04,993 [INFO] IPUIPlugin:74 - create IPUIPlugin
2022-10-02 22:20:04,993 [INFO] PluginManager:213 - loadIPPluginJar : add sai
2022-10-02 22:20:04,993 [INFO] IPUIPlugin:74 - create IPUIPlugin
2022-10-02 22:20:04,993 [INFO] PluginManager:213 - loadIPPluginJar : add spi
2022-10-02 22:20:04,993 [INFO] IPUIPlugin:74 - create IPUIPlugin
2022-10-02 22:20:04,993 [INFO] PluginManager:213 - loadIPPluginJar : add stm32_wpan
2022-10-02 22:20:04,993 [INFO] IPUIPlugin:74 - create IPUIPlugin
2022-10-02 22:20:04,993 [INFO] PluginManager:213 - loadIPPluginJar : add tim
2022-10-02 22:20:05,009 [INFO] IPUIPlugin:74 - create IPUIPlugin
2022-10-02 22:20:05,009 [INFO] PluginManager:213 - loadIPPluginJar : add touchsensing
2022-10-02 22:20:05,009 [INFO] IPUIPlugin:74 - create IPUIPlugin
2022-10-02 22:20:05,009 [INFO] PluginManager:213 - loadIPPluginJar : add tracer_emb
2022-10-02 22:20:05,009 [INFO] IPUIPlugin:74 - create IPUIPlugin
2022-10-02 22:20:05,009 [INFO] PluginManager:213 - loadIPPluginJar : add ts
2022-10-02 22:20:05,009 [INFO] IPUIPlugin:74 - create IPUIPlugin
2022-10-02 22:20:05,009 [INFO] PluginManager:213 - loadIPPluginJar : add tsc
2022-10-02 22:20:05,009 [INFO] IPUIPlugin:74 - create IPUIPlugin
2022-10-02 22:20:05,009 [INFO] PluginManager:213 - loadIPPluginJar : add ucpd
2022-10-02 22:20:05,009 [INFO] IPUIPlugin:74 - create IPUIPlugin
2022-10-02 22:20:05,009 [INFO] PluginManager:213 - loadIPPluginJar : add usart
2022-10-02 22:20:05,056 [INFO] IPUIPlugin:74 - create IPUIPlugin
2022-10-02 22:20:05,056 [INFO] PluginManager:213 - loadIPPluginJar : add usbx
2022-10-02 22:20:05,421 [FATAL] Updater:294 - Updater called before beeing initialized
2022-10-02 22:20:05,546 [FATAL] Updater:294 - Updater called before beeing initialized
2022-10-02 22:20:05,546 [INFO] DbMcusAds:47 - JSON generation date=Thu Sep 30 13:55:09 ICT 2021 (1632984909247)
2022-10-02 22:20:05,546 [FATAL] Updater:294 - Updater called before beeing initialized
2022-10-02 22:20:05,577 [WARN] DetailPanel:314 - Failed to get advertising image, set to default
2022-10-02 22:20:05,702 [FATAL] Updater:294 - Updater called before beeing initialized
2022-10-02 22:20:05,702 [FATAL] Updater:294 - Updater called before beeing initialized
2022-10-02 22:20:05,702 [FATAL] Updater:294 - Updater called before beeing initialized
2022-10-02 22:20:05,702 [WARN] DetailPanel:314 - Failed to get advertising image, set to default
2022-10-02 22:20:05,702 [FATAL] Updater:294 - Updater called before beeing initialized
2022-10-02 22:20:05,765 [ERROR] Updater:1075 - MainUpdater not yet initialized. External WinMGr cannot be set.
2022-10-02 22:20:05,765 [INFO] Updater:1012 - Updater Version found : 6.3.0
2022-10-02 22:20:05,796 [INFO] ApplicationProperties:181 - Using Application install path: C:\ST\STM32CubeIDE_1.7.0\STM32CubeIDE\plugins\com.st.stm32cube.common.mx_6.3.0.202107141111
2022-10-02 22:20:05,968 [INFO] MainUpdater:2671 - connection check result : 10
2022-10-02 22:20:05,968 [INFO] MainUpdater:265 - Updater Check For Update Now.
2022-10-02 22:20:05,968 [INFO] MicroXplorer:478 - Change Database Version : DB.6.0.30
2022-10-02 22:20:06,140 [INFO] CheckServerUpdateThread:112 - End of CheckServer Thread
2022-10-02 22:20:06,202 [INFO] MainUpdater:2671 - connection check result : 10
2022-10-02 22:20:06,436 [INFO] McuFinderGlobals:52 - Set McuFinderConnectedMode to false
2022-10-02 22:20:06,546 [INFO] CrossSelectorPresenter:1330 - Cross Selector saved comparison directory: C:\Users\NGUYEN THANH QUI\.stmcufinder\plugins\mcufinder\mcu\cs_comparisons_mx
2022-10-02 22:20:06,561 [INFO] MultiScanPanel:197 - Auto-refresh data requested => check proxy status ongoing
2022-10-02 22:20:06,561 [INFO] MultiScanPanel:201 - Proxy status is invalid
2022-10-02 22:20:06,561 [INFO] FinderPluginLoader:87 - Searching for filters in installed packs
2022-10-02 22:20:06,561 [INFO] DbMcusXml:100 - Load MCU database from C:\ST\STM32CubeIDE_1.7.0\STM32CubeIDE\plugins\com.st.stm32cube.common.mx_6.3.0.202107141111\\db\/mcu/families.xml
2022-10-02 22:20:07,639 [INFO] DbMcusJson:93 - JSON generation date=Tue Nov 16 23:17:54 ICT 2021 (1637079474)
2022-10-02 22:20:07,639 [WARN] PackLoader:238 - Cannot read IP mode file for STMicroelectronics.X-CUBE-GNSS1.6.0.0
2022-10-02 22:20:07,702 [WARN] PackLoader:238 - Cannot read IP mode file for STMicroelectronics.X-CUBE-AZRTOS-F4.1.1.0
2022-10-02 22:20:07,796 [WARN] PackLoader:238 - Cannot read IP mode file for STMicroelectronics.X-CUBE-AZRTOS-F7.1.1.0
2022-10-02 22:20:07,811 [WARN] PackLoader:238 - Cannot read IP mode file for STMicroelectronics.X-CUBE-BLE1.6.2.3
2022-10-02 22:20:07,811 [WARN] PackLoader:238 - Cannot read IP mode file for STMicroelectronics.X-CUBE-NFC4.2.0.4
2022-10-02 22:20:07,827 [WARN] PackLoader:238 - Cannot read IP mode file for STMicroelectronics.X-CUBE-TOF1.3.1.0
2022-10-02 22:20:07,983 [WARN] PackLoader:238 - Cannot read IP mode file for wolfSSL.I-CUBE-wolfSSL.5.5.0
2022-10-02 22:20:07,983 [WARN] PackLoader:238 - Cannot read IP mode file for STMicroelectronics.X-CUBE-NFC7.1.0.0
2022-10-02 22:20:08,139 [WARN] PackLoader:238 - Cannot read IP mode file for STMicroelectronics.X-CUBE-MEMS1.9.3.0
2022-10-02 22:20:08,593 [WARN] PackLoader:238 - Cannot read IP mode file for STMicroelectronics.X-CUBE-AI.7.2.0
2022-10-02 22:20:08,639 [WARN] PackLoader:238 - Cannot read IP mode file for STMicroelectronics.X-CUBE-SFXS2LP1.4.0.0
2022-10-02 22:20:08,655 [WARN] PackLoader:238 - Cannot read IP mode file for STMicroelectronics.X-CUBE-BLE2.3.3.0
2022-10-02 22:20:08,671 [WARN] PackLoader:238 - Cannot read IP mode file for STMicroelectronics.X-CUBE-DISPLAY.2.2.0
2022-10-02 22:20:08,671 [WARN] PackLoader:238 - Cannot read IP mode file for STMicroelectronics.X-CUBE-ISPU.1.0.0
2022-10-02 22:20:08,686 [WARN] PackLoader:238 - Cannot read IP mode file for RoweBots.I-CUBE-UNISONRTOS.5.5.0-4
2022-10-02 22:20:08,718 [WARN] PackLoader:238 - Cannot read IP mode file for STMicroelectronics.X-CUBE-AZRTOS-H7.2.1.0
2022-10-02 22:20:08,749 [WARN] PackLoader:238 - Cannot read IP mode file for STMicroelectronics.X-CUBE-BLEMGR.1.0.0
2022-10-02 22:20:08,827 [WARN] PackLoader:238 - Cannot read IP mode file for STMicroelectronics.X-CUBE-ALGOBUILD.1.3.0
2022-10-02 22:20:08,858 [WARN] PackLoader:238 - Cannot read IP mode file for STMicroelectronics.X-CUBE-AZRTOS-G0.1.1.0
2022-10-02 22:20:08,889 [WARN] PackLoader:238 - Cannot read IP mode file for STMicroelectronics.X-CUBE-SUBG2.5.0.0
2022-10-02 22:20:08,936 [WARN] PackLoader:238 - Cannot read IP mode file for SEGGER.I-CUBE-embOS.1.2.0
2022-10-02 22:20:09,124 [WARN] PackLoader:238 - Cannot read IP mode file for STMicroelectronics.FP-ATR-ASTRA1.1.1.1
2022-10-02 22:20:09,139 [WARN] PackLoader:238 - Cannot read IP mode file for STMicroelectronics.X-CUBE-AZRTOS-G4.1.0.0
2022-10-02 22:20:09,171 [WARN] PackLoader:238 - Cannot read IP mode file for STMicroelectronics.X-CUBE-AZRTOS-L4.1.0.0
2022-10-02 22:20:09,171 [WARN] PackLoader:238 - Cannot read IP mode file for emotas.I-CUBE-CANOPEN.1.1.2
2022-10-02 22:20:09,186 [WARN] PackLoader:238 - Cannot read IP mode file for STMicroelectronics.X-CUBE-TOUCHGFX.4.20.0
2022-10-02 22:20:09,202 [WARN] PackLoader:238 - Cannot read IP mode file for STMicroelectronics.X-CUBE-AZRTOS-WL.1.0.0
2022-10-02 22:20:09,202 [WARN] PackLoader:238 - Cannot read IP mode file for portGmbH.I-Cube-SoM-uGOAL.1.1.0
2022-10-02 22:20:09,233 [WARN] PackLoader:238 - Cannot read IP mode file for STMicroelectronics.X-CUBE-ALS.1.0.1
2022-10-02 22:20:09,280 [WARN] PackLoader:238 - Cannot read IP mode file for STMicroelectronics.X-CUBE-AZRTOS-L5.1.0.0
2022-10-02 22:20:09,296 [WARN] PackLoader:238 - Cannot read IP mode file for STMicroelectronics.X-CUBE-EEPRMA1.3.1.1
2022-10-02 22:20:09,296 [INFO] ThirdParty:915 - Integrity check success = true
2022-10-02 22:20:09,296 [INFO] IntegrityCheckThread:94 - exiting critical section [integrity check]
2022-10-02 22:20:09,296 [INFO] IntegrityCheckThread:97 - End integrity checks thread
2022-10-02 22:20:09,405 [INFO] DbMcus:175 - Found 1951 MCUs (1903 are supported by CubeMX, 1914 are visible in CubeMX)
2022-10-02 22:20:09,405 [INFO] ApiDb:251 - Load user favorites file C:\Users\NGUYEN THANH QUI/.stm32cubeide/favorites.mcus.txt: 0 item(s)
2022-10-02 22:20:09,405 [INFO] ApiDb:255 - User favorites MCUs=[]
2022-10-02 22:20:09,405 [INFO] DbMcus:187 - Set 0 / 0 favorites MCUs
2022-10-02 22:20:09,952 [INFO] DetailPanel:309 - Set advertising image to C:/Users/NGUYEN THANH QUI/STM32Cube/Repository/\en.Prom_NBSTM32U50921.jpg
2022-10-02 22:20:10,436 [INFO] DbBoardsPdsc:90 - Found 25 items
2022-10-02 22:20:10,436 [INFO] DbBoardsPdsc:90 - Found 9 items
2022-10-02 22:20:10,452 [INFO] DbBoardsPdsc:90 - Found 33 items
2022-10-02 22:20:10,452 [INFO] DbBoardsPdsc:90 - Found 1 items
2022-10-02 22:20:10,452 [INFO] DbBoardsPdsc:90 - Found 48 items
2022-10-02 22:20:10,467 [INFO] DbBoardsPdsc:90 - Found 43 items
2022-10-02 22:20:10,467 [INFO] DbBoardsPdsc:90 - Found 2 items
2022-10-02 22:20:10,467 [INFO] DbBoardsPdsc:90 - Found 5 items
2022-10-02 22:20:10,467 [WARN] DbBoardsPdsc:254 - Board STM32H7B3I-DK: unknown feature type=Audio, name=, username=Audio stereo codec with Headphone Amp (CS42L51-CNZ), n=1
2022-10-02 22:20:10,467 [WARN] DbBoardsPdsc:254 - Board STM32H735G-DK: unknown feature type=Audio, name=, username=Audio stereo codec with Headphone Amp (WM8994ECS/R), n=1
2022-10-02 22:20:10,467 [WARN] DbBoardsPdsc:254 - Board STM32H7B3I-EVAL: unknown feature type=Audio, name=, username=Multi-Channel Audio Codec (CS42L51-CNZ), n=1
2022-10-02 22:20:10,467 [WARN] DbBoardsPdsc:254 - Board STM32H7B3I-EVAL: unknown feature type=Meter, name=, username=Power-metering and Temperature-monitoring with sigma-delta modulators, n=1
2022-10-02 22:20:10,467 [WARN] DbBoardsPdsc:254 - Board STM32H7B3I-EVAL: unknown feature type=Motor, name=, username=Motor Control, n=1
2022-10-02 22:20:10,467 [WARN] DbBoardsPdsc:254 - Board STM32U575I-EV: unknown feature type=joystick, name=, username=4-direction joystick with selection button, n=1
2022-10-02 22:20:10,530 [INFO] DbBoardsJson:86 - JSON generation date=Tue Nov 16 23:17:54 ICT 2021 (1637079474)
2022-10-02 22:20:10,546 [INFO] DbBoards:117 - Found 167 boards (163 are supported by CubeMX)
2022-10-02 22:20:10,546 [INFO] DbBoardsDocs:143 - JSON generation date=Tue Nov 16 23:17:54 ICT 2021 (1637079474)
2022-10-02 22:20:10,546 [INFO] DbBoardsDocs:79 - Found 209 boards documents
2022-10-02 22:20:10,546 [WARN] DbBoards:127 - board B-L475E-IOT01A2 has no document id list !
2022-10-02 22:20:10,546 [WARN] DbBoards:127 - board NUCLEO-H743ZI has no document id list !
2022-10-02 22:20:10,561 [WARN] DbBoards:127 - board NUCLEO-WL55JC2 has no document id list !
2022-10-02 22:20:10,561 [WARN] DbBoards:127 - board P-NUCLEO-WB55-Nucleo has no document id list !
2022-10-02 22:20:10,561 [WARN] DbBoards:127 - board P-NUCLEO-WB55-USBDongle has no document id list !
2022-10-02 22:20:10,561 [WARN] DbBoards:127 - board STEVAL-BFA001V1B has no document id list !
2022-10-02 22:20:10,561 [WARN] DbBoards:127 - board STEVAL-BFA001V2B has no document id list !
2022-10-02 22:20:10,561 [WARN] DbBoards:127 - board STEVAL-IDP005V1 has no document id list !
2022-10-02 22:20:10,561 [WARN] DbBoards:127 - board STEVAL-IDP005V2 has no document id list !
2022-10-02 22:20:10,561 [WARN] DbBoards:127 - board STEVAL-MKSBOX1V1 has no document id list !
2022-10-02 22:20:10,561 [WARN] DbBoards:127 - board STEVAL-STWINKT1 has no document id list !
2022-10-02 22:20:10,561 [WARN] DbBoards:127 - board STEVAL-STWINKT1B has no document id list !
2022-10-02 22:20:10,561 [WARN] DbBoards:127 - board STM32439I-EVAL2 has no document id list !
2022-10-02 22:20:10,561 [WARN] DbBoards:127 - board STM32F401C-DISCO has no document id list !
2022-10-02 22:20:10,561 [WARN] DbBoards:127 - board STM32F769I-DISC1 has no document id list !
2022-10-02 22:20:10,561 [WARN] DbBoards:127 - board STM32G474E-EVAL1 has no document id list !
2022-10-02 22:20:10,561 [WARN] DbBoards:127 - board STM32H743I-EVAL2 has no document id list !
2022-10-02 22:20:10,561 [WARN] DbBoards:127 - board STM32H747I-DISC1 has no document id list !
2022-10-02 22:20:10,561 [WARN] DbBoards:127 - board STM32H753I-EVAL2 has no document id list !
2022-10-02 22:20:10,561 [WARN] DbBoards:127 - board STM32L-DISCOVERY has no document id list !
2022-10-02 22:20:10,764 [ERROR] DbBoards:189 - Image file not found for board B-U585I-IOT02A: C:\ST\STM32CubeIDE_1.7.0\STM32CubeIDE\plugins\com.st.stm32cube.common.mx_6.3.0.202107141111\\db\/plugins/mcufinder/images/boards/B-U585I-IOT02A_small.jpg
2022-10-02 22:20:10,874 [ERROR] DbBoards:189 - Image file not found for board NUCLEO-F413ZH: C:\ST\STM32CubeIDE_1.7.0\STM32CubeIDE\plugins\com.st.stm32cube.common.mx_6.3.0.202107141111\\db\/plugins/mcufinder/images/boards/nucleo-f413zh_small.jpg
2022-10-02 22:20:11,124 [ERROR] DbBoards:189 - Image file not found for board NUCLEO-L552ZE-Q: C:\ST\STM32CubeIDE_1.7.0\STM32CubeIDE\plugins\com.st.stm32cube.common.mx_6.3.0.202107141111\\db\/plugins/mcufinder/images/boards/nucleo_l552ze_q_small.jpg
2022-10-02 22:20:11,124 [ERROR] DbBoards:189 - Image file not found for board NUCLEO-U575ZI-Q: C:\ST\STM32CubeIDE_1.7.0\STM32CubeIDE\plugins\com.st.stm32cube.common.mx_6.3.0.202107141111\\db\/plugins/mcufinder/images/boards/nucleo-u575zi-q_small.jpg
2022-10-02 22:20:11,124 [ERROR] DbBoards:189 - Image file not found for board NUCLEO-WB15CC: C:\ST\STM32CubeIDE_1.7.0\STM32CubeIDE\plugins\com.st.stm32cube.common.mx_6.3.0.202107141111\\db\/plugins/mcufinder/images/boards/nucleo-wb15cc_small.jpg
2022-10-02 22:20:11,124 [ERROR] DbBoards:189 - Image file not found for board NUCLEO-WB55RG: C:\ST\STM32CubeIDE_1.7.0\STM32CubeIDE\plugins\com.st.stm32cube.common.mx_6.3.0.202107141111\\db\/plugins/mcufinder/images/boards/nucleo-wb55rg_small.jpg
2022-10-02 22:20:12,530 [INFO] ApiDb:251 - Load user favorites file C:\Users\NGUYEN THANH QUI/.stm32cubeide/favorites.boards.txt: 0 item(s)
2022-10-02 22:20:12,530 [INFO] ApiDb:255 - User favorites Boards=[]
2022-10-02 22:20:12,530 [INFO] DbBoards:206 - Set 0 / 0 favorites Boards
2022-10-02 22:20:24,243 [INFO] DbMcusDocs:143 - JSON generation date=Tue Nov 16 23:17:54 ICT 2021 (1637079474)
2022-10-02 22:20:24,759 [INFO] DbMcusDocs:79 - Found 682 MCUs documents
2022-10-02 22:20:34,383 [INFO] MainUpdater:2671 - connection check result : 10
2022-10-02 22:20:34,383 [INFO] MainUpdater:2671 - connection check result : 10
2022-10-02 22:20:34,445 [INFO] MicroXplorer:448 - Change Database Path : 
2022-10-02 22:20:34,445 [INFO] MicroXplorer:478 - Change Database Version : DB.6.0.30
2022-10-02 22:20:34,445 [WARN] ThirdParty:813 - waiting for thirdparty lock release [close project]
2022-10-02 22:20:34,445 [INFO] ThirdParty:815 - entering critical section [close project]
2022-10-02 22:20:34,461 [INFO] ThirdParty:825 - exiting critical section [close project]
2022-10-02 22:20:34,461 [INFO] PinOutPanel:1463 - setPackage(No Configuration,No Configuration)
2022-10-02 22:20:34,461 [INFO] UtilMem:74 - Begin LoadConfig() Used Memory: 302977560 Bytes (637534208)
2022-10-02 22:20:34,461 [INFO] MicroXplorer:448 - Change Database Path : 
2022-10-02 22:20:34,461 [INFO] MicroXplorer:478 - Change Database Version : DB.6.0.30
2022-10-02 22:20:34,461 [INFO] OpenFileManager:313 - Change cursor
2022-10-02 22:20:36,961 [INFO] Context:592 - Trying to add GPIOservice into a context  which must be forbidden
2022-10-02 22:20:37,289 [INFO] ImportTextPane:167 - (OptionalMessage_ERROR) Unable to find key (Mcu.ThirdPartyNb) in loaded IOC file
2022-10-02 22:20:37,289 [INFO] ImportTextPane:167 - (OptionalMessage_ERROR) Unable to find key (Mcu.PinsNb) in loaded IOC file
2022-10-02 22:20:37,289 [INFO] ImportTextPane:167 - (OptionalMessage_ERROR) Unable to find key (Mcu.IPNb) in loaded IOC file
2022-10-02 22:20:37,367 [WARN] ApiManager:304 - Cannot register API 'Board Extension:GNSS1A1' from pack STMicroelectronics.X-CUBE-GNSS1.6.0.0: no header file found
2022-10-02 22:20:37,367 [WARN] ApiManager:304 - Cannot register API 'Board Support:Custom' from pack STMicroelectronics.X-CUBE-GNSS1.6.0.0: no header file found
2022-10-02 22:20:37,367 [WARN] ApiManager:304 - Cannot register API 'Data Exchange:lib_gnss' from pack STMicroelectronics.X-CUBE-GNSS1.6.0.0: no header file found
2022-10-02 22:20:37,383 [WARN] ModelIntegratedComponent:60 - No mode defined for component null
2022-10-02 22:20:37,383 [WARN] ModelIntegratedComponent:60 - No mode defined for component null
2022-10-02 22:20:37,383 [WARN] ModelIntegratedComponent:60 - No mode defined for component null
2022-10-02 22:20:37,383 [WARN] ModelIntegratedComponent:60 - No mode defined for component null
2022-10-02 22:20:37,383 [WARN] ModelIntegratedComponent:60 - No mode defined for component null
2022-10-02 22:20:37,383 [WARN] ModelIntegratedComponent:60 - No mode defined for component null
2022-10-02 22:20:37,383 [WARN] ModelIntegratedComponent:60 - No mode defined for component null
2022-10-02 22:20:37,383 [WARN] ModelIntegratedComponent:60 - No mode defined for component null
2022-10-02 22:20:37,383 [WARN] ModelIntegratedComponent:60 - No mode defined for component null
2022-10-02 22:20:37,383 [WARN] ModelIntegratedComponent:60 - No mode defined for component null
2022-10-02 22:20:37,383 [WARN] ModelIntegratedComponent:60 - No mode defined for component null
2022-10-02 22:20:37,383 [WARN] ModelIntegratedComponent:60 - No mode defined for component null
2022-10-02 22:20:37,383 [WARN] ModelIntegratedComponent:60 - No mode defined for component null
2022-10-02 22:20:37,383 [WARN] ModelIntegratedComponent:60 - No mode defined for component null
2022-10-02 22:20:37,383 [WARN] ModelIntegratedComponent:60 - No mode defined for component null
2022-10-02 22:20:37,383 [WARN] ModelIntegratedComponent:60 - No mode defined for component null
2022-10-02 22:20:37,383 [WARN] ModelIntegratedComponent:60 - No mode defined for component null
2022-10-02 22:20:37,383 [WARN] ModelIntegratedComponent:60 - No mode defined for component null
2022-10-02 22:20:37,383 [WARN] ModelIntegratedComponent:60 - No mode defined for component null
2022-10-02 22:20:37,383 [WARN] ModelIntegratedComponent:60 - No mode defined for component null
2022-10-02 22:20:37,383 [WARN] ModelIntegratedComponent:60 - No mode defined for component null
2022-10-02 22:20:37,383 [WARN] ModelIntegratedComponent:60 - No mode defined for component null
2022-10-02 22:20:37,383 [WARN] ModelIntegratedComponent:60 - No mode defined for component null
2022-10-02 22:20:37,383 [WARN] ModelIntegratedComponent:60 - No mode defined for component null
2022-10-02 22:20:37,383 [WARN] ModelIntegratedComponent:60 - No mode defined for component null
2022-10-02 22:20:37,383 [WARN] ModelIntegratedComponent:60 - No mode defined for component null
2022-10-02 22:20:37,383 [WARN] ModelIntegratedComponent:60 - No mode defined for component null
2022-10-02 22:20:37,383 [WARN] ModelIntegratedComponent:60 - No mode defined for component null
2022-10-02 22:20:37,383 [WARN] ModelIntegratedComponent:60 - No mode defined for component null
2022-10-02 22:20:37,383 [WARN] ModelIntegratedComponent:60 - No mode defined for component null
2022-10-02 22:20:37,383 [WARN] ModelIntegratedComponent:60 - No mode defined for component null
2022-10-02 22:20:37,398 [WARN] ApiManager:304 - Cannot register API 'Board Extension:NFC07A1' from pack STMicroelectronics.X-CUBE-NFC7.1.0.0: no header file found
2022-10-02 22:20:37,602 [WARN] ApiManager:304 - Cannot register API 'Board Extension:IKS01A3' from pack STMicroelectronics.X-CUBE-MEMS1.9.3.0: no header file found
2022-10-02 22:20:37,602 [WARN] ApiManager:304 - Cannot register API 'Board Extension:IKS01A2' from pack STMicroelectronics.X-CUBE-MEMS1.9.3.0: no header file found
2022-10-02 22:20:37,602 [WARN] ApiManager:304 - Cannot register API 'Board Extension:IKS02A1' from pack STMicroelectronics.X-CUBE-MEMS1.9.3.0: no header file found
2022-10-02 22:20:37,617 [WARN] ApiManager:304 - Cannot register API 'Wireless:BlueNRG-MS' from pack STMicroelectronics.X-CUBE-BLE1.6.2.3: no header file found
2022-10-02 22:20:37,617 [INFO] RtosManager:484 - Registered RTOS mode: class=CMSIS, group=RTOS, mode=CMSIS_V1, owner=FREERTOS
2022-10-02 22:20:37,617 [INFO] RtosManager:484 - Registered RTOS mode: class=CMSIS, group=RTOS2, mode=CMSIS_V2, owner=FREERTOS
2022-10-02 22:20:37,617 [INFO] RtosManager:484 - Registered RTOS mode: class=RTOS, group=Core, mode=CMSIS_V1, owner=FREERTOS
2022-10-02 22:20:37,617 [INFO] RtosManager:484 - Registered RTOS mode: class=RTOS, group=Core, mode=CMSIS_V2, owner=FREERTOS
2022-10-02 22:20:37,617 [WARN] ModelIntegratedComponent:181 - Missing modes for component STMicroelectronics:FreeRTOS:0.0.1:STMicroelectronics:RTOS:FreeRTOS:Core:::10.2.0:
2022-10-02 22:20:37,617 [WARN] ApiManager:304 - Cannot register API 'Board Extension:S2868A1' from pack STMicroelectronics.X-CUBE-SUBG2.5.0.0: no header file found
2022-10-02 22:20:37,617 [WARN] ApiManager:304 - Cannot register API 'Board Extension:S2868A2' from pack STMicroelectronics.X-CUBE-SUBG2.5.0.0: no header file found
2022-10-02 22:20:37,617 [WARN] ApiManager:304 - Cannot register API 'Board Extension:S2915A1' from pack STMicroelectronics.X-CUBE-SUBG2.5.0.0: no header file found
2022-10-02 22:20:37,633 [WARN] ApiManager:304 - Cannot register API 'Board Extension:EEPRMA1' from pack STMicroelectronics.X-CUBE-EEPRMA1.3.1.1: no header file found
2022-10-02 22:20:37,633 [WARN] ApiManager:304 - Cannot register API 'Board Extension:EEPRMA2' from pack STMicroelectronics.X-CUBE-EEPRMA1.3.1.1: no header file found
2022-10-02 22:20:37,633 [WARN] ApiManager:304 - Cannot register API 'Board Extension:S2868A1' from pack STMicroelectronics.X-CUBE-SFXS2LP1.4.0.0: no header file found
2022-10-02 22:20:37,633 [WARN] ApiManager:304 - Cannot register API 'Board Extension:S2868A2' from pack STMicroelectronics.X-CUBE-SFXS2LP1.4.0.0: no header file found
2022-10-02 22:20:37,633 [WARN] ApiManager:304 - Cannot register API 'Board Extension:S2915A1' from pack STMicroelectronics.X-CUBE-SFXS2LP1.4.0.0: no header file found
2022-10-02 22:20:37,633 [WARN] ApiManager:304 - Cannot register API 'Wireless:BlueNRG-2' from pack STMicroelectronics.X-CUBE-BLE2.3.3.0: no header file found
2022-10-02 22:20:37,633 [WARN] ApiManager:304 - Cannot register API 'Board Extension:NFC04A1' from pack STMicroelectronics.X-CUBE-NFC4.2.0.4: no header file found
2022-10-02 22:20:43,523 [INFO] UtilMem:74 - End LoadConfig() Used Memory: 400894984 Bytes (637534208)
2022-10-02 22:20:43,523 [WARN] ThirdParty:779 - waiting for thirdparty lock release [change project]
2022-10-02 22:20:43,523 [INFO] ThirdParty:781 - entering critical section [change project]
2022-10-02 22:20:43,523 [INFO] ThirdParty:967 - CMSIS Pack Vendor :RoweBots I-CUBE-UNISONRTOS 5.5.0-4
2022-10-02 22:20:43,523 [INFO] ThirdParty:967 - CMSIS Pack Vendor :STMicroelectronics X-CUBE-GNSS1 6.0.0
2022-10-02 22:20:43,523 [INFO] ThirdParty:967 - CMSIS Pack Vendor :STMicroelectronics X-CUBE-AZRTOS-H7 2.1.0
2022-10-02 22:20:43,523 [INFO] ThirdParty:967 - CMSIS Pack Vendor :STMicroelectronics USB_HOST 2.0.0
2022-10-02 22:20:43,523 [INFO] ThirdParty:967 - CMSIS Pack Vendor :STMicroelectronics X-CUBE-AZRTOS-F4 1.1.0
2022-10-02 22:20:43,523 [INFO] ThirdParty:967 - CMSIS Pack Vendor :STMicroelectronics X-CUBE-AZRTOS-G4 1.0.0
2022-10-02 22:20:43,523 [INFO] ThirdParty:967 - CMSIS Pack Vendor :STMicroelectronics X-CUBE-AZRTOS-L4 1.0.0
2022-10-02 22:20:43,523 [INFO] ThirdParty:967 - CMSIS Pack Vendor :STMicroelectronics USB_DEVICE 3.0.0
2022-10-02 22:20:43,523 [INFO] ThirdParty:967 - CMSIS Pack Vendor :wolfSSL I-CUBE-wolfSSL 5.5.0
2022-10-02 22:20:43,523 [INFO] ThirdParty:967 - CMSIS Pack Vendor :STMicroelectronics HAL Drivers 0.0.0
2022-10-02 22:20:43,539 [INFO] ThirdParty:967 - CMSIS Pack Vendor :STMicroelectronics MBEDTLS 2.16.2
2022-10-02 22:20:43,539 [INFO] ThirdParty:967 - CMSIS Pack Vendor :emotas I-CUBE-CANOPEN 1.1.2
2022-10-02 22:20:43,539 [INFO] ThirdParty:967 - CMSIS Pack Vendor :STMicroelectronics X-CUBE-TOUCHGFX 4.20.0
2022-10-02 22:20:43,539 [INFO] ThirdParty:967 - CMSIS Pack Vendor :STMicroelectronics MBEDTLS 2.14.1
2022-10-02 22:20:43,539 [INFO] ThirdParty:967 - CMSIS Pack Vendor :STMicroelectronics X-CUBE-NFC7 1.0.0
2022-10-02 22:20:43,539 [INFO] ThirdParty:967 - CMSIS Pack Vendor :STMicroelectronics X-CUBE-BLEMGR 1.0.0
2022-10-02 22:20:43,539 [INFO] ThirdParty:967 - CMSIS Pack Vendor :STMicroelectronics X-CUBE-AZRTOS-WL 1.0.0
2022-10-02 22:20:43,539 [INFO] ThirdParty:967 - CMSIS Pack Vendor :STMicroelectronics X-CUBE-AZRTOS-F7 1.1.0
2022-10-02 22:20:43,539 [INFO] ThirdParty:967 - CMSIS Pack Vendor :STMicroelectronics X-CUBE-MEMS1 9.3.0
2022-10-02 22:20:43,539 [INFO] ThirdParty:967 - CMSIS Pack Vendor :portGmbH I-Cube-SoM-uGOAL 1.1.0
2022-10-02 22:20:43,539 [INFO] ThirdParty:967 - CMSIS Pack Vendor :STMicroelectronics X-CUBE-ALS 1.0.1
2022-10-02 22:20:43,539 [INFO] ThirdParty:967 - CMSIS Pack Vendor :STMicroelectronics USB_DEVICE 2.0.0
2022-10-02 22:20:43,539 [INFO] ThirdParty:967 - CMSIS Pack Vendor :STMicroelectronics X-CUBE-AI 7.2.0
2022-10-02 22:20:43,539 [INFO] ThirdParty:967 - CMSIS Pack Vendor :STMicroelectronics X-CUBE-BLE1 6.2.3
2022-10-02 22:20:43,539 [INFO] ThirdParty:967 - CMSIS Pack Vendor :STMicroelectronics X-CUBE-ALGOBUILD 1.3.0
2022-10-02 22:20:43,539 [INFO] ThirdParty:967 - CMSIS Pack Vendor :STMicroelectronics X-CUBE-AZRTOS-L5 1.0.0
2022-10-02 22:20:43,539 [INFO] ThirdParty:967 - CMSIS Pack Vendor :STMicroelectronics FreeRTOS 0.0.1
2022-10-02 22:20:43,539 [INFO] ThirdParty:967 - CMSIS Pack Vendor :STMicroelectronics X-CUBE-AZRTOS-G0 1.1.0
2022-10-02 22:20:43,539 [INFO] ThirdParty:967 - CMSIS Pack Vendor :STMicroelectronics USB_DEVICE 1.0.0
2022-10-02 22:20:43,539 [INFO] ThirdParty:967 - CMSIS Pack Vendor :STMicroelectronics X-CUBE-SUBG2 5.0.0
2022-10-02 22:20:43,539 [INFO] ThirdParty:967 - CMSIS Pack Vendor :SEGGER I-CUBE-embOS 1.2.0
2022-10-02 22:20:43,539 [INFO] ThirdParty:967 - CMSIS Pack Vendor :STMicroelectronics X-CUBE-EEPRMA1 3.1.1
2022-10-02 22:20:43,539 [INFO] ThirdParty:967 - CMSIS Pack Vendor :STMicroelectronics ThreadX 0.0.2
2022-10-02 22:20:43,539 [INFO] ThirdParty:967 - CMSIS Pack Vendor :STMicroelectronics lwIP 2.0.3
2022-10-02 22:20:43,539 [INFO] ThirdParty:967 - CMSIS Pack Vendor :STMicroelectronics lwIP 2.1.2
2022-10-02 22:20:43,539 [INFO] ThirdParty:967 - CMSIS Pack Vendor :STMicroelectronics X-CUBE-SFXS2LP1 4.0.0
2022-10-02 22:20:43,539 [INFO] ThirdParty:967 - CMSIS Pack Vendor :STMicroelectronics X-CUBE-BLE2 3.3.0
2022-10-02 22:20:43,539 [INFO] ThirdParty:967 - CMSIS Pack Vendor :STMicroelectronics X-CUBE-NFC4 2.0.4
2022-10-02 22:20:43,539 [INFO] ThirdParty:967 - CMSIS Pack Vendor :STMicroelectronics USB_HOST 1.0.0
2022-10-02 22:20:43,539 [INFO] ThirdParty:967 - CMSIS Pack Vendor :STMicroelectronics X-CUBE-DISPLAY 2.2.0
2022-10-02 22:20:43,539 [INFO] ThirdParty:967 - CMSIS Pack Vendor :STMicroelectronics PDM2PCM 3.1.0
2022-10-02 22:20:43,539 [INFO] ThirdParty:967 - CMSIS Pack Vendor :STMicroelectronics FP-ATR-ASTRA1 1.1.1
2022-10-02 22:20:43,539 [INFO] ThirdParty:967 - CMSIS Pack Vendor :STMicroelectronics PDM2PCM 3.2.0
2022-10-02 22:20:43,539 [INFO] ThirdParty:967 - CMSIS Pack Vendor :STMicroelectronics PDM2PCM 3.3.0
2022-10-02 22:20:43,539 [INFO] ThirdParty:967 - CMSIS Pack Vendor :STMicroelectronics X-CUBE-TOF1 3.1.0
2022-10-02 22:20:43,539 [INFO] ThirdParty:967 - CMSIS Pack Vendor :STMicroelectronics X-CUBE-ISPU 1.0.0
2022-10-02 22:20:43,539 [INFO] ThirdParty:787 - exiting critical section [change project]
2022-10-02 22:20:43,820 [INFO] PinOutPanel:1463 - setPackage(No Configuration,No Configuration)
2022-10-02 22:20:43,820 [INFO] PinOutPanel:1463 - setPackage(STM32F103C6Ux,UFQFPN48)
2022-10-02 22:20:44,632 [INFO] UtilMem:74 - Before build in PCC Used Memory: 438131712 Bytes (637534208)
2022-10-02 22:20:45,601 [INFO] UtilMem:74 - After build in PCC Used Memory: 514810392 Bytes (637534208)
2022-10-02 22:20:45,632 [INFO] IPUIPlugin:74 - create IPUIPlugin
2022-10-02 22:20:45,710 [INFO] IPUIPlugin:74 - create IPUIPlugin
2022-10-02 22:20:45,710 [INFO] IPUIPlugin:74 - create IPUIPlugin
2022-10-02 22:20:45,710 [INFO] IPUIPlugin:74 - create IPUIPlugin
2022-10-02 22:20:45,710 [INFO] IPUIPlugin:74 - create IPUIPlugin
2022-10-02 22:20:45,710 [INFO] IPUIPlugin:74 - create IPUIPlugin
2022-10-02 22:20:45,710 [INFO] IPUIPlugin:74 - create IPUIPlugin
2022-10-02 22:20:45,710 [INFO] IPUIPlugin:74 - create IPUIPlugin
2022-10-02 22:20:45,710 [INFO] IPUIPlugin:74 - create IPUIPlugin
2022-10-02 22:20:45,710 [INFO] IPUIPlugin:74 - create IPUIPlugin
2022-10-02 22:20:45,710 [INFO] IPUIPlugin:74 - create IPUIPlugin
2022-10-02 22:20:45,710 [INFO] IPUIPlugin:74 - create IPUIPlugin
2022-10-02 22:20:45,742 [INFO] IPUIPlugin:74 - create IPUIPlugin
2022-10-02 22:20:45,742 [INFO] IPUIPlugin:74 - create IPUIPlugin
2022-10-02 22:20:45,742 [INFO] IPUIPlugin:74 - create IPUIPlugin
2022-10-02 22:20:45,742 [INFO] IPUIPlugin:74 - create IPUIPlugin
2022-10-02 22:20:45,742 [INFO] IPUIPlugin:74 - create IPUIPlugin
2022-10-02 22:20:45,742 [INFO] IPUIPlugin:74 - create IPUIPlugin
2022-10-02 22:20:45,742 [INFO] IPUIPlugin:74 - create IPUIPlugin
2022-10-02 22:20:45,742 [INFO] IPUIPlugin:74 - create IPUIPlugin
2022-10-02 22:20:45,742 [INFO] IPUIPlugin:74 - create IPUIPlugin
2022-10-02 22:20:45,742 [INFO] IPUIPlugin:74 - create IPUIPlugin
2022-10-02 22:20:45,742 [INFO] IPUIPlugin:74 - create IPUIPlugin
2022-10-02 22:20:47,007 [INFO] OpenFileManager:333 - Restore cursor
2022-10-02 22:20:47,241 [INFO] UtilMem:74 - End SaveConfig() Used Memory: 482316128 Bytes (637534208)
2022-10-02 22:20:47,320 [INFO] UtilMem:74 - End SaveConfig() Used Memory: 493879296 Bytes (637534208)
2022-10-02 22:20:47,710 [INFO] BlockDiagram:2740 - set Specific Code input for plugin: NVIC
2022-10-02 22:20:47,710 [INFO] BlockDiagram:2740 - set Specific Code input for plugin: SYS
2022-10-02 22:20:47,710 [INFO] BlockDiagram:2740 - set Specific Code input for plugin: RCC
2022-10-02 22:20:47,710 [INFO] CodeGenerator:663 - code generatio: config db path: C:\ST\STM32CubeIDE_1.7.0\STM32CubeIDE\plugins\com.st.stm32cube.common.mx_6.3.0.202107141111\\db\
2022-10-02 22:20:48,366 [INFO] CodeEngine:239 - oldGeneratedFile, C:\Users\NGUYEN THANH QUI\Desktop\Week1\lab1_ex3\stm32cube\ex3\MXTmpFiles\license.tmp_save
2022-10-02 22:20:48,929 [INFO] CodeEngine:257 - Generated code: C:\Users\NGUYEN THANH QUI\Desktop\Week1\lab1_ex3\stm32cube\ex3\MXTmpFiles\license.tmp
2022-10-02 22:20:49,148 [INFO] CodeEngine:239 - oldGeneratedFile, C:\Users\NGUYEN THANH QUI\Desktop\Week1\lab1_ex3\stm32cube\ex3\Core\Src\stm32f1xx_it.c_save
2022-10-02 22:20:49,523 [INFO] CodeEngine:257 - Generated code: C:\Users\NGUYEN THANH QUI\Desktop\Week1\lab1_ex3\stm32cube\ex3\Core\Src\stm32f1xx_it.c
2022-10-02 22:20:49,523 [INFO] CodeEngine:239 - oldGeneratedFile, C:\Users\NGUYEN THANH QUI\Desktop\Week1\lab1_ex3\stm32cube\ex3\Core\Inc\stm32f1xx_it.h_save
2022-10-02 22:20:49,741 [INFO] CodeEngine:257 - Generated code: C:\Users\NGUYEN THANH QUI\Desktop\Week1\lab1_ex3\stm32cube\ex3\Core\Inc\stm32f1xx_it.h
2022-10-02 22:20:49,757 [INFO] CodeEngine:239 - oldGeneratedFile, C:\Users\NGUYEN THANH QUI\Desktop\Week1\lab1_ex3\stm32cube\ex3\Core\Src\stm32f1xx_hal_msp.c_save
2022-10-02 22:20:49,960 [INFO] CodeEngine:257 - Generated code: C:\Users\NGUYEN THANH QUI\Desktop\Week1\lab1_ex3\stm32cube\ex3\Core\Src\stm32f1xx_hal_msp.c
2022-10-02 22:20:49,960 [INFO] CodeEngine:239 - oldGeneratedFile, C:\Users\NGUYEN THANH QUI\Desktop\Week1\lab1_ex3\stm32cube\ex3\MXTmpFiles\system.tmp_save
2022-10-02 22:20:50,023 [INFO] CodeEngine:257 - Generated code: C:\Users\NGUYEN THANH QUI\Desktop\Week1\lab1_ex3\stm32cube\ex3\MXTmpFiles\system.tmp
2022-10-02 22:20:50,038 [INFO] CodeEngine:239 - oldGeneratedFile, C:\Users\NGUYEN THANH QUI\Desktop\Week1\lab1_ex3\stm32cube\ex3\Core\Inc\stm32f1xx_hal_conf.h_save
2022-10-02 22:20:50,148 [INFO] CodeEngine:257 - Generated code: C:\Users\NGUYEN THANH QUI\Desktop\Week1\lab1_ex3\stm32cube\ex3\Core\Inc\stm32f1xx_hal_conf.h
2022-10-02 22:20:50,366 [INFO] CodeEngine:239 - oldGeneratedFile, C:\Users\NGUYEN THANH QUI\Desktop\Week1\lab1_ex3\stm32cube\ex3\Core\Inc\main.h_save
2022-10-02 22:20:50,585 [INFO] CodeEngine:257 - Generated code: C:\Users\NGUYEN THANH QUI\Desktop\Week1\lab1_ex3\stm32cube\ex3\Core\Inc\main.h
2022-10-02 22:20:50,585 [INFO] CodeEngine:239 - oldGeneratedFile, C:\Users\NGUYEN THANH QUI\Desktop\Week1\lab1_ex3\stm32cube\ex3\Core\Src\main.c_save
2022-10-02 22:20:50,851 [INFO] CodeEngine:257 - Generated code: C:\Users\NGUYEN THANH QUI\Desktop\Week1\lab1_ex3\stm32cube\ex3\Core\Src\main.c
2022-10-02 22:20:52,429 [INFO] ProjectBuilder:2578 - Time for Copy HAL[1] : 78mS.
2022-10-02 22:20:52,444 [INFO] ProjectBuilder:3622 - Project Generator version: 3.14.1
2022-10-02 22:20:53,085 [INFO] ConfigFileManager:1271 - The Die is : DIE412
2022-10-02 22:20:53,194 [INFO] ApiDbMcu:468 - Load IP Config File for FATFS
2022-10-02 22:20:53,241 [INFO] ApiDbMcu:468 - Load IP Config File for FREERTOS
2022-10-02 22:20:53,257 [INFO] ApiDbMcu:468 - Load IP Config File for USB_DEVICE
2022-10-02 22:21:04,006 [INFO] ProjectBuilder:3789 - Time for Generating toolchain IDE Files: 11562mS.
2022-10-02 22:21:04,006 [INFO] ProjectBuilder:2457 - Time for Copy CMSIS : 0mS.
2022-10-02 22:21:04,006 [INFO] ProjectBuilder:2457 - Time for Copy CMSIS : 0mS.
2022-10-02 22:21:06,303 [INFO] McuFinderGlobals:52 - Set McuFinderConnectedMode to true
2022-10-02 22:21:06,303 [INFO] ApiDb:276 - Save user favorites file C:\Users\NGUYEN THANH QUI/.stm32cubeide/favorites.mcus.txt: 0 item(s)
2022-10-02 22:21:06,303 [INFO] ApiDb:280 - User favorites MCUs=[]
2022-10-02 22:22:14,318 [INFO] UtilMem:74 - End SaveConfig() Used Memory: 802503360 Bytes (993001472)
2022-10-02 22:22:15,396 [INFO] UtilMem:74 - End SaveConfig() Used Memory: 829960064 Bytes (993001472)
2022-10-02 22:22:18,177 [INFO] UtilMem:74 - End SaveConfig() Used Memory: 682097976 Bytes (993001472)
2022-10-02 22:22:18,536 [INFO] BlockDiagram:2740 - set Specific Code input for plugin: NVIC
2022-10-02 22:22:18,536 [INFO] BlockDiagram:2740 - set Specific Code input for plugin: SYS
2022-10-02 22:22:18,536 [INFO] BlockDiagram:2740 - set Specific Code input for plugin: GPIO
2022-10-02 22:22:18,536 [INFO] BlockDiagram:2740 - set Specific Code input for plugin: RCC
2022-10-02 22:22:18,536 [INFO] CodeGenerator:663 - code generatio: config db path: C:\ST\STM32CubeIDE_1.7.0\STM32CubeIDE\plugins\com.st.stm32cube.common.mx_6.3.0.202107141111\\db\
2022-10-02 22:22:19,099 [INFO] CodeEngine:239 - oldGeneratedFile, C:\Users\NGUYEN THANH QUI\Desktop\Week1\lab1_ex3\stm32cube\ex3\MXTmpFiles\license.tmp_save
2022-10-02 22:22:19,161 [INFO] CodeEngine:257 - Generated code: C:\Users\NGUYEN THANH QUI\Desktop\Week1\lab1_ex3\stm32cube\ex3\MXTmpFiles\license.tmp
2022-10-02 22:22:19,208 [INFO] CodeEngine:239 - oldGeneratedFile, C:\Users\NGUYEN THANH QUI\Desktop\Week1\lab1_ex3\stm32cube\ex3\MXTmpFiles\gpio.tmp_save
2022-10-02 22:22:19,271 [INFO] CodeEngine:257 - Generated code: C:\Users\NGUYEN THANH QUI\Desktop\Week1\lab1_ex3\stm32cube\ex3\MXTmpFiles\gpio.tmp
2022-10-02 22:22:19,318 [INFO] CodeEngine:239 - oldGeneratedFile, C:\Users\NGUYEN THANH QUI\Desktop\Week1\lab1_ex3\stm32cube\ex3\Core\Src\stm32f1xx_it.c_save
2022-10-02 22:22:19,615 [INFO] CodeEngine:257 - Generated code: C:\Users\NGUYEN THANH QUI\Desktop\Week1\lab1_ex3\stm32cube\ex3\Core\Src\stm32f1xx_it.c
2022-10-02 22:22:19,615 [INFO] CodeEngine:239 - oldGeneratedFile, C:\Users\NGUYEN THANH QUI\Desktop\Week1\lab1_ex3\stm32cube\ex3\Core\Inc\stm32f1xx_it.h_save
2022-10-02 22:22:19,724 [INFO] CodeEngine:257 - Generated code: C:\Users\NGUYEN THANH QUI\Desktop\Week1\lab1_ex3\stm32cube\ex3\Core\Inc\stm32f1xx_it.h
2022-10-02 22:22:19,739 [INFO] CodeEngine:239 - oldGeneratedFile, C:\Users\NGUYEN THANH QUI\Desktop\Week1\lab1_ex3\stm32cube\ex3\Core\Src\stm32f1xx_hal_msp.c_save
2022-10-02 22:22:19,849 [INFO] CodeEngine:257 - Generated code: C:\Users\NGUYEN THANH QUI\Desktop\Week1\lab1_ex3\stm32cube\ex3\Core\Src\stm32f1xx_hal_msp.c
2022-10-02 22:22:19,849 [INFO] CodeEngine:239 - oldGeneratedFile, C:\Users\NGUYEN THANH QUI\Desktop\Week1\lab1_ex3\stm32cube\ex3\MXTmpFiles\system.tmp_save
2022-10-02 22:22:19,911 [INFO] CodeEngine:257 - Generated code: C:\Users\NGUYEN THANH QUI\Desktop\Week1\lab1_ex3\stm32cube\ex3\MXTmpFiles\system.tmp
2022-10-02 22:22:19,943 [INFO] CodeEngine:239 - oldGeneratedFile, C:\Users\NGUYEN THANH QUI\Desktop\Week1\lab1_ex3\stm32cube\ex3\Core\Inc\stm32f1xx_hal_conf.h_save
2022-10-02 22:22:20,036 [INFO] CodeEngine:257 - Generated code: C:\Users\NGUYEN THANH QUI\Desktop\Week1\lab1_ex3\stm32cube\ex3\Core\Inc\stm32f1xx_hal_conf.h
2022-10-02 22:22:20,052 [INFO] CodeEngine:239 - oldGeneratedFile, C:\Users\NGUYEN THANH QUI\Desktop\Week1\lab1_ex3\stm32cube\ex3\Core\Inc\main.h_save
2022-10-02 22:22:20,161 [INFO] CodeEngine:257 - Generated code: C:\Users\NGUYEN THANH QUI\Desktop\Week1\lab1_ex3\stm32cube\ex3\Core\Inc\main.h
2022-10-02 22:22:20,177 [INFO] CodeEngine:239 - oldGeneratedFile, C:\Users\NGUYEN THANH QUI\Desktop\Week1\lab1_ex3\stm32cube\ex3\Core\Src\main.c_save
2022-10-02 22:22:20,318 [INFO] CodeEngine:257 - Generated code: C:\Users\NGUYEN THANH QUI\Desktop\Week1\lab1_ex3\stm32cube\ex3\Core\Src\main.c
2022-10-02 22:22:21,505 [INFO] ProjectBuilder:2578 - Time for Copy HAL[1] : 172mS.
2022-10-02 22:22:21,505 [INFO] ProjectBuilder:3622 - Project Generator version: 3.14.1
2022-10-02 22:22:22,224 [INFO] ConfigFileManager:1271 - The Die is : DIE412
2022-10-02 22:22:25,786 [INFO] ProjectBuilder:3789 - Time for Generating toolchain IDE Files: 4281mS.
2022-10-02 22:22:25,786 [INFO] ProjectBuilder:2457 - Time for Copy CMSIS : 0mS.
2022-10-02 22:22:25,786 [INFO] ProjectBuilder:2457 - Time for Copy CMSIS : 0mS.
2022-10-02 22:39:35,769 [INFO] UtilMem:74 - End SaveConfig() Used Memory: 948274072 Bytes (1073741824)
2022-10-02 22:39:36,989 [INFO] UtilMem:74 - End SaveConfig() Used Memory: 643748424 Bytes (1073741824)
2022-10-02 22:40:34,826 [INFO] UtilMem:74 - End SaveConfig() Used Memory: 649545104 Bytes (1073741824)
2022-10-02 22:40:36,390 [INFO] UtilMem:74 - End SaveConfig() Used Memory: 672854824 Bytes (1073741824)
2022-10-02 22:40:37,629 [INFO] UtilMem:74 - End SaveConfig() Used Memory: 748352296 Bytes (1073741824)
2022-10-02 22:40:38,035 [INFO] BlockDiagram:2740 - set Specific Code input for plugin: NVIC
2022-10-02 22:40:38,035 [INFO] BlockDiagram:2740 - set Specific Code input for plugin: SYS
2022-10-02 22:40:38,035 [INFO] BlockDiagram:2740 - set Specific Code input for plugin: GPIO
2022-10-02 22:40:38,035 [INFO] BlockDiagram:2740 - set Specific Code input for plugin: RCC
2022-10-02 22:40:38,035 [INFO] CodeGenerator:663 - code generatio: config db path: C:\ST\STM32CubeIDE_1.7.0\STM32CubeIDE\plugins\com.st.stm32cube.common.mx_6.3.0.202107141111\\db\
2022-10-02 22:40:38,347 [INFO] CodeEngine:239 - oldGeneratedFile, C:\Users\NGUYEN THANH QUI\Desktop\Week1\lab1_ex3\stm32cube\ex3\MXTmpFiles\license.tmp_save
2022-10-02 22:40:38,426 [INFO] CodeEngine:257 - Generated code: C:\Users\NGUYEN THANH QUI\Desktop\Week1\lab1_ex3\stm32cube\ex3\MXTmpFiles\license.tmp
2022-10-02 22:40:38,457 [INFO] CodeEngine:239 - oldGeneratedFile, C:\Users\NGUYEN THANH QUI\Desktop\Week1\lab1_ex3\stm32cube\ex3\MXTmpFiles\gpio.tmp_save
2022-10-02 22:40:38,519 [INFO] CodeEngine:257 - Generated code: C:\Users\NGUYEN THANH QUI\Desktop\Week1\lab1_ex3\stm32cube\ex3\MXTmpFiles\gpio.tmp
2022-10-02 22:40:38,551 [INFO] CodeEngine:239 - oldGeneratedFile, C:\Users\NGUYEN THANH QUI\Desktop\Week1\lab1_ex3\stm32cube\ex3\Core\Src\stm32f1xx_it.c_save
2022-10-02 22:40:38,722 [INFO] CodeEngine:257 - Generated code: C:\Users\NGUYEN THANH QUI\Desktop\Week1\lab1_ex3\stm32cube\ex3\Core\Src\stm32f1xx_it.c
2022-10-02 22:40:38,722 [INFO] CodeEngine:239 - oldGeneratedFile, C:\Users\NGUYEN THANH QUI\Desktop\Week1\lab1_ex3\stm32cube\ex3\Core\Inc\stm32f1xx_it.h_save
2022-10-02 22:40:38,801 [INFO] CodeEngine:257 - Generated code: C:\Users\NGUYEN THANH QUI\Desktop\Week1\lab1_ex3\stm32cube\ex3\Core\Inc\stm32f1xx_it.h
2022-10-02 22:40:38,816 [INFO] CodeEngine:239 - oldGeneratedFile, C:\Users\NGUYEN THANH QUI\Desktop\Week1\lab1_ex3\stm32cube\ex3\Core\Src\stm32f1xx_hal_msp.c_save
2022-10-02 22:40:38,910 [INFO] CodeEngine:257 - Generated code: C:\Users\NGUYEN THANH QUI\Desktop\Week1\lab1_ex3\stm32cube\ex3\Core\Src\stm32f1xx_hal_msp.c
2022-10-02 22:40:38,910 [INFO] CodeEngine:239 - oldGeneratedFile, C:\Users\NGUYEN THANH QUI\Desktop\Week1\lab1_ex3\stm32cube\ex3\MXTmpFiles\system.tmp_save
2022-10-02 22:40:39,144 [INFO] CodeEngine:257 - Generated code: C:\Users\NGUYEN THANH QUI\Desktop\Week1\lab1_ex3\stm32cube\ex3\MXTmpFiles\system.tmp
2022-10-02 22:40:39,160 [INFO] CodeEngine:239 - oldGeneratedFile, C:\Users\NGUYEN THANH QUI\Desktop\Week1\lab1_ex3\stm32cube\ex3\Core\Inc\stm32f1xx_hal_conf.h_save
2022-10-02 22:40:39,347 [INFO] CodeEngine:257 - Generated code: C:\Users\NGUYEN THANH QUI\Desktop\Week1\lab1_ex3\stm32cube\ex3\Core\Inc\stm32f1xx_hal_conf.h
2022-10-02 22:40:39,363 [INFO] CodeEngine:239 - oldGeneratedFile, C:\Users\NGUYEN THANH QUI\Desktop\Week1\lab1_ex3\stm32cube\ex3\Core\Inc\main.h_save
2022-10-02 22:40:39,457 [INFO] CodeEngine:257 - Generated code: C:\Users\NGUYEN THANH QUI\Desktop\Week1\lab1_ex3\stm32cube\ex3\Core\Inc\main.h
2022-10-02 22:40:39,472 [INFO] CodeEngine:239 - oldGeneratedFile, C:\Users\NGUYEN THANH QUI\Desktop\Week1\lab1_ex3\stm32cube\ex3\Core\Src\main.c_save
2022-10-02 22:40:39,597 [INFO] CodeEngine:257 - Generated code: C:\Users\NGUYEN THANH QUI\Desktop\Week1\lab1_ex3\stm32cube\ex3\Core\Src\main.c
2022-10-02 22:40:40,832 [INFO] ProjectBuilder:2578 - Time for Copy HAL[1] : 110mS.
2022-10-02 22:40:40,957 [INFO] ProjectBuilder:3622 - Project Generator version: 3.14.1
2022-10-02 22:40:41,613 [INFO] ConfigFileManager:1271 - The Die is : DIE412
2022-10-02 22:40:44,800 [INFO] ProjectBuilder:3789 - Time for Generating toolchain IDE Files: 3843mS.
2022-10-02 22:40:44,800 [INFO] ProjectBuilder:2457 - Time for Copy CMSIS : 0mS.
2022-10-02 22:40:44,816 [INFO] ProjectBuilder:2457 - Time for Copy CMSIS : 0mS.
