2022-12-05 21:16:47,670 [INFO] Activator:177 - 


2022-12-05 21:16:47,670 [INFO] Activator:178 - !SESSION log4j initialized
2022-12-05 23:26:28,091 [INFO] Activator:177 - 


2022-12-05 23:26:28,091 [INFO] Activator:178 - !SESSION log4j initialized
2022-12-05 23:35:23,302 [INFO] McuFinderGlobals:39 - Set McuFinder mode to 2 (CubeIDE integrated)
2022-12-05 23:35:25,235 [INFO] ApplicationProperties:181 - Using Application install path: C:\ST\STM32CubeIDE_1.7.0\STM32CubeIDE\plugins\com.st.stm32cube.common.mx_6.3.0.202107141111
2022-12-05 23:35:25,250 [INFO] DbMcusXml:74 - Set database path to: C:\ST\STM32CubeIDE_1.7.0\STM32CubeIDE\plugins\com.st.stm32cube.common.mx_6.3.0.202107141111\\db\/mcu/
2022-12-05 23:35:25,250 [INFO] DbBoardsPdsc:56 - Set plugin database path to: C:\ST\STM32CubeIDE_1.7.0\STM32CubeIDE\plugins\com.st.stm32cube.common.mx_6.3.0.202107141111\\db\/plugins/boardmanager/
2022-12-05 23:35:25,250 [INFO] DbMcus:258 - Set plugin images path to: C:\ST\STM32CubeIDE_1.7.0\STM32CubeIDE\plugins\com.st.stm32cube.common.mx_6.3.0.202107141111\\db\/plugins/mcufinder/images/
2022-12-05 23:35:25,250 [INFO] DbBoards:264 - Set plugin images path to: C:\ST\STM32CubeIDE_1.7.0\STM32CubeIDE\plugins\com.st.stm32cube.common.mx_6.3.0.202107141111\\db\/plugins/mcufinder/images/
2022-12-05 23:35:25,250 [INFO] DbExamples:333 - Set plugin images path to: C:\ST\STM32CubeIDE_1.7.0\STM32CubeIDE\plugins\com.st.stm32cube.common.mx_6.3.0.202107141111\\db\/plugins/mcufinder/images/
2022-12-05 23:35:25,266 [INFO] DbMcusAds:119 - Set database path to: C:\Users\NGUYEN THANH QUI\.stmcufinder\plugins\mcufinder//mcu/
2022-12-05 23:35:25,266 [INFO] DbMcusDocs:110 - Set database path to: C:\Users\NGUYEN THANH QUI\.stmcufinder\plugins\mcufinder//mcu/
2022-12-05 23:35:25,266 [INFO] DbMcusJson:64 - Set database path to: C:\Users\NGUYEN THANH QUI\.stmcufinder\plugins\mcufinder//mcu/
2022-12-05 23:35:25,266 [INFO] DbBoardsDocs:110 - Set database path to: C:\Users\NGUYEN THANH QUI\.stmcufinder\plugins\mcufinder//mcu/
2022-12-05 23:35:25,266 [INFO] DbBoardsJson:57 - Set database path to: C:\Users\NGUYEN THANH QUI\.stmcufinder\plugins\mcufinder//mcu/
2022-12-05 23:35:26,453 [INFO] CrossReferenceDbSqlite:196 - Set database path to: C:\Users\NGUYEN THANH QUI\.stmcufinder\plugins\mcufinder//mcu/cs/
2022-12-05 23:35:26,453 [INFO] DbExamplesSqlite:767 - Set database path to: C:\Users\NGUYEN THANH QUI\.stmcufinder\plugins\mcufinder//mcu/
2022-12-05 23:35:26,563 [INFO] RulesReader:57 - Compatibility file has been processed (242 Rules)
2022-12-05 23:35:26,672 [INFO] DbMcusXml:74 - Set database path to: C:\ST\STM32CubeIDE_1.7.0\STM32CubeIDE\plugins\com.st.stm32cube.common.mx_6.3.0.202107141111\\db\/mcu/
2022-12-05 23:35:26,672 [INFO] DbBoardsPdsc:56 - Set plugin database path to: C:\ST\STM32CubeIDE_1.7.0\STM32CubeIDE\plugins\com.st.stm32cube.common.mx_6.3.0.202107141111\\db\/plugins/boardmanager/
2022-12-05 23:35:26,672 [INFO] DbMcus:258 - Set plugin images path to: C:\ST\STM32CubeIDE_1.7.0\STM32CubeIDE\plugins\com.st.stm32cube.common.mx_6.3.0.202107141111\\db\/plugins/mcufinder/images/
2022-12-05 23:35:26,672 [INFO] DbBoards:264 - Set plugin images path to: C:\ST\STM32CubeIDE_1.7.0\STM32CubeIDE\plugins\com.st.stm32cube.common.mx_6.3.0.202107141111\\db\/plugins/mcufinder/images/
2022-12-05 23:35:26,672 [INFO] DbExamples:333 - Set plugin images path to: C:\ST\STM32CubeIDE_1.7.0\STM32CubeIDE\plugins\com.st.stm32cube.common.mx_6.3.0.202107141111\\db\/plugins/mcufinder/images/
2022-12-05 23:35:26,672 [WARN] DbFile:35 - Overriding database path with different value: C:\Users\NGUYEN THANH QUI\.stmcufinder\plugins\mcufinder/ => C:\Users\NGUYEN THANH QUI\.stmcufinder\plugins\mcufinder
2022-12-05 23:35:26,672 [INFO] DbMcusAds:119 - Set database path to: C:\Users\NGUYEN THANH QUI\.stmcufinder\plugins\mcufinder//mcu/
2022-12-05 23:35:26,672 [WARN] DbFile:35 - Overriding database path with different value: C:\Users\NGUYEN THANH QUI\.stmcufinder\plugins\mcufinder/ => C:\Users\NGUYEN THANH QUI\.stmcufinder\plugins\mcufinder
2022-12-05 23:35:26,672 [INFO] DbMcusDocs:110 - Set database path to: C:\Users\NGUYEN THANH QUI\.stmcufinder\plugins\mcufinder//mcu/
2022-12-05 23:35:26,672 [WARN] DbFile:35 - Overriding database path with different value: C:\Users\NGUYEN THANH QUI\.stmcufinder\plugins\mcufinder/ => C:\Users\NGUYEN THANH QUI\.stmcufinder\plugins\mcufinder
2022-12-05 23:35:26,672 [INFO] DbMcusJson:64 - Set database path to: C:\Users\NGUYEN THANH QUI\.stmcufinder\plugins\mcufinder//mcu/
2022-12-05 23:35:26,672 [WARN] DbFile:35 - Overriding database path with different value: C:\Users\NGUYEN THANH QUI\.stmcufinder\plugins\mcufinder/ => C:\Users\NGUYEN THANH QUI\.stmcufinder\plugins\mcufinder
2022-12-05 23:35:26,672 [INFO] DbBoardsDocs:110 - Set database path to: C:\Users\NGUYEN THANH QUI\.stmcufinder\plugins\mcufinder//mcu/
2022-12-05 23:35:26,672 [WARN] DbFile:35 - Overriding database path with different value: C:\Users\NGUYEN THANH QUI\.stmcufinder\plugins\mcufinder/ => C:\Users\NGUYEN THANH QUI\.stmcufinder\plugins\mcufinder
2022-12-05 23:35:26,672 [INFO] DbBoardsJson:57 - Set database path to: C:\Users\NGUYEN THANH QUI\.stmcufinder\plugins\mcufinder//mcu/
2022-12-05 23:35:26,672 [WARN] DbFile:35 - Overriding database path with different value: C:\Users\NGUYEN THANH QUI\.stmcufinder\plugins\mcufinder/ => C:\Users\NGUYEN THANH QUI\.stmcufinder\plugins\mcufinder
2022-12-05 23:35:26,672 [WARN] DbFile:35 - Overriding database path with different value: C:\Users\NGUYEN THANH QUI\.stmcufinder\plugins\mcufinder/ => C:\Users\NGUYEN THANH QUI\.stmcufinder\plugins\mcufinder
2022-12-05 23:35:27,453 [INFO] CrossReferenceDbSqlite:196 - Set database path to: C:\Users\NGUYEN THANH QUI\.stmcufinder\plugins\mcufinder//mcu/cs/
2022-12-05 23:35:27,453 [WARN] DbFile:35 - Overriding database path with different value: C:\Users\NGUYEN THANH QUI\.stmcufinder\plugins\mcufinder/ => C:\Users\NGUYEN THANH QUI\.stmcufinder\plugins\mcufinder
2022-12-05 23:35:27,453 [INFO] DbExamplesSqlite:767 - Set database path to: C:\Users\NGUYEN THANH QUI\.stmcufinder\plugins\mcufinder//mcu/
2022-12-05 23:35:27,531 [INFO] MainPanel:214 - HeapMemory: 685768704
2022-12-05 23:35:27,609 [INFO] DbMcusXml:74 - Set database path to: C:\ST\STM32CubeIDE_1.7.0\STM32CubeIDE\plugins\com.st.stm32cube.common.mx_6.3.0.202107141111\\db\/mcu/
2022-12-05 23:35:27,609 [INFO] DbBoardsPdsc:56 - Set plugin database path to: C:\ST\STM32CubeIDE_1.7.0\STM32CubeIDE\plugins\com.st.stm32cube.common.mx_6.3.0.202107141111\\db\/plugins/boardmanager/
2022-12-05 23:35:27,609 [INFO] DbMcus:258 - Set plugin images path to: C:\ST\STM32CubeIDE_1.7.0\STM32CubeIDE\plugins\com.st.stm32cube.common.mx_6.3.0.202107141111\\db\/plugins/mcufinder/images/
2022-12-05 23:35:27,609 [INFO] DbBoards:264 - Set plugin images path to: C:\ST\STM32CubeIDE_1.7.0\STM32CubeIDE\plugins\com.st.stm32cube.common.mx_6.3.0.202107141111\\db\/plugins/mcufinder/images/
2022-12-05 23:35:27,609 [INFO] DbExamples:333 - Set plugin images path to: C:\ST\STM32CubeIDE_1.7.0\STM32CubeIDE\plugins\com.st.stm32cube.common.mx_6.3.0.202107141111\\db\/plugins/mcufinder/images/
2022-12-05 23:35:27,609 [WARN] DbFile:35 - Overriding database path with different value: C:\Users\NGUYEN THANH QUI\.stmcufinder\plugins\mcufinder/ => C:\Users\NGUYEN THANH QUI\.stmcufinder\plugins\mcufinder
2022-12-05 23:35:27,609 [INFO] DbMcusAds:119 - Set database path to: C:\Users\NGUYEN THANH QUI\.stmcufinder\plugins\mcufinder//mcu/
2022-12-05 23:35:27,609 [WARN] DbFile:35 - Overriding database path with different value: C:\Users\NGUYEN THANH QUI\.stmcufinder\plugins\mcufinder/ => C:\Users\NGUYEN THANH QUI\.stmcufinder\plugins\mcufinder
2022-12-05 23:35:27,609 [INFO] DbMcusDocs:110 - Set database path to: C:\Users\NGUYEN THANH QUI\.stmcufinder\plugins\mcufinder//mcu/
2022-12-05 23:35:27,609 [WARN] DbFile:35 - Overriding database path with different value: C:\Users\NGUYEN THANH QUI\.stmcufinder\plugins\mcufinder/ => C:\Users\NGUYEN THANH QUI\.stmcufinder\plugins\mcufinder
2022-12-05 23:35:27,609 [INFO] DbMcusJson:64 - Set database path to: C:\Users\NGUYEN THANH QUI\.stmcufinder\plugins\mcufinder//mcu/
2022-12-05 23:35:27,609 [WARN] DbFile:35 - Overriding database path with different value: C:\Users\NGUYEN THANH QUI\.stmcufinder\plugins\mcufinder/ => C:\Users\NGUYEN THANH QUI\.stmcufinder\plugins\mcufinder
2022-12-05 23:35:27,609 [INFO] DbBoardsDocs:110 - Set database path to: C:\Users\NGUYEN THANH QUI\.stmcufinder\plugins\mcufinder//mcu/
2022-12-05 23:35:27,609 [WARN] DbFile:35 - Overriding database path with different value: C:\Users\NGUYEN THANH QUI\.stmcufinder\plugins\mcufinder/ => C:\Users\NGUYEN THANH QUI\.stmcufinder\plugins\mcufinder
2022-12-05 23:35:27,609 [INFO] DbBoardsJson:57 - Set database path to: C:\Users\NGUYEN THANH QUI\.stmcufinder\plugins\mcufinder//mcu/
2022-12-05 23:35:27,609 [WARN] DbFile:35 - Overriding database path with different value: C:\Users\NGUYEN THANH QUI\.stmcufinder\plugins\mcufinder/ => C:\Users\NGUYEN THANH QUI\.stmcufinder\plugins\mcufinder
2022-12-05 23:35:27,609 [WARN] DbFile:35 - Overriding database path with different value: C:\Users\NGUYEN THANH QUI\.stmcufinder\plugins\mcufinder/ => C:\Users\NGUYEN THANH QUI\.stmcufinder\plugins\mcufinder
2022-12-05 23:35:28,453 [INFO] CrossReferenceDbSqlite:196 - Set database path to: C:\Users\NGUYEN THANH QUI\.stmcufinder\plugins\mcufinder//mcu/cs/
2022-12-05 23:35:28,453 [WARN] DbFile:35 - Overriding database path with different value: C:\Users\NGUYEN THANH QUI\.stmcufinder\plugins\mcufinder/ => C:\Users\NGUYEN THANH QUI\.stmcufinder\plugins\mcufinder
2022-12-05 23:35:28,453 [INFO] DbExamplesSqlite:767 - Set database path to: C:\Users\NGUYEN THANH QUI\.stmcufinder\plugins\mcufinder//mcu/
2022-12-05 23:35:28,469 [INFO] ApplicationProperties:181 - Using Application install path: C:\ST\STM32CubeIDE_1.7.0\STM32CubeIDE\plugins\com.st.stm32cube.common.mx_6.3.0.202107141111
2022-12-05 23:35:28,469 [INFO] PluginManage:188 - Search for loadable plugins [exclusion list=, ]
2022-12-05 23:35:28,469 [INFO] PluginManage:302 - Check plugin analytics
2022-12-05 23:35:29,515 [INFO] AnalyticsPlugin:257 - Accepted Software Licenses: 
2022-12-05 23:35:29,515 [INFO] AnalyticsPlugin:259 - Accepted CMSIS Pack Licenses: 
2022-12-05 23:35:29,515 [INFO] AnalyticsPlugin:261 - Accepted Firmware Licenses: 
2022-12-05 23:35:29,515 [INFO] PluginManage:352 - Loaded plugin analytics (category:tool,tabindex:-1)
2022-12-05 23:35:29,515 [INFO] PluginManage:302 - Check plugin clock
2022-12-05 23:35:29,531 [INFO] PluginManage:352 - Loaded plugin clock (category:base,tabindex:2)
2022-12-05 23:35:29,531 [INFO] PluginManage:302 - Check plugin ddr
2022-12-05 23:35:29,531 [INFO] PluginManage:352 - Loaded plugin ddr (category:tool,tabindex:6)
2022-12-05 23:35:29,531 [INFO] PluginManage:302 - Check plugin filemanager
2022-12-05 23:35:29,703 [INFO] PluginManage:352 - Loaded plugin filemanager (category:base,tabindex:10)
2022-12-05 23:35:29,703 [INFO] PluginManage:302 - Check plugin ipmanager
2022-12-05 23:35:29,719 [INFO] PluginManage:352 - Loaded plugin ipmanager (category:base,tabindex:5)
2022-12-05 23:35:29,719 [INFO] PluginManage:302 - Check plugin pinoutandconfiguration
2022-12-05 23:35:29,719 [INFO] PluginManage:352 - Loaded plugin pinoutandconfiguration (category:base,tabindex:1)
2022-12-05 23:35:29,719 [INFO] PluginManage:302 - Check plugin pinoutconfig
2022-12-05 23:35:29,765 [INFO] PluginManage:352 - Loaded plugin pinoutconfig (category:base,tabindex:0)
2022-12-05 23:35:29,765 [INFO] PluginManage:302 - Check plugin power
2022-12-05 23:35:29,781 [INFO] PluginManage:352 - Loaded plugin power (category:power,tabindex:4)
2022-12-05 23:35:29,781 [INFO] PluginManage:302 - Check plugin projectmanager
2022-12-05 23:35:29,797 [INFO] PluginManage:352 - Loaded plugin projectmanager (category:projectmanager,tabindex:3)
2022-12-05 23:35:29,797 [INFO] PluginManage:302 - Check plugin thirdparty
2022-12-05 23:35:30,000 [WARN] IntegrityCheckThread:78 - waiting for thirdparty lock release [integrity check]
2022-12-05 23:35:30,000 [INFO] IntegrityCheckThread:80 - entering critical section [integrity check]
2022-12-05 23:35:30,000 [INFO] PluginManage:352 - Loaded plugin thirdparty (category:base,tabindex:-1)
2022-12-05 23:35:30,000 [INFO] ThirdPartyUpdaterWithRetryManager:66 - Updater plugin not ready yet. [1/15]
2022-12-05 23:35:30,000 [INFO] PluginManage:302 - Check plugin tools
2022-12-05 23:35:30,000 [INFO] PluginManage:352 - Loaded plugin tools (category:base,tabindex:7)
2022-12-05 23:35:30,000 [INFO] PluginManage:302 - Check plugin tutovideos
2022-12-05 23:35:30,265 [INFO] PluginManage:352 - Loaded plugin tutovideos (category:base,tabindex:-1)
2022-12-05 23:35:30,265 [INFO] PluginManage:302 - Check plugin updater
2022-12-05 23:35:30,281 [INFO] PluginManage:352 - Loaded plugin updater (category:base,tabindex:12)
2022-12-05 23:35:30,281 [INFO] PluginManage:275 - PluginManage : Loaded plugins [13]
2022-12-05 23:35:30,531 [INFO] PinOutPanel:1463 - setPackage(No Configuration,No Configuration)
2022-12-05 23:35:30,656 [INFO] IPUIPlugin:74 - create IPUIPlugin
2022-12-05 23:35:30,672 [INFO] PluginManager:213 - loadIPPluginJar : add adc
2022-12-05 23:35:30,672 [INFO] IPUIPlugin:74 - create IPUIPlugin
2022-12-05 23:35:30,672 [INFO] PluginManager:213 - loadIPPluginJar : add aes
2022-12-05 23:35:30,672 [INFO] IPUIPlugin:74 - create IPUIPlugin
2022-12-05 23:35:30,672 [INFO] PluginManager:213 - loadIPPluginJar : add can
2022-12-05 23:35:30,672 [INFO] IPUIPlugin:74 - create IPUIPlugin
2022-12-05 23:35:30,672 [INFO] PluginManager:213 - loadIPPluginJar : add comp
2022-12-05 23:35:30,672 [INFO] IPUIPlugin:74 - create IPUIPlugin
2022-12-05 23:35:30,672 [INFO] PluginManager:213 - loadIPPluginJar : add cryp
2022-12-05 23:35:30,687 [INFO] IPUIPlugin:74 - create IPUIPlugin
2022-12-05 23:35:30,687 [INFO] PluginManager:213 - loadIPPluginJar : add dfsdm
2022-12-05 23:35:30,719 [INFO] IPUIPlugin:74 - create IPUIPlugin
2022-12-05 23:35:30,719 [INFO] PluginManager:213 - loadIPPluginJar : add dma
2022-12-05 23:35:30,719 [INFO] IPUIPlugin:74 - create IPUIPlugin
2022-12-05 23:35:30,719 [INFO] PluginManager:213 - loadIPPluginJar : add dma3
2022-12-05 23:35:30,719 [INFO] IPUIPlugin:74 - create IPUIPlugin
2022-12-05 23:35:30,719 [INFO] PluginManager:213 - loadIPPluginJar : add fatfs
2022-12-05 23:35:30,734 [INFO] IPUIPlugin:74 - create IPUIPlugin
2022-12-05 23:35:30,734 [INFO] PluginManager:213 - loadIPPluginJar : add fmc
2022-12-05 23:35:30,734 [INFO] IPUIPlugin:74 - create IPUIPlugin
2022-12-05 23:35:30,734 [INFO] PluginManager:213 - loadIPPluginJar : add freertos
2022-12-05 23:35:30,734 [INFO] IPUIPlugin:74 - create IPUIPlugin
2022-12-05 23:35:30,734 [INFO] PluginManager:213 - loadIPPluginJar : add genericplugin
2022-12-05 23:35:30,750 [INFO] IPUIPlugin:74 - create IPUIPlugin
2022-12-05 23:35:30,750 [INFO] PluginManager:213 - loadIPPluginJar : add gfxmmu
2022-12-05 23:35:30,750 [INFO] IPUIPlugin:74 - create IPUIPlugin
2022-12-05 23:35:30,750 [INFO] PluginManager:213 - loadIPPluginJar : add gic
2022-12-05 23:35:30,765 [INFO] IPUIPlugin:74 - create IPUIPlugin
2022-12-05 23:35:30,765 [INFO] PluginManager:213 - loadIPPluginJar : add gpio
2022-12-05 23:35:30,765 [INFO] IPUIPlugin:74 - create IPUIPlugin
2022-12-05 23:35:30,765 [INFO] PluginManager:213 - loadIPPluginJar : add gtzc
2022-12-05 23:35:30,765 [INFO] IPUIPlugin:74 - create IPUIPlugin
2022-12-05 23:35:30,765 [INFO] PluginManager:213 - loadIPPluginJar : add hash
2022-12-05 23:35:30,765 [INFO] IPUIPlugin:74 - create IPUIPlugin
2022-12-05 23:35:30,765 [INFO] PluginManager:213 - loadIPPluginJar : add i2c
2022-12-05 23:35:30,781 [INFO] IPUIPlugin:74 - create IPUIPlugin
2022-12-05 23:35:30,781 [INFO] PluginManager:213 - loadIPPluginJar : add i2s
2022-12-05 23:35:30,781 [INFO] IPUIPlugin:74 - create IPUIPlugin
2022-12-05 23:35:30,781 [INFO] PluginManager:213 - loadIPPluginJar : add ipddr
2022-12-05 23:35:30,797 [INFO] IPUIPlugin:74 - create IPUIPlugin
2022-12-05 23:35:30,797 [INFO] PluginManager:213 - loadIPPluginJar : add linkedlist
2022-12-05 23:35:30,797 [INFO] IPUIPlugin:74 - create IPUIPlugin
2022-12-05 23:35:30,797 [INFO] PluginManager:213 - loadIPPluginJar : add lorawan
2022-12-05 23:35:30,797 [INFO] IPUIPlugin:74 - create IPUIPlugin
2022-12-05 23:35:30,797 [INFO] PluginManager:213 - loadIPPluginJar : add ltdc
2022-12-05 23:35:30,797 [INFO] IPUIPlugin:74 - create IPUIPlugin
2022-12-05 23:35:30,797 [INFO] PluginManager:213 - loadIPPluginJar : add mdma
2022-12-05 23:35:30,812 [INFO] IPUIPlugin:74 - create IPUIPlugin
2022-12-05 23:35:30,812 [INFO] PluginManager:213 - loadIPPluginJar : add nvic
2022-12-05 23:35:30,812 [INFO] IPUIPlugin:74 - create IPUIPlugin
2022-12-05 23:35:30,812 [INFO] PluginManager:213 - loadIPPluginJar : add opamp
2022-12-05 23:35:30,812 [INFO] IPUIPlugin:74 - create IPUIPlugin
2022-12-05 23:35:30,812 [INFO] PluginManager:213 - loadIPPluginJar : add openamp
2022-12-05 23:35:30,828 [INFO] IPUIPlugin:74 - create IPUIPlugin
2022-12-05 23:35:30,828 [INFO] PluginManager:213 - loadIPPluginJar : add pdm2pcm
2022-12-05 23:35:30,828 [INFO] IPUIPlugin:74 - create IPUIPlugin
2022-12-05 23:35:30,844 [INFO] PluginManager:213 - loadIPPluginJar : add plateformsettings
2022-12-05 23:35:30,844 [INFO] IPUIPlugin:74 - create IPUIPlugin
2022-12-05 23:35:30,844 [INFO] PluginManager:213 - loadIPPluginJar : add quadspi
2022-12-05 23:35:30,844 [INFO] IPUIPlugin:74 - create IPUIPlugin
2022-12-05 23:35:30,844 [INFO] PluginManager:213 - loadIPPluginJar : add resmgrutility
2022-12-05 23:35:30,844 [INFO] IPUIPlugin:74 - create IPUIPlugin
2022-12-05 23:35:30,844 [INFO] PluginManager:213 - loadIPPluginJar : add sai
2022-12-05 23:35:30,859 [INFO] IPUIPlugin:74 - create IPUIPlugin
2022-12-05 23:35:30,859 [INFO] PluginManager:213 - loadIPPluginJar : add spi
2022-12-05 23:35:30,859 [INFO] IPUIPlugin:74 - create IPUIPlugin
2022-12-05 23:35:30,859 [INFO] PluginManager:213 - loadIPPluginJar : add stm32_wpan
2022-12-05 23:35:30,859 [INFO] IPUIPlugin:74 - create IPUIPlugin
2022-12-05 23:35:30,859 [INFO] PluginManager:213 - loadIPPluginJar : add tim
2022-12-05 23:35:30,859 [INFO] IPUIPlugin:74 - create IPUIPlugin
2022-12-05 23:35:30,859 [INFO] PluginManager:213 - loadIPPluginJar : add touchsensing
2022-12-05 23:35:30,875 [INFO] IPUIPlugin:74 - create IPUIPlugin
2022-12-05 23:35:30,875 [INFO] PluginManager:213 - loadIPPluginJar : add tracer_emb
2022-12-05 23:35:30,875 [INFO] IPUIPlugin:74 - create IPUIPlugin
2022-12-05 23:35:30,875 [INFO] PluginManager:213 - loadIPPluginJar : add ts
2022-12-05 23:35:30,875 [INFO] IPUIPlugin:74 - create IPUIPlugin
2022-12-05 23:35:30,875 [INFO] PluginManager:213 - loadIPPluginJar : add tsc
2022-12-05 23:35:30,875 [INFO] IPUIPlugin:74 - create IPUIPlugin
2022-12-05 23:35:30,875 [INFO] PluginManager:213 - loadIPPluginJar : add ucpd
2022-12-05 23:35:30,875 [INFO] IPUIPlugin:74 - create IPUIPlugin
2022-12-05 23:35:30,875 [INFO] PluginManager:213 - loadIPPluginJar : add usart
2022-12-05 23:35:30,890 [INFO] IPUIPlugin:74 - create IPUIPlugin
2022-12-05 23:35:30,890 [INFO] PluginManager:213 - loadIPPluginJar : add usbx
2022-12-05 23:35:31,281 [FATAL] Updater:294 - Updater called before beeing initialized
2022-12-05 23:35:31,593 [FATAL] Updater:294 - Updater called before beeing initialized
2022-12-05 23:35:31,609 [INFO] DbMcusAds:47 - JSON generation date=Thu Sep 30 13:56:37 ICT 2021 (1632984997303)
2022-12-05 23:35:31,609 [FATAL] Updater:294 - Updater called before beeing initialized
2022-12-05 23:35:31,687 [WARN] DetailPanel:314 - Failed to get advertising image, set to default
2022-12-05 23:35:31,937 [FATAL] Updater:294 - Updater called before beeing initialized
2022-12-05 23:35:31,937 [FATAL] Updater:294 - Updater called before beeing initialized
2022-12-05 23:35:31,937 [FATAL] Updater:294 - Updater called before beeing initialized
2022-12-05 23:35:31,937 [WARN] DetailPanel:314 - Failed to get advertising image, set to default
2022-12-05 23:35:31,937 [FATAL] Updater:294 - Updater called before beeing initialized
2022-12-05 23:35:32,140 [ERROR] Updater:1075 - MainUpdater not yet initialized. External WinMGr cannot be set.
2022-12-05 23:35:32,140 [INFO] Updater:1012 - Updater Version found : 6.3.0
2022-12-05 23:35:32,156 [INFO] ApplicationProperties:181 - Using Application install path: C:\ST\STM32CubeIDE_1.7.0\STM32CubeIDE\plugins\com.st.stm32cube.common.mx_6.3.0.202107141111
2022-12-05 23:35:32,531 [INFO] MainUpdater:2671 - connection check result : 10
2022-12-05 23:35:32,531 [INFO] MainUpdater:265 - Updater Check For Update Now.
2022-12-05 23:35:32,531 [INFO] MicroXplorer:478 - Change Database Version : DB.6.0.30
2022-12-05 23:35:32,687 [INFO] CheckServerUpdateThread:112 - End of CheckServer Thread
2022-12-05 23:35:32,750 [INFO] MainUpdater:2671 - connection check result : 10
2022-12-05 23:35:32,750 [INFO] MainUpdater:2671 - connection check result : 10
2022-12-05 23:35:32,828 [INFO] MicroXplorer:448 - Change Database Path : 
2022-12-05 23:35:32,828 [INFO] MicroXplorer:478 - Change Database Version : DB.6.0.30
2022-12-05 23:35:32,828 [WARN] ThirdParty:813 - waiting for thirdparty lock release [close project]
2022-12-05 23:35:33,296 [WARN] PackLoader:238 - Cannot read IP mode file for STMicroelectronics.X-CUBE-GNSS1.6.0.0
2022-12-05 23:35:33,358 [WARN] PackLoader:238 - Cannot read IP mode file for STMicroelectronics.X-CUBE-AZRTOS-F4.1.1.0
2022-12-05 23:35:33,395 [WARN] PackLoader:238 - Cannot read IP mode file for STMicroelectronics.X-CUBE-BLEMGR.1.2.0
2022-12-05 23:35:33,422 [WARN] PackLoader:238 - Cannot read IP mode file for STMicroelectronics.X-CUBE-AZRTOS-F7.1.1.0
2022-12-05 23:35:33,434 [WARN] PackLoader:238 - Cannot read IP mode file for STMicroelectronics.X-CUBE-BLE1.6.2.3
2022-12-05 23:35:33,441 [WARN] PackLoader:238 - Cannot read IP mode file for STMicroelectronics.X-CUBE-BLE1.6.2.4
2022-12-05 23:35:33,449 [WARN] PackLoader:238 - Cannot read IP mode file for STMicroelectronics.X-CUBE-NFC4.2.0.5
2022-12-05 23:35:33,456 [WARN] PackLoader:238 - Cannot read IP mode file for STMicroelectronics.X-CUBE-NFC4.2.0.4
2022-12-05 23:35:33,494 [WARN] PackLoader:238 - Cannot read IP mode file for STMicroelectronics.X-CUBE-TOF1.3.1.0
2022-12-05 23:35:33,509 [WARN] PackLoader:238 - Cannot read IP mode file for wolfSSL.I-CUBE-wolfSSL.5.5.0
2022-12-05 23:35:33,509 [WARN] PackLoader:238 - Cannot read IP mode file for STMicroelectronics.X-CUBE-NFC7.1.0.0
2022-12-05 23:35:33,588 [WARN] PackLoader:238 - Cannot read IP mode file for STMicroelectronics.X-CUBE-MEMS1.9.3.0
2022-12-05 23:35:33,853 [WARN] PackLoader:238 - Cannot read IP mode file for STMicroelectronics.X-CUBE-AI.7.2.0
2022-12-05 23:35:33,869 [WARN] PackLoader:238 - Cannot read IP mode file for STMicroelectronics.X-CUBE-SFXS2LP1.4.0.0
2022-12-05 23:35:33,869 [WARN] PackLoader:238 - Cannot read IP mode file for STMicroelectronics.X-CUBE-BLE2.3.3.0
2022-12-05 23:35:33,884 [WARN] PackLoader:238 - Cannot read IP mode file for STMicroelectronics.X-CUBE-DISPLAY.2.2.0
2022-12-05 23:35:33,900 [WARN] PackLoader:238 - Cannot read IP mode file for STMicroelectronics.X-CUBE-TOF1.3.2.0
2022-12-05 23:35:33,916 [WARN] PackLoader:238 - Cannot read IP mode file for STMicroelectronics.X-CUBE-ISPU.1.0.0
2022-12-05 23:35:33,916 [WARN] PackLoader:238 - Cannot read IP mode file for STMicroelectronics.X-CUBE-ISPU.1.1.0
2022-12-05 23:35:33,947 [WARN] PackLoader:238 - Cannot read IP mode file for RoweBots.I-CUBE-UNISONRTOS.5.5.0-4
2022-12-05 23:35:33,963 [WARN] PackLoader:238 - Cannot read IP mode file for STMicroelectronics.X-CUBE-AZRTOS-H7.2.1.0
2022-12-05 23:35:33,994 [WARN] PackLoader:238 - Cannot read IP mode file for STMicroelectronics.X-CUBE-BLEMGR.1.0.0
2022-12-05 23:35:34,056 [WARN] PackLoader:238 - Cannot read IP mode file for STMicroelectronics.X-CUBE-MEMS1.9.4.0
2022-12-05 23:35:34,306 [WARN] PackLoader:238 - Cannot read IP mode file for STMicroelectronics.X-CUBE-AI.7.3.0
2022-12-05 23:35:34,322 [WARN] PackLoader:238 - Cannot read IP mode file for STMicroelectronics.X-CUBE-ALGOBUILD.1.3.0
2022-12-05 23:35:34,338 [WARN] PackLoader:238 - Cannot read IP mode file for STMicroelectronics.X-CUBE-AZRTOS-L5.1.1.0
2022-12-05 23:35:34,400 [WARN] PackLoader:238 - Cannot read IP mode file for STMicroelectronics.X-CUBE-AZRTOS-G0.1.1.0
2022-12-05 23:35:34,431 [WARN] PackLoader:238 - Cannot read IP mode file for STMicroelectronics.X-CUBE-SUBG2.5.0.0
2022-12-05 23:35:34,478 [WARN] PackLoader:238 - Cannot read IP mode file for SEGGER.I-CUBE-embOS.1.2.0
2022-12-05 23:35:34,525 [WARN] PackLoader:238 - Cannot read IP mode file for STMicroelectronics.FP-ATR-ASTRA1.1.1.1
2022-12-05 23:35:34,541 [WARN] PackLoader:238 - Cannot read IP mode file for STMicroelectronics.X-CUBE-BLEMGR.1.3.0
2022-12-05 23:35:34,572 [WARN] PackLoader:238 - Cannot read IP mode file for STMicroelectronics.X-CUBE-AZRTOS-G4.1.0.0
2022-12-05 23:35:34,572 [WARN] PackLoader:238 - Cannot read IP mode file for STMicroelectronics.FP-ATR-SIGFOX1.3.2.0
2022-12-05 23:35:34,603 [WARN] PackLoader:238 - Cannot read IP mode file for STMicroelectronics.X-CUBE-AZRTOS-L4.1.0.0
2022-12-05 23:35:34,619 [WARN] PackLoader:238 - Cannot read IP mode file for emotas.I-CUBE-CANOPEN.1.1.2
2022-12-05 23:35:34,634 [WARN] PackLoader:238 - Cannot read IP mode file for STMicroelectronics.X-CUBE-TOUCHGFX.4.20.0
2022-12-05 23:35:34,650 [WARN] PackLoader:238 - Cannot read IP mode file for STMicroelectronics.X-CUBE-AZRTOS-WL.1.0.0
2022-12-05 23:35:34,666 [WARN] PackLoader:238 - Cannot read IP mode file for portGmbH.I-Cube-SoM-uGOAL.1.1.0
2022-12-05 23:35:34,666 [WARN] PackLoader:238 - Cannot read IP mode file for STMicroelectronics.X-CUBE-ALS.1.0.1
2022-12-05 23:35:34,681 [WARN] PackLoader:238 - Cannot read IP mode file for STMicroelectronics.X-CUBE-AZRTOS-WB.1.1.0
2022-12-05 23:35:34,697 [WARN] PackLoader:238 - Cannot read IP mode file for STMicroelectronics.X-CUBE-AZRTOS-L5.1.0.0
2022-12-05 23:35:34,712 [WARN] PackLoader:238 - Cannot read IP mode file for STMicroelectronics.X-CUBE-EEPRMA1.3.1.1
2022-12-05 23:35:34,712 [INFO] ThirdParty:915 - Integrity check success = true
2022-12-05 23:35:34,712 [INFO] IntegrityCheckThread:94 - exiting critical section [integrity check]
2022-12-05 23:35:34,712 [INFO] IntegrityCheckThread:97 - End integrity checks thread
2022-12-05 23:35:34,728 [INFO] ThirdParty:815 - entering critical section [close project]
2022-12-05 23:35:34,728 [INFO] ThirdParty:825 - exiting critical section [close project]
2022-12-05 23:35:34,728 [INFO] PinOutPanel:1463 - setPackage(No Configuration,No Configuration)
2022-12-05 23:35:34,728 [INFO] UtilMem:74 - Begin LoadConfig() Used Memory: 595803480 Bytes (722468864)
2022-12-05 23:35:34,744 [INFO] MicroXplorer:448 - Change Database Path : 
2022-12-05 23:35:34,744 [INFO] MicroXplorer:478 - Change Database Version : DB.6.0.30
2022-12-05 23:35:34,744 [INFO] OpenFileManager:313 - Change cursor
2022-12-05 23:35:38,025 [INFO] Context:592 - Trying to add GPIOservice into a context  which must be forbidden
2022-12-05 23:35:38,322 [WARN] ApiManager:304 - Cannot register API 'Board Extension:GNSS1A1' from pack STMicroelectronics.X-CUBE-GNSS1.6.0.0: no header file found
2022-12-05 23:35:38,322 [WARN] ApiManager:304 - Cannot register API 'Board Support:Custom' from pack STMicroelectronics.X-CUBE-GNSS1.6.0.0: no header file found
2022-12-05 23:35:38,322 [WARN] ApiManager:304 - Cannot register API 'Data Exchange:lib_gnss' from pack STMicroelectronics.X-CUBE-GNSS1.6.0.0: no header file found
2022-12-05 23:35:38,665 [WARN] ApiManager:304 - Cannot register API 'Board Extension:IKS01A3' from pack STMicroelectronics.X-CUBE-MEMS1.9.4.0: no header file found
2022-12-05 23:35:38,665 [WARN] ApiManager:304 - Cannot register API 'Board Extension:IKS01A2' from pack STMicroelectronics.X-CUBE-MEMS1.9.4.0: no header file found
2022-12-05 23:35:38,665 [WARN] ApiManager:304 - Cannot register API 'Board Extension:IKS02A1' from pack STMicroelectronics.X-CUBE-MEMS1.9.4.0: no header file found
2022-12-05 23:35:38,697 [WARN] ApiManager:304 - Cannot register API 'Wireless:BlueNRG-MS' from pack STMicroelectronics.X-CUBE-BLE1.6.2.3: no header file found
2022-12-05 23:35:38,697 [WARN] ApiManager:304 - Cannot register API 'Wireless:BlueNRG-MS' from pack STMicroelectronics.X-CUBE-BLE1.6.2.4: no header file found
2022-12-05 23:35:38,697 [INFO] RtosManager:484 - Registered RTOS mode: class=CMSIS, group=RTOS, mode=CMSIS_V1, owner=FREERTOS
2022-12-05 23:35:38,697 [INFO] RtosManager:484 - Registered RTOS mode: class=CMSIS, group=RTOS2, mode=CMSIS_V2, owner=FREERTOS
2022-12-05 23:35:38,697 [INFO] RtosManager:484 - Registered RTOS mode: class=RTOS, group=Core, mode=CMSIS_V1, owner=FREERTOS
2022-12-05 23:35:38,697 [INFO] RtosManager:484 - Registered RTOS mode: class=RTOS, group=Core, mode=CMSIS_V2, owner=FREERTOS
2022-12-05 23:35:38,697 [WARN] ModelIntegratedComponent:181 - Missing modes for component STMicroelectronics:FreeRTOS:0.0.1:STMicroelectronics:RTOS:FreeRTOS:Core:::10.2.0:
2022-12-05 23:35:38,712 [WARN] ApiManager:304 - Cannot register API 'Board Extension:S2868A1' from pack STMicroelectronics.X-CUBE-SUBG2.5.0.0: no header file found
2022-12-05 23:35:38,712 [WARN] ApiManager:304 - Cannot register API 'Board Extension:S2868A2' from pack STMicroelectronics.X-CUBE-SUBG2.5.0.0: no header file found
2022-12-05 23:35:38,712 [WARN] ApiManager:304 - Cannot register API 'Board Extension:S2915A1' from pack STMicroelectronics.X-CUBE-SUBG2.5.0.0: no header file found
2022-12-05 23:35:38,712 [WARN] ApiManager:304 - Cannot register API 'Board Extension:NFC04A1' from pack STMicroelectronics.X-CUBE-NFC4.2.0.5: no header file found
2022-12-05 23:35:38,712 [WARN] ApiManager:304 - Cannot register API 'Board Extension:NFC04A1' from pack STMicroelectronics.X-CUBE-NFC4.2.0.4: no header file found
2022-12-05 23:35:38,728 [WARN] ModelIntegratedComponent:60 - No mode defined for component null
2022-12-05 23:35:38,728 [WARN] ModelIntegratedComponent:60 - No mode defined for component null
2022-12-05 23:35:38,728 [WARN] ModelIntegratedComponent:60 - No mode defined for component null
2022-12-05 23:35:38,728 [WARN] ModelIntegratedComponent:60 - No mode defined for component null
2022-12-05 23:35:38,728 [WARN] ModelIntegratedComponent:60 - No mode defined for component null
2022-12-05 23:35:38,728 [WARN] ModelIntegratedComponent:60 - No mode defined for component null
2022-12-05 23:35:38,728 [WARN] ModelIntegratedComponent:60 - No mode defined for component null
2022-12-05 23:35:38,728 [WARN] ModelIntegratedComponent:60 - No mode defined for component null
2022-12-05 23:35:38,728 [WARN] ModelIntegratedComponent:60 - No mode defined for component null
2022-12-05 23:35:38,728 [WARN] ModelIntegratedComponent:60 - No mode defined for component null
2022-12-05 23:35:38,728 [WARN] ModelIntegratedComponent:60 - No mode defined for component null
2022-12-05 23:35:38,728 [WARN] ModelIntegratedComponent:60 - No mode defined for component null
2022-12-05 23:35:38,728 [WARN] ModelIntegratedComponent:60 - No mode defined for component null
2022-12-05 23:35:38,728 [WARN] ModelIntegratedComponent:60 - No mode defined for component null
2022-12-05 23:35:38,728 [WARN] ModelIntegratedComponent:60 - No mode defined for component null
2022-12-05 23:35:38,728 [WARN] ModelIntegratedComponent:60 - No mode defined for component null
2022-12-05 23:35:38,728 [WARN] ModelIntegratedComponent:60 - No mode defined for component null
2022-12-05 23:35:38,728 [WARN] ModelIntegratedComponent:60 - No mode defined for component null
2022-12-05 23:35:38,728 [WARN] ModelIntegratedComponent:60 - No mode defined for component null
2022-12-05 23:35:38,728 [WARN] ModelIntegratedComponent:60 - No mode defined for component null
2022-12-05 23:35:38,728 [WARN] ModelIntegratedComponent:60 - No mode defined for component null
2022-12-05 23:35:38,728 [WARN] ModelIntegratedComponent:60 - No mode defined for component null
2022-12-05 23:35:38,728 [WARN] ModelIntegratedComponent:60 - No mode defined for component null
2022-12-05 23:35:38,728 [WARN] ModelIntegratedComponent:60 - No mode defined for component null
2022-12-05 23:35:38,728 [WARN] ModelIntegratedComponent:60 - No mode defined for component null
2022-12-05 23:35:38,728 [WARN] ModelIntegratedComponent:60 - No mode defined for component null
2022-12-05 23:35:38,728 [WARN] ModelIntegratedComponent:60 - No mode defined for component null
2022-12-05 23:35:38,728 [WARN] ModelIntegratedComponent:60 - No mode defined for component null
2022-12-05 23:35:38,728 [WARN] ModelIntegratedComponent:60 - No mode defined for component null
2022-12-05 23:35:38,728 [WARN] ModelIntegratedComponent:60 - No mode defined for component null
2022-12-05 23:35:38,728 [WARN] ModelIntegratedComponent:60 - No mode defined for component null
2022-12-05 23:35:38,743 [WARN] ApiManager:304 - Cannot register API 'Board Extension:NFC07A1' from pack STMicroelectronics.X-CUBE-NFC7.1.0.0: no header file found
2022-12-05 23:35:39,103 [WARN] ApiManager:304 - Cannot register API 'Board Extension:IKS01A3' from pack STMicroelectronics.X-CUBE-MEMS1.9.3.0: no header file found
2022-12-05 23:35:39,103 [WARN] ApiManager:304 - Cannot register API 'Board Extension:IKS01A2' from pack STMicroelectronics.X-CUBE-MEMS1.9.3.0: no header file found
2022-12-05 23:35:39,103 [WARN] ApiManager:304 - Cannot register API 'Board Extension:IKS02A1' from pack STMicroelectronics.X-CUBE-MEMS1.9.3.0: no header file found
2022-12-05 23:35:39,118 [WARN] ApiManager:304 - Cannot register API 'Board Extension:EEPRMA1' from pack STMicroelectronics.X-CUBE-EEPRMA1.3.1.1: no header file found
2022-12-05 23:35:39,118 [WARN] ApiManager:304 - Cannot register API 'Board Extension:EEPRMA2' from pack STMicroelectronics.X-CUBE-EEPRMA1.3.1.1: no header file found
2022-12-05 23:35:39,118 [WARN] ApiManager:304 - Cannot register API 'Board Extension:S2868A1' from pack STMicroelectronics.X-CUBE-SFXS2LP1.4.0.0: no header file found
2022-12-05 23:35:39,118 [WARN] ApiManager:304 - Cannot register API 'Board Extension:S2868A2' from pack STMicroelectronics.X-CUBE-SFXS2LP1.4.0.0: no header file found
2022-12-05 23:35:39,118 [WARN] ApiManager:304 - Cannot register API 'Board Extension:S2915A1' from pack STMicroelectronics.X-CUBE-SFXS2LP1.4.0.0: no header file found
2022-12-05 23:35:39,118 [WARN] ApiManager:304 - Cannot register API 'Wireless:BlueNRG-2' from pack STMicroelectronics.X-CUBE-BLE2.3.3.0: no header file found
2022-12-05 23:35:44,964 [INFO] UtilMem:74 - End LoadConfig() Used Memory: 642451504 Bytes (782237696)
2022-12-05 23:35:44,964 [INFO] DbMcusXml:100 - Load MCU database from C:\ST\STM32CubeIDE_1.7.0\STM32CubeIDE\plugins\com.st.stm32cube.common.mx_6.3.0.202107141111\\db\/mcu/families.xml
2022-12-05 23:35:46,183 [INFO] DbMcusJson:93 - JSON generation date=Tue Nov 16 23:17:54 ICT 2021 (1637079474)
2022-12-05 23:35:47,136 [INFO] DbMcus:175 - Found 1951 MCUs (1903 are supported by CubeMX, 1914 are visible in CubeMX)
2022-12-05 23:35:47,152 [INFO] ApiDb:251 - Load user favorites file C:\Users\NGUYEN THANH QUI/.stm32cubeide/favorites.mcus.txt: 0 item(s)
2022-12-05 23:35:47,152 [INFO] ApiDb:255 - User favorites MCUs=[]
2022-12-05 23:35:47,152 [INFO] DbMcus:187 - Set 0 / 0 favorites MCUs
2022-12-05 23:35:47,152 [WARN] ThirdParty:779 - waiting for thirdparty lock release [change project]
2022-12-05 23:35:47,152 [INFO] ThirdParty:781 - entering critical section [change project]
2022-12-05 23:35:47,152 [INFO] ThirdParty:967 - CMSIS Pack Vendor :STMicroelectronics X-CUBE-ISPU 1.1.0
2022-12-05 23:35:47,152 [INFO] ThirdParty:967 - CMSIS Pack Vendor :RoweBots I-CUBE-UNISONRTOS 5.5.0-4
2022-12-05 23:35:47,152 [INFO] ThirdParty:967 - CMSIS Pack Vendor :STMicroelectronics X-CUBE-GNSS1 6.0.0
2022-12-05 23:35:47,152 [INFO] ThirdParty:967 - CMSIS Pack Vendor :STMicroelectronics X-CUBE-AZRTOS-H7 2.1.0
2022-12-05 23:35:47,152 [INFO] ThirdParty:967 - CMSIS Pack Vendor :STMicroelectronics USB_HOST 2.0.0
2022-12-05 23:35:47,152 [INFO] ThirdParty:967 - CMSIS Pack Vendor :STMicroelectronics X-CUBE-AZRTOS-F4 1.1.0
2022-12-05 23:35:47,152 [INFO] ThirdParty:967 - CMSIS Pack Vendor :STMicroelectronics USB_DEVICE 3.0.0
2022-12-05 23:35:47,152 [INFO] ThirdParty:967 - CMSIS Pack Vendor :STMicroelectronics X-CUBE-BLEMGR 1.0.0
2022-12-05 23:35:47,152 [INFO] ThirdParty:967 - CMSIS Pack Vendor :STMicroelectronics X-CUBE-BLEMGR 1.2.0
2022-12-05 23:35:47,152 [INFO] ThirdParty:967 - CMSIS Pack Vendor :STMicroelectronics X-CUBE-AZRTOS-F7 1.1.0
2022-12-05 23:35:47,152 [INFO] ThirdParty:967 - CMSIS Pack Vendor :STMicroelectronics X-CUBE-MEMS1 9.4.0
2022-12-05 23:35:47,152 [INFO] ThirdParty:967 - CMSIS Pack Vendor :STMicroelectronics USB_DEVICE 2.0.0
2022-12-05 23:35:47,152 [INFO] ThirdParty:967 - CMSIS Pack Vendor :STMicroelectronics X-CUBE-AI 7.3.0
2022-12-05 23:35:47,152 [INFO] ThirdParty:967 - CMSIS Pack Vendor :STMicroelectronics X-CUBE-BLE1 6.2.3
2022-12-05 23:35:47,152 [INFO] ThirdParty:967 - CMSIS Pack Vendor :STMicroelectronics X-CUBE-ALGOBUILD 1.3.0
2022-12-05 23:35:47,152 [INFO] ThirdParty:967 - CMSIS Pack Vendor :STMicroelectronics X-CUBE-BLE1 6.2.4
2022-12-05 23:35:47,152 [INFO] ThirdParty:967 - CMSIS Pack Vendor :STMicroelectronics X-CUBE-AZRTOS-L5 1.1.0
2022-12-05 23:35:47,152 [INFO] ThirdParty:967 - CMSIS Pack Vendor :STMicroelectronics FreeRTOS 0.0.1
2022-12-05 23:35:47,152 [INFO] ThirdParty:967 - CMSIS Pack Vendor :STMicroelectronics X-CUBE-AZRTOS-G0 1.1.0
2022-12-05 23:35:47,152 [INFO] ThirdParty:967 - CMSIS Pack Vendor :STMicroelectronics X-CUBE-SUBG2 5.0.0
2022-12-05 23:35:47,152 [INFO] ThirdParty:967 - CMSIS Pack Vendor :SEGGER I-CUBE-embOS 1.2.0
2022-12-05 23:35:47,152 [INFO] ThirdParty:967 - CMSIS Pack Vendor :STMicroelectronics lwIP 2.0.3
2022-12-05 23:35:47,152 [INFO] ThirdParty:967 - CMSIS Pack Vendor :STMicroelectronics X-CUBE-NFC4 2.0.5
2022-12-05 23:35:47,152 [INFO] ThirdParty:967 - CMSIS Pack Vendor :STMicroelectronics X-CUBE-NFC4 2.0.4
2022-12-05 23:35:47,152 [INFO] ThirdParty:967 - CMSIS Pack Vendor :STMicroelectronics USB_HOST 1.0.0
2022-12-05 23:35:47,152 [INFO] ThirdParty:967 - CMSIS Pack Vendor :STMicroelectronics PDM2PCM 3.1.0
2022-12-05 23:35:47,152 [INFO] ThirdParty:967 - CMSIS Pack Vendor :STMicroelectronics FP-ATR-ASTRA1 1.1.1
2022-12-05 23:35:47,152 [INFO] ThirdParty:967 - CMSIS Pack Vendor :STMicroelectronics PDM2PCM 3.3.0
2022-12-05 23:35:47,152 [INFO] ThirdParty:967 - CMSIS Pack Vendor :STMicroelectronics X-CUBE-TOF1 3.1.0
2022-12-05 23:35:47,152 [INFO] ThirdParty:967 - CMSIS Pack Vendor :STMicroelectronics X-CUBE-BLEMGR 1.3.0
2022-12-05 23:35:47,152 [INFO] ThirdParty:967 - CMSIS Pack Vendor :STMicroelectronics X-CUBE-AZRTOS-G4 1.0.0
2022-12-05 23:35:47,152 [INFO] ThirdParty:967 - CMSIS Pack Vendor :STMicroelectronics FP-ATR-SIGFOX1 3.2.0
2022-12-05 23:35:47,152 [INFO] ThirdParty:967 - CMSIS Pack Vendor :STMicroelectronics X-CUBE-AZRTOS-L4 1.0.0
2022-12-05 23:35:47,152 [INFO] ThirdParty:967 - CMSIS Pack Vendor :wolfSSL I-CUBE-wolfSSL 5.5.0
2022-12-05 23:35:47,152 [INFO] ThirdParty:967 - CMSIS Pack Vendor :STMicroelectronics HAL Drivers 0.0.0
2022-12-05 23:35:47,152 [INFO] ThirdParty:967 - CMSIS Pack Vendor :STMicroelectronics MBEDTLS 2.16.2
2022-12-05 23:35:47,152 [INFO] ThirdParty:967 - CMSIS Pack Vendor :emotas I-CUBE-CANOPEN 1.1.2
2022-12-05 23:35:47,152 [INFO] ThirdParty:967 - CMSIS Pack Vendor :STMicroelectronics X-CUBE-TOUCHGFX 4.20.0
2022-12-05 23:35:47,152 [INFO] ThirdParty:967 - CMSIS Pack Vendor :STMicroelectronics MBEDTLS 2.14.1
2022-12-05 23:35:47,152 [INFO] ThirdParty:967 - CMSIS Pack Vendor :STMicroelectronics X-CUBE-NFC7 1.0.0
2022-12-05 23:35:47,152 [INFO] ThirdParty:967 - CMSIS Pack Vendor :STMicroelectronics X-CUBE-AZRTOS-WL 1.0.0
2022-12-05 23:35:47,152 [INFO] ThirdParty:967 - CMSIS Pack Vendor :STMicroelectronics X-CUBE-MEMS1 9.3.0
2022-12-05 23:35:47,152 [INFO] ThirdParty:967 - CMSIS Pack Vendor :portGmbH I-Cube-SoM-uGOAL 1.1.0
2022-12-05 23:35:47,152 [INFO] ThirdParty:967 - CMSIS Pack Vendor :STMicroelectronics X-CUBE-ALS 1.0.1
2022-12-05 23:35:47,152 [INFO] ThirdParty:967 - CMSIS Pack Vendor :STMicroelectronics X-CUBE-AI 7.2.0
2022-12-05 23:35:47,152 [INFO] ThirdParty:967 - CMSIS Pack Vendor :STMicroelectronics X-CUBE-AZRTOS-WB 1.1.0
2022-12-05 23:35:47,152 [INFO] ThirdParty:967 - CMSIS Pack Vendor :STMicroelectronics X-CUBE-AZRTOS-L5 1.0.0
2022-12-05 23:35:47,152 [INFO] ThirdParty:967 - CMSIS Pack Vendor :STMicroelectronics USB_DEVICE 1.0.0
2022-12-05 23:35:47,152 [INFO] ThirdParty:967 - CMSIS Pack Vendor :STMicroelectronics X-CUBE-EEPRMA1 3.1.1
2022-12-05 23:35:47,152 [INFO] ThirdParty:967 - CMSIS Pack Vendor :STMicroelectronics ThreadX 0.0.2
2022-12-05 23:35:47,152 [INFO] ThirdParty:967 - CMSIS Pack Vendor :STMicroelectronics lwIP 2.1.2
2022-12-05 23:35:47,152 [INFO] ThirdParty:967 - CMSIS Pack Vendor :STMicroelectronics X-CUBE-SFXS2LP1 4.0.0
2022-12-05 23:35:47,152 [INFO] ThirdParty:967 - CMSIS Pack Vendor :STMicroelectronics X-CUBE-BLE2 3.3.0
2022-12-05 23:35:47,152 [INFO] ThirdParty:967 - CMSIS Pack Vendor :STMicroelectronics X-CUBE-DISPLAY 2.2.0
2022-12-05 23:35:47,152 [INFO] ThirdParty:967 - CMSIS Pack Vendor :STMicroelectronics X-CUBE-TOF1 3.2.0
2022-12-05 23:35:47,152 [INFO] ThirdParty:967 - CMSIS Pack Vendor :STMicroelectronics PDM2PCM 3.2.0
2022-12-05 23:35:47,152 [INFO] ThirdParty:967 - CMSIS Pack Vendor :STMicroelectronics X-CUBE-ISPU 1.0.0
2022-12-05 23:35:47,152 [INFO] ThirdParty:787 - exiting critical section [change project]
2022-12-05 23:35:47,777 [INFO] PinOutPanel:1463 - setPackage(No Configuration,No Configuration)
2022-12-05 23:35:47,777 [INFO] PinOutPanel:1463 - setPackage(STM32F103C6Ux,UFQFPN48)
2022-12-05 23:35:48,355 [INFO] UtilMem:74 - Before build in PCC Used Memory: 740725760 Bytes (909115392)
2022-12-05 23:35:49,183 [INFO] UtilMem:74 - After build in PCC Used Memory: 703070208 Bytes (909115392)
2022-12-05 23:35:49,198 [INFO] IPUIPlugin:74 - create IPUIPlugin
2022-12-05 23:35:49,198 [INFO] IPUIPlugin:74 - create IPUIPlugin
2022-12-05 23:35:49,198 [INFO] IPUIPlugin:74 - create IPUIPlugin
2022-12-05 23:35:49,198 [INFO] IPUIPlugin:74 - create IPUIPlugin
2022-12-05 23:35:49,198 [INFO] IPUIPlugin:74 - create IPUIPlugin
2022-12-05 23:35:49,198 [INFO] IPUIPlugin:74 - create IPUIPlugin
2022-12-05 23:35:49,198 [INFO] IPUIPlugin:74 - create IPUIPlugin
2022-12-05 23:35:49,198 [INFO] IPUIPlugin:74 - create IPUIPlugin
2022-12-05 23:35:49,198 [INFO] IPUIPlugin:74 - create IPUIPlugin
2022-12-05 23:35:49,198 [INFO] IPUIPlugin:74 - create IPUIPlugin
2022-12-05 23:35:49,198 [INFO] IPUIPlugin:74 - create IPUIPlugin
2022-12-05 23:35:49,198 [INFO] IPUIPlugin:74 - create IPUIPlugin
2022-12-05 23:35:49,198 [INFO] IPUIPlugin:74 - create IPUIPlugin
2022-12-05 23:35:49,198 [INFO] IPUIPlugin:74 - create IPUIPlugin
2022-12-05 23:35:49,198 [INFO] IPUIPlugin:74 - create IPUIPlugin
2022-12-05 23:35:49,198 [INFO] IPUIPlugin:74 - create IPUIPlugin
2022-12-05 23:35:49,198 [INFO] IPUIPlugin:74 - create IPUIPlugin
2022-12-05 23:35:49,198 [INFO] IPUIPlugin:74 - create IPUIPlugin
2022-12-05 23:35:49,198 [INFO] IPUIPlugin:74 - create IPUIPlugin
2022-12-05 23:35:49,198 [INFO] IPUIPlugin:74 - create IPUIPlugin
2022-12-05 23:35:49,198 [INFO] IPUIPlugin:74 - create IPUIPlugin
2022-12-05 23:35:49,214 [INFO] IPUIPlugin:74 - create IPUIPlugin
2022-12-05 23:35:49,214 [INFO] IPUIPlugin:74 - create IPUIPlugin
2022-12-05 23:35:49,370 [INFO] OpenFileManager:333 - Restore cursor
