2022-10-04 07:32:45,645 [INFO] Activator:177 - 


2022-10-04 07:32:45,646 [INFO] Activator:178 - !SESSION log4j initialized
2022-10-04 07:33:14,382 [INFO] McuFinderGlobals:39 - Set McuFinder mode to 2 (CubeIDE integrated)
2022-10-04 07:33:15,825 [INFO] ApplicationProperties:181 - Using Application install path: C:\ST\STM32CubeIDE_1.7.0\STM32CubeIDE\plugins\com.st.stm32cube.common.mx_6.3.0.202107141111
2022-10-04 07:33:15,881 [INFO] DbMcusXml:74 - Set database path to: C:\ST\STM32CubeIDE_1.7.0\STM32CubeIDE\plugins\com.st.stm32cube.common.mx_6.3.0.202107141111\\db\/mcu/
2022-10-04 07:33:15,888 [INFO] DbBoardsPdsc:56 - Set plugin database path to: C:\ST\STM32CubeIDE_1.7.0\STM32CubeIDE\plugins\com.st.stm32cube.common.mx_6.3.0.202107141111\\db\/plugins/boardmanager/
2022-10-04 07:33:15,888 [INFO] DbMcus:258 - Set plugin images path to: C:\ST\STM32CubeIDE_1.7.0\STM32CubeIDE\plugins\com.st.stm32cube.common.mx_6.3.0.202107141111\\db\/plugins/mcufinder/images/
2022-10-04 07:33:15,889 [INFO] DbBoards:264 - Set plugin images path to: C:\ST\STM32CubeIDE_1.7.0\STM32CubeIDE\plugins\com.st.stm32cube.common.mx_6.3.0.202107141111\\db\/plugins/mcufinder/images/
2022-10-04 07:33:15,893 [INFO] DbExamples:333 - Set plugin images path to: C:\ST\STM32CubeIDE_1.7.0\STM32CubeIDE\plugins\com.st.stm32cube.common.mx_6.3.0.202107141111\\db\/plugins/mcufinder/images/
2022-10-04 07:33:16,135 [INFO] DbMcusAds:119 - Set database path to: C:\Users\Administrator\.stmcufinder\plugins\mcufinder//mcu/
2022-10-04 07:33:16,138 [INFO] DbMcusDocs:110 - Set database path to: C:\Users\Administrator\.stmcufinder\plugins\mcufinder//mcu/
2022-10-04 07:33:16,151 [INFO] DbMcusJson:64 - Set database path to: C:\Users\Administrator\.stmcufinder\plugins\mcufinder//mcu/
2022-10-04 07:33:16,155 [INFO] DbBoardsDocs:110 - Set database path to: C:\Users\Administrator\.stmcufinder\plugins\mcufinder//mcu/
2022-10-04 07:33:16,160 [INFO] DbBoardsJson:57 - Set database path to: C:\Users\Administrator\.stmcufinder\plugins\mcufinder//mcu/
2022-10-04 07:33:16,183 [INFO] CrossReferenceDbSqlite:196 - Set database path to: C:\Users\Administrator\.stmcufinder\plugins\mcufinder//mcu/cs/
2022-10-04 07:33:16,193 [INFO] DbExamplesSqlite:767 - Set database path to: C:\Users\Administrator\.stmcufinder\plugins\mcufinder//mcu/
2022-10-04 07:33:16,508 [INFO] RulesReader:57 - Compatibility file has been processed (242 Rules)
2022-10-04 07:33:16,902 [INFO] DbMcusXml:74 - Set database path to: C:\ST\STM32CubeIDE_1.7.0\STM32CubeIDE\plugins\com.st.stm32cube.common.mx_6.3.0.202107141111\\db\/mcu/
2022-10-04 07:33:16,903 [INFO] DbBoardsPdsc:56 - Set plugin database path to: C:\ST\STM32CubeIDE_1.7.0\STM32CubeIDE\plugins\com.st.stm32cube.common.mx_6.3.0.202107141111\\db\/plugins/boardmanager/
2022-10-04 07:33:16,903 [INFO] DbMcus:258 - Set plugin images path to: C:\ST\STM32CubeIDE_1.7.0\STM32CubeIDE\plugins\com.st.stm32cube.common.mx_6.3.0.202107141111\\db\/plugins/mcufinder/images/
2022-10-04 07:33:16,903 [INFO] DbBoards:264 - Set plugin images path to: C:\ST\STM32CubeIDE_1.7.0\STM32CubeIDE\plugins\com.st.stm32cube.common.mx_6.3.0.202107141111\\db\/plugins/mcufinder/images/
2022-10-04 07:33:16,903 [INFO] DbExamples:333 - Set plugin images path to: C:\ST\STM32CubeIDE_1.7.0\STM32CubeIDE\plugins\com.st.stm32cube.common.mx_6.3.0.202107141111\\db\/plugins/mcufinder/images/
2022-10-04 07:33:16,903 [WARN] DbFile:35 - Overriding database path with different value: C:\Users\Administrator\.stmcufinder\plugins\mcufinder/ => C:\Users\Administrator\.stmcufinder\plugins\mcufinder
2022-10-04 07:33:16,904 [INFO] DbMcusAds:119 - Set database path to: C:\Users\Administrator\.stmcufinder\plugins\mcufinder//mcu/
2022-10-04 07:33:16,904 [WARN] DbFile:35 - Overriding database path with different value: C:\Users\Administrator\.stmcufinder\plugins\mcufinder/ => C:\Users\Administrator\.stmcufinder\plugins\mcufinder
2022-10-04 07:33:16,904 [INFO] DbMcusDocs:110 - Set database path to: C:\Users\Administrator\.stmcufinder\plugins\mcufinder//mcu/
2022-10-04 07:33:16,904 [WARN] DbFile:35 - Overriding database path with different value: C:\Users\Administrator\.stmcufinder\plugins\mcufinder/ => C:\Users\Administrator\.stmcufinder\plugins\mcufinder
2022-10-04 07:33:16,904 [INFO] DbMcusJson:64 - Set database path to: C:\Users\Administrator\.stmcufinder\plugins\mcufinder//mcu/
2022-10-04 07:33:16,904 [WARN] DbFile:35 - Overriding database path with different value: C:\Users\Administrator\.stmcufinder\plugins\mcufinder/ => C:\Users\Administrator\.stmcufinder\plugins\mcufinder
2022-10-04 07:33:16,904 [INFO] DbBoardsDocs:110 - Set database path to: C:\Users\Administrator\.stmcufinder\plugins\mcufinder//mcu/
2022-10-04 07:33:16,905 [WARN] DbFile:35 - Overriding database path with different value: C:\Users\Administrator\.stmcufinder\plugins\mcufinder/ => C:\Users\Administrator\.stmcufinder\plugins\mcufinder
2022-10-04 07:33:16,905 [INFO] DbBoardsJson:57 - Set database path to: C:\Users\Administrator\.stmcufinder\plugins\mcufinder//mcu/
2022-10-04 07:33:16,905 [WARN] DbFile:35 - Overriding database path with different value: C:\Users\Administrator\.stmcufinder\plugins\mcufinder/ => C:\Users\Administrator\.stmcufinder\plugins\mcufinder
2022-10-04 07:33:16,905 [WARN] DbFile:35 - Overriding database path with different value: C:\Users\Administrator\.stmcufinder\plugins\mcufinder/ => C:\Users\Administrator\.stmcufinder\plugins\mcufinder
2022-10-04 07:33:16,905 [INFO] CrossReferenceDbSqlite:196 - Set database path to: C:\Users\Administrator\.stmcufinder\plugins\mcufinder//mcu/cs/
2022-10-04 07:33:16,905 [WARN] DbFile:35 - Overriding database path with different value: C:\Users\Administrator\.stmcufinder\plugins\mcufinder/ => C:\Users\Administrator\.stmcufinder\plugins\mcufinder
2022-10-04 07:33:16,905 [INFO] DbExamplesSqlite:767 - Set database path to: C:\Users\Administrator\.stmcufinder\plugins\mcufinder//mcu/
2022-10-04 07:33:17,360 [INFO] MainPanel:214 - HeapMemory: 268435456
2022-10-04 07:33:17,997 [INFO] DbMcusXml:74 - Set database path to: C:\ST\STM32CubeIDE_1.7.0\STM32CubeIDE\plugins\com.st.stm32cube.common.mx_6.3.0.202107141111\\db\/mcu/
2022-10-04 07:33:17,998 [INFO] DbBoardsPdsc:56 - Set plugin database path to: C:\ST\STM32CubeIDE_1.7.0\STM32CubeIDE\plugins\com.st.stm32cube.common.mx_6.3.0.202107141111\\db\/plugins/boardmanager/
2022-10-04 07:33:17,998 [INFO] DbMcus:258 - Set plugin images path to: C:\ST\STM32CubeIDE_1.7.0\STM32CubeIDE\plugins\com.st.stm32cube.common.mx_6.3.0.202107141111\\db\/plugins/mcufinder/images/
2022-10-04 07:33:17,999 [INFO] DbBoards:264 - Set plugin images path to: C:\ST\STM32CubeIDE_1.7.0\STM32CubeIDE\plugins\com.st.stm32cube.common.mx_6.3.0.202107141111\\db\/plugins/mcufinder/images/
2022-10-04 07:33:17,999 [INFO] DbExamples:333 - Set plugin images path to: C:\ST\STM32CubeIDE_1.7.0\STM32CubeIDE\plugins\com.st.stm32cube.common.mx_6.3.0.202107141111\\db\/plugins/mcufinder/images/
2022-10-04 07:33:18,007 [WARN] DbFile:35 - Overriding database path with different value: C:\Users\Administrator\.stmcufinder\plugins\mcufinder/ => C:\Users\Administrator\.stmcufinder\plugins\mcufinder
2022-10-04 07:33:18,008 [INFO] DbMcusAds:119 - Set database path to: C:\Users\Administrator\.stmcufinder\plugins\mcufinder//mcu/
2022-10-04 07:33:18,008 [WARN] DbFile:35 - Overriding database path with different value: C:\Users\Administrator\.stmcufinder\plugins\mcufinder/ => C:\Users\Administrator\.stmcufinder\plugins\mcufinder
2022-10-04 07:33:18,009 [INFO] DbMcusDocs:110 - Set database path to: C:\Users\Administrator\.stmcufinder\plugins\mcufinder//mcu/
2022-10-04 07:33:18,009 [WARN] DbFile:35 - Overriding database path with different value: C:\Users\Administrator\.stmcufinder\plugins\mcufinder/ => C:\Users\Administrator\.stmcufinder\plugins\mcufinder
2022-10-04 07:33:18,009 [INFO] DbMcusJson:64 - Set database path to: C:\Users\Administrator\.stmcufinder\plugins\mcufinder//mcu/
2022-10-04 07:33:18,009 [WARN] DbFile:35 - Overriding database path with different value: C:\Users\Administrator\.stmcufinder\plugins\mcufinder/ => C:\Users\Administrator\.stmcufinder\plugins\mcufinder
2022-10-04 07:33:18,009 [INFO] DbBoardsDocs:110 - Set database path to: C:\Users\Administrator\.stmcufinder\plugins\mcufinder//mcu/
2022-10-04 07:33:18,010 [WARN] DbFile:35 - Overriding database path with different value: C:\Users\Administrator\.stmcufinder\plugins\mcufinder/ => C:\Users\Administrator\.stmcufinder\plugins\mcufinder
2022-10-04 07:33:18,010 [INFO] DbBoardsJson:57 - Set database path to: C:\Users\Administrator\.stmcufinder\plugins\mcufinder//mcu/
2022-10-04 07:33:18,010 [WARN] DbFile:35 - Overriding database path with different value: C:\Users\Administrator\.stmcufinder\plugins\mcufinder/ => C:\Users\Administrator\.stmcufinder\plugins\mcufinder
2022-10-04 07:33:18,010 [WARN] DbFile:35 - Overriding database path with different value: C:\Users\Administrator\.stmcufinder\plugins\mcufinder/ => C:\Users\Administrator\.stmcufinder\plugins\mcufinder
2022-10-04 07:33:18,010 [INFO] CrossReferenceDbSqlite:196 - Set database path to: C:\Users\Administrator\.stmcufinder\plugins\mcufinder//mcu/cs/
2022-10-04 07:33:18,011 [WARN] DbFile:35 - Overriding database path with different value: C:\Users\Administrator\.stmcufinder\plugins\mcufinder/ => C:\Users\Administrator\.stmcufinder\plugins\mcufinder
2022-10-04 07:33:18,011 [INFO] DbExamplesSqlite:767 - Set database path to: C:\Users\Administrator\.stmcufinder\plugins\mcufinder//mcu/
2022-10-04 07:33:18,149 [INFO] ApplicationProperties:181 - Using Application install path: C:\ST\STM32CubeIDE_1.7.0\STM32CubeIDE\plugins\com.st.stm32cube.common.mx_6.3.0.202107141111
2022-10-04 07:33:18,151 [INFO] PluginManage:188 - Search for loadable plugins [exclusion list=, ]
2022-10-04 07:33:18,159 [INFO] PluginManage:302 - Check plugin analytics
2022-10-04 07:33:23,017 [INFO] AnalyticsPlugin:257 - Accepted Software Licenses: 
2022-10-04 07:33:23,018 [INFO] AnalyticsPlugin:259 - Accepted CMSIS Pack Licenses: 
2022-10-04 07:33:23,019 [INFO] AnalyticsPlugin:261 - Accepted Firmware Licenses: 
2022-10-04 07:33:23,019 [INFO] PluginManage:352 - Loaded plugin analytics (category:tool,tabindex:-1)
2022-10-04 07:33:23,020 [INFO] PluginManage:302 - Check plugin clock
2022-10-04 07:33:23,135 [INFO] PluginManage:352 - Loaded plugin clock (category:base,tabindex:2)
2022-10-04 07:33:23,136 [INFO] PluginManage:302 - Check plugin ddr
2022-10-04 07:33:23,165 [INFO] PluginManage:352 - Loaded plugin ddr (category:tool,tabindex:6)
2022-10-04 07:33:23,166 [INFO] PluginManage:302 - Check plugin filemanager
2022-10-04 07:33:23,719 [INFO] PluginManage:352 - Loaded plugin filemanager (category:base,tabindex:10)
2022-10-04 07:33:23,720 [INFO] PluginManage:302 - Check plugin ipmanager
2022-10-04 07:33:23,821 [INFO] PluginManage:352 - Loaded plugin ipmanager (category:base,tabindex:5)
2022-10-04 07:33:23,821 [INFO] PluginManage:302 - Check plugin pinoutandconfiguration
2022-10-04 07:33:23,893 [INFO] PluginManage:352 - Loaded plugin pinoutandconfiguration (category:base,tabindex:1)
2022-10-04 07:33:23,893 [INFO] PluginManage:302 - Check plugin pinoutconfig
2022-10-04 07:33:24,101 [INFO] PluginManage:352 - Loaded plugin pinoutconfig (category:base,tabindex:0)
2022-10-04 07:33:24,101 [INFO] PluginManage:302 - Check plugin power
2022-10-04 07:33:24,184 [INFO] PluginManage:352 - Loaded plugin power (category:power,tabindex:4)
2022-10-04 07:33:24,184 [INFO] PluginManage:302 - Check plugin projectmanager
2022-10-04 07:33:24,247 [INFO] PluginManage:352 - Loaded plugin projectmanager (category:projectmanager,tabindex:3)
2022-10-04 07:33:24,247 [INFO] PluginManage:302 - Check plugin thirdparty
2022-10-04 07:33:24,718 [WARN] IntegrityCheckThread:78 - waiting for thirdparty lock release [integrity check]
2022-10-04 07:33:24,718 [INFO] PluginManage:352 - Loaded plugin thirdparty (category:base,tabindex:-1)
2022-10-04 07:33:24,718 [INFO] IntegrityCheckThread:80 - entering critical section [integrity check]
2022-10-04 07:33:24,718 [INFO] PluginManage:302 - Check plugin tools
2022-10-04 07:33:24,718 [INFO] ThirdPartyUpdaterWithRetryManager:66 - Updater plugin not ready yet. [1/15]
2022-10-04 07:33:24,733 [INFO] PluginManage:352 - Loaded plugin tools (category:base,tabindex:7)
2022-10-04 07:33:24,733 [INFO] PluginManage:302 - Check plugin tutovideos
2022-10-04 07:33:25,791 [INFO] PluginManage:352 - Loaded plugin tutovideos (category:base,tabindex:-1)
2022-10-04 07:33:25,791 [INFO] PluginManage:302 - Check plugin updater
2022-10-04 07:33:25,900 [INFO] PluginManage:352 - Loaded plugin updater (category:base,tabindex:12)
2022-10-04 07:33:25,900 [INFO] PluginManage:275 - PluginManage : Loaded plugins [13]
2022-10-04 07:33:27,344 [INFO] PinOutPanel:1463 - setPackage(No Configuration,No Configuration)
2022-10-04 07:33:27,722 [INFO] ThirdPartyUpdaterWithRetryManager:66 - Updater plugin not ready yet. [2/15]
2022-10-04 07:33:27,792 [INFO] IPUIPlugin:74 - create IPUIPlugin
2022-10-04 07:33:27,793 [INFO] PluginManager:213 - loadIPPluginJar : add adc
2022-10-04 07:33:27,797 [INFO] IPUIPlugin:74 - create IPUIPlugin
2022-10-04 07:33:27,797 [INFO] PluginManager:213 - loadIPPluginJar : add aes
2022-10-04 07:33:27,801 [INFO] IPUIPlugin:74 - create IPUIPlugin
2022-10-04 07:33:27,801 [INFO] PluginManager:213 - loadIPPluginJar : add can
2022-10-04 07:33:27,803 [INFO] IPUIPlugin:74 - create IPUIPlugin
2022-10-04 07:33:27,803 [INFO] PluginManager:213 - loadIPPluginJar : add comp
2022-10-04 07:33:27,807 [INFO] IPUIPlugin:74 - create IPUIPlugin
2022-10-04 07:33:27,807 [INFO] PluginManager:213 - loadIPPluginJar : add cryp
2022-10-04 07:33:27,811 [INFO] IPUIPlugin:74 - create IPUIPlugin
2022-10-04 07:33:27,811 [INFO] PluginManager:213 - loadIPPluginJar : add dfsdm
2022-10-04 07:33:27,819 [INFO] IPUIPlugin:74 - create IPUIPlugin
2022-10-04 07:33:27,820 [INFO] PluginManager:213 - loadIPPluginJar : add dma
2022-10-04 07:33:27,826 [INFO] IPUIPlugin:74 - create IPUIPlugin
2022-10-04 07:33:27,826 [INFO] PluginManager:213 - loadIPPluginJar : add dma3
2022-10-04 07:33:27,850 [INFO] IPUIPlugin:74 - create IPUIPlugin
2022-10-04 07:33:27,850 [INFO] PluginManager:213 - loadIPPluginJar : add fatfs
2022-10-04 07:33:27,858 [INFO] IPUIPlugin:74 - create IPUIPlugin
2022-10-04 07:33:27,859 [INFO] PluginManager:213 - loadIPPluginJar : add fmc
2022-10-04 07:33:27,909 [INFO] IPUIPlugin:74 - create IPUIPlugin
2022-10-04 07:33:27,910 [INFO] PluginManager:213 - loadIPPluginJar : add freertos
2022-10-04 07:33:27,912 [INFO] IPUIPlugin:74 - create IPUIPlugin
2022-10-04 07:33:27,912 [INFO] PluginManager:213 - loadIPPluginJar : add genericplugin
2022-10-04 07:33:27,915 [INFO] IPUIPlugin:74 - create IPUIPlugin
2022-10-04 07:33:27,916 [INFO] PluginManager:213 - loadIPPluginJar : add gfxmmu
2022-10-04 07:33:27,923 [INFO] IPUIPlugin:74 - create IPUIPlugin
2022-10-04 07:33:27,923 [INFO] PluginManager:213 - loadIPPluginJar : add gic
2022-10-04 07:33:27,929 [INFO] IPUIPlugin:74 - create IPUIPlugin
2022-10-04 07:33:27,929 [INFO] PluginManager:213 - loadIPPluginJar : add gpio
2022-10-04 07:33:27,933 [INFO] IPUIPlugin:74 - create IPUIPlugin
2022-10-04 07:33:27,933 [INFO] PluginManager:213 - loadIPPluginJar : add gtzc
2022-10-04 07:33:27,936 [INFO] IPUIPlugin:74 - create IPUIPlugin
2022-10-04 07:33:27,936 [INFO] PluginManager:213 - loadIPPluginJar : add hash
2022-10-04 07:33:27,936 [INFO] IPUIPlugin:74 - create IPUIPlugin
2022-10-04 07:33:27,936 [INFO] PluginManager:213 - loadIPPluginJar : add i2c
2022-10-04 07:33:27,936 [INFO] IPUIPlugin:74 - create IPUIPlugin
2022-10-04 07:33:27,936 [INFO] PluginManager:213 - loadIPPluginJar : add i2s
2022-10-04 07:33:27,936 [INFO] IPUIPlugin:74 - create IPUIPlugin
2022-10-04 07:33:27,936 [INFO] PluginManager:213 - loadIPPluginJar : add ipddr
2022-10-04 07:33:27,952 [INFO] IPUIPlugin:74 - create IPUIPlugin
2022-10-04 07:33:27,952 [INFO] PluginManager:213 - loadIPPluginJar : add linkedlist
2022-10-04 07:33:27,952 [INFO] IPUIPlugin:74 - create IPUIPlugin
2022-10-04 07:33:27,952 [INFO] PluginManager:213 - loadIPPluginJar : add lorawan
2022-10-04 07:33:27,952 [INFO] IPUIPlugin:74 - create IPUIPlugin
2022-10-04 07:33:27,952 [INFO] PluginManager:213 - loadIPPluginJar : add ltdc
2022-10-04 07:33:28,015 [INFO] IPUIPlugin:74 - create IPUIPlugin
2022-10-04 07:33:28,015 [INFO] PluginManager:213 - loadIPPluginJar : add mdma
2022-10-04 07:33:28,030 [INFO] IPUIPlugin:74 - create IPUIPlugin
2022-10-04 07:33:28,031 [INFO] PluginManager:213 - loadIPPluginJar : add nvic
2022-10-04 07:33:28,046 [INFO] IPUIPlugin:74 - create IPUIPlugin
2022-10-04 07:33:28,046 [INFO] PluginManager:213 - loadIPPluginJar : add opamp
2022-10-04 07:33:28,052 [INFO] IPUIPlugin:74 - create IPUIPlugin
2022-10-04 07:33:28,053 [INFO] PluginManager:213 - loadIPPluginJar : add openamp
2022-10-04 07:33:28,053 [INFO] IPUIPlugin:74 - create IPUIPlugin
2022-10-04 07:33:28,053 [INFO] PluginManager:213 - loadIPPluginJar : add pdm2pcm
2022-10-04 07:33:28,078 [INFO] IPUIPlugin:74 - create IPUIPlugin
2022-10-04 07:33:28,082 [INFO] PluginManager:213 - loadIPPluginJar : add plateformsettings
2022-10-04 07:33:28,085 [INFO] IPUIPlugin:74 - create IPUIPlugin
2022-10-04 07:33:28,085 [INFO] PluginManager:213 - loadIPPluginJar : add quadspi
2022-10-04 07:33:28,103 [INFO] IPUIPlugin:74 - create IPUIPlugin
2022-10-04 07:33:28,103 [INFO] PluginManager:213 - loadIPPluginJar : add resmgrutility
2022-10-04 07:33:28,103 [INFO] IPUIPlugin:74 - create IPUIPlugin
2022-10-04 07:33:28,103 [INFO] PluginManager:213 - loadIPPluginJar : add sai
2022-10-04 07:33:28,103 [INFO] IPUIPlugin:74 - create IPUIPlugin
2022-10-04 07:33:28,103 [INFO] PluginManager:213 - loadIPPluginJar : add spi
2022-10-04 07:33:28,119 [INFO] IPUIPlugin:74 - create IPUIPlugin
2022-10-04 07:33:28,119 [INFO] PluginManager:213 - loadIPPluginJar : add stm32_wpan
2022-10-04 07:33:28,119 [INFO] IPUIPlugin:74 - create IPUIPlugin
2022-10-04 07:33:28,119 [INFO] PluginManager:213 - loadIPPluginJar : add tim
2022-10-04 07:33:28,119 [INFO] IPUIPlugin:74 - create IPUIPlugin
2022-10-04 07:33:28,119 [INFO] PluginManager:213 - loadIPPluginJar : add touchsensing
2022-10-04 07:33:28,119 [INFO] IPUIPlugin:74 - create IPUIPlugin
2022-10-04 07:33:28,119 [INFO] PluginManager:213 - loadIPPluginJar : add tracer_emb
2022-10-04 07:33:28,134 [INFO] IPUIPlugin:74 - create IPUIPlugin
2022-10-04 07:33:28,134 [INFO] PluginManager:213 - loadIPPluginJar : add ts
2022-10-04 07:33:28,134 [INFO] IPUIPlugin:74 - create IPUIPlugin
2022-10-04 07:33:28,134 [INFO] PluginManager:213 - loadIPPluginJar : add tsc
2022-10-04 07:33:28,134 [INFO] IPUIPlugin:74 - create IPUIPlugin
2022-10-04 07:33:28,134 [INFO] PluginManager:213 - loadIPPluginJar : add ucpd
2022-10-04 07:33:28,134 [INFO] IPUIPlugin:74 - create IPUIPlugin
2022-10-04 07:33:28,134 [INFO] PluginManager:213 - loadIPPluginJar : add usart
2022-10-04 07:33:28,134 [INFO] IPUIPlugin:74 - create IPUIPlugin
2022-10-04 07:33:28,134 [INFO] PluginManager:213 - loadIPPluginJar : add usbx
2022-10-04 07:33:29,221 [FATAL] Updater:294 - Updater called before beeing initialized
2022-10-04 07:33:29,468 [FATAL] Updater:294 - Updater called before beeing initialized
2022-10-04 07:33:29,468 [INFO] DbMcusAds:47 - JSON generation date=Thu Sep 30 13:55:09 ICT 2021 (1632984909247)
2022-10-04 07:33:29,468 [FATAL] Updater:294 - Updater called before beeing initialized
2022-10-04 07:33:29,610 [WARN] DetailPanel:314 - Failed to get advertising image, set to default
2022-10-04 07:33:29,752 [FATAL] Updater:294 - Updater called before beeing initialized
2022-10-04 07:33:29,768 [FATAL] Updater:294 - Updater called before beeing initialized
2022-10-04 07:33:29,769 [FATAL] Updater:294 - Updater called before beeing initialized
2022-10-04 07:33:29,769 [WARN] DetailPanel:314 - Failed to get advertising image, set to default
2022-10-04 07:33:29,771 [FATAL] Updater:294 - Updater called before beeing initialized
2022-10-04 07:33:29,855 [ERROR] Updater:1075 - MainUpdater not yet initialized. External WinMGr cannot be set.
2022-10-04 07:33:29,879 [INFO] Updater:1012 - Updater Version found : 6.3.0
2022-10-04 07:33:30,074 [INFO] ApplicationProperties:181 - Using Application install path: C:\ST\STM32CubeIDE_1.7.0\STM32CubeIDE\plugins\com.st.stm32cube.common.mx_6.3.0.202107141111
2022-10-04 07:33:30,733 [INFO] ThirdPartyUpdaterWithRetryManager:66 - Updater plugin not ready yet. [3/15]
2022-10-04 07:33:32,209 [INFO] MainUpdater:2671 - connection check result : 10
2022-10-04 07:33:32,209 [INFO] MainUpdater:265 - Updater Check For Update Now.
2022-10-04 07:33:32,209 [INFO] MicroXplorer:478 - Change Database Version : DB.6.0.30
2022-10-04 07:33:32,491 [INFO] CheckServerUpdateThread:112 - End of CheckServer Thread
2022-10-04 07:33:32,553 [INFO] MainUpdater:2671 - connection check result : 10
2022-10-04 07:33:32,694 [INFO] McuFinderGlobals:52 - Set McuFinderConnectedMode to true
2022-10-04 07:33:33,738 [WARN] MainUpdater:1122 - Updater busy. Cannot search thirdparties
2022-10-04 07:33:33,738 [INFO] ThirdPartyUpdaterWithRetryManager:92 - Updater plugin is busy. [1/15]
2022-10-04 07:33:34,787 [INFO] ServerAccessManage:362 - Download File mcusAds.json._tmp_
2022-10-04 07:33:34,896 [INFO] LoadUrlFilesThread:145 - End of LoadUrlFiles Thread
2022-10-04 07:33:36,739 [WARN] MainUpdater:1122 - Updater busy. Cannot search thirdparties
2022-10-04 07:33:36,739 [INFO] ThirdPartyUpdaterWithRetryManager:92 - Updater plugin is busy. [2/15]
2022-10-04 07:33:36,763 [INFO] ServerAccessManage:362 - Download File mcusDocs.json._tmp_
2022-10-04 07:33:37,641 [INFO] LoadUrlFilesThread:145 - End of LoadUrlFiles Thread
2022-10-04 07:33:38,440 [INFO] ServerAccessManage:362 - Download File mcusFeaturesAndDescription.json._tmp_
2022-10-04 07:33:39,752 [WARN] MainUpdater:1122 - Updater busy. Cannot search thirdparties
2022-10-04 07:33:39,752 [INFO] ThirdPartyUpdaterWithRetryManager:92 - Updater plugin is busy. [3/15]
2022-10-04 07:33:42,760 [WARN] MainUpdater:1122 - Updater busy. Cannot search thirdparties
2022-10-04 07:33:42,760 [INFO] ThirdPartyUpdaterWithRetryManager:92 - Updater plugin is busy. [4/15]
2022-10-04 07:33:45,766 [WARN] MainUpdater:1122 - Updater busy. Cannot search thirdparties
2022-10-04 07:33:45,766 [INFO] ThirdPartyUpdaterWithRetryManager:92 - Updater plugin is busy. [5/15]
2022-10-04 07:33:48,769 [WARN] MainUpdater:1122 - Updater busy. Cannot search thirdparties
2022-10-04 07:33:48,769 [INFO] ThirdPartyUpdaterWithRetryManager:92 - Updater plugin is busy. [6/15]
2022-10-04 07:33:51,770 [WARN] MainUpdater:1122 - Updater busy. Cannot search thirdparties
2022-10-04 07:33:51,770 [INFO] ThirdPartyUpdaterWithRetryManager:92 - Updater plugin is busy. [7/15]
2022-10-04 07:33:54,770 [WARN] MainUpdater:1122 - Updater busy. Cannot search thirdparties
2022-10-04 07:33:54,770 [INFO] ThirdPartyUpdaterWithRetryManager:92 - Updater plugin is busy. [8/15]
2022-10-04 07:33:57,784 [WARN] MainUpdater:1122 - Updater busy. Cannot search thirdparties
2022-10-04 07:33:57,784 [INFO] ThirdPartyUpdaterWithRetryManager:92 - Updater plugin is busy. [9/15]
2022-10-04 07:34:00,784 [WARN] MainUpdater:1122 - Updater busy. Cannot search thirdparties
2022-10-04 07:34:00,784 [INFO] ThirdPartyUpdaterWithRetryManager:92 - Updater plugin is busy. [10/15]
2022-10-04 07:34:03,784 [WARN] MainUpdater:1122 - Updater busy. Cannot search thirdparties
2022-10-04 07:34:03,784 [INFO] ThirdPartyUpdaterWithRetryManager:92 - Updater plugin is busy. [11/15]
2022-10-04 07:34:06,787 [WARN] MainUpdater:1122 - Updater busy. Cannot search thirdparties
2022-10-04 07:34:06,787 [INFO] ThirdPartyUpdaterWithRetryManager:92 - Updater plugin is busy. [12/15]
2022-10-04 07:34:09,791 [WARN] MainUpdater:1122 - Updater busy. Cannot search thirdparties
2022-10-04 07:34:09,791 [INFO] ThirdPartyUpdaterWithRetryManager:92 - Updater plugin is busy. [13/15]
2022-10-04 07:34:11,541 [INFO] LoadUrlFilesThread:145 - End of LoadUrlFiles Thread
2022-10-04 07:34:12,294 [INFO] ServerAccessManage:362 - Download File boardsDocs.json._tmp_
2022-10-04 07:34:12,591 [INFO] LoadUrlFilesThread:145 - End of LoadUrlFiles Thread
2022-10-04 07:34:12,794 [WARN] MainUpdater:1122 - Updater busy. Cannot search thirdparties
2022-10-04 07:34:12,794 [INFO] ThirdPartyUpdaterWithRetryManager:92 - Updater plugin is busy. [14/15]
2022-10-04 07:34:13,826 [INFO] ServerAccessManage:362 - Download File boards.json._tmp_
2022-10-04 07:34:15,801 [WARN] MainUpdater:1122 - Updater busy. Cannot search thirdparties
2022-10-04 07:34:15,801 [INFO] ThirdPartyUpdaterWithRetryManager:92 - Updater plugin is busy. [15/15]
2022-10-04 07:34:15,801 [ERROR] IntegrityCheckThread:124 - Cannot retrieve database content from updater: error -1
2022-10-04 07:34:15,801 [INFO] ThirdParty:915 - Integrity check success = false
2022-10-04 07:34:15,801 [INFO] IntegrityCheckThread:94 - exiting critical section [integrity check]
2022-10-04 07:34:15,801 [INFO] IntegrityCheckThread:97 - End integrity checks thread
2022-10-04 07:34:16,410 [INFO] LoadUrlFilesThread:145 - End of LoadUrlFiles Thread
2022-10-04 07:34:17,608 [INFO] ServerAccessManage:362 - Download File cube-finder-db.zip
2022-10-04 07:35:07,913 [INFO] FileExtend:235 - Unzip File : cube-finder-db.zip
2022-10-04 07:35:07,913 [INFO] FileExtend:250 - Standard Zip Deflate
2022-10-04 07:35:09,041 [INFO] LoadUrlFilesThread:145 - End of LoadUrlFiles Thread
2022-10-04 07:35:14,215 [INFO] ServerAccessManage:362 - Download File crdb.zip
2022-10-04 07:35:17,215 [INFO] FileExtend:235 - Unzip File : crdb.zip
2022-10-04 07:35:17,215 [INFO] FileExtend:250 - Standard Zip Deflate
2022-10-04 07:35:17,403 [INFO] LoadUrlFilesThread:145 - End of LoadUrlFiles Thread
2022-10-04 07:35:19,124 [INFO] ServerAccessManage:362 - Download File tutoVideoDB.zip
2022-10-04 07:35:19,312 [INFO] FileExtend:235 - Unzip File : tutoVideoDB.zip
2022-10-04 07:35:19,327 [INFO] FileExtend:250 - Standard Zip Deflate
2022-10-04 07:35:19,437 [INFO] LoadUrlFilesThread:145 - End of LoadUrlFiles Thread
2022-10-04 07:35:19,437 [INFO] DbMcusAds:47 - JSON generation date=Thu Sep 30 13:55:09 ICT 2021 (1632984909247)
2022-10-04 07:35:19,452 [INFO] DbMcusDocs:143 - JSON generation date=Tue Nov 16 23:17:54 ICT 2021 (1637079474)
2022-10-04 07:35:19,577 [INFO] DbMcusXml:100 - Load MCU database from C:\ST\STM32CubeIDE_1.7.0\STM32CubeIDE\plugins\com.st.stm32cube.common.mx_6.3.0.202107141111\\db\/mcu/families.xml
2022-10-04 07:35:21,437 [INFO] DbMcusJson:93 - JSON generation date=Tue Nov 16 23:17:54 ICT 2021 (1637079474)
2022-10-04 07:35:22,562 [INFO] DbMcus:175 - Found 1951 MCUs (1903 are supported by CubeMX, 1914 are visible in CubeMX)
2022-10-04 07:35:22,609 [INFO] ApiDb:251 - Load user favorites file C:\Users\Administrator/.stm32cubeide/favorites.mcus.txt: 0 item(s)
2022-10-04 07:35:22,609 [INFO] ApiDb:255 - User favorites MCUs=[]
2022-10-04 07:35:22,609 [INFO] DbMcus:187 - Set 0 / 0 favorites MCUs
2022-10-04 07:35:23,453 [INFO] DbMcusDocs:79 - Found 682 MCUs documents
2022-10-04 07:35:23,453 [INFO] ApiDb:276 - Save user favorites file C:\Users\Administrator/.stm32cubeide/favorites.mcus.txt: 0 item(s)
2022-10-04 07:35:23,453 [INFO] ApiDb:280 - User favorites MCUs=[]
2022-10-04 07:35:23,453 [INFO] DbMcusXml:100 - Load MCU database from C:\ST\STM32CubeIDE_1.7.0\STM32CubeIDE\plugins\com.st.stm32cube.common.mx_6.3.0.202107141111\\db\/mcu/families.xml
2022-10-04 07:35:24,671 [INFO] DbMcusJson:93 - JSON generation date=Tue Nov 16 23:17:54 ICT 2021 (1637079474)
2022-10-04 07:35:25,703 [INFO] DbMcus:175 - Found 1951 MCUs (1903 are supported by CubeMX, 1914 are visible in CubeMX)
2022-10-04 07:35:25,703 [INFO] ApiDb:251 - Load user favorites file C:\Users\Administrator/.stm32cubeide/favorites.mcus.txt: 0 item(s)
2022-10-04 07:35:25,703 [INFO] ApiDb:255 - User favorites MCUs=[]
2022-10-04 07:35:25,703 [INFO] DbMcus:187 - Set 0 / 0 favorites MCUs
2022-10-04 07:35:25,718 [INFO] DbBoardsDocs:143 - JSON generation date=Tue Nov 16 23:17:54 ICT 2021 (1637079474)
2022-10-04 07:35:25,765 [INFO] DbBoardsPdsc:90 - Found 25 items
2022-10-04 07:35:25,796 [INFO] DbBoardsPdsc:90 - Found 9 items
2022-10-04 07:35:25,796 [INFO] DbBoardsPdsc:90 - Found 33 items
2022-10-04 07:35:25,796 [INFO] DbBoardsPdsc:90 - Found 1 items
2022-10-04 07:35:25,812 [INFO] DbBoardsPdsc:90 - Found 48 items
2022-10-04 07:35:25,828 [INFO] DbBoardsPdsc:90 - Found 43 items
2022-10-04 07:35:25,859 [INFO] DbBoardsPdsc:90 - Found 2 items
2022-10-04 07:35:25,859 [INFO] DbBoardsPdsc:90 - Found 5 items
2022-10-04 07:35:25,874 [WARN] DbBoardsPdsc:254 - Board STM32H7B3I-DK: unknown feature type=Audio, name=, username=Audio stereo codec with Headphone Amp (CS42L51-CNZ), n=1
2022-10-04 07:35:25,874 [WARN] DbBoardsPdsc:254 - Board STM32H735G-DK: unknown feature type=Audio, name=, username=Audio stereo codec with Headphone Amp (WM8994ECS/R), n=1
2022-10-04 07:35:25,874 [WARN] DbBoardsPdsc:254 - Board STM32H7B3I-EVAL: unknown feature type=Audio, name=, username=Multi-Channel Audio Codec (CS42L51-CNZ), n=1
2022-10-04 07:35:25,874 [WARN] DbBoardsPdsc:254 - Board STM32H7B3I-EVAL: unknown feature type=Meter, name=, username=Power-metering and Temperature-monitoring with sigma-delta modulators, n=1
2022-10-04 07:35:25,874 [WARN] DbBoardsPdsc:254 - Board STM32H7B3I-EVAL: unknown feature type=Motor, name=, username=Motor Control, n=1
2022-10-04 07:35:25,874 [WARN] DbBoardsPdsc:254 - Board STM32U575I-EV: unknown feature type=joystick, name=, username=4-direction joystick with selection button, n=1
2022-10-04 07:35:25,906 [INFO] DbBoardsJson:86 - JSON generation date=Tue Nov 16 23:17:54 ICT 2021 (1637079474)
2022-10-04 07:35:25,953 [INFO] DbBoards:117 - Found 167 boards (163 are supported by CubeMX)
2022-10-04 07:35:25,953 [INFO] DbBoardsDocs:143 - JSON generation date=Tue Nov 16 23:17:54 ICT 2021 (1637079474)
2022-10-04 07:35:25,968 [INFO] DbBoardsDocs:79 - Found 209 boards documents
2022-10-04 07:35:25,968 [WARN] DbBoards:127 - board B-L475E-IOT01A2 has no document id list !
2022-10-04 07:35:25,968 [WARN] DbBoards:127 - board NUCLEO-H743ZI has no document id list !
2022-10-04 07:35:25,968 [WARN] DbBoards:127 - board NUCLEO-WL55JC2 has no document id list !
2022-10-04 07:35:25,968 [WARN] DbBoards:127 - board P-NUCLEO-WB55-Nucleo has no document id list !
2022-10-04 07:35:25,968 [WARN] DbBoards:127 - board P-NUCLEO-WB55-USBDongle has no document id list !
2022-10-04 07:35:25,968 [WARN] DbBoards:127 - board STEVAL-BFA001V1B has no document id list !
2022-10-04 07:35:25,968 [WARN] DbBoards:127 - board STEVAL-BFA001V2B has no document id list !
2022-10-04 07:35:25,968 [WARN] DbBoards:127 - board STEVAL-IDP005V1 has no document id list !
2022-10-04 07:35:25,968 [WARN] DbBoards:127 - board STEVAL-IDP005V2 has no document id list !
2022-10-04 07:35:25,968 [WARN] DbBoards:127 - board STEVAL-MKSBOX1V1 has no document id list !
2022-10-04 07:35:25,968 [WARN] DbBoards:127 - board STEVAL-STWINKT1 has no document id list !
2022-10-04 07:35:25,968 [WARN] DbBoards:127 - board STEVAL-STWINKT1B has no document id list !
2022-10-04 07:35:25,968 [WARN] DbBoards:127 - board STM32439I-EVAL2 has no document id list !
2022-10-04 07:35:25,968 [WARN] DbBoards:127 - board STM32F401C-DISCO has no document id list !
2022-10-04 07:35:25,968 [WARN] DbBoards:127 - board STM32F769I-DISC1 has no document id list !
2022-10-04 07:35:25,968 [WARN] DbBoards:127 - board STM32G474E-EVAL1 has no document id list !
2022-10-04 07:35:25,968 [WARN] DbBoards:127 - board STM32H743I-EVAL2 has no document id list !
2022-10-04 07:35:25,968 [WARN] DbBoards:127 - board STM32H747I-DISC1 has no document id list !
2022-10-04 07:35:25,968 [WARN] DbBoards:127 - board STM32H753I-EVAL2 has no document id list !
2022-10-04 07:35:25,968 [WARN] DbBoards:127 - board STM32L-DISCOVERY has no document id list !
2022-10-04 07:35:26,421 [ERROR] DbBoards:189 - Image file not found for board B-U585I-IOT02A: C:\ST\STM32CubeIDE_1.7.0\STM32CubeIDE\plugins\com.st.stm32cube.common.mx_6.3.0.202107141111\\db\/plugins/mcufinder/images/boards/B-U585I-IOT02A_small.jpg
2022-10-04 07:35:26,593 [ERROR] DbBoards:189 - Image file not found for board NUCLEO-F413ZH: C:\ST\STM32CubeIDE_1.7.0\STM32CubeIDE\plugins\com.st.stm32cube.common.mx_6.3.0.202107141111\\db\/plugins/mcufinder/images/boards/nucleo-f413zh_small.jpg
2022-10-04 07:35:26,906 [ERROR] DbBoards:189 - Image file not found for board NUCLEO-L552ZE-Q: C:\ST\STM32CubeIDE_1.7.0\STM32CubeIDE\plugins\com.st.stm32cube.common.mx_6.3.0.202107141111\\db\/plugins/mcufinder/images/boards/nucleo_l552ze_q_small.jpg
2022-10-04 07:35:26,906 [ERROR] DbBoards:189 - Image file not found for board NUCLEO-U575ZI-Q: C:\ST\STM32CubeIDE_1.7.0\STM32CubeIDE\plugins\com.st.stm32cube.common.mx_6.3.0.202107141111\\db\/plugins/mcufinder/images/boards/nucleo-u575zi-q_small.jpg
2022-10-04 07:35:26,906 [ERROR] DbBoards:189 - Image file not found for board NUCLEO-WB15CC: C:\ST\STM32CubeIDE_1.7.0\STM32CubeIDE\plugins\com.st.stm32cube.common.mx_6.3.0.202107141111\\db\/plugins/mcufinder/images/boards/nucleo-wb15cc_small.jpg
2022-10-04 07:35:26,906 [ERROR] DbBoards:189 - Image file not found for board NUCLEO-WB55RG: C:\ST\STM32CubeIDE_1.7.0\STM32CubeIDE\plugins\com.st.stm32cube.common.mx_6.3.0.202107141111\\db\/plugins/mcufinder/images/boards/nucleo-wb55rg_small.jpg
2022-10-04 07:35:30,878 [INFO] ApiDb:251 - Load user favorites file C:\Users\Administrator/.stm32cubeide/favorites.boards.txt: 0 item(s)
2022-10-04 07:35:30,878 [INFO] ApiDb:255 - User favorites Boards=[]
2022-10-04 07:35:30,878 [INFO] DbBoards:206 - Set 0 / 0 favorites Boards
2022-10-04 07:35:30,893 [INFO] DbBoardsDocs:79 - Found 418 boards documents
2022-10-04 07:35:30,893 [INFO] ApiDb:276 - Save user favorites file C:\Users\Administrator/.stm32cubeide/favorites.boards.txt: 0 item(s)
2022-10-04 07:35:30,893 [INFO] ApiDb:280 - User favorites Boards=[]
2022-10-04 07:35:30,893 [INFO] DbBoardsPdsc:90 - Found 25 items
2022-10-04 07:35:30,909 [INFO] DbBoardsPdsc:90 - Found 9 items
2022-10-04 07:35:30,909 [INFO] DbBoardsPdsc:90 - Found 33 items
2022-10-04 07:35:30,909 [INFO] DbBoardsPdsc:90 - Found 1 items
2022-10-04 07:35:30,925 [INFO] DbBoardsPdsc:90 - Found 48 items
2022-10-04 07:35:30,940 [INFO] DbBoardsPdsc:90 - Found 43 items
2022-10-04 07:35:30,940 [INFO] DbBoardsPdsc:90 - Found 2 items
2022-10-04 07:35:30,940 [INFO] DbBoardsPdsc:90 - Found 5 items
2022-10-04 07:35:30,940 [WARN] DbBoardsPdsc:254 - Board STM32H7B3I-DK: unknown feature type=Audio, name=, username=Audio stereo codec with Headphone Amp (CS42L51-CNZ), n=1
2022-10-04 07:35:30,940 [WARN] DbBoardsPdsc:254 - Board STM32H735G-DK: unknown feature type=Audio, name=, username=Audio stereo codec with Headphone Amp (WM8994ECS/R), n=1
2022-10-04 07:35:30,940 [WARN] DbBoardsPdsc:254 - Board STM32H7B3I-EVAL: unknown feature type=Audio, name=, username=Multi-Channel Audio Codec (CS42L51-CNZ), n=1
2022-10-04 07:35:30,940 [WARN] DbBoardsPdsc:254 - Board STM32H7B3I-EVAL: unknown feature type=Meter, name=, username=Power-metering and Temperature-monitoring with sigma-delta modulators, n=1
2022-10-04 07:35:30,940 [WARN] DbBoardsPdsc:254 - Board STM32H7B3I-EVAL: unknown feature type=Motor, name=, username=Motor Control, n=1
2022-10-04 07:35:30,956 [WARN] DbBoardsPdsc:254 - Board STM32U575I-EV: unknown feature type=joystick, name=, username=4-direction joystick with selection button, n=1
2022-10-04 07:35:31,003 [INFO] DbBoardsJson:86 - JSON generation date=Tue Nov 16 23:17:54 ICT 2021 (1637079474)
2022-10-04 07:35:31,018 [INFO] DbBoards:117 - Found 167 boards (163 are supported by CubeMX)
2022-10-04 07:35:31,018 [WARN] DbBoards:127 - board B-L475E-IOT01A2 has no document id list !
2022-10-04 07:35:31,018 [WARN] DbBoards:127 - board NUCLEO-H743ZI has no document id list !
2022-10-04 07:35:31,018 [WARN] DbBoards:127 - board NUCLEO-WL55JC2 has no document id list !
2022-10-04 07:35:31,018 [WARN] DbBoards:127 - board P-NUCLEO-WB55-Nucleo has no document id list !
2022-10-04 07:35:31,018 [WARN] DbBoards:127 - board P-NUCLEO-WB55-USBDongle has no document id list !
2022-10-04 07:35:31,018 [WARN] DbBoards:127 - board STEVAL-BFA001V1B has no document id list !
2022-10-04 07:35:31,018 [WARN] DbBoards:127 - board STEVAL-BFA001V2B has no document id list !
2022-10-04 07:35:31,018 [WARN] DbBoards:127 - board STEVAL-IDP005V1 has no document id list !
2022-10-04 07:35:31,018 [WARN] DbBoards:127 - board STEVAL-IDP005V2 has no document id list !
2022-10-04 07:35:31,018 [WARN] DbBoards:127 - board STEVAL-MKSBOX1V1 has no document id list !
2022-10-04 07:35:31,018 [WARN] DbBoards:127 - board STEVAL-STWINKT1 has no document id list !
2022-10-04 07:35:31,018 [WARN] DbBoards:127 - board STEVAL-STWINKT1B has no document id list !
2022-10-04 07:35:31,018 [WARN] DbBoards:127 - board STM32439I-EVAL2 has no document id list !
2022-10-04 07:35:31,018 [WARN] DbBoards:127 - board STM32F401C-DISCO has no document id list !
2022-10-04 07:35:31,018 [WARN] DbBoards:127 - board STM32F769I-DISC1 has no document id list !
2022-10-04 07:35:31,018 [WARN] DbBoards:127 - board STM32G474E-EVAL1 has no document id list !
2022-10-04 07:35:31,018 [WARN] DbBoards:127 - board STM32H743I-EVAL2 has no document id list !
2022-10-04 07:35:31,018 [WARN] DbBoards:127 - board STM32H747I-DISC1 has no document id list !
2022-10-04 07:35:31,018 [WARN] DbBoards:127 - board STM32H753I-EVAL2 has no document id list !
2022-10-04 07:35:31,018 [WARN] DbBoards:127 - board STM32L-DISCOVERY has no document id list !
2022-10-04 07:35:31,206 [ERROR] DbBoards:189 - Image file not found for board B-U585I-IOT02A: C:\ST\STM32CubeIDE_1.7.0\STM32CubeIDE\plugins\com.st.stm32cube.common.mx_6.3.0.202107141111\\db\/plugins/mcufinder/images/boards/B-U585I-IOT02A_small.jpg
2022-10-04 07:35:31,393 [ERROR] DbBoards:189 - Image file not found for board NUCLEO-F413ZH: C:\ST\STM32CubeIDE_1.7.0\STM32CubeIDE\plugins\com.st.stm32cube.common.mx_6.3.0.202107141111\\db\/plugins/mcufinder/images/boards/nucleo-f413zh_small.jpg
2022-10-04 07:35:31,737 [ERROR] DbBoards:189 - Image file not found for board NUCLEO-L552ZE-Q: C:\ST\STM32CubeIDE_1.7.0\STM32CubeIDE\plugins\com.st.stm32cube.common.mx_6.3.0.202107141111\\db\/plugins/mcufinder/images/boards/nucleo_l552ze_q_small.jpg
2022-10-04 07:35:31,737 [ERROR] DbBoards:189 - Image file not found for board NUCLEO-U575ZI-Q: C:\ST\STM32CubeIDE_1.7.0\STM32CubeIDE\plugins\com.st.stm32cube.common.mx_6.3.0.202107141111\\db\/plugins/mcufinder/images/boards/nucleo-u575zi-q_small.jpg
2022-10-04 07:35:31,737 [ERROR] DbBoards:189 - Image file not found for board NUCLEO-WB15CC: C:\ST\STM32CubeIDE_1.7.0\STM32CubeIDE\plugins\com.st.stm32cube.common.mx_6.3.0.202107141111\\db\/plugins/mcufinder/images/boards/nucleo-wb15cc_small.jpg
2022-10-04 07:35:31,737 [ERROR] DbBoards:189 - Image file not found for board NUCLEO-WB55RG: C:\ST\STM32CubeIDE_1.7.0\STM32CubeIDE\plugins\com.st.stm32cube.common.mx_6.3.0.202107141111\\db\/plugins/mcufinder/images/boards/nucleo-wb55rg_small.jpg
2022-10-04 07:35:32,971 [INFO] ApiDb:251 - Load user favorites file C:\Users\Administrator/.stm32cubeide/favorites.boards.txt: 0 item(s)
2022-10-04 07:35:32,971 [INFO] ApiDb:255 - User favorites Boards=[]
2022-10-04 07:35:32,971 [INFO] DbBoards:206 - Set 0 / 0 favorites Boards
2022-10-04 07:35:33,034 [INFO] LoadUrlFilesThread:172 - End of LoadServerUrlFiles without Thread
2022-10-04 07:35:33,034 [INFO] TargetSelectorAdapter:224 - Refresh data is successful
2022-10-04 07:35:33,706 [INFO] ApiDb:479 - Connected to CubeFinder SQLite database (C:\Users\Administrator\.stmcufinder\plugins\mcufinder\mcu\cube-finder-db.db)
2022-10-04 07:35:34,690 [INFO] DbExamplesSqlite:411 - Ignored 31 examples not supported by CubeIDE
2022-10-04 07:35:34,690 [INFO] DbExamplesSqlite:412 - Found 6197 examples active
2022-10-04 07:35:34,690 [INFO] DbExamplesSqlite:413 - Found 89 examples obsolete
2022-10-04 07:35:34,690 [INFO] DbExamplesSqlite:414 - Found 0 examples under development
2022-10-04 07:35:34,690 [INFO] DbExamplesSqlite:415 - Found 76 examples not building
2022-10-04 07:35:34,721 [INFO] DbExamplesSqlite:108 - CubeFinder database Data Model version=2.1
2022-10-04 07:35:34,721 [INFO] DbExamplesSqlite:109 - CubeFinder database Configuration version=3.0.32
2022-10-04 07:35:34,721 [INFO] DbExamplesSqlite:110 - CubeFinder database generation date=2022-08-05 (1659688109)
2022-10-04 07:35:34,721 [INFO] DbExamplesSqlite:111 - CubeFinder database FW Pack versions=[STM32Cube_FW_C0_V1.0.0, STM32Cube_FW_F4_V1.27.1, STM32Cube_FW_F7_V1.17.0, STM32Cube_FW_G0_V1.6.1, STM32Cube_FW_G4_V1.5.0, STM32Cube_FW_H7_V1.10.0, STM32Cube_FW_L5_V1.4.0, STM32Cube_FW_U5_V1.1.1, STM32Cube_FW_WB_V1.14.1, STM32Cube_FW_WL_V1.2.0, X-CUBE-ALGOBUILD_V1.3.0, X-CUBE-ALS_V1.0.1, X-CUBE-AZRTOS-F4_V1.1.0, X-CUBE-AZRTOS-F7_V1.1.0, X-CUBE-AZRTOS-G0_V1.1.0, X-CUBE-AZRTOS-G4_V1.0.0, X-CUBE-AZRTOS-H7_V2.1.0, X-CUBE-AZRTOS-L4_V1.0.0, X-CUBE-AZRTOS-L5_V1.0.0, X-CUBE-AZRTOS-WL_V1.0.0, X-CUBE-BLE1_V6.2.3, X-CUBE-BLE2_V3.3.0, X-CUBE-EEPRMA1_V3.1.1, X-CUBE-GNSS1_V6.0.0, X-CUBE-MEMS1_V9.1.0, X-CUBE-MEMS1_V9.3.0, X-CUBE-NFC4_V2.0.4, X-CUBE-NFC7_V1.0.0, X-CUBE-SFXS2LP1_V4.0.0, X-CUBE-SUBG2_V5.0.0]
2022-10-04 07:35:34,721 [INFO] DbExamples:130 - Found 6242 examples
2022-10-04 07:35:35,815 [ERROR] DbExamples:206 - Found 6242 examples with invalid data (board or MCU)
2022-10-04 07:35:35,815 [INFO] DbExamples:222 - Found 74 boards with related examples
2022-10-04 07:35:35,815 [INFO] DbExamples:235 - Found 0 MCUs with related examples
2022-10-04 07:35:35,831 [INFO] ApiDb:242 - User favorites file not found: C:\Users\Administrator/.stm32cubeide/favorites.examples.txt
2022-10-04 07:35:35,831 [INFO] DbExamples:256 - Set 0 / 0 favorites Examples
2022-10-04 07:35:36,411 [INFO] McuFinderGlobals:52 - Set McuFinderConnectedMode to false
2022-10-04 07:35:36,583 [INFO] CrossSelectorPresenter:1330 - Cross Selector saved comparison directory: C:\Users\Administrator\.stmcufinder\plugins\mcufinder\mcu\cs_comparisons_mx
2022-10-04 07:35:36,614 [INFO] MultiScanPanel:197 - Auto-refresh data requested => check proxy status ongoing
2022-10-04 07:35:36,614 [INFO] MultiScanPanel:201 - Proxy status is invalid
2022-10-04 07:35:36,614 [INFO] FinderPluginLoader:87 - Searching for filters in installed packs
2022-10-04 07:35:37,631 [INFO] DetailPanel:309 - Set advertising image to C:/Users/Administrator/STM32Cube/Repository/\en.Prom_NBSTM32U50921.jpg
2022-10-04 07:37:03,661 [INFO] MainUpdater:2671 - connection check result : 10
2022-10-04 07:37:03,661 [INFO] MainUpdater:2671 - connection check result : 10
2022-10-04 07:37:03,738 [INFO] MicroXplorer:448 - Change Database Path : 
2022-10-04 07:37:03,738 [INFO] MicroXplorer:478 - Change Database Version : DB.6.0.30
2022-10-04 07:37:03,738 [WARN] ThirdParty:813 - waiting for thirdparty lock release [close project]
2022-10-04 07:37:03,738 [INFO] ThirdParty:815 - entering critical section [close project]
2022-10-04 07:37:03,738 [INFO] ThirdParty:825 - exiting critical section [close project]
2022-10-04 07:37:03,753 [INFO] PinOutPanel:1463 - setPackage(No Configuration,No Configuration)
2022-10-04 07:37:03,753 [INFO] UtilMem:74 - Begin LoadConfig() Used Memory: 656617888 Bytes (804257792)
2022-10-04 07:37:03,753 [INFO] MicroXplorer:448 - Change Database Path : 
2022-10-04 07:37:03,753 [INFO] MicroXplorer:478 - Change Database Version : DB.6.0.30
2022-10-04 07:37:03,753 [INFO] OpenFileManager:313 - Change cursor
2022-10-04 07:37:03,816 [WARN] IntegrityCheckThread:78 - waiting for thirdparty lock release [integrity check]
2022-10-04 07:37:03,816 [INFO] IntegrityCheckThread:80 - entering critical section [integrity check]
2022-10-04 07:37:04,238 [WARN] PackLoader:238 - Cannot read IP mode file for STMicroelectronics.X-CUBE-GNSS1.6.0.0
2022-10-04 07:37:04,300 [WARN] PackLoader:238 - Cannot read IP mode file for STMicroelectronics.X-CUBE-AZRTOS-F4.1.1.0
2022-10-04 07:37:04,378 [WARN] PackLoader:238 - Cannot read IP mode file for STMicroelectronics.X-CUBE-AZRTOS-F7.1.1.0
2022-10-04 07:37:04,410 [WARN] PackLoader:238 - Cannot read IP mode file for STMicroelectronics.X-CUBE-BLE1.6.2.3
2022-10-04 07:37:04,457 [WARN] PackLoader:238 - Cannot read IP mode file for STMicroelectronics.X-CUBE-NFC4.2.0.4
2022-10-04 07:37:04,503 [WARN] PackLoader:238 - Cannot read IP mode file for STMicroelectronics.X-CUBE-TOF1.3.1.0
2022-10-04 07:37:04,535 [WARN] PackLoader:238 - Cannot read IP mode file for wolfSSL.I-CUBE-wolfSSL.5.5.0
2022-10-04 07:37:04,550 [WARN] PackLoader:238 - Cannot read IP mode file for STMicroelectronics.X-CUBE-NFC7.1.0.0
2022-10-04 07:37:04,675 [WARN] PackLoader:238 - Cannot read IP mode file for STMicroelectronics.X-CUBE-MEMS1.9.3.0
2022-10-04 07:37:05,113 [WARN] PackLoader:238 - Cannot read IP mode file for STMicroelectronics.X-CUBE-AI.7.2.0
2022-10-04 07:37:05,128 [WARN] PackLoader:238 - Cannot read IP mode file for STMicroelectronics.X-CUBE-SFXS2LP1.4.0.0
2022-10-04 07:37:05,160 [WARN] PackLoader:238 - Cannot read IP mode file for STMicroelectronics.X-CUBE-BLE2.3.3.0
2022-10-04 07:37:05,191 [WARN] PackLoader:238 - Cannot read IP mode file for STMicroelectronics.X-CUBE-DISPLAY.2.2.0
2022-10-04 07:37:05,253 [WARN] PackLoader:238 - Cannot read IP mode file for STMicroelectronics.X-CUBE-ISPU.1.0.0
2022-10-04 07:37:05,285 [WARN] PackLoader:238 - Cannot read IP mode file for RoweBots.I-CUBE-UNISONRTOS.5.5.0-4
2022-10-04 07:37:05,347 [WARN] PackLoader:238 - Cannot read IP mode file for STMicroelectronics.X-CUBE-AZRTOS-H7.2.1.0
2022-10-04 07:37:05,378 [WARN] PackLoader:238 - Cannot read IP mode file for STMicroelectronics.X-CUBE-BLEMGR.1.0.0
2022-10-04 07:37:05,425 [WARN] PackLoader:238 - Cannot read IP mode file for STMicroelectronics.X-CUBE-ALGOBUILD.1.3.0
2022-10-04 07:37:05,488 [WARN] PackLoader:238 - Cannot read IP mode file for STMicroelectronics.X-CUBE-AZRTOS-G0.1.1.0
2022-10-04 07:37:05,535 [WARN] PackLoader:238 - Cannot read IP mode file for STMicroelectronics.X-CUBE-SUBG2.5.0.0
2022-10-04 07:37:05,628 [WARN] PackLoader:238 - Cannot read IP mode file for SEGGER.I-CUBE-embOS.1.2.0
2022-10-04 07:37:05,785 [WARN] PackLoader:238 - Cannot read IP mode file for STMicroelectronics.FP-ATR-ASTRA1.1.1.1
2022-10-04 07:37:05,847 [WARN] PackLoader:238 - Cannot read IP mode file for STMicroelectronics.X-CUBE-AZRTOS-G4.1.0.0
2022-10-04 07:37:05,910 [WARN] PackLoader:238 - Cannot read IP mode file for STMicroelectronics.X-CUBE-AZRTOS-L4.1.0.0
2022-10-04 07:37:05,941 [WARN] PackLoader:238 - Cannot read IP mode file for emotas.I-CUBE-CANOPEN.1.1.2
2022-10-04 07:37:05,972 [WARN] PackLoader:238 - Cannot read IP mode file for STMicroelectronics.X-CUBE-TOUCHGFX.4.20.0
2022-10-04 07:37:06,035 [WARN] PackLoader:238 - Cannot read IP mode file for STMicroelectronics.X-CUBE-AZRTOS-WL.1.0.0
2022-10-04 07:37:06,066 [WARN] PackLoader:238 - Cannot read IP mode file for portGmbH.I-Cube-SoM-uGOAL.1.1.0
2022-10-04 07:37:06,082 [WARN] PackLoader:238 - Cannot read IP mode file for STMicroelectronics.X-CUBE-ALS.1.0.1
2022-10-04 07:37:06,113 [WARN] PackLoader:238 - Cannot read IP mode file for STMicroelectronics.X-CUBE-AZRTOS-L5.1.0.0
2022-10-04 07:37:06,160 [WARN] PackLoader:238 - Cannot read IP mode file for STMicroelectronics.X-CUBE-EEPRMA1.3.1.1
2022-10-04 07:37:06,175 [INFO] ThirdParty:915 - Integrity check success = true
2022-10-04 07:37:06,175 [INFO] IntegrityCheckThread:94 - exiting critical section [integrity check]
2022-10-04 07:37:06,175 [INFO] IntegrityCheckThread:97 - End integrity checks thread
2022-10-04 07:37:07,816 [INFO] Context:592 - Trying to add GPIOservice into a context  which must be forbidden
2022-10-04 07:37:08,285 [INFO] ImportTextPane:167 - (OptionalMessage_ERROR) Unable to find key (Mcu.ThirdPartyNb) in loaded IOC file
2022-10-04 07:37:08,285 [INFO] ImportTextPane:167 - (OptionalMessage_ERROR) Unable to find key (Mcu.PinsNb) in loaded IOC file
2022-10-04 07:37:08,285 [INFO] ImportTextPane:167 - (OptionalMessage_ERROR) Unable to find key (Mcu.IPNb) in loaded IOC file
2022-10-04 07:37:08,394 [WARN] ApiManager:304 - Cannot register API 'Board Extension:GNSS1A1' from pack STMicroelectronics.X-CUBE-GNSS1.6.0.0: no header file found
2022-10-04 07:37:08,394 [WARN] ApiManager:304 - Cannot register API 'Board Support:Custom' from pack STMicroelectronics.X-CUBE-GNSS1.6.0.0: no header file found
2022-10-04 07:37:08,394 [WARN] ApiManager:304 - Cannot register API 'Data Exchange:lib_gnss' from pack STMicroelectronics.X-CUBE-GNSS1.6.0.0: no header file found
2022-10-04 07:37:08,410 [WARN] ModelIntegratedComponent:60 - No mode defined for component null
2022-10-04 07:37:08,410 [WARN] ModelIntegratedComponent:60 - No mode defined for component null
2022-10-04 07:37:08,410 [WARN] ModelIntegratedComponent:60 - No mode defined for component null
2022-10-04 07:37:08,410 [WARN] ModelIntegratedComponent:60 - No mode defined for component null
2022-10-04 07:37:08,410 [WARN] ModelIntegratedComponent:60 - No mode defined for component null
2022-10-04 07:37:08,410 [WARN] ModelIntegratedComponent:60 - No mode defined for component null
2022-10-04 07:37:08,410 [WARN] ModelIntegratedComponent:60 - No mode defined for component null
2022-10-04 07:37:08,410 [WARN] ModelIntegratedComponent:60 - No mode defined for component null
2022-10-04 07:37:08,410 [WARN] ModelIntegratedComponent:60 - No mode defined for component null
2022-10-04 07:37:08,410 [WARN] ModelIntegratedComponent:60 - No mode defined for component null
2022-10-04 07:37:08,410 [WARN] ModelIntegratedComponent:60 - No mode defined for component null
2022-10-04 07:37:08,410 [WARN] ModelIntegratedComponent:60 - No mode defined for component null
2022-10-04 07:37:08,410 [WARN] ModelIntegratedComponent:60 - No mode defined for component null
2022-10-04 07:37:08,410 [WARN] ModelIntegratedComponent:60 - No mode defined for component null
2022-10-04 07:37:08,410 [WARN] ModelIntegratedComponent:60 - No mode defined for component null
2022-10-04 07:37:08,410 [WARN] ModelIntegratedComponent:60 - No mode defined for component null
2022-10-04 07:37:08,410 [WARN] ModelIntegratedComponent:60 - No mode defined for component null
2022-10-04 07:37:08,410 [WARN] ModelIntegratedComponent:60 - No mode defined for component null
2022-10-04 07:37:08,410 [WARN] ModelIntegratedComponent:60 - No mode defined for component null
2022-10-04 07:37:08,410 [WARN] ModelIntegratedComponent:60 - No mode defined for component null
2022-10-04 07:37:08,410 [WARN] ModelIntegratedComponent:60 - No mode defined for component null
2022-10-04 07:37:08,410 [WARN] ModelIntegratedComponent:60 - No mode defined for component null
2022-10-04 07:37:08,410 [WARN] ModelIntegratedComponent:60 - No mode defined for component null
2022-10-04 07:37:08,410 [WARN] ModelIntegratedComponent:60 - No mode defined for component null
2022-10-04 07:37:08,410 [WARN] ModelIntegratedComponent:60 - No mode defined for component null
2022-10-04 07:37:08,410 [WARN] ModelIntegratedComponent:60 - No mode defined for component null
2022-10-04 07:37:08,410 [WARN] ModelIntegratedComponent:60 - No mode defined for component null
2022-10-04 07:37:08,410 [WARN] ModelIntegratedComponent:60 - No mode defined for component null
2022-10-04 07:37:08,410 [WARN] ModelIntegratedComponent:60 - No mode defined for component null
2022-10-04 07:37:08,410 [WARN] ModelIntegratedComponent:60 - No mode defined for component null
2022-10-04 07:37:08,410 [WARN] ModelIntegratedComponent:60 - No mode defined for component null
2022-10-04 07:37:08,425 [WARN] ApiManager:304 - Cannot register API 'Board Extension:NFC07A1' from pack STMicroelectronics.X-CUBE-NFC7.1.0.0: no header file found
2022-10-04 07:37:08,847 [WARN] ApiManager:304 - Cannot register API 'Board Extension:IKS01A3' from pack STMicroelectronics.X-CUBE-MEMS1.9.3.0: no header file found
2022-10-04 07:37:08,847 [WARN] ApiManager:304 - Cannot register API 'Board Extension:IKS01A2' from pack STMicroelectronics.X-CUBE-MEMS1.9.3.0: no header file found
2022-10-04 07:37:08,847 [WARN] ApiManager:304 - Cannot register API 'Board Extension:IKS02A1' from pack STMicroelectronics.X-CUBE-MEMS1.9.3.0: no header file found
2022-10-04 07:37:08,863 [WARN] ApiManager:304 - Cannot register API 'Wireless:BlueNRG-MS' from pack STMicroelectronics.X-CUBE-BLE1.6.2.3: no header file found
2022-10-04 07:37:08,863 [INFO] RtosManager:484 - Registered RTOS mode: class=CMSIS, group=RTOS, mode=CMSIS_V1, owner=FREERTOS
2022-10-04 07:37:08,863 [INFO] RtosManager:484 - Registered RTOS mode: class=CMSIS, group=RTOS2, mode=CMSIS_V2, owner=FREERTOS
2022-10-04 07:37:08,863 [INFO] RtosManager:484 - Registered RTOS mode: class=RTOS, group=Core, mode=CMSIS_V1, owner=FREERTOS
2022-10-04 07:37:08,863 [INFO] RtosManager:484 - Registered RTOS mode: class=RTOS, group=Core, mode=CMSIS_V2, owner=FREERTOS
2022-10-04 07:37:08,863 [WARN] ModelIntegratedComponent:181 - Missing modes for component STMicroelectronics:FreeRTOS:0.0.1:STMicroelectronics:RTOS:FreeRTOS:Core:::10.2.0:
2022-10-04 07:37:08,878 [WARN] ApiManager:304 - Cannot register API 'Board Extension:S2868A1' from pack STMicroelectronics.X-CUBE-SUBG2.5.0.0: no header file found
2022-10-04 07:37:08,878 [WARN] ApiManager:304 - Cannot register API 'Board Extension:S2868A2' from pack STMicroelectronics.X-CUBE-SUBG2.5.0.0: no header file found
2022-10-04 07:37:08,878 [WARN] ApiManager:304 - Cannot register API 'Board Extension:S2915A1' from pack STMicroelectronics.X-CUBE-SUBG2.5.0.0: no header file found
2022-10-04 07:37:08,894 [WARN] ApiManager:304 - Cannot register API 'Board Extension:EEPRMA1' from pack STMicroelectronics.X-CUBE-EEPRMA1.3.1.1: no header file found
2022-10-04 07:37:08,894 [WARN] ApiManager:304 - Cannot register API 'Board Extension:EEPRMA2' from pack STMicroelectronics.X-CUBE-EEPRMA1.3.1.1: no header file found
2022-10-04 07:37:08,894 [WARN] ApiManager:304 - Cannot register API 'Board Extension:S2868A1' from pack STMicroelectronics.X-CUBE-SFXS2LP1.4.0.0: no header file found
2022-10-04 07:37:08,894 [WARN] ApiManager:304 - Cannot register API 'Board Extension:S2868A2' from pack STMicroelectronics.X-CUBE-SFXS2LP1.4.0.0: no header file found
2022-10-04 07:37:08,894 [WARN] ApiManager:304 - Cannot register API 'Board Extension:S2915A1' from pack STMicroelectronics.X-CUBE-SFXS2LP1.4.0.0: no header file found
2022-10-04 07:37:08,894 [WARN] ApiManager:304 - Cannot register API 'Wireless:BlueNRG-2' from pack STMicroelectronics.X-CUBE-BLE2.3.3.0: no header file found
2022-10-04 07:37:08,894 [WARN] ApiManager:304 - Cannot register API 'Board Extension:NFC04A1' from pack STMicroelectronics.X-CUBE-NFC4.2.0.4: no header file found
2022-10-04 07:37:11,816 [INFO] UtilMem:74 - End LoadConfig() Used Memory: 704669792 Bytes (859832320)
2022-10-04 07:37:11,875 [WARN] ThirdParty:779 - waiting for thirdparty lock release [change project]
2022-10-04 07:37:11,875 [INFO] ThirdParty:781 - entering critical section [change project]
2022-10-04 07:37:11,875 [INFO] ThirdParty:967 - CMSIS Pack Vendor :RoweBots I-CUBE-UNISONRTOS 5.5.0-4
2022-10-04 07:37:11,875 [INFO] ThirdParty:967 - CMSIS Pack Vendor :STMicroelectronics X-CUBE-GNSS1 6.0.0
2022-10-04 07:37:11,875 [INFO] ThirdParty:967 - CMSIS Pack Vendor :STMicroelectronics X-CUBE-AZRTOS-H7 2.1.0
2022-10-04 07:37:11,875 [INFO] ThirdParty:967 - CMSIS Pack Vendor :STMicroelectronics USB_HOST 2.0.0
2022-10-04 07:37:11,875 [INFO] ThirdParty:967 - CMSIS Pack Vendor :STMicroelectronics X-CUBE-AZRTOS-F4 1.1.0
2022-10-04 07:37:11,875 [INFO] ThirdParty:967 - CMSIS Pack Vendor :STMicroelectronics X-CUBE-AZRTOS-G4 1.0.0
2022-10-04 07:37:11,875 [INFO] ThirdParty:967 - CMSIS Pack Vendor :STMicroelectronics X-CUBE-AZRTOS-L4 1.0.0
2022-10-04 07:37:11,875 [INFO] ThirdParty:967 - CMSIS Pack Vendor :STMicroelectronics USB_DEVICE 3.0.0
2022-10-04 07:37:11,875 [INFO] ThirdParty:967 - CMSIS Pack Vendor :wolfSSL I-CUBE-wolfSSL 5.5.0
2022-10-04 07:37:11,875 [INFO] ThirdParty:967 - CMSIS Pack Vendor :STMicroelectronics HAL Drivers 0.0.0
2022-10-04 07:37:11,875 [INFO] ThirdParty:967 - CMSIS Pack Vendor :STMicroelectronics MBEDTLS 2.16.2
2022-10-04 07:37:11,875 [INFO] ThirdParty:967 - CMSIS Pack Vendor :emotas I-CUBE-CANOPEN 1.1.2
2022-10-04 07:37:11,875 [INFO] ThirdParty:967 - CMSIS Pack Vendor :STMicroelectronics X-CUBE-TOUCHGFX 4.20.0
2022-10-04 07:37:11,875 [INFO] ThirdParty:967 - CMSIS Pack Vendor :STMicroelectronics MBEDTLS 2.14.1
2022-10-04 07:37:11,875 [INFO] ThirdParty:967 - CMSIS Pack Vendor :STMicroelectronics X-CUBE-NFC7 1.0.0
2022-10-04 07:37:11,875 [INFO] ThirdParty:967 - CMSIS Pack Vendor :STMicroelectronics X-CUBE-BLEMGR 1.0.0
2022-10-04 07:37:11,875 [INFO] ThirdParty:967 - CMSIS Pack Vendor :STMicroelectronics X-CUBE-AZRTOS-WL 1.0.0
2022-10-04 07:37:11,875 [INFO] ThirdParty:967 - CMSIS Pack Vendor :STMicroelectronics X-CUBE-AZRTOS-F7 1.1.0
2022-10-04 07:37:11,875 [INFO] ThirdParty:967 - CMSIS Pack Vendor :STMicroelectronics X-CUBE-MEMS1 9.3.0
2022-10-04 07:37:11,875 [INFO] ThirdParty:967 - CMSIS Pack Vendor :portGmbH I-Cube-SoM-uGOAL 1.1.0
2022-10-04 07:37:11,875 [INFO] ThirdParty:967 - CMSIS Pack Vendor :STMicroelectronics X-CUBE-ALS 1.0.1
2022-10-04 07:37:11,875 [INFO] ThirdParty:967 - CMSIS Pack Vendor :STMicroelectronics USB_DEVICE 2.0.0
2022-10-04 07:37:11,875 [INFO] ThirdParty:967 - CMSIS Pack Vendor :STMicroelectronics X-CUBE-AI 7.2.0
2022-10-04 07:37:11,875 [INFO] ThirdParty:967 - CMSIS Pack Vendor :STMicroelectronics X-CUBE-BLE1 6.2.3
2022-10-04 07:37:11,875 [INFO] ThirdParty:967 - CMSIS Pack Vendor :STMicroelectronics X-CUBE-ALGOBUILD 1.3.0
2022-10-04 07:37:11,875 [INFO] ThirdParty:967 - CMSIS Pack Vendor :STMicroelectronics X-CUBE-AZRTOS-L5 1.0.0
2022-10-04 07:37:11,875 [INFO] ThirdParty:967 - CMSIS Pack Vendor :STMicroelectronics FreeRTOS 0.0.1
2022-10-04 07:37:11,875 [INFO] ThirdParty:967 - CMSIS Pack Vendor :STMicroelectronics X-CUBE-AZRTOS-G0 1.1.0
2022-10-04 07:37:11,875 [INFO] ThirdParty:967 - CMSIS Pack Vendor :STMicroelectronics USB_DEVICE 1.0.0
2022-10-04 07:37:11,875 [INFO] ThirdParty:967 - CMSIS Pack Vendor :STMicroelectronics X-CUBE-SUBG2 5.0.0
2022-10-04 07:37:11,875 [INFO] ThirdParty:967 - CMSIS Pack Vendor :SEGGER I-CUBE-embOS 1.2.0
2022-10-04 07:37:11,875 [INFO] ThirdParty:967 - CMSIS Pack Vendor :STMicroelectronics X-CUBE-EEPRMA1 3.1.1
2022-10-04 07:37:11,875 [INFO] ThirdParty:967 - CMSIS Pack Vendor :STMicroelectronics ThreadX 0.0.2
2022-10-04 07:37:11,875 [INFO] ThirdParty:967 - CMSIS Pack Vendor :STMicroelectronics lwIP 2.0.3
2022-10-04 07:37:11,875 [INFO] ThirdParty:967 - CMSIS Pack Vendor :STMicroelectronics lwIP 2.1.2
2022-10-04 07:37:11,875 [INFO] ThirdParty:967 - CMSIS Pack Vendor :STMicroelectronics X-CUBE-SFXS2LP1 4.0.0
2022-10-04 07:37:11,875 [INFO] ThirdParty:967 - CMSIS Pack Vendor :STMicroelectronics X-CUBE-BLE2 3.3.0
2022-10-04 07:37:11,875 [INFO] ThirdParty:967 - CMSIS Pack Vendor :STMicroelectronics X-CUBE-NFC4 2.0.4
2022-10-04 07:37:11,875 [INFO] ThirdParty:967 - CMSIS Pack Vendor :STMicroelectronics USB_HOST 1.0.0
2022-10-04 07:37:11,875 [INFO] ThirdParty:967 - CMSIS Pack Vendor :STMicroelectronics X-CUBE-DISPLAY 2.2.0
2022-10-04 07:37:11,875 [INFO] ThirdParty:967 - CMSIS Pack Vendor :STMicroelectronics PDM2PCM 3.1.0
2022-10-04 07:37:11,875 [INFO] ThirdParty:967 - CMSIS Pack Vendor :STMicroelectronics FP-ATR-ASTRA1 1.1.1
2022-10-04 07:37:11,875 [INFO] ThirdParty:967 - CMSIS Pack Vendor :STMicroelectronics PDM2PCM 3.2.0
2022-10-04 07:37:11,875 [INFO] ThirdParty:967 - CMSIS Pack Vendor :STMicroelectronics PDM2PCM 3.3.0
2022-10-04 07:37:11,875 [INFO] ThirdParty:967 - CMSIS Pack Vendor :STMicroelectronics X-CUBE-TOF1 3.1.0
2022-10-04 07:37:11,875 [INFO] ThirdParty:967 - CMSIS Pack Vendor :STMicroelectronics X-CUBE-ISPU 1.0.0
2022-10-04 07:37:11,875 [INFO] ThirdParty:787 - exiting critical section [change project]
2022-10-04 07:37:12,282 [INFO] PinOutPanel:1463 - setPackage(No Configuration,No Configuration)
2022-10-04 07:37:12,282 [INFO] PinOutPanel:1463 - setPackage(STM32F103C6Ux,UFQFPN48)
2022-10-04 07:37:12,969 [INFO] UtilMem:74 - Before build in PCC Used Memory: 719301456 Bytes (859832320)
2022-10-04 07:37:14,283 [INFO] UtilMem:74 - After build in PCC Used Memory: 675483840 Bytes (859832320)
2022-10-04 07:37:14,314 [INFO] IPUIPlugin:74 - create IPUIPlugin
2022-10-04 07:37:14,314 [INFO] IPUIPlugin:74 - create IPUIPlugin
2022-10-04 07:37:14,314 [INFO] IPUIPlugin:74 - create IPUIPlugin
2022-10-04 07:37:14,314 [INFO] IPUIPlugin:74 - create IPUIPlugin
2022-10-04 07:37:14,314 [INFO] IPUIPlugin:74 - create IPUIPlugin
2022-10-04 07:37:14,314 [INFO] IPUIPlugin:74 - create IPUIPlugin
2022-10-04 07:37:14,314 [INFO] IPUIPlugin:74 - create IPUIPlugin
2022-10-04 07:37:14,314 [INFO] IPUIPlugin:74 - create IPUIPlugin
2022-10-04 07:37:14,314 [INFO] IPUIPlugin:74 - create IPUIPlugin
2022-10-04 07:37:14,314 [INFO] IPUIPlugin:74 - create IPUIPlugin
2022-10-04 07:37:14,314 [INFO] IPUIPlugin:74 - create IPUIPlugin
2022-10-04 07:37:14,314 [INFO] IPUIPlugin:74 - create IPUIPlugin
2022-10-04 07:37:14,314 [INFO] IPUIPlugin:74 - create IPUIPlugin
2022-10-04 07:37:14,314 [INFO] IPUIPlugin:74 - create IPUIPlugin
2022-10-04 07:37:14,314 [INFO] IPUIPlugin:74 - create IPUIPlugin
2022-10-04 07:37:14,314 [INFO] IPUIPlugin:74 - create IPUIPlugin
2022-10-04 07:37:14,314 [INFO] IPUIPlugin:74 - create IPUIPlugin
2022-10-04 07:37:14,314 [INFO] IPUIPlugin:74 - create IPUIPlugin
2022-10-04 07:37:14,314 [INFO] IPUIPlugin:74 - create IPUIPlugin
2022-10-04 07:37:14,314 [INFO] IPUIPlugin:74 - create IPUIPlugin
2022-10-04 07:37:14,314 [INFO] IPUIPlugin:74 - create IPUIPlugin
2022-10-04 07:37:14,314 [INFO] IPUIPlugin:74 - create IPUIPlugin
2022-10-04 07:37:14,314 [INFO] IPUIPlugin:74 - create IPUIPlugin
2022-10-04 07:37:14,580 [INFO] OpenFileManager:333 - Restore cursor
2022-10-04 07:37:15,002 [INFO] UtilMem:74 - End SaveConfig() Used Memory: 657158552 Bytes (871366656)
2022-10-04 07:37:15,049 [INFO] UtilMem:74 - End SaveConfig() Used Memory: 668592160 Bytes (871366656)
2022-10-04 07:37:15,519 [INFO] BlockDiagram:2740 - set Specific Code input for plugin: NVIC
2022-10-04 07:37:15,519 [INFO] BlockDiagram:2740 - set Specific Code input for plugin: SYS
2022-10-04 07:37:15,519 [INFO] BlockDiagram:2740 - set Specific Code input for plugin: RCC
2022-10-04 07:37:15,519 [INFO] CodeGenerator:663 - code generatio: config db path: C:\ST\STM32CubeIDE_1.7.0\STM32CubeIDE\plugins\com.st.stm32cube.common.mx_6.3.0.202107141111\\db\
2022-10-04 07:37:16,315 [INFO] CodeEngine:239 - oldGeneratedFile, C:\Users\Administrator\Desktop\Week2\lab2_ex1\ex1\MXTmpFiles\license.tmp_save
2022-10-04 07:37:16,878 [INFO] CodeEngine:257 - Generated code: C:\Users\Administrator\Desktop\Week2\lab2_ex1\ex1\MXTmpFiles\license.tmp
2022-10-04 07:37:17,175 [INFO] CodeEngine:239 - oldGeneratedFile, C:\Users\Administrator\Desktop\Week2\lab2_ex1\ex1\Core\Src\stm32f1xx_it.c_save
2022-10-04 07:37:17,440 [INFO] CodeEngine:257 - Generated code: C:\Users\Administrator\Desktop\Week2\lab2_ex1\ex1\Core\Src\stm32f1xx_it.c
2022-10-04 07:37:17,440 [INFO] CodeEngine:239 - oldGeneratedFile, C:\Users\Administrator\Desktop\Week2\lab2_ex1\ex1\Core\Inc\stm32f1xx_it.h_save
2022-10-04 07:37:17,503 [INFO] CodeEngine:257 - Generated code: C:\Users\Administrator\Desktop\Week2\lab2_ex1\ex1\Core\Inc\stm32f1xx_it.h
2022-10-04 07:37:17,550 [INFO] CodeEngine:239 - oldGeneratedFile, C:\Users\Administrator\Desktop\Week2\lab2_ex1\ex1\Core\Src\stm32f1xx_hal_msp.c_save
2022-10-04 07:37:17,675 [INFO] CodeEngine:257 - Generated code: C:\Users\Administrator\Desktop\Week2\lab2_ex1\ex1\Core\Src\stm32f1xx_hal_msp.c
2022-10-04 07:37:17,675 [INFO] CodeEngine:239 - oldGeneratedFile, C:\Users\Administrator\Desktop\Week2\lab2_ex1\ex1\MXTmpFiles\system.tmp_save
2022-10-04 07:37:17,737 [INFO] CodeEngine:257 - Generated code: C:\Users\Administrator\Desktop\Week2\lab2_ex1\ex1\MXTmpFiles\system.tmp
2022-10-04 07:37:17,753 [INFO] CodeEngine:239 - oldGeneratedFile, C:\Users\Administrator\Desktop\Week2\lab2_ex1\ex1\Core\Inc\stm32f1xx_hal_conf.h_save
2022-10-04 07:37:17,831 [INFO] CodeEngine:257 - Generated code: C:\Users\Administrator\Desktop\Week2\lab2_ex1\ex1\Core\Inc\stm32f1xx_hal_conf.h
2022-10-04 07:37:17,987 [INFO] CodeEngine:239 - oldGeneratedFile, C:\Users\Administrator\Desktop\Week2\lab2_ex1\ex1\Core\Inc\main.h_save
2022-10-04 07:37:18,112 [INFO] CodeEngine:257 - Generated code: C:\Users\Administrator\Desktop\Week2\lab2_ex1\ex1\Core\Inc\main.h
2022-10-04 07:37:18,128 [INFO] CodeEngine:239 - oldGeneratedFile, C:\Users\Administrator\Desktop\Week2\lab2_ex1\ex1\Core\Src\main.c_save
2022-10-04 07:37:18,300 [INFO] CodeEngine:257 - Generated code: C:\Users\Administrator\Desktop\Week2\lab2_ex1\ex1\Core\Src\main.c
2022-10-04 07:37:20,215 [INFO] ProjectBuilder:2578 - Time for Copy HAL[1] : 712mS.
2022-10-04 07:37:20,230 [INFO] ProjectBuilder:3622 - Project Generator version: 3.14.1
2022-10-04 07:37:21,137 [INFO] ConfigFileManager:1271 - The Die is : DIE412
2022-10-04 07:37:21,246 [INFO] ApiDbMcu:468 - Load IP Config File for FATFS
2022-10-04 07:37:21,355 [INFO] ApiDbMcu:468 - Load IP Config File for FREERTOS
2022-10-04 07:37:21,449 [INFO] ApiDbMcu:468 - Load IP Config File for USB_DEVICE
2022-10-04 07:37:34,341 [INFO] ProjectBuilder:3789 - Time for Generating toolchain IDE Files: 14111mS.
2022-10-04 07:37:34,341 [INFO] ProjectBuilder:2457 - Time for Copy CMSIS : 0mS.
2022-10-04 07:37:34,341 [INFO] ProjectBuilder:2457 - Time for Copy CMSIS : 0mS.
2022-10-04 07:37:34,945 [INFO] McuFinderGlobals:52 - Set McuFinderConnectedMode to true
2022-10-04 07:37:34,945 [INFO] ApiDb:276 - Save user favorites file C:\Users\Administrator/.stm32cubeide/favorites.mcus.txt: 0 item(s)
2022-10-04 07:37:34,945 [INFO] ApiDb:280 - User favorites MCUs=[]
2022-10-04 07:42:29,009 [INFO] UtilMem:74 - End SaveConfig() Used Memory: 764003968 Bytes (1041235968)
2022-10-04 07:42:29,894 [INFO] UtilMem:74 - End SaveConfig() Used Memory: 784449152 Bytes (1041235968)
2022-10-04 07:42:34,263 [INFO] UtilMem:74 - End SaveConfig() Used Memory: 601960232 Bytes (1041235968)
2022-10-04 07:42:34,745 [INFO] BlockDiagram:2740 - set Specific Code input for plugin: NVIC
2022-10-04 07:42:34,745 [INFO] BlockDiagram:2740 - set Specific Code input for plugin: SYS
2022-10-04 07:42:34,746 [INFO] BlockDiagram:2740 - set Specific Code input for plugin: GPIO
2022-10-04 07:42:34,746 [INFO] BlockDiagram:2740 - set Specific Code input for plugin: RCC
2022-10-04 07:42:34,747 [INFO] CodeGenerator:663 - code generatio: config db path: C:\ST\STM32CubeIDE_1.7.0\STM32CubeIDE\plugins\com.st.stm32cube.common.mx_6.3.0.202107141111\\db\
2022-10-04 07:42:35,119 [INFO] CodeEngine:239 - oldGeneratedFile, C:\Users\Administrator\Desktop\Week2\lab2_ex1\ex1\MXTmpFiles\license.tmp_save
2022-10-04 07:42:35,197 [INFO] CodeEngine:257 - Generated code: C:\Users\Administrator\Desktop\Week2\lab2_ex1\ex1\MXTmpFiles\license.tmp
2022-10-04 07:42:35,541 [INFO] CodeEngine:239 - oldGeneratedFile, C:\Users\Administrator\Desktop\Week2\lab2_ex1\ex1\MXTmpFiles\gpio.tmp_save
2022-10-04 07:42:35,619 [INFO] CodeEngine:257 - Generated code: C:\Users\Administrator\Desktop\Week2\lab2_ex1\ex1\MXTmpFiles\gpio.tmp
2022-10-04 07:42:35,744 [INFO] CodeEngine:239 - oldGeneratedFile, C:\Users\Administrator\Desktop\Week2\lab2_ex1\ex1\Core\Src\stm32f1xx_it.c_save
2022-10-04 07:42:35,911 [INFO] CodeEngine:257 - Generated code: C:\Users\Administrator\Desktop\Week2\lab2_ex1\ex1\Core\Src\stm32f1xx_it.c
2022-10-04 07:42:35,916 [INFO] CodeEngine:239 - oldGeneratedFile, C:\Users\Administrator\Desktop\Week2\lab2_ex1\ex1\Core\Inc\stm32f1xx_it.h_save
2022-10-04 07:42:35,982 [INFO] CodeEngine:257 - Generated code: C:\Users\Administrator\Desktop\Week2\lab2_ex1\ex1\Core\Inc\stm32f1xx_it.h
2022-10-04 07:42:35,998 [INFO] CodeEngine:239 - oldGeneratedFile, C:\Users\Administrator\Desktop\Week2\lab2_ex1\ex1\Core\Src\stm32f1xx_hal_msp.c_save
2022-10-04 07:42:36,092 [INFO] CodeEngine:257 - Generated code: C:\Users\Administrator\Desktop\Week2\lab2_ex1\ex1\Core\Src\stm32f1xx_hal_msp.c
2022-10-04 07:42:36,092 [INFO] CodeEngine:239 - oldGeneratedFile, C:\Users\Administrator\Desktop\Week2\lab2_ex1\ex1\MXTmpFiles\system.tmp_save
2022-10-04 07:42:36,180 [INFO] CodeEngine:257 - Generated code: C:\Users\Administrator\Desktop\Week2\lab2_ex1\ex1\MXTmpFiles\system.tmp
2022-10-04 07:42:36,189 [INFO] CodeEngine:239 - oldGeneratedFile, C:\Users\Administrator\Desktop\Week2\lab2_ex1\ex1\Core\Inc\stm32f1xx_hal_conf.h_save
2022-10-04 07:42:36,269 [INFO] CodeEngine:257 - Generated code: C:\Users\Administrator\Desktop\Week2\lab2_ex1\ex1\Core\Inc\stm32f1xx_hal_conf.h
2022-10-04 07:42:36,284 [INFO] CodeEngine:239 - oldGeneratedFile, C:\Users\Administrator\Desktop\Week2\lab2_ex1\ex1\Core\Inc\main.h_save
2022-10-04 07:42:36,363 [INFO] CodeEngine:257 - Generated code: C:\Users\Administrator\Desktop\Week2\lab2_ex1\ex1\Core\Inc\main.h
2022-10-04 07:42:36,363 [INFO] CodeEngine:239 - oldGeneratedFile, C:\Users\Administrator\Desktop\Week2\lab2_ex1\ex1\Core\Src\main.c_save
2022-10-04 07:42:36,511 [INFO] CodeEngine:257 - Generated code: C:\Users\Administrator\Desktop\Week2\lab2_ex1\ex1\Core\Src\main.c
2022-10-04 07:42:37,812 [INFO] ProjectBuilder:2578 - Time for Copy HAL[1] : 100mS.
2022-10-04 07:42:37,812 [INFO] ProjectBuilder:3622 - Project Generator version: 3.14.1
2022-10-04 07:42:38,683 [INFO] ConfigFileManager:1271 - The Die is : DIE412
2022-10-04 07:42:42,600 [INFO] ProjectBuilder:3789 - Time for Generating toolchain IDE Files: 4788mS.
2022-10-04 07:42:42,600 [INFO] ProjectBuilder:2457 - Time for Copy CMSIS : 0mS.
2022-10-04 07:42:42,600 [INFO] ProjectBuilder:2457 - Time for Copy CMSIS : 0mS.
2022-10-04 08:07:23,472 [INFO] NvicIntPanel:96 - NVIC parent = com.st.microxplorer.plugins.ip.nvic.MultiNvicIntPanel[,0,0,0x0,invalid,layout=javax.swing.BoxLayout,alignmentX=0.0,alignmentY=0.0,border=,flags=9,maximumSize=,minimumSize=,preferredSize=]
2022-10-04 08:08:05,383 [INFO] NvicIntPanel:96 - NVIC parent = com.st.microxplorer.plugins.ip.nvic.MultiNvicIntPanel[,0,0,450x135,layout=javax.swing.BoxLayout,alignmentX=0.0,alignmentY=0.0,border=,flags=9,maximumSize=,minimumSize=,preferredSize=]
2022-10-04 08:08:19,347 [INFO] UtilMem:74 - End SaveConfig() Used Memory: 848332072 Bytes (1073741824)
2022-10-04 08:08:21,679 [INFO] UtilMem:74 - End SaveConfig() Used Memory: 863883888 Bytes (1073741824)
2022-10-04 08:08:26,794 [INFO] UtilMem:74 - End SaveConfig() Used Memory: 683723400 Bytes (1073741824)
2022-10-04 08:08:27,105 [INFO] BlockDiagram:2740 - set Specific Code input for plugin: NVIC
2022-10-04 08:08:27,105 [INFO] BlockDiagram:2740 - set Specific Code input for plugin: SYS
2022-10-04 08:08:27,105 [INFO] BlockDiagram:2740 - set Specific Code input for plugin: GPIO
2022-10-04 08:08:27,105 [INFO] BlockDiagram:2740 - set Specific Code input for plugin: RCC
2022-10-04 08:08:27,105 [INFO] BlockDiagram:2740 - set Specific Code input for plugin: TIM1_8F1
2022-10-04 08:08:27,105 [INFO] CodeGenerator:663 - code generatio: config db path: C:\ST\STM32CubeIDE_1.7.0\STM32CubeIDE\plugins\com.st.stm32cube.common.mx_6.3.0.202107141111\\db\
2022-10-04 08:08:27,574 [INFO] CodeEngine:239 - oldGeneratedFile, C:\Users\Administrator\Desktop\Week2\lab2_ex1\ex1\MXTmpFiles\license.tmp_save
2022-10-04 08:08:27,652 [INFO] CodeEngine:257 - Generated code: C:\Users\Administrator\Desktop\Week2\lab2_ex1\ex1\MXTmpFiles\license.tmp
2022-10-04 08:08:27,683 [INFO] CodeEngine:239 - oldGeneratedFile, C:\Users\Administrator\Desktop\Week2\lab2_ex1\ex1\MXTmpFiles\gpio.tmp_save
2022-10-04 08:08:27,761 [INFO] CodeEngine:257 - Generated code: C:\Users\Administrator\Desktop\Week2\lab2_ex1\ex1\MXTmpFiles\gpio.tmp
2022-10-04 08:08:28,121 [INFO] CodeEngine:239 - oldGeneratedFile, C:\Users\Administrator\Desktop\Week2\lab2_ex1\ex1\Core\Src\stm32f1xx_it.c_save
2022-10-04 08:08:28,246 [INFO] CodeEngine:257 - Generated code: C:\Users\Administrator\Desktop\Week2\lab2_ex1\ex1\Core\Src\stm32f1xx_it.c
2022-10-04 08:08:28,246 [INFO] CodeEngine:239 - oldGeneratedFile, C:\Users\Administrator\Desktop\Week2\lab2_ex1\ex1\Core\Inc\stm32f1xx_it.h_save
2022-10-04 08:08:28,339 [INFO] CodeEngine:257 - Generated code: C:\Users\Administrator\Desktop\Week2\lab2_ex1\ex1\Core\Inc\stm32f1xx_it.h
2022-10-04 08:08:28,355 [INFO] CodeEngine:239 - oldGeneratedFile, C:\Users\Administrator\Desktop\Week2\lab2_ex1\ex1\Core\Src\stm32f1xx_hal_msp.c_save
2022-10-04 08:08:28,636 [INFO] CodeEngine:257 - Generated code: C:\Users\Administrator\Desktop\Week2\lab2_ex1\ex1\Core\Src\stm32f1xx_hal_msp.c
2022-10-04 08:08:28,636 [INFO] CodeEngine:239 - oldGeneratedFile, C:\Users\Administrator\Desktop\Week2\lab2_ex1\ex1\MXTmpFiles\system.tmp_save
2022-10-04 08:08:28,714 [INFO] CodeEngine:257 - Generated code: C:\Users\Administrator\Desktop\Week2\lab2_ex1\ex1\MXTmpFiles\system.tmp
2022-10-04 08:08:28,730 [INFO] CodeEngine:239 - oldGeneratedFile, C:\Users\Administrator\Desktop\Week2\lab2_ex1\ex1\Core\Inc\stm32f1xx_hal_conf.h_save
2022-10-04 08:08:28,839 [INFO] CodeEngine:257 - Generated code: C:\Users\Administrator\Desktop\Week2\lab2_ex1\ex1\Core\Inc\stm32f1xx_hal_conf.h
2022-10-04 08:08:28,855 [WARN] IPConfigManager:3148 - IP not found : TIM
2022-10-04 08:08:28,855 [WARN] CodeGenerator:3268 - IP not found : null
2022-10-04 08:08:28,855 [INFO] CodeEngine:239 - oldGeneratedFile, C:\Users\Administrator\Desktop\Week2\lab2_ex1\ex1\Core\Inc\main.h_save
2022-10-04 08:08:28,950 [INFO] CodeEngine:257 - Generated code: C:\Users\Administrator\Desktop\Week2\lab2_ex1\ex1\Core\Inc\main.h
2022-10-04 08:08:28,950 [INFO] CodeEngine:239 - oldGeneratedFile, C:\Users\Administrator\Desktop\Week2\lab2_ex1\ex1\Core\Src\main.c_save
2022-10-04 08:08:29,111 [INFO] CodeEngine:257 - Generated code: C:\Users\Administrator\Desktop\Week2\lab2_ex1\ex1\Core\Src\main.c
2022-10-04 08:08:30,454 [INFO] ProjectBuilder:2578 - Time for Copy HAL[1] : 62mS.
2022-10-04 08:08:30,470 [INFO] ProjectBuilder:3622 - Project Generator version: 3.14.1
2022-10-04 08:08:31,204 [INFO] ConfigFileManager:1271 - The Die is : DIE412
2022-10-04 08:08:34,197 [INFO] ProjectBuilder:3789 - Time for Generating toolchain IDE Files: 3727mS.
2022-10-04 08:08:34,197 [INFO] ProjectBuilder:2457 - Time for Copy CMSIS : 0mS.
2022-10-04 08:08:34,197 [INFO] ProjectBuilder:2457 - Time for Copy CMSIS : 0mS.
2022-10-04 09:00:21,505 [INFO] UtilMem:74 - End SaveConfig() Used Memory: 667998400 Bytes (1073741824)
2022-10-04 09:00:22,954 [INFO] UtilMem:74 - End SaveConfig() Used Memory: 687695920 Bytes (1073741824)
2022-10-04 09:00:24,556 [INFO] UtilMem:74 - End SaveConfig() Used Memory: 746889960 Bytes (1073741824)
2022-10-04 09:00:24,897 [INFO] BlockDiagram:2740 - set Specific Code input for plugin: NVIC
2022-10-04 09:00:24,897 [INFO] BlockDiagram:2740 - set Specific Code input for plugin: SYS
2022-10-04 09:00:24,897 [INFO] BlockDiagram:2740 - set Specific Code input for plugin: GPIO
2022-10-04 09:00:24,897 [INFO] BlockDiagram:2740 - set Specific Code input for plugin: RCC
2022-10-04 09:00:24,897 [INFO] BlockDiagram:2740 - set Specific Code input for plugin: TIM1_8F1
2022-10-04 09:00:24,897 [INFO] CodeGenerator:663 - code generatio: config db path: C:\ST\STM32CubeIDE_1.7.0\STM32CubeIDE\plugins\com.st.stm32cube.common.mx_6.3.0.202107141111\\db\
2022-10-04 09:00:25,460 [INFO] CodeEngine:239 - oldGeneratedFile, C:\Users\Administrator\Desktop\Week2\lab2_ex1\ex1\MXTmpFiles\license.tmp_save
2022-10-04 09:00:25,553 [INFO] CodeEngine:257 - Generated code: C:\Users\Administrator\Desktop\Week2\lab2_ex1\ex1\MXTmpFiles\license.tmp
2022-10-04 09:00:25,616 [INFO] CodeEngine:239 - oldGeneratedFile, C:\Users\Administrator\Desktop\Week2\lab2_ex1\ex1\MXTmpFiles\gpio.tmp_save
2022-10-04 09:00:25,710 [INFO] CodeEngine:257 - Generated code: C:\Users\Administrator\Desktop\Week2\lab2_ex1\ex1\MXTmpFiles\gpio.tmp
2022-10-04 09:00:25,803 [INFO] CodeEngine:239 - oldGeneratedFile, C:\Users\Administrator\Desktop\Week2\lab2_ex1\ex1\Core\Src\stm32f1xx_it.c_save
2022-10-04 09:00:25,960 [INFO] CodeEngine:257 - Generated code: C:\Users\Administrator\Desktop\Week2\lab2_ex1\ex1\Core\Src\stm32f1xx_it.c
2022-10-04 09:00:25,975 [INFO] CodeEngine:239 - oldGeneratedFile, C:\Users\Administrator\Desktop\Week2\lab2_ex1\ex1\Core\Inc\stm32f1xx_it.h_save
2022-10-04 09:00:26,069 [INFO] CodeEngine:257 - Generated code: C:\Users\Administrator\Desktop\Week2\lab2_ex1\ex1\Core\Inc\stm32f1xx_it.h
2022-10-04 09:00:26,069 [INFO] CodeEngine:239 - oldGeneratedFile, C:\Users\Administrator\Desktop\Week2\lab2_ex1\ex1\Core\Src\stm32f1xx_hal_msp.c_save
2022-10-04 09:00:26,210 [INFO] CodeEngine:257 - Generated code: C:\Users\Administrator\Desktop\Week2\lab2_ex1\ex1\Core\Src\stm32f1xx_hal_msp.c
2022-10-04 09:00:26,225 [INFO] CodeEngine:239 - oldGeneratedFile, C:\Users\Administrator\Desktop\Week2\lab2_ex1\ex1\MXTmpFiles\system.tmp_save
2022-10-04 09:00:26,303 [INFO] CodeEngine:257 - Generated code: C:\Users\Administrator\Desktop\Week2\lab2_ex1\ex1\MXTmpFiles\system.tmp
2022-10-04 09:00:26,319 [INFO] CodeEngine:239 - oldGeneratedFile, C:\Users\Administrator\Desktop\Week2\lab2_ex1\ex1\Core\Inc\stm32f1xx_hal_conf.h_save
2022-10-04 09:00:26,429 [INFO] CodeEngine:257 - Generated code: C:\Users\Administrator\Desktop\Week2\lab2_ex1\ex1\Core\Inc\stm32f1xx_hal_conf.h
2022-10-04 09:00:26,461 [WARN] IPConfigManager:3148 - IP not found : TIM
2022-10-04 09:00:26,461 [WARN] CodeGenerator:3268 - IP not found : null
2022-10-04 09:00:26,461 [INFO] CodeEngine:239 - oldGeneratedFile, C:\Users\Administrator\Desktop\Week2\lab2_ex1\ex1\Core\Inc\main.h_save
2022-10-04 09:00:26,554 [INFO] CodeEngine:257 - Generated code: C:\Users\Administrator\Desktop\Week2\lab2_ex1\ex1\Core\Inc\main.h
2022-10-04 09:00:26,554 [INFO] CodeEngine:239 - oldGeneratedFile, C:\Users\Administrator\Desktop\Week2\lab2_ex1\ex1\Core\Src\main.c_save
2022-10-04 09:00:26,789 [INFO] CodeEngine:257 - Generated code: C:\Users\Administrator\Desktop\Week2\lab2_ex1\ex1\Core\Src\main.c
2022-10-04 09:00:28,007 [INFO] ProjectBuilder:2578 - Time for Copy HAL[1] : 62mS.
2022-10-04 09:00:28,007 [INFO] ProjectBuilder:3622 - Project Generator version: 3.14.1
2022-10-04 09:00:28,899 [INFO] ConfigFileManager:1271 - The Die is : DIE412
2022-10-04 09:00:32,167 [INFO] ProjectBuilder:3789 - Time for Generating toolchain IDE Files: 4160mS.
2022-10-04 09:00:32,167 [INFO] ProjectBuilder:2457 - Time for Copy CMSIS : 0mS.
2022-10-04 09:00:32,167 [INFO] ProjectBuilder:2457 - Time for Copy CMSIS : 0mS.
